2019/09/12 10:35:35
inCheckProcess = 96,96
2019/09/12 10:35:35
inInitialTxn = 0
2019/09/12 10:35:35
TM REQ :<?xml version="1.0" encoding="UTF-8" standalone="yes"?><TransXML><TRANS><T0100>0800</T0100><T0300>881999</T0300><T1100>175928</T1100><T1101>175928</T1101><T1200>103534</T1200><T1300>20190912</T1300><T4200>34800000</T4200></TRANS></TransXML>
2019/09/12 10:35:35
srTxnData.srIngData.lnECCAmt 1 = 0
2019/09/12 10:35:35
inFileGetSize (C:\ITKiosk\Reader\ECC_API\ICERData\ICERAPI_ICER.adv) FILE_OPEN_FAIL:0(0),2
2019/09/12 10:35:35
RC IN PPR_Reset:0000468001000040303030303030303030313031323031393039313231303335333431373539323830303031761F7A5D000000000000000000000000110000000000000000000000FA23
2019/09/12 10:35:35
RC OUT PPR_Reset(9000):0000FC01457DE15928070305D03954303839323733320000027B733D4C86E325ADB1AED5DC0001BA124E104C625FB70150393030353936300DD9822020E09304102700400D0300000000000009100D802A00DF01DF03DF0ADF0E00000000000000000000000000000000000000000000000000000000000000000000000000000000000000000000000000000000000000000000000000000000000001EFB8C567228EF58EF88B16621F7F7886C480F68F9D7343D9F947238EF17B410697BC08B80BE803F40101A08601A08601000000000000000000000093EA775D09100D802A00000001EE93EA775D0090000000000000000000000000000000000090001C
2019/09/12 10:35:35
inFileGetSize (C:\ITKiosk\Reader\ECC_API\ICERData\ICERAPI_CMAS.rev) FILE_OPEN_FAIL:0(0),2
2019/09/12 10:35:35
ICER SEND CMAS NORMAL:(SSL)1540B<?xml version="1.0" encoding="UTF-8" standalone="yes"?><TransXML><TRANS><T0100>0800</T0100><T0300>881999</T0300><T1100>175928</T1100><T1101>175928</T1101><T1200>103534</T1200><T1300>20190912</T1300><T4200>00010880</T4200><T3700>19091217592800</T3700><T4100>09100D802A00</T4100><T4101>AED5DC00</T4101><T4102>192.168.100.107</T4102><T4104>457DE159</T4104><T4107>0</T4107><T4210>0</T4210><T4820>01</T4820><T4823>11</T4823><T4824>00</T4824><T5301>01</T5301><T5307>B8C567228EF58EF8</T5307><T5308>8B16621F7F7886C4</T5308><T5361>5430383932373332</T5361><T5362>0000027B</T5362><T5363>733D4C86E325ADB1</T5363><T5364>010DD9822020DF01DF03DF0ADF0E00000000000000000000000000000000000000000000000000000000000000000000000000000000000000000000000000000000000000000000000000000000</T5364><T5365>E09304400D03000000000000</T5365><T5366>102700</T5366><T5368>000001EF</T5368><T5369>11</T5369><T5370>09100D802A00000001EE93EA775D00900000000000000000000000000000000000</T5370><T5371>5039303035393630</T5371><T5503>0000000001</T5503><T5504>01</T5504><T5510>0001</T5510><T5588><T558801>02</T558801><T558802>BIG</T558802><T558803>03332</T558803></T5588><T5588><T558801>03</T558801><T558803>V4001E</T558803></T5588><T5588><T558801>05</T558801><T558803>28070305D039</T558803></T5588><T6000>28070305D039</T6000><T6002>00B80B00E8030001A0860101F40101010000000000000000</T6002><T6003>A086010000000000000000000000000000000000000000000000000000000000</T6003><T6004>03332</T6004><T6400>BA124E104C625FB7</T6400><T6408>80F68F9D7343D9F947238EF17B410697</T6408></TRANS></TransXML>
2019/09/12 10:35:36
ICER RECV CMAS NORMAL:(SSL)3681B<?xml version="1.0" encoding="UTF-8" standalone="no"?><TransXML><Trans><T0100>0810</T0100><T0300>881999</T0300><T1100>175929</T1100><T1101>175928</T1101><T1200>103530</T1200><T1300>20190912</T1300><T3700>19091217592800</T3700><T3800>QHfpg2</T3800><T3900>00</T3900><T4100>09100D802A00</T4100><T4101>AED5DC00</T4101><T4102>192.168.100.107</T4102><T4104>457DE159</T4104><T4107>0</T4107><T4200>00010880</T4200><T4210>0</T4210><T4820>01</T4820><T4823>11</T4823><T4824>00</T4824><T5301>01</T5301><T5303>02</T5303><T5306>7C972A</T5306><T5307>B8C567228EF58EF8</T5307><T5308>8B16621F7F7886C4</T5308><T5361>5430383932373332</T5361><T5362>0000027B</T5362><T5363>733D4C86E325ADB1</T5363><T5364>010DD9822020DF01DF03DF0ADF0E00000000000000000000000000000000000000000000000000000000000000000000000000000000000000000000000000000000000000000000000000000000</T5364><T5365>E09304400D03000000000000</T5365><T5366>102700</T5366><T5367>000000000000000000000000000000000000000000000000000000000000000000000000000000000000000000000000000000000000000000</T5367><T5368>000001EF</T5368><T5369>11</T5369><T5370>09100D802A00000001EE93EA775D00900000000000000000000000000000000000</T5370><T5371>5039303035393630</T5371><T5503>0000000001</T5503><T5504>01</T5504><T5510>0001</T5510><T5588><T558801>01</T558801><T558803>000001</T558803></T5588><T5588><T558801>02</T558801><T558802>BIG</T558802><T558803>11774</T558803></T5588><T5588><T558801>03</T558801><T558802>VEGA5000S-APPV18</T558802><T558803>000018</T558803></T5588><T5591>0</T5591><T5595><T559502>TM01</T559502><T559503>5909</T559503><T559504>20180820</T559504><T559505>20991231</T559505></T5595><T5595><T559502>TM02</T559502><T559503>00010880</T559503><T559504>20180820</T559504><T559505>20991231</T559505></T5595><T5595><T559502>TM03</T559502><T559503>00000</T559503><T559504>20180820</T559504><T559505>20991231</T559505></T5595><T5595><T559502>TM04</T559502><T559503>0000000001</T559503><T559504>20180820</T559504><T559505>20991231</T559505></T5595><T5595><T559502>TM17</T559502><T559503>業務三科 測試機01</T559503><T559504>20180820</T559504><T559505>20991231</T559505></T5595><T5595><T559502>TM18</T559502><T559503>嗶悠遊卡 最悠遊</T559503><T559504>20180820</T559504><T559505>20991231</T559505></T5595><T5595><T559502>TM30</T559502><T559503>1111111110</T559503><T559504>20180820</T559504><T559505>20991231</T559505></T5595><T5595><T559502>TM80</T559502><T559503>0</T559503><T559504>20180820</T559504><T559505>20991231</T559505></T5595><T5595><T559502>TM81</T559502><T559503>0</T559503><T559504>20180820</T559504><T559505>20991231</T559505></T5595><T5595><T559501>000001</T559501><T559502>TM09</T559502><T559503>123456</T559503><T559504>20130101</T559504><T559505>20990101</T559505></T5595><T5595><T559501>000001</T559501><T559502>TM10</T559502><T559503>/OUT/ssl/ck1.cer</T559503><T559504>20130101</T559504><T559505>20990101</T559505></T5595><T5595><T559501>11774</T559501><T559502>TM11</T559502><T559503>/out/blc/BLC11774A_190911.BIG</T559503><T559504>19700101</T559504><T559505>99991231</T559505></T5595><T5595><T559501>000018</T559501><T559502>TM12</T559502><T559503>/OUT/exe/ECCAPP/ECCAPP0018.CAP</T559503><T559504>19700101</T559504><T559505>99991231</T559505></T5595><T5596><T559601>0</T559601><T559602>00000001</T559602><T559603>0</T559603><T559604>00000001</T559604></T5596><T6000>28070305D039</T6000><T6002>00B80B00E8030001A0860101F40101000000000000000000</T6002><T6003>A086010000000000000000000000000000000000000000000000000000000000</T6003><T6004>03332</T6004><T6400>BA124E104C625FB7</T6400><T6401>4BA0997D37FA1439</T6401><T6408>80F68F9D7343D9F947238EF17B410697</T6408><T6409>F4612CBAB3DC19B6085C10D650EAED1A</T6409></Trans></TransXML>
2019/09/12 10:35:36
inFileGetSize (C:\ITKiosk\Reader\ECC_API\ICERData\ICERAPI_CMAS.rev.bak) FILE_OPEN_FAIL:0(0),2
2019/09/12 10:35:36
RC IN PPR_SignOn:00008680020000804BA0997D37FA1439F4612CBAB3DC19B6085C10D650EAED1A000000000000000000000000000000000000000000000000000000000000000000000000000000000000000000000000000000000000000000BC08B80BE803F40101A0860100000000000000000000000000000000000000000000000000000000000000027C972A1D96
2019/09/12 10:35:36
RC OUT PPR_SignOn(9000):00001F000000000000000000000000000000000000000000000000000000000090008F
2019/09/12 10:35:36
inFileGetSize (C:\ITKiosk\Reader\ECC_API\ICERData\ICERAPI_CMAS.adv) FILE_OPEN_FAIL:0(0),2
2019/09/12 10:35:36
ICER SEND CMAS ADVICE:(SSL)0384B<TransXML><TRANS><T0100>0820</T0100><T0300>881999</T0300><T1100>175929</T1100><T1200>103534</T1200><T1300>20190912</T1300><T3700>19091217592800</T3700><T4100>09100D802A00</T4100><T4104>457DE159</T4104><T4200>00010880</T4200><T4210>0</T4210><T5503>0000000001</T5503><T5504>01</T5504><T5510>0001</T5510><T4825>00</T4825><T6406>00000000000000000000000000000000</T6406></TRANS></TransXML>
2019/09/12 10:35:36
ICER RECV CMAS ADVICE:(SSL)0540B<?xml version="1.0" encoding="UTF-8" standalone="no"?><TransXML><Trans><T0100>0830</T0100><T0300>881999</T0300><T1100>175929</T1100><T1200>103531</T1200><T1300>20190912</T1300><T3700>19091217592800</T3700><T3800>F6M6ev</T3800><T3900>00</T3900><T4100>09100D802A00</T4100><T4104>457DE159</T4104><T4200>00010880</T4200><T4210>0</T4210><T4823>11</T4823><T4824>00</T4824><T4825>00</T4825><T5369>11</T5369><T5503>0000000001</T5503><T5504>01</T5504><T5510>0001</T5510><T5591>0</T5591><T6406>00000000000000000000000000000000</T6406></Trans></TransXML>
2019/09/12 10:35:36
inFileGetSize (C:\ITKiosk\Reader\ECC_API\ICERData\ICERAPI_CMAS.rev.bak) FILE_OPEN_FAIL:0(0),2
2019/09/12 10:35:36
gCurrentFolder RES:C:\ITKiosk\Reader\ECC_API\ICERData
2019/09/12 10:35:36
TM RES :<?xml version="1.0" encoding="UTF-8" standalone="no"?><TransXML><TRANS><T3901>0</T3901><T0100>0810</T0100><T0300>881999</T0300><T1100>175928</T1100><T1101>175930</T1101><T1200>103530</T1200><T1300>20190912</T1300><T3700>19091217592800</T3700><T3800>QHfpg2</T3800><T3900>00</T3900><T4100>09100D802A00</T4100><T4101>AED5DC00</T4101><T4102>192.168.100.107</T4102><T4104>457DE159</T4104><T4107>0</T4107><T4200>00010880</T4200><T4210>0</T4210><T4820>01</T4820><T4823>11</T4823><T4824>00</T4824><T5301>01</T5301><T5303>02</T5303><T5306>7C972A</T5306><T5307>B8C567228EF58EF8</T5307><T5308>8B16621F7F7886C4</T5308><T5361>5430383932373332</T5361><T5362>0000027B</T5362><T5363>733D4C86E325ADB1</T5363><T5364>010DD9822020DF01DF03DF0ADF0E00000000000000000000000000000000000000000000000000000000000000000000000000000000000000000000000000000000000000000000000000000000</T5364><T5365>E09304400D03000000000000</T5365><T5366>102700</T5366><T5367>000000000000000000000000000000000000000000000000000000000000000000000000000000000000000000000000000000000000000000</T5367><T5368>000001EF</T5368><T5369>11</T5369><T5370>09100D802A00000001EE93EA775D00900000000000000000000000000000000000</T5370><T5371>5039303035393630</T5371><T5503>0000000001</T5503><T5504>01</T5504><T5510>0001</T5510><T5588><T558801>01</T558801><T558803>000001</T558803></T5588><T5588><T558801>02</T558801><T558802>BIG</T558802><T558803>11774</T558803></T5588><T5588><T558801>03</T558801><T558802>VEGA5000S-APPV18</T558802><T558803>000018</T558803></T5588><T5591>0</T5591><T5595><T559502>TM01</T559502><T559503>5909</T559503><T559504>20180820</T559504><T559505>20991231</T559505></T5595><T5595><T559502>TM02</T559502><T559503>00010880</T559503><T559504>20180820</T559504><T559505>20991231</T559505></T5595><T5595><T559502>TM03</T559502><T559503>00000</T559503><T559504>20180820</T559504><T559505>20991231</T559505></T5595><T5595><T559502>TM04</T559502><T559503>0000000001</T559503><T559504>20180820</T559504><T559505>20991231</T559505></T5595><T5595><T559502>TM17</T559502><T559503>業務三科 測試機01</T559503><T559504>20180820</T559504><T559505>20991231</T559505></T5595><T5595><T559502>TM18</T559502><T559503>嗶悠遊卡 最悠遊</T559503><T559504>20180820</T559504><T559505>20991231</T559505></T5595><T5595><T559502>TM30</T559502><T559503>1111111110</T559503><T559504>20180820</T559504><T559505>20991231</T559505></T5595><T5595><T559502>TM80</T559502><T559503>0</T559503><T559504>20180820</T559504><T559505>20991231</T559505></T5595><T5595><T559502>TM81</T559502><T559503>0</T559503><T559504>20180820</T559504><T559505>20991231</T559505></T5595><T5595><T559501>000001</T559501><T559502>TM09</T559502><T559503>123456</T559503><T559504>20130101</T559504><T559505>20990101</T559505></T5595><T5595><T559501>000001</T559501><T559502>TM10</T559502><T559503>/OUT/ssl/ck1.cer</T559503><T559504>20130101</T559504><T559505>20990101</T559505></T5595><T5595><T559501>11774</T559501><T559502>TM11</T559502><T559503>/out/blc/BLC11774A_190911.BIG</T559503><T559504>19700101</T559504><T559505>99991231</T559505></T5595><T5595><T559501>000018</T559501><T559502>TM12</T559502><T559503>/OUT/exe/ECCAPP/ECCAPP0018.CAP</T559503><T559504>19700101</T559504><T559505>99991231</T559505></T5595><T5596><T559601>0</T559601><T559602>00000001</T559602><T559603>0</T559603><T559604>00000001</T559604></T5596><T6000>28070305D039</T6000><T6002>00B80B00E8030001A0860101F40101000000000000000000</T6002><T6003>A086010000000000000000000000000000000000000000000000000000000000</T6003><T6004>03332</T6004><T6400>BA124E104C625FB7</T6400><T6401>4BA0997D37FA1439</T6401><T6408>80F68F9D7343D9F947238EF17B410697</T6408><T6409>F4612CBAB3DC19B6085C10D650EAED1A</T6409><T4825>00</T4825><T6406>00000000000000000000000000000000</T6406><T5548><T554801>00000000000000000000000000000000000000000000000000000000009000</T554801></T5548><T4213>00010880-00000-0000000001</T4213><T4110>0001088001304105</T4110><T4109>0220131454</T4109></TRANS></TransXML>
2019/09/12 10:35:36
inFileWrite (C:\ITKiosk\Reader\ECC_API\ICERData\ICERAPI.RES.OK) FILE_WRITE_FAIL:0
2019/09/12 10:37:10
inCheckProcess = 96,96
2019/09/12 10:37:10
inInitialTxn = 0
2019/09/12 10:37:10
TM REQ :<?xml version="1.0" encoding="UTF-8" standalone="yes"?><TransXML><TRANS><T0100>0800</T0100><T0300>881999</T0300><T1100>175931</T1100><T1101>175931</T1101><T1200>103710</T1200><T1300>20190912</T1300><T4200>34800000</T4200></TRANS></TransXML>
2019/09/12 10:37:10
srTxnData.srIngData.lnECCAmt 1 = 0
2019/09/12 10:37:10
inFileGetSize (C:\ITKiosk\Reader\ECC_API\ICERData\ICERAPI_ICER.adv) FILE_OPEN_FAIL:0(0),2
2019/09/12 10:37:10
RC IN PPR_Reset:0000468001000040303030303030303030313031323031393039313231303337313031373539333130303031D61F7A5D000000000000000000000000110000000000000000000000FA8F
2019/09/12 10:37:10
RC OUT PPR_Reset(9000):0000FC01457DE15928070305D03954303839323733320000027B7C29B84A28CF52F3AED5DC000153A47C097729A2240150393030353936300DD9822020E09304102700400D0300000000000009100D802A00DF01DF03DF0ADF0E00000000000000000000000000000000000000000000000000000000000000000000000000000000000000000000000000000000000000000000000000000000000001F017F281411D232F8E481449FDA46948CCCE5B74D7E2960FD7323019A68B4E74BCBC08B80BE803F40101A08601A086010000000000000000000000761F7A5D09100D802A00000001EF761F7A5D009000000000000000000000000000000000009000B2
2019/09/12 10:37:10
inFileGetSize (C:\ITKiosk\Reader\ECC_API\ICERData\ICERAPI_CMAS.rev) FILE_OPEN_FAIL:0(0),2
2019/09/12 10:37:10
ICER SEND CMAS NORMAL:(SSL)1540B<?xml version="1.0" encoding="UTF-8" standalone="yes"?><TransXML><TRANS><T0100>0800</T0100><T0300>881999</T0300><T1100>175931</T1100><T1101>175931</T1101><T1200>103710</T1200><T1300>20190912</T1300><T4200>00010880</T4200><T3700>19091217593100</T3700><T4100>09100D802A00</T4100><T4101>AED5DC00</T4101><T4102>192.168.100.107</T4102><T4104>457DE159</T4104><T4107>0</T4107><T4210>0</T4210><T4820>01</T4820><T4823>11</T4823><T4824>00</T4824><T5301>01</T5301><T5307>17F281411D232F8E</T5307><T5308>481449FDA46948CC</T5308><T5361>5430383932373332</T5361><T5362>0000027B</T5362><T5363>7C29B84A28CF52F3</T5363><T5364>010DD9822020DF01DF03DF0ADF0E00000000000000000000000000000000000000000000000000000000000000000000000000000000000000000000000000000000000000000000000000000000</T5364><T5365>E09304400D03000000000000</T5365><T5366>102700</T5366><T5368>000001F0</T5368><T5369>11</T5369><T5370>09100D802A00000001EF761F7A5D00900000000000000000000000000000000000</T5370><T5371>5039303035393630</T5371><T5503>0000000001</T5503><T5504>01</T5504><T5510>0001</T5510><T5588><T558801>02</T558801><T558802>BIG</T558802><T558803>03332</T558803></T5588><T5588><T558801>03</T558801><T558803>V4001E</T558803></T5588><T5588><T558801>05</T558801><T558803>28070305D039</T558803></T5588><T6000>28070305D039</T6000><T6002>00B80B00E8030001A0860101F40101010000000000000000</T6002><T6003>A086010000000000000000000000000000000000000000000000000000000000</T6003><T6004>03332</T6004><T6400>53A47C097729A224</T6400><T6408>CE5B74D7E2960FD7323019A68B4E74BC</T6408></TRANS></TransXML>
2019/09/12 10:37:11
ICER RECV CMAS NORMAL:(SSL)3681B<?xml version="1.0" encoding="UTF-8" standalone="no"?><TransXML><Trans><T0100>0810</T0100><T0300>881999</T0300><T1100>175932</T1100><T1101>175931</T1101><T1200>103705</T1200><T1300>20190912</T1300><T3700>19091217593100</T3700><T3800>L2AGMV</T3800><T3900>00</T3900><T4100>09100D802A00</T4100><T4101>AED5DC00</T4101><T4102>192.168.100.107</T4102><T4104>457DE159</T4104><T4107>0</T4107><T4200>00010880</T4200><T4210>0</T4210><T4820>01</T4820><T4823>11</T4823><T4824>00</T4824><T5301>01</T5301><T5303>02</T5303><T5306>7C972A</T5306><T5307>17F281411D232F8E</T5307><T5308>481449FDA46948CC</T5308><T5361>5430383932373332</T5361><T5362>0000027B</T5362><T5363>7C29B84A28CF52F3</T5363><T5364>010DD9822020DF01DF03DF0ADF0E00000000000000000000000000000000000000000000000000000000000000000000000000000000000000000000000000000000000000000000000000000000</T5364><T5365>E09304400D03000000000000</T5365><T5366>102700</T5366><T5367>000000000000000000000000000000000000000000000000000000000000000000000000000000000000000000000000000000000000000000</T5367><T5368>000001F0</T5368><T5369>11</T5369><T5370>09100D802A00000001EF761F7A5D00900000000000000000000000000000000000</T5370><T5371>5039303035393630</T5371><T5503>0000000001</T5503><T5504>01</T5504><T5510>0001</T5510><T5588><T558801>01</T558801><T558803>000001</T558803></T5588><T5588><T558801>02</T558801><T558802>BIG</T558802><T558803>11774</T558803></T5588><T5588><T558801>03</T558801><T558802>VEGA5000S-APPV18</T558802><T558803>000018</T558803></T5588><T5591>0</T5591><T5595><T559502>TM01</T559502><T559503>5909</T559503><T559504>20180820</T559504><T559505>20991231</T559505></T5595><T5595><T559502>TM02</T559502><T559503>00010880</T559503><T559504>20180820</T559504><T559505>20991231</T559505></T5595><T5595><T559502>TM03</T559502><T559503>00000</T559503><T559504>20180820</T559504><T559505>20991231</T559505></T5595><T5595><T559502>TM04</T559502><T559503>0000000001</T559503><T559504>20180820</T559504><T559505>20991231</T559505></T5595><T5595><T559502>TM17</T559502><T559503>業務三科 測試機01</T559503><T559504>20180820</T559504><T559505>20991231</T559505></T5595><T5595><T559502>TM18</T559502><T559503>嗶悠遊卡 最悠遊</T559503><T559504>20180820</T559504><T559505>20991231</T559505></T5595><T5595><T559502>TM30</T559502><T559503>1111111110</T559503><T559504>20180820</T559504><T559505>20991231</T559505></T5595><T5595><T559502>TM80</T559502><T559503>0</T559503><T559504>20180820</T559504><T559505>20991231</T559505></T5595><T5595><T559502>TM81</T559502><T559503>0</T559503><T559504>20180820</T559504><T559505>20991231</T559505></T5595><T5595><T559501>000001</T559501><T559502>TM09</T559502><T559503>123456</T559503><T559504>20130101</T559504><T559505>20990101</T559505></T5595><T5595><T559501>000001</T559501><T559502>TM10</T559502><T559503>/OUT/ssl/ck1.cer</T559503><T559504>20130101</T559504><T559505>20990101</T559505></T5595><T5595><T559501>11774</T559501><T559502>TM11</T559502><T559503>/out/blc/BLC11774A_190911.BIG</T559503><T559504>19700101</T559504><T559505>99991231</T559505></T5595><T5595><T559501>000018</T559501><T559502>TM12</T559502><T559503>/OUT/exe/ECCAPP/ECCAPP0018.CAP</T559503><T559504>19700101</T559504><T559505>99991231</T559505></T5595><T5596><T559601>0</T559601><T559602>00000001</T559602><T559603>0</T559603><T559604>00000001</T559604></T5596><T6000>28070305D039</T6000><T6002>00B80B00E8030001A0860101F40101000000000000000000</T6002><T6003>A086010000000000000000000000000000000000000000000000000000000000</T6003><T6004>03332</T6004><T6400>53A47C097729A224</T6400><T6401>383122D01D574614</T6401><T6408>CE5B74D7E2960FD7323019A68B4E74BC</T6408><T6409>2C5932BC057CD858527F530921D27D2C</T6409></Trans></TransXML>
2019/09/12 10:37:11
inFileGetSize (C:\ITKiosk\Reader\ECC_API\ICERData\ICERAPI_CMAS.rev.bak) FILE_OPEN_FAIL:0(0),2
2019/09/12 10:37:11
RC IN PPR_SignOn:0000868002000080383122D01D5746142C5932BC057CD858527F530921D27D2C000000000000000000000000000000000000000000000000000000000000000000000000000000000000000000000000000000000000000000BC08B80BE803F40101A0860100000000000000000000000000000000000000000000000000000000000000027C972A1D51
2019/09/12 10:37:11
RC OUT PPR_SignOn(9000):00001F000000000000000000000000000000000000000000000000000000000090008F
2019/09/12 10:37:11
inFileGetSize (C:\ITKiosk\Reader\ECC_API\ICERData\ICERAPI_CMAS.adv) FILE_OPEN_FAIL:0(0),2
2019/09/12 10:37:11
ICER SEND CMAS ADVICE:(SSL)0384B<TransXML><TRANS><T0100>0820</T0100><T0300>881999</T0300><T1100>175932</T1100><T1200>103710</T1200><T1300>20190912</T1300><T3700>19091217593100</T3700><T4100>09100D802A00</T4100><T4104>457DE159</T4104><T4200>00010880</T4200><T4210>0</T4210><T5503>0000000001</T5503><T5504>01</T5504><T5510>0001</T5510><T4825>00</T4825><T6406>00000000000000000000000000000000</T6406></TRANS></TransXML>
2019/09/12 10:37:11
ICER RECV CMAS ADVICE:(SSL)0540B<?xml version="1.0" encoding="UTF-8" standalone="no"?><TransXML><Trans><T0100>0830</T0100><T0300>881999</T0300><T1100>175932</T1100><T1200>103706</T1200><T1300>20190912</T1300><T3700>19091217593100</T3700><T3800>TA0YYH</T3800><T3900>00</T3900><T4100>09100D802A00</T4100><T4104>457DE159</T4104><T4200>00010880</T4200><T4210>0</T4210><T4823>11</T4823><T4824>00</T4824><T4825>00</T4825><T5369>11</T5369><T5503>0000000001</T5503><T5504>01</T5504><T5510>0001</T5510><T5591>0</T5591><T6406>00000000000000000000000000000000</T6406></Trans></TransXML>
2019/09/12 10:37:11
inFileGetSize (C:\ITKiosk\Reader\ECC_API\ICERData\ICERAPI_CMAS.rev.bak) FILE_OPEN_FAIL:0(0),2
2019/09/12 10:37:11
gCurrentFolder RES:C:\ITKiosk\Reader\ECC_API\ICERData
2019/09/12 10:37:11
TM RES :<?xml version="1.0" encoding="UTF-8" standalone="no"?><TransXML><TRANS><T3901>0</T3901><T0100>0810</T0100><T0300>881999</T0300><T1100>175931</T1100><T1101>175933</T1101><T1200>103705</T1200><T1300>20190912</T1300><T3700>19091217593100</T3700><T3800>L2AGMV</T3800><T3900>00</T3900><T4100>09100D802A00</T4100><T4101>AED5DC00</T4101><T4102>192.168.100.107</T4102><T4104>457DE159</T4104><T4107>0</T4107><T4200>00010880</T4200><T4210>0</T4210><T4820>01</T4820><T4823>11</T4823><T4824>00</T4824><T5301>01</T5301><T5303>02</T5303><T5306>7C972A</T5306><T5307>17F281411D232F8E</T5307><T5308>481449FDA46948CC</T5308><T5361>5430383932373332</T5361><T5362>0000027B</T5362><T5363>7C29B84A28CF52F3</T5363><T5364>010DD9822020DF01DF03DF0ADF0E00000000000000000000000000000000000000000000000000000000000000000000000000000000000000000000000000000000000000000000000000000000</T5364><T5365>E09304400D03000000000000</T5365><T5366>102700</T5366><T5367>000000000000000000000000000000000000000000000000000000000000000000000000000000000000000000000000000000000000000000</T5367><T5368>000001F0</T5368><T5369>11</T5369><T5370>09100D802A00000001EF761F7A5D00900000000000000000000000000000000000</T5370><T5371>5039303035393630</T5371><T5503>0000000001</T5503><T5504>01</T5504><T5510>0001</T5510><T5588><T558801>01</T558801><T558803>000001</T558803></T5588><T5588><T558801>02</T558801><T558802>BIG</T558802><T558803>11774</T558803></T5588><T5588><T558801>03</T558801><T558802>VEGA5000S-APPV18</T558802><T558803>000018</T558803></T5588><T5591>0</T5591><T5595><T559502>TM01</T559502><T559503>5909</T559503><T559504>20180820</T559504><T559505>20991231</T559505></T5595><T5595><T559502>TM02</T559502><T559503>00010880</T559503><T559504>20180820</T559504><T559505>20991231</T559505></T5595><T5595><T559502>TM03</T559502><T559503>00000</T559503><T559504>20180820</T559504><T559505>20991231</T559505></T5595><T5595><T559502>TM04</T559502><T559503>0000000001</T559503><T559504>20180820</T559504><T559505>20991231</T559505></T5595><T5595><T559502>TM17</T559502><T559503>業務三科 測試機01</T559503><T559504>20180820</T559504><T559505>20991231</T559505></T5595><T5595><T559502>TM18</T559502><T559503>嗶悠遊卡 最悠遊</T559503><T559504>20180820</T559504><T559505>20991231</T559505></T5595><T5595><T559502>TM30</T559502><T559503>1111111110</T559503><T559504>20180820</T559504><T559505>20991231</T559505></T5595><T5595><T559502>TM80</T559502><T559503>0</T559503><T559504>20180820</T559504><T559505>20991231</T559505></T5595><T5595><T559502>TM81</T559502><T559503>0</T559503><T559504>20180820</T559504><T559505>20991231</T559505></T5595><T5595><T559501>000001</T559501><T559502>TM09</T559502><T559503>123456</T559503><T559504>20130101</T559504><T559505>20990101</T559505></T5595><T5595><T559501>000001</T559501><T559502>TM10</T559502><T559503>/OUT/ssl/ck1.cer</T559503><T559504>20130101</T559504><T559505>20990101</T559505></T5595><T5595><T559501>11774</T559501><T559502>TM11</T559502><T559503>/out/blc/BLC11774A_190911.BIG</T559503><T559504>19700101</T559504><T559505>99991231</T559505></T5595><T5595><T559501>000018</T559501><T559502>TM12</T559502><T559503>/OUT/exe/ECCAPP/ECCAPP0018.CAP</T559503><T559504>19700101</T559504><T559505>99991231</T559505></T5595><T5596><T559601>0</T559601><T559602>00000001</T559602><T559603>0</T559603><T559604>00000001</T559604></T5596><T6000>28070305D039</T6000><T6002>00B80B00E8030001A0860101F40101000000000000000000</T6002><T6003>A086010000000000000000000000000000000000000000000000000000000000</T6003><T6004>03332</T6004><T6400>53A47C097729A224</T6400><T6401>383122D01D574614</T6401><T6408>CE5B74D7E2960FD7323019A68B4E74BC</T6408><T6409>2C5932BC057CD858527F530921D27D2C</T6409><T4825>00</T4825><T6406>00000000000000000000000000000000</T6406><T5548><T554801>00000000000000000000000000000000000000000000000000000000009000</T554801></T5548><T4213>00010880-00000-0000000001</T4213><T4110>0001088001304105</T4110><T4109>0220131454</T4109></TRANS></TransXML>
2019/09/12 10:37:11
inFileWrite (C:\ITKiosk\Reader\ECC_API\ICERData\ICERAPI.RES.OK) FILE_WRITE_FAIL:0
2019/09/12 10:37:18
inCheckProcess = 96,96
2019/09/12 10:37:18
inInitialTxn = 0
2019/09/12 10:37:18
TM REQ :<?xml version="1.0" encoding="UTF-8" standalone="yes"?><TransXML><TRANS><T0100>0500</T0100><T0300>900099</T0300><T1100>175932</T1100><T1101>175934</T1101><T1200>103718</T1200><T1300>20190912</T1300><T5501>19091001</T5501><T5591>000007</T5591><T5592><T559201>00000000003500</T559201></T5592><T1102>000001</T1102><T1103>000001</T1103></TRANS></TransXML>
2019/09/12 10:37:18
srTxnData.srIngData.lnECCAmt 1 = 0
2019/09/12 10:37:18
inFileGetSize (C:\ITKiosk\Reader\ECC_API\ICERData\ICERAPI_ICER.adv) FILE_OPEN_FAIL:0(0),2
2019/09/12 10:37:18
inGetDeviceID : 01000000000000000000000000000000003232303133313435340000000000000000AED5DC0009100D802A00DC802A000000003033333332415F31373132323900000000000000457DE15928070305D039503930303539363031373539333300
2019/09/12 10:37:18
inFileGetSize (C:\ITKiosk\Reader\ECC_API\ICERData\ICERAPI_CMAS.rev) FILE_OPEN_FAIL:0(0),2
2019/09/12 10:37:18
inFileGetSize (C:\ITKiosk\Reader\ECC_API\ICERData\ICERAPI_CMAS.adv) FILE_OPEN_FAIL:0(0),2
2019/09/12 10:37:18
inTCPIPAdviceProcess fail 0,-99
2019/09/12 10:37:18
ICER SEND CMAS NORMAL:(SSL)0546B<?xml version="1.0" encoding="UTF-8" standalone="yes"?><TransXML><TRANS><T0100>0500</T0100><T0300>900000</T0300><T1100>175934</T1100><T1101>175932</T1101><T1200>103718</T1200><T1300>20190912</T1300><T5501>19091001</T5501><T5591>000007</T5591><T5592><T559201>35</T559201></T5592><T3700>19091217593400</T3700><T4100>09100D802A00</T4100><T4101>AED5DC00</T4101><T4104>457DE159</T4104><T4200>00010880</T4200><T4210>0</T4210><T5503>0000000001</T5503><T5504>01</T5504><T5510>0001</T5510><T6000>28070305D039</T6000><T6004>03332</T6004></TRANS></TransXML>
2019/09/12 10:37:18
ICER RECV CMAS NORMAL:(SSL)0682B<?xml version="1.0" encoding="UTF-8" standalone="no"?><TransXML><Trans><T0100>0510</T0100><T0300>900000</T0300><T1100>175934</T1100><T1101>175932</T1101><T1200>103713</T1200><T1300>20190912</T1300><T3700>19091217593400</T3700><T3800>JQ1PTw</T3800><T3900>00</T3900><T3912>0</T3912><T4100>09100D802A00</T4100><T4101>AED5DC00</T4101><T4104>457DE159</T4104><T4200>00010880</T4200><T4210>0</T4210><T4823>11</T4823><T4824>00</T4824><T5369>11</T5369><T5501>19091001</T5501><T5503>0000000001</T5503><T5504>01</T5504><T5510>0001</T5510><T5591>7</T5591><T5592><T559201>35</T559201><T559202>0</T559202><T559203>0</T559203></T5592><T6000>28070305D039</T6000><T6004>03332</T6004></Trans></TransXML>
2019/09/12 10:37:18
inFileGetSize (C:\ITKiosk\Reader\ECC_API\ICERData\ICERAPI_CMAS.rev.bak) FILE_OPEN_FAIL:0(0),2
2019/09/12 10:37:18
gCurrentFolder RES:C:\ITKiosk\Reader\ECC_API\ICERData
2019/09/12 10:37:18
TM RES :<?xml version="1.0" encoding="UTF-8" standalone="no"?><TransXML><TRANS><T3901>0</T3901><T0100>0510</T0100><T0300>900000</T0300><T1100>175932</T1100><T1101>175934</T1101><T1200>103713</T1200><T1300>20190912</T1300><T3700>19091217593400</T3700><T3800>JQ1PTw</T3800><T3900>00</T3900><T3912>0</T3912><T4100>09100D802A00</T4100><T4101>AED5DC00</T4101><T4104>457DE159</T4104><T4200>00010880</T4200><T4210>0</T4210><T4823>11</T4823><T4824>00</T4824><T5369>11</T5369><T5501>19091001</T5501><T5503>0000000001</T5503><T5504>01</T5504><T5510>0001</T5510><T5591>7</T5591><T5592><T559201>3500</T559201><T559202>000</T559202><T559203>000</T559203></T5592><T6000>28070305D039</T6000><T6004>03332</T6004><T4213>00010880-00000-0000000001</T4213><T4110>0001088001304105</T4110><T4109>0220131454</T4109></TRANS></TransXML>
2019/09/12 10:37:18
inFileWrite (C:\ITKiosk\Reader\ECC_API\ICERData\ICERAPI.RES.OK) FILE_WRITE_FAIL:0
2019/09/12 11:12:01
inCheckProcess = 96,96
2019/09/12 11:12:01
inInitialTxn = 0
2019/09/12 11:12:01
TM REQ :<?xml version="1.0" encoding="UTF-8" standalone="yes"?><TransXML><TRANS><T0100>0800</T0100><T0300>881999</T0300><T1100>175935</T1100><T1101>175935</T1101><T1200>111201</T1200><T1300>20190912</T1300><T4200>34800000</T4200></TRANS></TransXML>
2019/09/12 11:12:01
srTxnData.srIngData.lnECCAmt 1 = 0
2019/09/12 11:12:01
inFileGetSize (C:\ITKiosk\Reader\ECC_API\ICERData\ICERAPI_ICER.adv) FILE_OPEN_FAIL:0(0),2
2019/09/12 11:12:01
RC IN PPR_Reset:000046800100004030303030303030303031303132303139303931323131313230313137353933353030303101287A5D000000000000000000000000110000000000000000000000FA6D
2019/09/12 11:12:01
RC OUT PPR_Reset(9000):0000FC01457DE15928070305D03954303839323733320000027BE1BE29C9F0830339AED5DC0001A58C6520D0F27CAF0150393030353936300DD9822020E09304102700400D0300000000000009100D802A00DF01DF03DF0ADF0E00000000000000000000000000000000000000000000000000000000000000000000000000000000000000000000000000000000000000000000000000000000000001F17C1824996694271C6391C641DF0E89FEF98270A5BBB5B6F1A40CFAA721DC52B9BC08B80BE803F40101A08601A086010000000000000000000000D61F7A5D09100D802A00000001F0D61F7A5D0090000000000000000000000000000000000090008A
2019/09/12 11:12:01
inFileGetSize (C:\ITKiosk\Reader\ECC_API\ICERData\ICERAPI_CMAS.rev) FILE_OPEN_FAIL:0(0),2
2019/09/12 11:12:01
ICER SEND CMAS NORMAL:(SSL)1540B<?xml version="1.0" encoding="UTF-8" standalone="yes"?><TransXML><TRANS><T0100>0800</T0100><T0300>881999</T0300><T1100>175935</T1100><T1101>175935</T1101><T1200>111201</T1200><T1300>20190912</T1300><T4200>00010880</T4200><T3700>19091217593500</T3700><T4100>09100D802A00</T4100><T4101>AED5DC00</T4101><T4102>192.168.100.107</T4102><T4104>457DE159</T4104><T4107>0</T4107><T4210>0</T4210><T4820>01</T4820><T4823>11</T4823><T4824>00</T4824><T5301>01</T5301><T5307>7C1824996694271C</T5307><T5308>6391C641DF0E89FE</T5308><T5361>5430383932373332</T5361><T5362>0000027B</T5362><T5363>E1BE29C9F0830339</T5363><T5364>010DD9822020DF01DF03DF0ADF0E00000000000000000000000000000000000000000000000000000000000000000000000000000000000000000000000000000000000000000000000000000000</T5364><T5365>E09304400D03000000000000</T5365><T5366>102700</T5366><T5368>000001F1</T5368><T5369>11</T5369><T5370>09100D802A00000001F0D61F7A5D00900000000000000000000000000000000000</T5370><T5371>5039303035393630</T5371><T5503>0000000001</T5503><T5504>01</T5504><T5510>0001</T5510><T5588><T558801>02</T558801><T558802>BIG</T558802><T558803>03332</T558803></T5588><T5588><T558801>03</T558801><T558803>V4001E</T558803></T5588><T5588><T558801>05</T558801><T558803>28070305D039</T558803></T5588><T6000>28070305D039</T6000><T6002>00B80B00E8030001A0860101F40101010000000000000000</T6002><T6003>A086010000000000000000000000000000000000000000000000000000000000</T6003><T6004>03332</T6004><T6400>A58C6520D0F27CAF</T6400><T6408>F98270A5BBB5B6F1A40CFAA721DC52B9</T6408></TRANS></TransXML>
2019/09/12 11:12:02
ICER RECV CMAS NORMAL:(SSL)3681B<?xml version="1.0" encoding="UTF-8" standalone="no"?><TransXML><Trans><T0100>0810</T0100><T0300>881999</T0300><T1100>175936</T1100><T1101>175935</T1101><T1200>111156</T1200><T1300>20190912</T1300><T3700>19091217593500</T3700><T3800>BdeLFT</T3800><T3900>00</T3900><T4100>09100D802A00</T4100><T4101>AED5DC00</T4101><T4102>192.168.100.107</T4102><T4104>457DE159</T4104><T4107>0</T4107><T4200>00010880</T4200><T4210>0</T4210><T4820>01</T4820><T4823>11</T4823><T4824>00</T4824><T5301>01</T5301><T5303>02</T5303><T5306>7C972A</T5306><T5307>7C1824996694271C</T5307><T5308>6391C641DF0E89FE</T5308><T5361>5430383932373332</T5361><T5362>0000027B</T5362><T5363>E1BE29C9F0830339</T5363><T5364>010DD9822020DF01DF03DF0ADF0E00000000000000000000000000000000000000000000000000000000000000000000000000000000000000000000000000000000000000000000000000000000</T5364><T5365>E09304400D03000000000000</T5365><T5366>102700</T5366><T5367>000000000000000000000000000000000000000000000000000000000000000000000000000000000000000000000000000000000000000000</T5367><T5368>000001F1</T5368><T5369>11</T5369><T5370>09100D802A00000001F0D61F7A5D00900000000000000000000000000000000000</T5370><T5371>5039303035393630</T5371><T5503>0000000001</T5503><T5504>01</T5504><T5510>0001</T5510><T5588><T558801>01</T558801><T558803>000001</T558803></T5588><T5588><T558801>02</T558801><T558802>BIG</T558802><T558803>11774</T558803></T5588><T5588><T558801>03</T558801><T558802>VEGA5000S-APPV18</T558802><T558803>000018</T558803></T5588><T5591>0</T5591><T5595><T559502>TM01</T559502><T559503>5909</T559503><T559504>20180820</T559504><T559505>20991231</T559505></T5595><T5595><T559502>TM02</T559502><T559503>00010880</T559503><T559504>20180820</T559504><T559505>20991231</T559505></T5595><T5595><T559502>TM03</T559502><T559503>00000</T559503><T559504>20180820</T559504><T559505>20991231</T559505></T5595><T5595><T559502>TM04</T559502><T559503>0000000001</T559503><T559504>20180820</T559504><T559505>20991231</T559505></T5595><T5595><T559502>TM17</T559502><T559503>業務三科 測試機01</T559503><T559504>20180820</T559504><T559505>20991231</T559505></T5595><T5595><T559502>TM18</T559502><T559503>嗶悠遊卡 最悠遊</T559503><T559504>20180820</T559504><T559505>20991231</T559505></T5595><T5595><T559502>TM30</T559502><T559503>1111111110</T559503><T559504>20180820</T559504><T559505>20991231</T559505></T5595><T5595><T559502>TM80</T559502><T559503>0</T559503><T559504>20180820</T559504><T559505>20991231</T559505></T5595><T5595><T559502>TM81</T559502><T559503>0</T559503><T559504>20180820</T559504><T559505>20991231</T559505></T5595><T5595><T559501>000001</T559501><T559502>TM09</T559502><T559503>123456</T559503><T559504>20130101</T559504><T559505>20990101</T559505></T5595><T5595><T559501>000001</T559501><T559502>TM10</T559502><T559503>/OUT/ssl/ck1.cer</T559503><T559504>20130101</T559504><T559505>20990101</T559505></T5595><T5595><T559501>11774</T559501><T559502>TM11</T559502><T559503>/out/blc/BLC11774A_190911.BIG</T559503><T559504>19700101</T559504><T559505>99991231</T559505></T5595><T5595><T559501>000018</T559501><T559502>TM12</T559502><T559503>/OUT/exe/ECCAPP/ECCAPP0018.CAP</T559503><T559504>19700101</T559504><T559505>99991231</T559505></T5595><T5596><T559601>0</T559601><T559602>00000001</T559602><T559603>0</T559603><T559604>00000001</T559604></T5596><T6000>28070305D039</T6000><T6002>00B80B00E8030001A0860101F40101000000000000000000</T6002><T6003>A086010000000000000000000000000000000000000000000000000000000000</T6003><T6004>03332</T6004><T6400>A58C6520D0F27CAF</T6400><T6401>AF8B1B628BC8F697</T6401><T6408>F98270A5BBB5B6F1A40CFAA721DC52B9</T6408><T6409>478C79B16242B5912B0296CBBF2E1152</T6409></Trans></TransXML>
2019/09/12 11:12:02
inFileGetSize (C:\ITKiosk\Reader\ECC_API\ICERData\ICERAPI_CMAS.rev.bak) FILE_OPEN_FAIL:0(0),2
2019/09/12 11:12:02
RC IN PPR_SignOn:0000868002000080AF8B1B628BC8F697478C79B16242B5912B0296CBBF2E1152000000000000000000000000000000000000000000000000000000000000000000000000000000000000000000000000000000000000000000BC08B80BE803F40101A0860100000000000000000000000000000000000000000000000000000000000000027C972A1DBB
2019/09/12 11:12:02
RC OUT PPR_SignOn(9000):00001F000000000000000000000000000000000000000000000000000000000090008F
2019/09/12 11:12:02
inFileGetSize (C:\ITKiosk\Reader\ECC_API\ICERData\ICERAPI_CMAS.adv) FILE_OPEN_FAIL:0(0),2
2019/09/12 11:12:02
ICER SEND CMAS ADVICE:(SSL)0384B<TransXML><TRANS><T0100>0820</T0100><T0300>881999</T0300><T1100>175936</T1100><T1200>111201</T1200><T1300>20190912</T1300><T3700>19091217593500</T3700><T4100>09100D802A00</T4100><T4104>457DE159</T4104><T4200>00010880</T4200><T4210>0</T4210><T5503>0000000001</T5503><T5504>01</T5504><T5510>0001</T5510><T4825>00</T4825><T6406>00000000000000000000000000000000</T6406></TRANS></TransXML>
2019/09/12 11:12:02
ICER RECV CMAS ADVICE:(SSL)0540B<?xml version="1.0" encoding="UTF-8" standalone="no"?><TransXML><Trans><T0100>0830</T0100><T0300>881999</T0300><T1100>175936</T1100><T1200>111157</T1200><T1300>20190912</T1300><T3700>19091217593500</T3700><T3800>9gOquv</T3800><T3900>00</T3900><T4100>09100D802A00</T4100><T4104>457DE159</T4104><T4200>00010880</T4200><T4210>0</T4210><T4823>11</T4823><T4824>00</T4824><T4825>00</T4825><T5369>11</T5369><T5503>0000000001</T5503><T5504>01</T5504><T5510>0001</T5510><T5591>0</T5591><T6406>00000000000000000000000000000000</T6406></Trans></TransXML>
2019/09/12 11:12:02
inFileGetSize (C:\ITKiosk\Reader\ECC_API\ICERData\ICERAPI_CMAS.rev.bak) FILE_OPEN_FAIL:0(0),2
2019/09/12 11:12:02
gCurrentFolder RES:C:\ITKiosk\Reader\ECC_API\ICERData
2019/09/12 11:12:02
TM RES :<?xml version="1.0" encoding="UTF-8" standalone="no"?><TransXML><TRANS><T3901>0</T3901><T0100>0810</T0100><T0300>881999</T0300><T1100>175935</T1100><T1101>175937</T1101><T1200>111156</T1200><T1300>20190912</T1300><T3700>19091217593500</T3700><T3800>BdeLFT</T3800><T3900>00</T3900><T4100>09100D802A00</T4100><T4101>AED5DC00</T4101><T4102>192.168.100.107</T4102><T4104>457DE159</T4104><T4107>0</T4107><T4200>00010880</T4200><T4210>0</T4210><T4820>01</T4820><T4823>11</T4823><T4824>00</T4824><T5301>01</T5301><T5303>02</T5303><T5306>7C972A</T5306><T5307>7C1824996694271C</T5307><T5308>6391C641DF0E89FE</T5308><T5361>5430383932373332</T5361><T5362>0000027B</T5362><T5363>E1BE29C9F0830339</T5363><T5364>010DD9822020DF01DF03DF0ADF0E00000000000000000000000000000000000000000000000000000000000000000000000000000000000000000000000000000000000000000000000000000000</T5364><T5365>E09304400D03000000000000</T5365><T5366>102700</T5366><T5367>000000000000000000000000000000000000000000000000000000000000000000000000000000000000000000000000000000000000000000</T5367><T5368>000001F1</T5368><T5369>11</T5369><T5370>09100D802A00000001F0D61F7A5D00900000000000000000000000000000000000</T5370><T5371>5039303035393630</T5371><T5503>0000000001</T5503><T5504>01</T5504><T5510>0001</T5510><T5588><T558801>01</T558801><T558803>000001</T558803></T5588><T5588><T558801>02</T558801><T558802>BIG</T558802><T558803>11774</T558803></T5588><T5588><T558801>03</T558801><T558802>VEGA5000S-APPV18</T558802><T558803>000018</T558803></T5588><T5591>0</T5591><T5595><T559502>TM01</T559502><T559503>5909</T559503><T559504>20180820</T559504><T559505>20991231</T559505></T5595><T5595><T559502>TM02</T559502><T559503>00010880</T559503><T559504>20180820</T559504><T559505>20991231</T559505></T5595><T5595><T559502>TM03</T559502><T559503>00000</T559503><T559504>20180820</T559504><T559505>20991231</T559505></T5595><T5595><T559502>TM04</T559502><T559503>0000000001</T559503><T559504>20180820</T559504><T559505>20991231</T559505></T5595><T5595><T559502>TM17</T559502><T559503>業務三科 測試機01</T559503><T559504>20180820</T559504><T559505>20991231</T559505></T5595><T5595><T559502>TM18</T559502><T559503>嗶悠遊卡 最悠遊</T559503><T559504>20180820</T559504><T559505>20991231</T559505></T5595><T5595><T559502>TM30</T559502><T559503>1111111110</T559503><T559504>20180820</T559504><T559505>20991231</T559505></T5595><T5595><T559502>TM80</T559502><T559503>0</T559503><T559504>20180820</T559504><T559505>20991231</T559505></T5595><T5595><T559502>TM81</T559502><T559503>0</T559503><T559504>20180820</T559504><T559505>20991231</T559505></T5595><T5595><T559501>000001</T559501><T559502>TM09</T559502><T559503>123456</T559503><T559504>20130101</T559504><T559505>20990101</T559505></T5595><T5595><T559501>000001</T559501><T559502>TM10</T559502><T559503>/OUT/ssl/ck1.cer</T559503><T559504>20130101</T559504><T559505>20990101</T559505></T5595><T5595><T559501>11774</T559501><T559502>TM11</T559502><T559503>/out/blc/BLC11774A_190911.BIG</T559503><T559504>19700101</T559504><T559505>99991231</T559505></T5595><T5595><T559501>000018</T559501><T559502>TM12</T559502><T559503>/OUT/exe/ECCAPP/ECCAPP0018.CAP</T559503><T559504>19700101</T559504><T559505>99991231</T559505></T5595><T5596><T559601>0</T559601><T559602>00000001</T559602><T559603>0</T559603><T559604>00000001</T559604></T5596><T6000>28070305D039</T6000><T6002>00B80B00E8030001A0860101F40101000000000000000000</T6002><T6003>A086010000000000000000000000000000000000000000000000000000000000</T6003><T6004>03332</T6004><T6400>A58C6520D0F27CAF</T6400><T6401>AF8B1B628BC8F697</T6401><T6408>F98270A5BBB5B6F1A40CFAA721DC52B9</T6408><T6409>478C79B16242B5912B0296CBBF2E1152</T6409><T4825>00</T4825><T6406>00000000000000000000000000000000</T6406><T5548><T554801>00000000000000000000000000000000000000000000000000000000009000</T554801></T5548><T4213>00010880-00000-0000000001</T4213><T4110>0001088001304105</T4110><T4109>0220131454</T4109></TRANS></TransXML>
2019/09/12 11:12:02
inFileWrite (C:\ITKiosk\Reader\ECC_API\ICERData\ICERAPI.RES.OK) FILE_WRITE_FAIL:0
