2019/06/26 12:21:15
inCheckProcess = 96,96
2019/06/26 12:21:16
inInitialTxn = 0
2019/06/26 12:21:16
TM REQ :<?xml version="1.0" encoding="UTF-8" standalone="yes"?><TransXML><TRANS><T0100>0800</T0100><T0300>881999</T0300><T1100>175457</T1100><T1101>175457</T1101><T1200>122115</T1200><T1300>20190626</T1300><T4200>34800000</T4200></TRANS></TransXML>
2019/06/26 12:21:16
srTxnData.srIngData.lnECCAmt 1 = 0
2019/06/26 12:21:16
inFileGetSize (C:\ITKiosk\Reader\ECC_API\ICERData\ICERAPI_ICER.adv) FILE_OPEN_FAIL:0(0),2
2019/06/26 12:21:16
RC IN PPR_Reset:00004680010000403030303030303030303130313230313930363236313232313135313735343537303030313B63135D000000000000000000000000110000000000000000000000FA72
2019/06/26 12:21:20
1 dwToRead = 3,dwTotalRead = 0
2019/06/26 12:21:20
inReaderCommand2 Fail 1-1:(ffffffed)
2019/06/26 12:21:20
inSignOnProcess Fail 1:-19
2019/06/26 12:21:20
main Fail 5:-124
2019/06/26 12:21:20
inXMLUpdateData Update(T1300) Value = NULL !!
2019/06/26 12:21:20
gCurrentFolder RES:C:\ITKiosk\Reader\ECC_API\ICERData
2019/06/26 12:21:20
TM RES :<TransXML><TRANS><T3901>-124</T3901><T1101>175457</T1101><T1102>000000</T1102><T1103>000000</T1103></TRANS></TransXML>
2019/06/26 12:21:20
inFileWrite (C:\ITKiosk\Reader\ECC_API\ICERData\ICERAPI.RES.OK) FILE_WRITE_FAIL:0
2019/06/26 12:23:31
inCheckProcess = 96,96
2019/06/26 12:23:31
inInitialTxn = 0
2019/06/26 12:23:31
TM REQ :<?xml version="1.0" encoding="UTF-8" standalone="yes"?><TransXML><TRANS><T0100>0800</T0100><T0300>881999</T0300><T1100>175457</T1100><T1101>175458</T1101><T1200>122331</T1200><T1300>20190626</T1300><T4200>34800000</T4200></TRANS></TransXML>
2019/06/26 12:23:31
srTxnData.srIngData.lnECCAmt 1 = 0
2019/06/26 12:23:31
inFileGetSize (C:\ITKiosk\Reader\ECC_API\ICERData\ICERAPI_ICER.adv) FILE_OPEN_FAIL:0(0),2
2019/06/26 12:23:31
RC IN PPR_Reset:0000468001000040303030303030303030313031323031393036323631323233333131373534353730303031C363135D000000000000000000000000110000000000000000000000FA8E
2019/06/26 12:23:35
1 dwToRead = 3,dwTotalRead = 0
2019/06/26 12:23:35
inReaderCommand2 Fail 1-1:(ffffffed)
2019/06/26 12:23:35
inSignOnProcess Fail 1:-19
2019/06/26 12:23:35
main Fail 5:-124
2019/06/26 12:23:35
inXMLUpdateData Update(T1300) Value = NULL !!
2019/06/26 12:23:35
gCurrentFolder RES:C:\ITKiosk\Reader\ECC_API\ICERData
2019/06/26 12:23:35
TM RES :<TransXML><TRANS><T3901>-124</T3901><T1101>175458</T1101><T1102>000000</T1102><T1103>000000</T1103></TRANS></TransXML>
2019/06/26 12:23:35
inFileWrite (C:\ITKiosk\Reader\ECC_API\ICERData\ICERAPI.RES.OK) FILE_WRITE_FAIL:0
2019/06/26 12:33:13
inCheckProcess = 96,96
2019/06/26 12:33:13
inInitialTxn = 0
2019/06/26 12:33:13
TM REQ :<?xml version="1.0" encoding="UTF-8" standalone="yes"?><TransXML><TRANS><T0100>0800</T0100><T0300>881999</T0300><T1100>175457</T1100><T1101>175459</T1101><T1200>123313</T1200><T1300>20190626</T1300><T4200>34800000</T4200></TRANS></TransXML>
2019/06/26 12:33:13
srTxnData.srIngData.lnECCAmt 1 = 0
2019/06/26 12:33:13
inFileGetSize (C:\ITKiosk\Reader\ECC_API\ICERData\ICERAPI_ICER.adv) FILE_OPEN_FAIL:0(0),2
2019/06/26 12:33:13
RC IN PPR_Reset:00004680010000403030303030303030303130313230313930363236313233333133313735343537303030310966135D000000000000000000000000110000000000000000000000FA40
2019/06/26 12:33:13
RC OUT PPR_Reset(9000):0000FC01457DE15928070305D03954303839323733320000025FCAF6ED4E1655BF28AED5DC0001AB08F69AC016C8D10150393030353936300DD9822020E09304102700400D0300000000000009100D802A00DF01DF03DF0ADF0E000000000000000000000000000000000000000000000000000000000000000000000000000000000000000000000000000000000000000000000000000000000000015FAE2CB79FE2968C822B08EB89CE82E676CBD03A0D78A2CEBBB89C527A5D6E4B57BC08B80BE803F40101A08601A0860100000000000000000000003847125D09100D802A000000015E3847125D009000000000000000000000000000000000009000A4
2019/06/26 12:33:13
inFileGetSize (C:\ITKiosk\Reader\ECC_API\ICERData\ICERAPI_CMAS.rev) FILE_OPEN_FAIL:0(0),2
2019/06/26 12:33:13
ICER SEND CMAS NORMAL:(SSL)1537B<?xml version="1.0" encoding="UTF-8" standalone="yes"?><TransXML><TRANS><T0100>0800</T0100><T0300>881999</T0300><T1100>175459</T1100><T1101>175457</T1101><T1200>123313</T1200><T1300>20190626</T1300><T4200>00010880</T4200><T3700>19062617545900</T3700><T4100>09100D802A00</T4100><T4101>AED5DC00</T4101><T4102>192.168.56.1</T4102><T4104>457DE159</T4104><T4107>0</T4107><T4210>0</T4210><T4820>01</T4820><T4823>11</T4823><T4824>00</T4824><T5301>01</T5301><T5307>AE2CB79FE2968C82</T5307><T5308>2B08EB89CE82E676</T5308><T5361>5430383932373332</T5361><T5362>0000025F</T5362><T5363>CAF6ED4E1655BF28</T5363><T5364>010DD9822020DF01DF03DF0ADF0E00000000000000000000000000000000000000000000000000000000000000000000000000000000000000000000000000000000000000000000000000000000</T5364><T5365>E09304400D03000000000000</T5365><T5366>102700</T5366><T5368>0000015F</T5368><T5369>11</T5369><T5370>09100D802A000000015E3847125D00900000000000000000000000000000000000</T5370><T5371>5039303035393630</T5371><T5503>0000000001</T5503><T5504>01</T5504><T5510>0001</T5510><T5588><T558801>02</T558801><T558802>BIG</T558802><T558803>03332</T558803></T5588><T5588><T558801>03</T558801><T558803>V4001E</T558803></T5588><T5588><T558801>05</T558801><T558803>28070305D039</T558803></T5588><T6000>28070305D039</T6000><T6002>00B80B00E8030001A0860101F40101010000000000000000</T6002><T6003>A086010000000000000000000000000000000000000000000000000000000000</T6003><T6004>03332</T6004><T6400>AB08F69AC016C8D1</T6400><T6408>CBD03A0D78A2CEBBB89C527A5D6E4B57</T6408></TRANS></TransXML>
2019/06/26 12:33:13
ICER RECV CMAS NORMAL:(SSL)3678B<?xml version="1.0" encoding="UTF-8" standalone="no"?><TransXML><Trans><T0100>0810</T0100><T0300>881999</T0300><T1100>175460</T1100><T1101>175457</T1101><T1200>123308</T1200><T1300>20190626</T1300><T3700>19062617545900</T3700><T3800>AZn7Nc</T3800><T3900>00</T3900><T4100>09100D802A00</T4100><T4101>AED5DC00</T4101><T4102>192.168.56.1</T4102><T4104>457DE159</T4104><T4107>0</T4107><T4200>00010880</T4200><T4210>0</T4210><T4820>01</T4820><T4823>11</T4823><T4824>00</T4824><T5301>01</T5301><T5303>02</T5303><T5306>7C972A</T5306><T5307>AE2CB79FE2968C82</T5307><T5308>2B08EB89CE82E676</T5308><T5361>5430383932373332</T5361><T5362>0000025F</T5362><T5363>CAF6ED4E1655BF28</T5363><T5364>010DD9822020DF01DF03DF0ADF0E00000000000000000000000000000000000000000000000000000000000000000000000000000000000000000000000000000000000000000000000000000000</T5364><T5365>E09304400D03000000000000</T5365><T5366>102700</T5366><T5367>000000000000000000000000000000000000000000000000000000000000000000000000000000000000000000000000000000000000000000</T5367><T5368>0000015F</T5368><T5369>11</T5369><T5370>09100D802A000000015E3847125D00900000000000000000000000000000000000</T5370><T5371>5039303035393630</T5371><T5503>0000000001</T5503><T5504>01</T5504><T5510>0001</T5510><T5588><T558801>01</T558801><T558803>000001</T558803></T5588><T5588><T558801>02</T558801><T558802>BIG</T558802><T558803>11659</T558803></T5588><T5588><T558801>03</T558801><T558802>VEGA5000S-APPV18</T558802><T558803>000018</T558803></T5588><T5591>0</T5591><T5595><T559502>TM01</T559502><T559503>5909</T559503><T559504>20180820</T559504><T559505>20991231</T559505></T5595><T5595><T559502>TM02</T559502><T559503>00010880</T559503><T559504>20180820</T559504><T559505>20991231</T559505></T5595><T5595><T559502>TM03</T559502><T559503>00000</T559503><T559504>20180820</T559504><T559505>20991231</T559505></T5595><T5595><T559502>TM04</T559502><T559503>0000000001</T559503><T559504>20180820</T559504><T559505>20991231</T559505></T5595><T5595><T559502>TM17</T559502><T559503>業務三科 測試機01</T559503><T559504>20180820</T559504><T559505>20991231</T559505></T5595><T5595><T559502>TM18</T559502><T559503>嗶悠遊卡 最悠遊</T559503><T559504>20180820</T559504><T559505>20991231</T559505></T5595><T5595><T559502>TM30</T559502><T559503>1111111110</T559503><T559504>20180820</T559504><T559505>20991231</T559505></T5595><T5595><T559502>TM80</T559502><T559503>0</T559503><T559504>20180820</T559504><T559505>20991231</T559505></T5595><T5595><T559502>TM81</T559502><T559503>0</T559503><T559504>20180820</T559504><T559505>20991231</T559505></T5595><T5595><T559501>000001</T559501><T559502>TM09</T559502><T559503>123456</T559503><T559504>20130101</T559504><T559505>20990101</T559505></T5595><T5595><T559501>000001</T559501><T559502>TM10</T559502><T559503>/OUT/ssl/ck1.cer</T559503><T559504>20130101</T559504><T559505>20990101</T559505></T5595><T5595><T559501>11659</T559501><T559502>TM11</T559502><T559503>/out/blc/BLC11659A_190625.BIG</T559503><T559504>19700101</T559504><T559505>99991231</T559505></T5595><T5595><T559501>000018</T559501><T559502>TM12</T559502><T559503>/OUT/exe/ECCAPP/ECCAPP0018.CAP</T559503><T559504>19700101</T559504><T559505>99991231</T559505></T5595><T5596><T559601>0</T559601><T559602>00000001</T559602><T559603>0</T559603><T559604>00000001</T559604></T5596><T6000>28070305D039</T6000><T6002>00B80B00E8030001A0860101F40101000000000000000000</T6002><T6003>A086010000000000000000000000000000000000000000000000000000000000</T6003><T6004>03332</T6004><T6400>AB08F69AC016C8D1</T6400><T6401>CB374E5871226A25</T6401><T6408>CBD03A0D78A2CEBBB89C527A5D6E4B57</T6408><T6409>320FFF403A185A66BD27A82939DD203F</T6409></Trans></TransXML>
2019/06/26 12:33:13
inFileGetSize (C:\ITKiosk\Reader\ECC_API\ICERData\ICERAPI_CMAS.rev.bak) FILE_OPEN_FAIL:0(0),2
2019/06/26 12:33:13
RC IN PPR_SignOn:0000868002000080CB374E5871226A25320FFF403A185A66BD27A82939DD203F000000000000000000000000000000000000000000000000000000000000000000000000000000000000000000000000000000000000000000BC08B80BE803F40101A0860100000000000000000000000000000000000000000000000000000000000000027C972A1DEF
2019/06/26 12:33:13
RC OUT PPR_SignOn(9000):00001F000000000000000000000000000000000000000000000000000000000090008F
2019/06/26 12:33:13
inFileGetSize (C:\ITKiosk\Reader\ECC_API\ICERData\ICERAPI_CMAS.adv) FILE_OPEN_FAIL:0(0),2
2019/06/26 12:33:13
ICER SEND CMAS ADVICE:(SSL)0384B<TransXML><TRANS><T0100>0820</T0100><T0300>881999</T0300><T1100>175460</T1100><T1200>123313</T1200><T1300>20190626</T1300><T3700>19062617545900</T3700><T4100>09100D802A00</T4100><T4104>457DE159</T4104><T4200>00010880</T4200><T4210>0</T4210><T5503>0000000001</T5503><T5504>01</T5504><T5510>0001</T5510><T4825>00</T4825><T6406>00000000000000000000000000000000</T6406></TRANS></TransXML>
2019/06/26 12:33:14
ICER RECV CMAS ADVICE:(SSL)0540B<?xml version="1.0" encoding="UTF-8" standalone="no"?><TransXML><Trans><T0100>0830</T0100><T0300>881999</T0300><T1100>175460</T1100><T1200>123308</T1200><T1300>20190626</T1300><T3700>19062617545900</T3700><T3800>QXrsJT</T3800><T3900>00</T3900><T4100>09100D802A00</T4100><T4104>457DE159</T4104><T4200>00010880</T4200><T4210>0</T4210><T4823>11</T4823><T4824>00</T4824><T4825>00</T4825><T5369>11</T5369><T5503>0000000001</T5503><T5504>01</T5504><T5510>0001</T5510><T5591>0</T5591><T6406>00000000000000000000000000000000</T6406></Trans></TransXML>
2019/06/26 12:33:14
inFileGetSize (C:\ITKiosk\Reader\ECC_API\ICERData\ICERAPI_CMAS.rev.bak) FILE_OPEN_FAIL:0(0),2
2019/06/26 12:33:14
gCurrentFolder RES:C:\ITKiosk\Reader\ECC_API\ICERData
2019/06/26 12:33:14
TM RES :<?xml version="1.0" encoding="UTF-8" standalone="no"?><TransXML><TRANS><T3901>0</T3901><T0100>0810</T0100><T0300>881999</T0300><T1100>175457</T1100><T1101>175461</T1101><T1200>123308</T1200><T1300>20190626</T1300><T3700>19062617545900</T3700><T3800>AZn7Nc</T3800><T3900>00</T3900><T4100>09100D802A00</T4100><T4101>AED5DC00</T4101><T4102>192.168.56.1</T4102><T4104>457DE159</T4104><T4107>0</T4107><T4200>00010880</T4200><T4210>0</T4210><T4820>01</T4820><T4823>11</T4823><T4824>00</T4824><T5301>01</T5301><T5303>02</T5303><T5306>7C972A</T5306><T5307>AE2CB79FE2968C82</T5307><T5308>2B08EB89CE82E676</T5308><T5361>5430383932373332</T5361><T5362>0000025F</T5362><T5363>CAF6ED4E1655BF28</T5363><T5364>010DD9822020DF01DF03DF0ADF0E00000000000000000000000000000000000000000000000000000000000000000000000000000000000000000000000000000000000000000000000000000000</T5364><T5365>E09304400D03000000000000</T5365><T5366>102700</T5366><T5367>000000000000000000000000000000000000000000000000000000000000000000000000000000000000000000000000000000000000000000</T5367><T5368>0000015F</T5368><T5369>11</T5369><T5370>09100D802A000000015E3847125D00900000000000000000000000000000000000</T5370><T5371>5039303035393630</T5371><T5503>0000000001</T5503><T5504>01</T5504><T5510>0001</T5510><T5588><T558801>01</T558801><T558803>000001</T558803></T5588><T5588><T558801>02</T558801><T558802>BIG</T558802><T558803>11659</T558803></T5588><T5588><T558801>03</T558801><T558802>VEGA5000S-APPV18</T558802><T558803>000018</T558803></T5588><T5591>0</T5591><T5595><T559502>TM01</T559502><T559503>5909</T559503><T559504>20180820</T559504><T559505>20991231</T559505></T5595><T5595><T559502>TM02</T559502><T559503>00010880</T559503><T559504>20180820</T559504><T559505>20991231</T559505></T5595><T5595><T559502>TM03</T559502><T559503>00000</T559503><T559504>20180820</T559504><T559505>20991231</T559505></T5595><T5595><T559502>TM04</T559502><T559503>0000000001</T559503><T559504>20180820</T559504><T559505>20991231</T559505></T5595><T5595><T559502>TM17</T559502><T559503>業務三科 測試機01</T559503><T559504>20180820</T559504><T559505>20991231</T559505></T5595><T5595><T559502>TM18</T559502><T559503>嗶悠遊卡 最悠遊</T559503><T559504>20180820</T559504><T559505>20991231</T559505></T5595><T5595><T559502>TM30</T559502><T559503>1111111110</T559503><T559504>20180820</T559504><T559505>20991231</T559505></T5595><T5595><T559502>TM80</T559502><T559503>0</T559503><T559504>20180820</T559504><T559505>20991231</T559505></T5595><T5595><T559502>TM81</T559502><T559503>0</T559503><T559504>20180820</T559504><T559505>20991231</T559505></T5595><T5595><T559501>000001</T559501><T559502>TM09</T559502><T559503>123456</T559503><T559504>20130101</T559504><T559505>20990101</T559505></T5595><T5595><T559501>000001</T559501><T559502>TM10</T559502><T559503>/OUT/ssl/ck1.cer</T559503><T559504>20130101</T559504><T559505>20990101</T559505></T5595><T5595><T559501>11659</T559501><T559502>TM11</T559502><T559503>/out/blc/BLC11659A_190625.BIG</T559503><T559504>19700101</T559504><T559505>99991231</T559505></T5595><T5595><T559501>000018</T559501><T559502>TM12</T559502><T559503>/OUT/exe/ECCAPP/ECCAPP0018.CAP</T559503><T559504>19700101</T559504><T559505>99991231</T559505></T5595><T5596><T559601>0</T559601><T559602>00000001</T559602><T559603>0</T559603><T559604>00000001</T559604></T5596><T6000>28070305D039</T6000><T6002>00B80B00E8030001A0860101F40101000000000000000000</T6002><T6003>A086010000000000000000000000000000000000000000000000000000000000</T6003><T6004>03332</T6004><T6400>AB08F69AC016C8D1</T6400><T6401>CB374E5871226A25</T6401><T6408>CBD03A0D78A2CEBBB89C527A5D6E4B57</T6408><T6409>320FFF403A185A66BD27A82939DD203F</T6409><T4825>00</T4825><T6406>00000000000000000000000000000000</T6406><T5548><T554801>00000000000000000000000000000000000000000000000000000000009000</T554801></T5548><T4213>00010880-00000-0000000001</T4213><T4110>0001088001304105</T4110><T4109>0220131454</T4109></TRANS></TransXML>
2019/06/26 12:33:14
inFileWrite (C:\ITKiosk\Reader\ECC_API\ICERData\ICERAPI.RES.OK) FILE_WRITE_FAIL:0
2019/06/26 12:34:34
inCheckProcess = 96,96
2019/06/26 12:34:34
inInitialTxn = 0
2019/06/26 12:34:34
TM REQ :<?xml version="1.0" encoding="UTF-8" standalone="yes"?><TransXML><TRANS><T0100>0200</T0100><T0300>606100</T0300><T0400>000500</T0400><T1100>175458</T1100><T1101>175462</T1101><T1200>123434</T1200><T1300>20190626</T1300><T4830>0</T4830><T5501>19062601</T5501></TRANS></TransXML>
2019/06/26 12:34:34
srTxnData.srIngData.lnECCAmt 1 = 5
2019/06/26 12:34:34
inFileGetSize (C:\ITKiosk\Reader\ECC_API\ICERData\ICERAPI_ICER.adv) FILE_OPEN_FAIL:0(0),2
2019/06/26 12:34:34
RC IN PPR_SignOnQuery:0000058003000028AE
2019/06/26 12:34:34
RC OUT PPR_SignOnQuery(9000):00002AE09304400D03000000000000BC08B80BE803F40101A086010966135DDC802A000000A086010000009000CC
2019/06/26 12:34:34
RC IN PPR_TxnReqOffline:000046803201004001003030303030303030303130313230313930363236313233343334313735343538303030315A66135D05000000FFFFFFFFFFFF010000000000000000000000FA38
2019/06/26 12:34:37
RC OUT PPR_TxnReqOffline(9000):0000FC0019F4010000000000000000000000000000000000000000F0EEED5F3100005B000008008014ED5F011E521EE8000000040500000128070305D039AED5DC0009100D802A00DC802A00000000000000023200000054303839323733320000000000000000000000000000000000000000000000313735343538002A0000C611B75C40F401004D0200DC00000000AED5DC00000000000000000000000000000000000000000000000000000100000000000000000000000000000000000000000000000000000000000000000000000000000000000000000000000000000000000000000000000000320000000000000000000000000000000000900083
2019/06/26 12:34:37
RC IN PPR_AuthTxnOffline:00001C80320200160000000000000000000000000000000000000000000040FA
2019/06/26 12:34:37
RC OUT PPR_AuthTxnOffline(9000):0000425C00002C000090000000000000000000000000000000000000000000000000000001DA4A39D5457DE15900000000000000005A66135D000000000000000000009000BD
2019/06/26 12:34:37
inFileGetSize (C:\ITKiosk\Reader\ECC_API\ICERData\ICERAPI_CMAS.adv) FILE_OPEN_FAIL:0(0),2
2019/06/26 12:34:37
ICER SEND CMAS ADVICE:(SSL)1225B<?xml version="1.0" encoding="UTF-8" standalone="yes"?><TransXML><TRANS><T0100>0220</T0100><T0300>811599</T0300><T0400>5</T0400><T1100>175462</T1100><T1101>175458</T1101><T1200>123434</T1200><T1300>20190626</T1300><T5501>19062601</T5501><T0200>3894301214</T0200><T0212>01</T0212><T0213>08</T0213><T0214>00</T0214><T0410>49</T0410><T1201>123434</T1201><T1301>20190626</T1301><T1402>20201231</T1402><T3700>19062617546291</T3700><T4100>09100D802A00</T4100><T4101>AED5DC00</T4101><T4102>192.168.56.1</T4102><T4104>457DE159</T4104><T4107>0</T4107><T4200>00010880</T4200><T4210>0</T4210><T4800>00</T4800><T4801>002A0000C611B75C40F401004D0200DC00000000AED5DC00000000000000000000000000000000000000000000</T4801><T4802>02</T4802><T4803>32</T4803><T4804>01</T4804><T4805>0000</T4805><T4806>8014ED5F</T4806><T4808>92</T4808><T4811>91</T4811><T4813>0</T4813><T4826>04</T4826><T5301>00</T5301><T5361>5430383932373332</T5361><T5362>00000000</T5362><T5363>0000000000000000</T5363><T5371>0000000000000000</T5371><T5503>0000000001</T5503><T5504>01</T5504><T5510>0001</T5510><T6000>28070305D039</T6000><T6004>03332</T6004><T6400>0000000000000000</T6400><T0408>44</T0408><T6402>0000000000000000</T6402><T6403>DA4A39D5</T6403></TRANS></TransXML>
2019/06/26 12:34:38
ICER RECV CMAS ADVICE:(SSL)1326B<?xml version="1.0" encoding="UTF-8" standalone="no"?><TransXML><Trans><T0100>0230</T0100><T0200>3894301214</T0200><T0212>01</T0212><T0213>08</T0213><T0214>00</T0214><T0300>811599</T0300><T0400>5</T0400><T0408>44</T0408><T0410>49</T0410><T1100>175462</T1100><T1101>175458</T1101><T1200>123432</T1200><T1201>123434</T1201><T1300>20190626</T1300><T1301>20190626</T1301><T1402>20201231</T1402><T3700>19062617546291</T3700><T3800>1tnGVW</T3800><T3900>00</T3900><T4100>09100D802A00</T4100><T4101>AED5DC00</T4101><T4102>192.168.56.1</T4102><T4104>457DE159</T4104><T4107>0</T4107><T4200>00010880</T4200><T4210>0</T4210><T4800>00</T4800><T4801>002A0000C611B75C40F401004D0200DC00000000AED5DC00000000000000000000000000000000000000000000</T4801><T4802>02</T4802><T4803>32</T4803><T4804>01</T4804><T4805>0000</T4805><T4806>8014ED5F</T4806><T4808>92</T4808><T4811>91</T4811><T4813>0</T4813><T4823>11</T4823><T4824>00</T4824><T4826>04</T4826><T5301>00</T5301><T5361>5430383932373332</T5361><T5362>00000000</T5362><T5363>0000000000000000</T5363><T5369>11</T5369><T5371>0000000000000000</T5371><T5501>19062601</T5501><T5503>0000000001</T5503><T5504>01</T5504><T5510>0001</T5510><T5591>0</T5591><T6000>28070305D039</T6000><T6004>03332</T6004><T6400>0000000000000000</T6400><T6402>0000000000000000</T6402><T6403>DA4A39D5</T6403></Trans></TransXML>
2019/06/26 12:34:38
inFileGetSize (C:\ITKiosk\Reader\ECC_API\ICERData\ICERAPI_CMAS.rev.bak) FILE_OPEN_FAIL:0(0),2
2019/06/26 12:34:38
gCurrentFolder RES:C:\ITKiosk\Reader\ECC_API\ICERData
2019/06/26 12:34:38
TM RES :<?xml version="1.0" encoding="UTF-8" standalone="yes"?><TransXML><TRANS><T3901>0</T3901><T0100>0220</T0100><T0300>811599</T0300><T0400>500</T0400><T1100>175458</T1100><T1101>175463</T1101><T1200>123434</T1200><T1300>20190626</T1300><T4830>0</T4830><T5501>19062601</T5501><T0200>3894301214</T0200><T0212>01</T0212><T0213>08</T0213><T0214>00</T0214><T0415>4900</T0415><T1201>123434</T1201><T1301>20190626</T1301><T1402>20201231</T1402><T3700>19062617546291</T3700><T4100>09100D802A00</T4100><T4101>AED5DC00</T4101><T4102>192.168.56.1</T4102><T4104>457DE159</T4104><T4107>0</T4107><T4200>00010880</T4200><T4210>0</T4210><T4800>00</T4800><T4801>002A0000C611B75C40F401004D0200DC00000000AED5DC00000000000000000000000000000000000000000000</T4801><T4802>02</T4802><T4803>32</T4803><T4804>01</T4804><T4805>0000</T4805><T4806>8014ED5F</T4806><T4808>92</T4808><T4811>91</T4811><T4813>0</T4813><T4826>04</T4826><T5301>00</T5301><T5361>5430383932373332</T5361><T5362>00000000</T5362><T5363>0000000000000000</T5363><T5371>0000000000000000</T5371><T5503>0000000001</T5503><T5504>01</T5504><T5510>0001</T5510><T6000>28070305D039</T6000><T6004>03332</T6004><T6400>0000000000000000</T6400><T0410>4400</T0410><T4109>0220131454</T4109><T4110>0001088001304105</T4110><T6402>0000000000000000</T6402><T6403>DA4A39D5</T6403><T0215>3894301214</T0215><T4213>00010880-00000-0000000001</T4213></TRANS></TransXML>
2019/06/26 12:34:38
inFileWrite (C:\ITKiosk\Reader\ECC_API\ICERData\ICERAPI.RES.OK) FILE_WRITE_FAIL:0
2019/06/26 17:46:24
inCheckProcess = 96,96
2019/06/26 17:46:24
inInitialTxn = 0
2019/06/26 17:46:24
TM REQ :<?xml version="1.0" encoding="UTF-8" standalone="yes"?><TransXML><TRANS><T0100>0800</T0100><T0300>881999</T0300><T1100>175464</T1100><T1101>175464</T1101><T1200>174623</T1200><T1300>20190626</T1300><T4200>34800000</T4200></TRANS></TransXML>
2019/06/26 17:46:24
srTxnData.srIngData.lnECCAmt 1 = 0
2019/06/26 17:46:24
inFileGetSize (C:\ITKiosk\Reader\ECC_API\ICERData\ICERAPI_ICER.adv) FILE_OPEN_FAIL:0(0),2
2019/06/26 17:46:24
RC IN PPR_Reset:00004680010000403030303030303030303130313230313930363236313734363233313735343634303030316FAF135D000000000000000000000000110000000000000000000000FAEB
2019/06/26 17:46:24
RC OUT PPR_Reset(9000):0000FC01457DE15928070305D039543038393237333200000260095C35C14D7AE3BAAED5DC0001EBA273F51A76CA100150393030353936300DD9822020E09304102700400D0300000000000009100D802A00DF01DF03DF0ADF0E00000000000000000000000000000000000000000000000000000000000000000000000000000000000000000000000000000000000000000000000000000000000001602814E497B97430C5FB56A1C2B8B5857EDBB3DC2604DD0C1822B546F0FA5B8FBCBC08B80BE803F40101A08601A0860100000000000000000000000966135D09100D802A000000015F0966135D00900000000000000000000000000000000000900016
2019/06/26 17:46:24
inFileGetSize (C:\ITKiosk\Reader\ECC_API\ICERData\ICERAPI_CMAS.rev) FILE_OPEN_FAIL:0(0),2
2019/06/26 17:46:24
ICER SEND CMAS NORMAL:(SSL)1537B<?xml version="1.0" encoding="UTF-8" standalone="yes"?><TransXML><TRANS><T0100>0800</T0100><T0300>881999</T0300><T1100>175464</T1100><T1101>175464</T1101><T1200>174623</T1200><T1300>20190626</T1300><T4200>00010880</T4200><T3700>19062617546400</T3700><T4100>09100D802A00</T4100><T4101>AED5DC00</T4101><T4102>192.168.56.1</T4102><T4104>457DE159</T4104><T4107>0</T4107><T4210>0</T4210><T4820>01</T4820><T4823>11</T4823><T4824>00</T4824><T5301>01</T5301><T5307>2814E497B97430C5</T5307><T5308>FB56A1C2B8B5857E</T5308><T5361>5430383932373332</T5361><T5362>00000260</T5362><T5363>095C35C14D7AE3BA</T5363><T5364>010DD9822020DF01DF03DF0ADF0E00000000000000000000000000000000000000000000000000000000000000000000000000000000000000000000000000000000000000000000000000000000</T5364><T5365>E09304400D03000000000000</T5365><T5366>102700</T5366><T5368>00000160</T5368><T5369>11</T5369><T5370>09100D802A000000015F0966135D00900000000000000000000000000000000000</T5370><T5371>5039303035393630</T5371><T5503>0000000001</T5503><T5504>01</T5504><T5510>0001</T5510><T5588><T558801>02</T558801><T558802>BIG</T558802><T558803>03332</T558803></T5588><T5588><T558801>03</T558801><T558803>V4001E</T558803></T5588><T5588><T558801>05</T558801><T558803>28070305D039</T558803></T5588><T6000>28070305D039</T6000><T6002>00B80B00E8030001A0860101F40101010000000000000000</T6002><T6003>A086010000000000000000000000000000000000000000000000000000000000</T6003><T6004>03332</T6004><T6400>EBA273F51A76CA10</T6400><T6408>DBB3DC2604DD0C1822B546F0FA5B8FBC</T6408></TRANS></TransXML>
2019/06/26 17:46:25
ICER RECV CMAS NORMAL:(SSL)3678B<?xml version="1.0" encoding="UTF-8" standalone="no"?><TransXML><Trans><T0100>0810</T0100><T0300>881999</T0300><T1100>175465</T1100><T1101>175464</T1101><T1200>174622</T1200><T1300>20190626</T1300><T3700>19062617546400</T3700><T3800>6h4ngc</T3800><T3900>00</T3900><T4100>09100D802A00</T4100><T4101>AED5DC00</T4101><T4102>192.168.56.1</T4102><T4104>457DE159</T4104><T4107>0</T4107><T4200>00010880</T4200><T4210>0</T4210><T4820>01</T4820><T4823>11</T4823><T4824>00</T4824><T5301>01</T5301><T5303>02</T5303><T5306>7C972A</T5306><T5307>2814E497B97430C5</T5307><T5308>FB56A1C2B8B5857E</T5308><T5361>5430383932373332</T5361><T5362>00000260</T5362><T5363>095C35C14D7AE3BA</T5363><T5364>010DD9822020DF01DF03DF0ADF0E00000000000000000000000000000000000000000000000000000000000000000000000000000000000000000000000000000000000000000000000000000000</T5364><T5365>E09304400D03000000000000</T5365><T5366>102700</T5366><T5367>000000000000000000000000000000000000000000000000000000000000000000000000000000000000000000000000000000000000000000</T5367><T5368>00000160</T5368><T5369>11</T5369><T5370>09100D802A000000015F0966135D00900000000000000000000000000000000000</T5370><T5371>5039303035393630</T5371><T5503>0000000001</T5503><T5504>01</T5504><T5510>0001</T5510><T5588><T558801>01</T558801><T558803>000001</T558803></T5588><T5588><T558801>02</T558801><T558802>BIG</T558802><T558803>11659</T558803></T5588><T5588><T558801>03</T558801><T558802>VEGA5000S-APPV18</T558802><T558803>000018</T558803></T5588><T5591>0</T5591><T5595><T559502>TM01</T559502><T559503>5909</T559503><T559504>20180820</T559504><T559505>20991231</T559505></T5595><T5595><T559502>TM02</T559502><T559503>00010880</T559503><T559504>20180820</T559504><T559505>20991231</T559505></T5595><T5595><T559502>TM03</T559502><T559503>00000</T559503><T559504>20180820</T559504><T559505>20991231</T559505></T5595><T5595><T559502>TM04</T559502><T559503>0000000001</T559503><T559504>20180820</T559504><T559505>20991231</T559505></T5595><T5595><T559502>TM17</T559502><T559503>業務三科 測試機01</T559503><T559504>20180820</T559504><T559505>20991231</T559505></T5595><T5595><T559502>TM18</T559502><T559503>嗶悠遊卡 最悠遊</T559503><T559504>20180820</T559504><T559505>20991231</T559505></T5595><T5595><T559502>TM30</T559502><T559503>1111111110</T559503><T559504>20180820</T559504><T559505>20991231</T559505></T5595><T5595><T559502>TM80</T559502><T559503>0</T559503><T559504>20180820</T559504><T559505>20991231</T559505></T5595><T5595><T559502>TM81</T559502><T559503>0</T559503><T559504>20180820</T559504><T559505>20991231</T559505></T5595><T5595><T559501>000001</T559501><T559502>TM09</T559502><T559503>123456</T559503><T559504>20130101</T559504><T559505>20990101</T559505></T5595><T5595><T559501>000001</T559501><T559502>TM10</T559502><T559503>/OUT/ssl/ck1.cer</T559503><T559504>20130101</T559504><T559505>20990101</T559505></T5595><T5595><T559501>11659</T559501><T559502>TM11</T559502><T559503>/out/blc/BLC11659A_190625.BIG</T559503><T559504>19700101</T559504><T559505>99991231</T559505></T5595><T5595><T559501>000018</T559501><T559502>TM12</T559502><T559503>/OUT/exe/ECCAPP/ECCAPP0018.CAP</T559503><T559504>19700101</T559504><T559505>99991231</T559505></T5595><T5596><T559601>0</T559601><T559602>00000001</T559602><T559603>0</T559603><T559604>00000001</T559604></T5596><T6000>28070305D039</T6000><T6002>00B80B00E8030001A0860101F40101000000000000000000</T6002><T6003>A086010000000000000000000000000000000000000000000000000000000000</T6003><T6004>03332</T6004><T6400>EBA273F51A76CA10</T6400><T6401>C60D80F277ECBB2E</T6401><T6408>DBB3DC2604DD0C1822B546F0FA5B8FBC</T6408><T6409>A9E07C3609F97114CEA4C0CAAC1563C1</T6409></Trans></TransXML>
2019/06/26 17:46:25
inFileGetSize (C:\ITKiosk\Reader\ECC_API\ICERData\ICERAPI_CMAS.rev.bak) FILE_OPEN_FAIL:0(0),2
2019/06/26 17:46:25
RC IN PPR_SignOn:0000868002000080C60D80F277ECBB2EA9E07C3609F97114CEA4C0CAAC1563C1000000000000000000000000000000000000000000000000000000000000000000000000000000000000000000000000000000000000000000BC08B80BE803F40101A0860100000000000000000000000000000000000000000000000000000000000000027C972A1D3F
2019/06/26 17:46:25
RC OUT PPR_SignOn(9000):00001F000000000000000000000000000000000000000000000000000000000090008F
2019/06/26 17:46:25
inFileGetSize (C:\ITKiosk\Reader\ECC_API\ICERData\ICERAPI_CMAS.adv) FILE_OPEN_FAIL:0(0),2
2019/06/26 17:46:25
ICER SEND CMAS ADVICE:(SSL)0384B<TransXML><TRANS><T0100>0820</T0100><T0300>881999</T0300><T1100>175465</T1100><T1200>174623</T1200><T1300>20190626</T1300><T3700>19062617546400</T3700><T4100>09100D802A00</T4100><T4104>457DE159</T4104><T4200>00010880</T4200><T4210>0</T4210><T5503>0000000001</T5503><T5504>01</T5504><T5510>0001</T5510><T4825>00</T4825><T6406>00000000000000000000000000000000</T6406></TRANS></TransXML>
2019/06/26 17:46:25
ICER RECV CMAS ADVICE:(SSL)0540B<?xml version="1.0" encoding="UTF-8" standalone="no"?><TransXML><Trans><T0100>0830</T0100><T0300>881999</T0300><T1100>175465</T1100><T1200>174622</T1200><T1300>20190626</T1300><T3700>19062617546400</T3700><T3800>LPZPgz</T3800><T3900>00</T3900><T4100>09100D802A00</T4100><T4104>457DE159</T4104><T4200>00010880</T4200><T4210>0</T4210><T4823>11</T4823><T4824>00</T4824><T4825>00</T4825><T5369>11</T5369><T5503>0000000001</T5503><T5504>01</T5504><T5510>0001</T5510><T5591>0</T5591><T6406>00000000000000000000000000000000</T6406></Trans></TransXML>
2019/06/26 17:46:25
inFileGetSize (C:\ITKiosk\Reader\ECC_API\ICERData\ICERAPI_CMAS.rev.bak) FILE_OPEN_FAIL:0(0),2
2019/06/26 17:46:25
gCurrentFolder RES:C:\ITKiosk\Reader\ECC_API\ICERData
2019/06/26 17:46:25
TM RES :<?xml version="1.0" encoding="UTF-8" standalone="no"?><TransXML><TRANS><T3901>0</T3901><T0100>0810</T0100><T0300>881999</T0300><T1100>175464</T1100><T1101>175466</T1101><T1200>174622</T1200><T1300>20190626</T1300><T3700>19062617546400</T3700><T3800>6h4ngc</T3800><T3900>00</T3900><T4100>09100D802A00</T4100><T4101>AED5DC00</T4101><T4102>192.168.56.1</T4102><T4104>457DE159</T4104><T4107>0</T4107><T4200>00010880</T4200><T4210>0</T4210><T4820>01</T4820><T4823>11</T4823><T4824>00</T4824><T5301>01</T5301><T5303>02</T5303><T5306>7C972A</T5306><T5307>2814E497B97430C5</T5307><T5308>FB56A1C2B8B5857E</T5308><T5361>5430383932373332</T5361><T5362>00000260</T5362><T5363>095C35C14D7AE3BA</T5363><T5364>010DD9822020DF01DF03DF0ADF0E00000000000000000000000000000000000000000000000000000000000000000000000000000000000000000000000000000000000000000000000000000000</T5364><T5365>E09304400D03000000000000</T5365><T5366>102700</T5366><T5367>000000000000000000000000000000000000000000000000000000000000000000000000000000000000000000000000000000000000000000</T5367><T5368>00000160</T5368><T5369>11</T5369><T5370>09100D802A000000015F0966135D00900000000000000000000000000000000000</T5370><T5371>5039303035393630</T5371><T5503>0000000001</T5503><T5504>01</T5504><T5510>0001</T5510><T5588><T558801>01</T558801><T558803>000001</T558803></T5588><T5588><T558801>02</T558801><T558802>BIG</T558802><T558803>11659</T558803></T5588><T5588><T558801>03</T558801><T558802>VEGA5000S-APPV18</T558802><T558803>000018</T558803></T5588><T5591>0</T5591><T5595><T559502>TM01</T559502><T559503>5909</T559503><T559504>20180820</T559504><T559505>20991231</T559505></T5595><T5595><T559502>TM02</T559502><T559503>00010880</T559503><T559504>20180820</T559504><T559505>20991231</T559505></T5595><T5595><T559502>TM03</T559502><T559503>00000</T559503><T559504>20180820</T559504><T559505>20991231</T559505></T5595><T5595><T559502>TM04</T559502><T559503>0000000001</T559503><T559504>20180820</T559504><T559505>20991231</T559505></T5595><T5595><T559502>TM17</T559502><T559503>業務三科 測試機01</T559503><T559504>20180820</T559504><T559505>20991231</T559505></T5595><T5595><T559502>TM18</T559502><T559503>嗶悠遊卡 最悠遊</T559503><T559504>20180820</T559504><T559505>20991231</T559505></T5595><T5595><T559502>TM30</T559502><T559503>1111111110</T559503><T559504>20180820</T559504><T559505>20991231</T559505></T5595><T5595><T559502>TM80</T559502><T559503>0</T559503><T559504>20180820</T559504><T559505>20991231</T559505></T5595><T5595><T559502>TM81</T559502><T559503>0</T559503><T559504>20180820</T559504><T559505>20991231</T559505></T5595><T5595><T559501>000001</T559501><T559502>TM09</T559502><T559503>123456</T559503><T559504>20130101</T559504><T559505>20990101</T559505></T5595><T5595><T559501>000001</T559501><T559502>TM10</T559502><T559503>/OUT/ssl/ck1.cer</T559503><T559504>20130101</T559504><T559505>20990101</T559505></T5595><T5595><T559501>11659</T559501><T559502>TM11</T559502><T559503>/out/blc/BLC11659A_190625.BIG</T559503><T559504>19700101</T559504><T559505>99991231</T559505></T5595><T5595><T559501>000018</T559501><T559502>TM12</T559502><T559503>/OUT/exe/ECCAPP/ECCAPP0018.CAP</T559503><T559504>19700101</T559504><T559505>99991231</T559505></T5595><T5596><T559601>0</T559601><T559602>00000001</T559602><T559603>0</T559603><T559604>00000001</T559604></T5596><T6000>28070305D039</T6000><T6002>00B80B00E8030001A0860101F40101000000000000000000</T6002><T6003>A086010000000000000000000000000000000000000000000000000000000000</T6003><T6004>03332</T6004><T6400>EBA273F51A76CA10</T6400><T6401>C60D80F277ECBB2E</T6401><T6408>DBB3DC2604DD0C1822B546F0FA5B8FBC</T6408><T6409>A9E07C3609F97114CEA4C0CAAC1563C1</T6409><T4825>00</T4825><T6406>00000000000000000000000000000000</T6406><T5548><T554801>00000000000000000000000000000000000000000000000000000000009000</T554801></T5548><T4213>00010880-00000-0000000001</T4213><T4110>0001088001304105</T4110><T4109>0220131454</T4109></TRANS></TransXML>
2019/06/26 17:46:25
inFileWrite (C:\ITKiosk\Reader\ECC_API\ICERData\ICERAPI.RES.OK) FILE_WRITE_FAIL:0
2019/06/26 18:00:09
inCheckProcess = 96,96
2019/06/26 18:00:09
inInitialTxn = 0
2019/06/26 18:00:09
TM REQ :<?xml version="1.0" encoding="UTF-8" standalone="yes"?><TransXML><TRANS><T0100>0800</T0100><T0300>881999</T0300><T1100>175467</T1100><T1101>175467</T1101><T1200>180009</T1200><T1300>20190626</T1300><T4200>34800000</T4200></TRANS></TransXML>
2019/06/26 18:00:09
srTxnData.srIngData.lnECCAmt 1 = 0
2019/06/26 18:00:09
inFileGetSize (C:\ITKiosk\Reader\ECC_API\ICERData\ICERAPI_ICER.adv) FILE_OPEN_FAIL:0(0),2
2019/06/26 18:00:09
RC IN PPR_Reset:0000468001000040303030303030303030313031323031393036323631383030303931373534363730303031A9B2135D000000000000000000000000110000000000000000000000FA36
2019/06/26 18:00:09
RC OUT PPR_Reset(9000):0000FC01457DE15928070305D039543038393237333200000260F4401ABF4585A337AED5DC000132EBAE30060116270150393030353936300DD9822020E09304102700400D0300000000000009100D802A00DF01DF03DF0ADF0E0000000000000000000000000000000000000000000000000000000000000000000000000000000000000000000000000000000000000000000000000000000000000161D29A8E90DDBB2F9C2CC78E2EF9B879A2B701C07F1A1DA5F68B37C8283B89D246BC08B80BE803F40101A08601A0860100000000000000000000006FAF135D09100D802A00000001606FAF135D0090000000000000000000000000000000000090007C
2019/06/26 18:00:09
inFileGetSize (C:\ITKiosk\Reader\ECC_API\ICERData\ICERAPI_CMAS.rev) FILE_OPEN_FAIL:0(0),2
2019/06/26 18:00:09
ICER SEND CMAS NORMAL:(SSL)1537B<?xml version="1.0" encoding="UTF-8" standalone="yes"?><TransXML><TRANS><T0100>0800</T0100><T0300>881999</T0300><T1100>175467</T1100><T1101>175467</T1101><T1200>180009</T1200><T1300>20190626</T1300><T4200>00010880</T4200><T3700>19062617546700</T3700><T4100>09100D802A00</T4100><T4101>AED5DC00</T4101><T4102>192.168.56.1</T4102><T4104>457DE159</T4104><T4107>0</T4107><T4210>0</T4210><T4820>01</T4820><T4823>11</T4823><T4824>00</T4824><T5301>01</T5301><T5307>D29A8E90DDBB2F9C</T5307><T5308>2CC78E2EF9B879A2</T5308><T5361>5430383932373332</T5361><T5362>00000260</T5362><T5363>F4401ABF4585A337</T5363><T5364>010DD9822020DF01DF03DF0ADF0E00000000000000000000000000000000000000000000000000000000000000000000000000000000000000000000000000000000000000000000000000000000</T5364><T5365>E09304400D03000000000000</T5365><T5366>102700</T5366><T5368>00000161</T5368><T5369>11</T5369><T5370>09100D802A00000001606FAF135D00900000000000000000000000000000000000</T5370><T5371>5039303035393630</T5371><T5503>0000000001</T5503><T5504>01</T5504><T5510>0001</T5510><T5588><T558801>02</T558801><T558802>BIG</T558802><T558803>03332</T558803></T5588><T5588><T558801>03</T558801><T558803>V4001E</T558803></T5588><T5588><T558801>05</T558801><T558803>28070305D039</T558803></T5588><T6000>28070305D039</T6000><T6002>00B80B00E8030001A0860101F40101010000000000000000</T6002><T6003>A086010000000000000000000000000000000000000000000000000000000000</T6003><T6004>03332</T6004><T6400>32EBAE3006011627</T6400><T6408>B701C07F1A1DA5F68B37C8283B89D246</T6408></TRANS></TransXML>
2019/06/26 18:00:10
ICER RECV CMAS NORMAL:(SSL)3678B<?xml version="1.0" encoding="UTF-8" standalone="no"?><TransXML><Trans><T0100>0810</T0100><T0300>881999</T0300><T1100>175468</T1100><T1101>175467</T1101><T1200>180007</T1200><T1300>20190626</T1300><T3700>19062617546700</T3700><T3800>GAhaqV</T3800><T3900>00</T3900><T4100>09100D802A00</T4100><T4101>AED5DC00</T4101><T4102>192.168.56.1</T4102><T4104>457DE159</T4104><T4107>0</T4107><T4200>00010880</T4200><T4210>0</T4210><T4820>01</T4820><T4823>11</T4823><T4824>00</T4824><T5301>01</T5301><T5303>02</T5303><T5306>7C972A</T5306><T5307>D29A8E90DDBB2F9C</T5307><T5308>2CC78E2EF9B879A2</T5308><T5361>5430383932373332</T5361><T5362>00000260</T5362><T5363>F4401ABF4585A337</T5363><T5364>010DD9822020DF01DF03DF0ADF0E00000000000000000000000000000000000000000000000000000000000000000000000000000000000000000000000000000000000000000000000000000000</T5364><T5365>E09304400D03000000000000</T5365><T5366>102700</T5366><T5367>000000000000000000000000000000000000000000000000000000000000000000000000000000000000000000000000000000000000000000</T5367><T5368>00000161</T5368><T5369>11</T5369><T5370>09100D802A00000001606FAF135D00900000000000000000000000000000000000</T5370><T5371>5039303035393630</T5371><T5503>0000000001</T5503><T5504>01</T5504><T5510>0001</T5510><T5588><T558801>01</T558801><T558803>000001</T558803></T5588><T5588><T558801>02</T558801><T558802>BIG</T558802><T558803>11659</T558803></T5588><T5588><T558801>03</T558801><T558802>VEGA5000S-APPV18</T558802><T558803>000018</T558803></T5588><T5591>0</T5591><T5595><T559502>TM01</T559502><T559503>5909</T559503><T559504>20180820</T559504><T559505>20991231</T559505></T5595><T5595><T559502>TM02</T559502><T559503>00010880</T559503><T559504>20180820</T559504><T559505>20991231</T559505></T5595><T5595><T559502>TM03</T559502><T559503>00000</T559503><T559504>20180820</T559504><T559505>20991231</T559505></T5595><T5595><T559502>TM04</T559502><T559503>0000000001</T559503><T559504>20180820</T559504><T559505>20991231</T559505></T5595><T5595><T559502>TM17</T559502><T559503>業務三科 測試機01</T559503><T559504>20180820</T559504><T559505>20991231</T559505></T5595><T5595><T559502>TM18</T559502><T559503>嗶悠遊卡 最悠遊</T559503><T559504>20180820</T559504><T559505>20991231</T559505></T5595><T5595><T559502>TM30</T559502><T559503>1111111110</T559503><T559504>20180820</T559504><T559505>20991231</T559505></T5595><T5595><T559502>TM80</T559502><T559503>0</T559503><T559504>20180820</T559504><T559505>20991231</T559505></T5595><T5595><T559502>TM81</T559502><T559503>0</T559503><T559504>20180820</T559504><T559505>20991231</T559505></T5595><T5595><T559501>000001</T559501><T559502>TM09</T559502><T559503>123456</T559503><T559504>20130101</T559504><T559505>20990101</T559505></T5595><T5595><T559501>000001</T559501><T559502>TM10</T559502><T559503>/OUT/ssl/ck1.cer</T559503><T559504>20130101</T559504><T559505>20990101</T559505></T5595><T5595><T559501>11659</T559501><T559502>TM11</T559502><T559503>/out/blc/BLC11659A_190625.BIG</T559503><T559504>19700101</T559504><T559505>99991231</T559505></T5595><T5595><T559501>000018</T559501><T559502>TM12</T559502><T559503>/OUT/exe/ECCAPP/ECCAPP0018.CAP</T559503><T559504>19700101</T559504><T559505>99991231</T559505></T5595><T5596><T559601>0</T559601><T559602>00000001</T559602><T559603>0</T559603><T559604>00000001</T559604></T5596><T6000>28070305D039</T6000><T6002>00B80B00E8030001A0860101F40101000000000000000000</T6002><T6003>A086010000000000000000000000000000000000000000000000000000000000</T6003><T6004>03332</T6004><T6400>32EBAE3006011627</T6400><T6401>01FED610770FAEF8</T6401><T6408>B701C07F1A1DA5F68B37C8283B89D246</T6408><T6409>69BC48724372893621769C78751D7577</T6409></Trans></TransXML>
2019/06/26 18:00:10
inFileGetSize (C:\ITKiosk\Reader\ECC_API\ICERData\ICERAPI_CMAS.rev.bak) FILE_OPEN_FAIL:0(0),2
2019/06/26 18:00:10
RC IN PPR_SignOn:000086800200008001FED610770FAEF869BC48724372893621769C78751D7577000000000000000000000000000000000000000000000000000000000000000000000000000000000000000000000000000000000000000000BC08B80BE803F40101A0860100000000000000000000000000000000000000000000000000000000000000027C972A1DCA
2019/06/26 18:00:10
RC OUT PPR_SignOn(9000):00001F000000000000000000000000000000000000000000000000000000000090008F
2019/06/26 18:00:10
inFileGetSize (C:\ITKiosk\Reader\ECC_API\ICERData\ICERAPI_CMAS.adv) FILE_OPEN_FAIL:0(0),2
2019/06/26 18:00:10
ICER SEND CMAS ADVICE:(SSL)0384B<TransXML><TRANS><T0100>0820</T0100><T0300>881999</T0300><T1100>175468</T1100><T1200>180009</T1200><T1300>20190626</T1300><T3700>19062617546700</T3700><T4100>09100D802A00</T4100><T4104>457DE159</T4104><T4200>00010880</T4200><T4210>0</T4210><T5503>0000000001</T5503><T5504>01</T5504><T5510>0001</T5510><T4825>00</T4825><T6406>00000000000000000000000000000000</T6406></TRANS></TransXML>
2019/06/26 18:00:11
ICER RECV CMAS ADVICE:(SSL)0540B<?xml version="1.0" encoding="UTF-8" standalone="no"?><TransXML><Trans><T0100>0830</T0100><T0300>881999</T0300><T1100>175468</T1100><T1200>180008</T1200><T1300>20190626</T1300><T3700>19062617546700</T3700><T3800>SWcn3g</T3800><T3900>00</T3900><T4100>09100D802A00</T4100><T4104>457DE159</T4104><T4200>00010880</T4200><T4210>0</T4210><T4823>11</T4823><T4824>00</T4824><T4825>00</T4825><T5369>11</T5369><T5503>0000000001</T5503><T5504>01</T5504><T5510>0001</T5510><T5591>0</T5591><T6406>00000000000000000000000000000000</T6406></Trans></TransXML>
2019/06/26 18:00:11
inFileGetSize (C:\ITKiosk\Reader\ECC_API\ICERData\ICERAPI_CMAS.rev.bak) FILE_OPEN_FAIL:0(0),2
2019/06/26 18:00:11
gCurrentFolder RES:C:\ITKiosk\Reader\ECC_API\ICERData
2019/06/26 18:00:11
TM RES :<?xml version="1.0" encoding="UTF-8" standalone="no"?><TransXML><TRANS><T3901>0</T3901><T0100>0810</T0100><T0300>881999</T0300><T1100>175467</T1100><T1101>175469</T1101><T1200>180007</T1200><T1300>20190626</T1300><T3700>19062617546700</T3700><T3800>GAhaqV</T3800><T3900>00</T3900><T4100>09100D802A00</T4100><T4101>AED5DC00</T4101><T4102>192.168.56.1</T4102><T4104>457DE159</T4104><T4107>0</T4107><T4200>00010880</T4200><T4210>0</T4210><T4820>01</T4820><T4823>11</T4823><T4824>00</T4824><T5301>01</T5301><T5303>02</T5303><T5306>7C972A</T5306><T5307>D29A8E90DDBB2F9C</T5307><T5308>2CC78E2EF9B879A2</T5308><T5361>5430383932373332</T5361><T5362>00000260</T5362><T5363>F4401ABF4585A337</T5363><T5364>010DD9822020DF01DF03DF0ADF0E00000000000000000000000000000000000000000000000000000000000000000000000000000000000000000000000000000000000000000000000000000000</T5364><T5365>E09304400D03000000000000</T5365><T5366>102700</T5366><T5367>000000000000000000000000000000000000000000000000000000000000000000000000000000000000000000000000000000000000000000</T5367><T5368>00000161</T5368><T5369>11</T5369><T5370>09100D802A00000001606FAF135D00900000000000000000000000000000000000</T5370><T5371>5039303035393630</T5371><T5503>0000000001</T5503><T5504>01</T5504><T5510>0001</T5510><T5588><T558801>01</T558801><T558803>000001</T558803></T5588><T5588><T558801>02</T558801><T558802>BIG</T558802><T558803>11659</T558803></T5588><T5588><T558801>03</T558801><T558802>VEGA5000S-APPV18</T558802><T558803>000018</T558803></T5588><T5591>0</T5591><T5595><T559502>TM01</T559502><T559503>5909</T559503><T559504>20180820</T559504><T559505>20991231</T559505></T5595><T5595><T559502>TM02</T559502><T559503>00010880</T559503><T559504>20180820</T559504><T559505>20991231</T559505></T5595><T5595><T559502>TM03</T559502><T559503>00000</T559503><T559504>20180820</T559504><T559505>20991231</T559505></T5595><T5595><T559502>TM04</T559502><T559503>0000000001</T559503><T559504>20180820</T559504><T559505>20991231</T559505></T5595><T5595><T559502>TM17</T559502><T559503>業務三科 測試機01</T559503><T559504>20180820</T559504><T559505>20991231</T559505></T5595><T5595><T559502>TM18</T559502><T559503>嗶悠遊卡 最悠遊</T559503><T559504>20180820</T559504><T559505>20991231</T559505></T5595><T5595><T559502>TM30</T559502><T559503>1111111110</T559503><T559504>20180820</T559504><T559505>20991231</T559505></T5595><T5595><T559502>TM80</T559502><T559503>0</T559503><T559504>20180820</T559504><T559505>20991231</T559505></T5595><T5595><T559502>TM81</T559502><T559503>0</T559503><T559504>20180820</T559504><T559505>20991231</T559505></T5595><T5595><T559501>000001</T559501><T559502>TM09</T559502><T559503>123456</T559503><T559504>20130101</T559504><T559505>20990101</T559505></T5595><T5595><T559501>000001</T559501><T559502>TM10</T559502><T559503>/OUT/ssl/ck1.cer</T559503><T559504>20130101</T559504><T559505>20990101</T559505></T5595><T5595><T559501>11659</T559501><T559502>TM11</T559502><T559503>/out/blc/BLC11659A_190625.BIG</T559503><T559504>19700101</T559504><T559505>99991231</T559505></T5595><T5595><T559501>000018</T559501><T559502>TM12</T559502><T559503>/OUT/exe/ECCAPP/ECCAPP0018.CAP</T559503><T559504>19700101</T559504><T559505>99991231</T559505></T5595><T5596><T559601>0</T559601><T559602>00000001</T559602><T559603>0</T559603><T559604>00000001</T559604></T5596><T6000>28070305D039</T6000><T6002>00B80B00E8030001A0860101F40101000000000000000000</T6002><T6003>A086010000000000000000000000000000000000000000000000000000000000</T6003><T6004>03332</T6004><T6400>32EBAE3006011627</T6400><T6401>01FED610770FAEF8</T6401><T6408>B701C07F1A1DA5F68B37C8283B89D246</T6408><T6409>69BC48724372893621769C78751D7577</T6409><T4825>00</T4825><T6406>00000000000000000000000000000000</T6406><T5548><T554801>00000000000000000000000000000000000000000000000000000000009000</T554801></T5548><T4213>00010880-00000-0000000001</T4213><T4110>0001088001304105</T4110><T4109>0220131454</T4109></TRANS></TransXML>
2019/06/26 18:00:11
inFileWrite (C:\ITKiosk\Reader\ECC_API\ICERData\ICERAPI.RES.OK) FILE_WRITE_FAIL:0
