2019/09/26 11:29:45
inCheckProcess = 96,96
2019/09/26 11:29:45
inInitialTxn = 0
2019/09/26 11:29:45
TM REQ :<?xml version="1.0" encoding="UTF-8" standalone="yes"?><TransXML><TRANS><T0100>0800</T0100><T0300>881999</T0300><T1100>175944</T1100><T1101>175944</T1101><T1200>112945</T1200><T1300>20190926</T1300><T4200>34800000</T4200></TRANS></TransXML>
2019/09/26 11:29:45
srTxnData.srIngData.lnECCAmt 1 = 0
2019/09/26 11:29:45
inFileGetSize (C:\ITKiosk\Reader\ECC_API\ICERData\ICERAPI_ICER.adv) FILE_OPEN_FAIL:0(0),2
2019/09/26 11:29:45
RC IN PPR_Reset:000046800100004030303030303030303031303132303139303932363131323934353137353934343030303129A18C5D000000000000000000000000110000000000000000000000FA33
2019/09/26 11:29:46
RC OUT PPR_Reset(9000):0000FC01457DE15928070305D03954303839323733320000027BC38B026AEF62F367AED5DC00019BC2F52DCBA1F7140150393030353936300DD9822020E09304102700400D0300000000000009100D802A00DF01DF03DF0ADF0E00000000000000000000000000000000000000000000000000000000000000000000000000000000000000000000000000000000000000000000000000000000000001F4E7E82D3920F17EE6DEE5AB3F5028C279421FFE0DA8660F47CB6B9755D33015EABC08B80BE803F40101A08601A0860100000000000000000000004B2A855D09100D802A00000001F34B2A855D00900000000000000000000000000000000000900079
2019/09/26 11:29:46
inFileGetSize (C:\ITKiosk\Reader\ECC_API\ICERData\ICERAPI_CMAS.rev) FILE_OPEN_FAIL:0(0),2
2019/09/26 11:29:46
ICER SEND CMAS NORMAL:(SSL)1540B<?xml version="1.0" encoding="UTF-8" standalone="yes"?><TransXML><TRANS><T0100>0800</T0100><T0300>881999</T0300><T1100>175944</T1100><T1101>175944</T1101><T1200>112945</T1200><T1300>20190926</T1300><T4200>00010880</T4200><T3700>19092617594400</T3700><T4100>09100D802A00</T4100><T4101>AED5DC00</T4101><T4102>192.168.100.107</T4102><T4104>457DE159</T4104><T4107>0</T4107><T4210>0</T4210><T4820>01</T4820><T4823>11</T4823><T4824>00</T4824><T5301>01</T5301><T5307>E7E82D3920F17EE6</T5307><T5308>DEE5AB3F5028C279</T5308><T5361>5430383932373332</T5361><T5362>0000027B</T5362><T5363>C38B026AEF62F367</T5363><T5364>010DD9822020DF01DF03DF0ADF0E00000000000000000000000000000000000000000000000000000000000000000000000000000000000000000000000000000000000000000000000000000000</T5364><T5365>E09304400D03000000000000</T5365><T5366>102700</T5366><T5368>000001F4</T5368><T5369>11</T5369><T5370>09100D802A00000001F34B2A855D00900000000000000000000000000000000000</T5370><T5371>5039303035393630</T5371><T5503>0000000001</T5503><T5504>01</T5504><T5510>0001</T5510><T5588><T558801>02</T558801><T558802>BIG</T558802><T558803>03332</T558803></T5588><T5588><T558801>03</T558801><T558803>V4001E</T558803></T5588><T5588><T558801>05</T558801><T558803>28070305D039</T558803></T5588><T6000>28070305D039</T6000><T6002>00B80B00E8030001A0860101F40101010000000000000000</T6002><T6003>A086010000000000000000000000000000000000000000000000000000000000</T6003><T6004>03332</T6004><T6400>9BC2F52DCBA1F714</T6400><T6408>421FFE0DA8660F47CB6B9755D33015EA</T6408></TRANS></TransXML>
2019/09/26 11:29:47
ICER RECV CMAS NORMAL:(SSL)3681B<?xml version="1.0" encoding="UTF-8" standalone="no"?><TransXML><Trans><T0100>0810</T0100><T0300>881999</T0300><T1100>175945</T1100><T1101>175944</T1101><T1200>112943</T1200><T1300>20190926</T1300><T3700>19092617594400</T3700><T3800>DEiJtX</T3800><T3900>00</T3900><T4100>09100D802A00</T4100><T4101>AED5DC00</T4101><T4102>192.168.100.107</T4102><T4104>457DE159</T4104><T4107>0</T4107><T4200>00010880</T4200><T4210>0</T4210><T4820>01</T4820><T4823>11</T4823><T4824>00</T4824><T5301>01</T5301><T5303>02</T5303><T5306>7C972A</T5306><T5307>E7E82D3920F17EE6</T5307><T5308>DEE5AB3F5028C279</T5308><T5361>5430383932373332</T5361><T5362>0000027B</T5362><T5363>C38B026AEF62F367</T5363><T5364>010DD9822020DF01DF03DF0ADF0E00000000000000000000000000000000000000000000000000000000000000000000000000000000000000000000000000000000000000000000000000000000</T5364><T5365>E09304400D03000000000000</T5365><T5366>102700</T5366><T5367>000000000000000000000000000000000000000000000000000000000000000000000000000000000000000000000000000000000000000000</T5367><T5368>000001F4</T5368><T5369>11</T5369><T5370>09100D802A00000001F34B2A855D00900000000000000000000000000000000000</T5370><T5371>5039303035393630</T5371><T5503>0000000001</T5503><T5504>01</T5504><T5510>0001</T5510><T5588><T558801>01</T558801><T558803>000001</T558803></T5588><T5588><T558801>02</T558801><T558802>BIG</T558802><T558803>11791</T558803></T5588><T5588><T558801>03</T558801><T558802>VEGA5000S-APPV18</T558802><T558803>000018</T558803></T5588><T5591>0</T5591><T5595><T559502>TM01</T559502><T559503>5909</T559503><T559504>20180820</T559504><T559505>20991231</T559505></T5595><T5595><T559502>TM02</T559502><T559503>00010880</T559503><T559504>20180820</T559504><T559505>20991231</T559505></T5595><T5595><T559502>TM03</T559502><T559503>00000</T559503><T559504>20180820</T559504><T559505>20991231</T559505></T5595><T5595><T559502>TM04</T559502><T559503>0000000001</T559503><T559504>20180820</T559504><T559505>20991231</T559505></T5595><T5595><T559502>TM17</T559502><T559503>業務三科 測試機01</T559503><T559504>20180820</T559504><T559505>20991231</T559505></T5595><T5595><T559502>TM18</T559502><T559503>嗶悠遊卡 最悠遊</T559503><T559504>20180820</T559504><T559505>20991231</T559505></T5595><T5595><T559502>TM30</T559502><T559503>1111111110</T559503><T559504>20180820</T559504><T559505>20991231</T559505></T5595><T5595><T559502>TM80</T559502><T559503>0</T559503><T559504>20180820</T559504><T559505>20991231</T559505></T5595><T5595><T559502>TM81</T559502><T559503>0</T559503><T559504>20180820</T559504><T559505>20991231</T559505></T5595><T5595><T559501>000001</T559501><T559502>TM09</T559502><T559503>123456</T559503><T559504>20130101</T559504><T559505>20990101</T559505></T5595><T5595><T559501>000001</T559501><T559502>TM10</T559502><T559503>/OUT/ssl/ck1.cer</T559503><T559504>20130101</T559504><T559505>20990101</T559505></T5595><T5595><T559501>11791</T559501><T559502>TM11</T559502><T559503>/out/blc/BLC11791A_190925.BIG</T559503><T559504>19700101</T559504><T559505>99991231</T559505></T5595><T5595><T559501>000018</T559501><T559502>TM12</T559502><T559503>/OUT/exe/ECCAPP/ECCAPP0018.CAP</T559503><T559504>19700101</T559504><T559505>99991231</T559505></T5595><T5596><T559601>0</T559601><T559602>00000001</T559602><T559603>0</T559603><T559604>00000001</T559604></T5596><T6000>28070305D039</T6000><T6002>00B80B00E8030001A0860101F40101000000000000000000</T6002><T6003>A086010000000000000000000000000000000000000000000000000000000000</T6003><T6004>03332</T6004><T6400>9BC2F52DCBA1F714</T6400><T6401>00E1FC0B54444E83</T6401><T6408>421FFE0DA8660F47CB6B9755D33015EA</T6408><T6409>16B1B50BE1D7E16FB0DF1AF4C2BE8D9A</T6409></Trans></TransXML>
2019/09/26 11:29:47
inFileGetSize (C:\ITKiosk\Reader\ECC_API\ICERData\ICERAPI_CMAS.rev.bak) FILE_OPEN_FAIL:0(0),2
2019/09/26 11:29:47
RC IN PPR_SignOn:000086800200008000E1FC0B54444E8316B1B50BE1D7E16FB0DF1AF4C2BE8D9A000000000000000000000000000000000000000000000000000000000000000000000000000000000000000000000000000000000000000000BC08B80BE803F40101A0860100000000000000000000000000000000000000000000000000000000000000027C972A1DE5
2019/09/26 11:29:47
RC OUT PPR_SignOn(9000):00001F000000000000000000000000000000000000000000000000000000000090008F
2019/09/26 11:29:47
inFileGetSize (C:\ITKiosk\Reader\ECC_API\ICERData\ICERAPI_CMAS.adv) FILE_OPEN_FAIL:0(0),2
2019/09/26 11:29:47
ICER SEND CMAS ADVICE:(SSL)0384B<TransXML><TRANS><T0100>0820</T0100><T0300>881999</T0300><T1100>175945</T1100><T1200>112945</T1200><T1300>20190926</T1300><T3700>19092617594400</T3700><T4100>09100D802A00</T4100><T4104>457DE159</T4104><T4200>00010880</T4200><T4210>0</T4210><T5503>0000000001</T5503><T5504>01</T5504><T5510>0001</T5510><T4825>00</T4825><T6406>00000000000000000000000000000000</T6406></TRANS></TransXML>
2019/09/26 11:29:47
ICER RECV CMAS ADVICE:(SSL)0540B<?xml version="1.0" encoding="UTF-8" standalone="no"?><TransXML><Trans><T0100>0830</T0100><T0300>881999</T0300><T1100>175945</T1100><T1200>112943</T1200><T1300>20190926</T1300><T3700>19092617594400</T3700><T3800>8vdtJy</T3800><T3900>00</T3900><T4100>09100D802A00</T4100><T4104>457DE159</T4104><T4200>00010880</T4200><T4210>0</T4210><T4823>11</T4823><T4824>00</T4824><T4825>00</T4825><T5369>11</T5369><T5503>0000000001</T5503><T5504>01</T5504><T5510>0001</T5510><T5591>0</T5591><T6406>00000000000000000000000000000000</T6406></Trans></TransXML>
2019/09/26 11:29:47
inFileGetSize (C:\ITKiosk\Reader\ECC_API\ICERData\ICERAPI_CMAS.rev.bak) FILE_OPEN_FAIL:0(0),2
2019/09/26 11:29:47
gCurrentFolder RES:C:\ITKiosk\Reader\ECC_API\ICERData
2019/09/26 11:29:47
TM RES :<?xml version="1.0" encoding="UTF-8" standalone="no"?><TransXML><TRANS><T3901>0</T3901><T0100>0810</T0100><T0300>881999</T0300><T1100>175944</T1100><T1101>175946</T1101><T1200>112943</T1200><T1300>20190926</T1300><T3700>19092617594400</T3700><T3800>DEiJtX</T3800><T3900>00</T3900><T4100>09100D802A00</T4100><T4101>AED5DC00</T4101><T4102>192.168.100.107</T4102><T4104>457DE159</T4104><T4107>0</T4107><T4200>00010880</T4200><T4210>0</T4210><T4820>01</T4820><T4823>11</T4823><T4824>00</T4824><T5301>01</T5301><T5303>02</T5303><T5306>7C972A</T5306><T5307>E7E82D3920F17EE6</T5307><T5308>DEE5AB3F5028C279</T5308><T5361>5430383932373332</T5361><T5362>0000027B</T5362><T5363>C38B026AEF62F367</T5363><T5364>010DD9822020DF01DF03DF0ADF0E00000000000000000000000000000000000000000000000000000000000000000000000000000000000000000000000000000000000000000000000000000000</T5364><T5365>E09304400D03000000000000</T5365><T5366>102700</T5366><T5367>000000000000000000000000000000000000000000000000000000000000000000000000000000000000000000000000000000000000000000</T5367><T5368>000001F4</T5368><T5369>11</T5369><T5370>09100D802A00000001F34B2A855D00900000000000000000000000000000000000</T5370><T5371>5039303035393630</T5371><T5503>0000000001</T5503><T5504>01</T5504><T5510>0001</T5510><T5588><T558801>01</T558801><T558803>000001</T558803></T5588><T5588><T558801>02</T558801><T558802>BIG</T558802><T558803>11791</T558803></T5588><T5588><T558801>03</T558801><T558802>VEGA5000S-APPV18</T558802><T558803>000018</T558803></T5588><T5591>0</T5591><T5595><T559502>TM01</T559502><T559503>5909</T559503><T559504>20180820</T559504><T559505>20991231</T559505></T5595><T5595><T559502>TM02</T559502><T559503>00010880</T559503><T559504>20180820</T559504><T559505>20991231</T559505></T5595><T5595><T559502>TM03</T559502><T559503>00000</T559503><T559504>20180820</T559504><T559505>20991231</T559505></T5595><T5595><T559502>TM04</T559502><T559503>0000000001</T559503><T559504>20180820</T559504><T559505>20991231</T559505></T5595><T5595><T559502>TM17</T559502><T559503>業務三科 測試機01</T559503><T559504>20180820</T559504><T559505>20991231</T559505></T5595><T5595><T559502>TM18</T559502><T559503>嗶悠遊卡 最悠遊</T559503><T559504>20180820</T559504><T559505>20991231</T559505></T5595><T5595><T559502>TM30</T559502><T559503>1111111110</T559503><T559504>20180820</T559504><T559505>20991231</T559505></T5595><T5595><T559502>TM80</T559502><T559503>0</T559503><T559504>20180820</T559504><T559505>20991231</T559505></T5595><T5595><T559502>TM81</T559502><T559503>0</T559503><T559504>20180820</T559504><T559505>20991231</T559505></T5595><T5595><T559501>000001</T559501><T559502>TM09</T559502><T559503>123456</T559503><T559504>20130101</T559504><T559505>20990101</T559505></T5595><T5595><T559501>000001</T559501><T559502>TM10</T559502><T559503>/OUT/ssl/ck1.cer</T559503><T559504>20130101</T559504><T559505>20990101</T559505></T5595><T5595><T559501>11791</T559501><T559502>TM11</T559502><T559503>/out/blc/BLC11791A_190925.BIG</T559503><T559504>19700101</T559504><T559505>99991231</T559505></T5595><T5595><T559501>000018</T559501><T559502>TM12</T559502><T559503>/OUT/exe/ECCAPP/ECCAPP0018.CAP</T559503><T559504>19700101</T559504><T559505>99991231</T559505></T5595><T5596><T559601>0</T559601><T559602>00000001</T559602><T559603>0</T559603><T559604>00000001</T559604></T5596><T6000>28070305D039</T6000><T6002>00B80B00E8030001A0860101F40101000000000000000000</T6002><T6003>A086010000000000000000000000000000000000000000000000000000000000</T6003><T6004>03332</T6004><T6400>9BC2F52DCBA1F714</T6400><T6401>00E1FC0B54444E83</T6401><T6408>421FFE0DA8660F47CB6B9755D33015EA</T6408><T6409>16B1B50BE1D7E16FB0DF1AF4C2BE8D9A</T6409><T4825>00</T4825><T6406>00000000000000000000000000000000</T6406><T5548><T554801>00000000000000000000000000000000000000000000000000000000009000</T554801></T5548><T4213>00010880-00000-0000000001</T4213><T4110>0001088001304105</T4110><T4109>0220131454</T4109></TRANS></TransXML>
2019/09/26 11:29:47
inFileWrite (C:\ITKiosk\Reader\ECC_API\ICERData\ICERAPI.RES.OK) FILE_WRITE_FAIL:0
2019/09/26 11:38:01
inCheckProcess = 96,96
2019/09/26 11:38:01
inInitialTxn = 0
2019/09/26 11:38:01
TM REQ :<?xml version="1.0" encoding="UTF-8" standalone="yes"?><TransXML><TRANS><T0100>0800</T0100><T0300>881999</T0300><T1100>175947</T1100><T1101>175947</T1101><T1200>113801</T1200><T1300>20190926</T1300><T4200>34800000</T4200></TRANS></TransXML>
2019/09/26 11:38:01
srTxnData.srIngData.lnECCAmt 1 = 0
2019/09/26 11:38:01
inFileGetSize (C:\ITKiosk\Reader\ECC_API\ICERData\ICERAPI_ICER.adv) FILE_OPEN_FAIL:0(0),2
2019/09/26 11:38:01
RC IN PPR_Reset:000046800100004030303030303030303031303132303139303932363131333830313137353934373030303119A38C5D000000000000000000000000110000000000000000000000FA02
2019/09/26 11:38:02
RC OUT PPR_Reset(9000):0000FC01457DE15928070305D03954303839323733320000027B5AEBBFED4DF2BE24AED5DC000112E8515E5375799C0150393030353936300DD9822020E09304102700400D0300000000000009100D802A00DF01DF03DF0ADF0E00000000000000000000000000000000000000000000000000000000000000000000000000000000000000000000000000000000000000000000000000000000000001F5DD2D077256CD4A28E015CF6C736BF9A098CB8880430617E4412E915FDEBC102DBC08B80BE803F40101A08601A08601000000000000000000000029A18C5D09100D802A00000001F429A18C5D009000000000000000000000000000000000009000AE
2019/09/26 11:38:02
inFileGetSize (C:\ITKiosk\Reader\ECC_API\ICERData\ICERAPI_CMAS.rev) FILE_OPEN_FAIL:0(0),2
2019/09/26 11:38:02
ICER SEND CMAS NORMAL:(SSL)1540B<?xml version="1.0" encoding="UTF-8" standalone="yes"?><TransXML><TRANS><T0100>0800</T0100><T0300>881999</T0300><T1100>175947</T1100><T1101>175947</T1101><T1200>113801</T1200><T1300>20190926</T1300><T4200>00010880</T4200><T3700>19092617594700</T3700><T4100>09100D802A00</T4100><T4101>AED5DC00</T4101><T4102>192.168.100.107</T4102><T4104>457DE159</T4104><T4107>0</T4107><T4210>0</T4210><T4820>01</T4820><T4823>11</T4823><T4824>00</T4824><T5301>01</T5301><T5307>DD2D077256CD4A28</T5307><T5308>E015CF6C736BF9A0</T5308><T5361>5430383932373332</T5361><T5362>0000027B</T5362><T5363>5AEBBFED4DF2BE24</T5363><T5364>010DD9822020DF01DF03DF0ADF0E00000000000000000000000000000000000000000000000000000000000000000000000000000000000000000000000000000000000000000000000000000000</T5364><T5365>E09304400D03000000000000</T5365><T5366>102700</T5366><T5368>000001F5</T5368><T5369>11</T5369><T5370>09100D802A00000001F429A18C5D00900000000000000000000000000000000000</T5370><T5371>5039303035393630</T5371><T5503>0000000001</T5503><T5504>01</T5504><T5510>0001</T5510><T5588><T558801>02</T558801><T558802>BIG</T558802><T558803>03332</T558803></T5588><T5588><T558801>03</T558801><T558803>V4001E</T558803></T5588><T5588><T558801>05</T558801><T558803>28070305D039</T558803></T5588><T6000>28070305D039</T6000><T6002>00B80B00E8030001A0860101F40101010000000000000000</T6002><T6003>A086010000000000000000000000000000000000000000000000000000000000</T6003><T6004>03332</T6004><T6400>12E8515E5375799C</T6400><T6408>98CB8880430617E4412E915FDEBC102D</T6408></TRANS></TransXML>
2019/09/26 11:38:02
ICER RECV CMAS NORMAL:(SSL)3681B<?xml version="1.0" encoding="UTF-8" standalone="no"?><TransXML><Trans><T0100>0810</T0100><T0300>881999</T0300><T1100>175948</T1100><T1101>175947</T1101><T1200>113758</T1200><T1300>20190926</T1300><T3700>19092617594700</T3700><T3800>h0mIZL</T3800><T3900>00</T3900><T4100>09100D802A00</T4100><T4101>AED5DC00</T4101><T4102>192.168.100.107</T4102><T4104>457DE159</T4104><T4107>0</T4107><T4200>00010880</T4200><T4210>0</T4210><T4820>01</T4820><T4823>11</T4823><T4824>00</T4824><T5301>01</T5301><T5303>02</T5303><T5306>7C972A</T5306><T5307>DD2D077256CD4A28</T5307><T5308>E015CF6C736BF9A0</T5308><T5361>5430383932373332</T5361><T5362>0000027B</T5362><T5363>5AEBBFED4DF2BE24</T5363><T5364>010DD9822020DF01DF03DF0ADF0E00000000000000000000000000000000000000000000000000000000000000000000000000000000000000000000000000000000000000000000000000000000</T5364><T5365>E09304400D03000000000000</T5365><T5366>102700</T5366><T5367>000000000000000000000000000000000000000000000000000000000000000000000000000000000000000000000000000000000000000000</T5367><T5368>000001F5</T5368><T5369>11</T5369><T5370>09100D802A00000001F429A18C5D00900000000000000000000000000000000000</T5370><T5371>5039303035393630</T5371><T5503>0000000001</T5503><T5504>01</T5504><T5510>0001</T5510><T5588><T558801>01</T558801><T558803>000001</T558803></T5588><T5588><T558801>02</T558801><T558802>BIG</T558802><T558803>11791</T558803></T5588><T5588><T558801>03</T558801><T558802>VEGA5000S-APPV18</T558802><T558803>000018</T558803></T5588><T5591>0</T5591><T5595><T559502>TM01</T559502><T559503>5909</T559503><T559504>20180820</T559504><T559505>20991231</T559505></T5595><T5595><T559502>TM02</T559502><T559503>00010880</T559503><T559504>20180820</T559504><T559505>20991231</T559505></T5595><T5595><T559502>TM03</T559502><T559503>00000</T559503><T559504>20180820</T559504><T559505>20991231</T559505></T5595><T5595><T559502>TM04</T559502><T559503>0000000001</T559503><T559504>20180820</T559504><T559505>20991231</T559505></T5595><T5595><T559502>TM17</T559502><T559503>業務三科 測試機01</T559503><T559504>20180820</T559504><T559505>20991231</T559505></T5595><T5595><T559502>TM18</T559502><T559503>嗶悠遊卡 最悠遊</T559503><T559504>20180820</T559504><T559505>20991231</T559505></T5595><T5595><T559502>TM30</T559502><T559503>1111111110</T559503><T559504>20180820</T559504><T559505>20991231</T559505></T5595><T5595><T559502>TM80</T559502><T559503>0</T559503><T559504>20180820</T559504><T559505>20991231</T559505></T5595><T5595><T559502>TM81</T559502><T559503>0</T559503><T559504>20180820</T559504><T559505>20991231</T559505></T5595><T5595><T559501>000001</T559501><T559502>TM09</T559502><T559503>123456</T559503><T559504>20130101</T559504><T559505>20990101</T559505></T5595><T5595><T559501>000001</T559501><T559502>TM10</T559502><T559503>/OUT/ssl/ck1.cer</T559503><T559504>20130101</T559504><T559505>20990101</T559505></T5595><T5595><T559501>11791</T559501><T559502>TM11</T559502><T559503>/out/blc/BLC11791A_190925.BIG</T559503><T559504>19700101</T559504><T559505>99991231</T559505></T5595><T5595><T559501>000018</T559501><T559502>TM12</T559502><T559503>/OUT/exe/ECCAPP/ECCAPP0018.CAP</T559503><T559504>19700101</T559504><T559505>99991231</T559505></T5595><T5596><T559601>0</T559601><T559602>00000001</T559602><T559603>0</T559603><T559604>00000001</T559604></T5596><T6000>28070305D039</T6000><T6002>00B80B00E8030001A0860101F40101000000000000000000</T6002><T6003>A086010000000000000000000000000000000000000000000000000000000000</T6003><T6004>03332</T6004><T6400>12E8515E5375799C</T6400><T6401>8232F8F391B4E286</T6401><T6408>98CB8880430617E4412E915FDEBC102D</T6408><T6409>9FCB920B6F348BF09E87BD842383A1EF</T6409></Trans></TransXML>
2019/09/26 11:38:02
inFileGetSize (C:\ITKiosk\Reader\ECC_API\ICERData\ICERAPI_CMAS.rev.bak) FILE_OPEN_FAIL:0(0),2
2019/09/26 11:38:02
RC IN PPR_SignOn:00008680020000808232F8F391B4E2869FCB920B6F348BF09E87BD842383A1EF000000000000000000000000000000000000000000000000000000000000000000000000000000000000000000000000000000000000000000BC08B80BE803F40101A0860100000000000000000000000000000000000000000000000000000000000000027C972A1DBC
2019/09/26 11:38:02
RC OUT PPR_SignOn(9000):00001F000000000000000000000000000000000000000000000000000000000090008F
2019/09/26 11:38:02
inFileGetSize (C:\ITKiosk\Reader\ECC_API\ICERData\ICERAPI_CMAS.adv) FILE_OPEN_FAIL:0(0),2
2019/09/26 11:38:02
ICER SEND CMAS ADVICE:(SSL)0384B<TransXML><TRANS><T0100>0820</T0100><T0300>881999</T0300><T1100>175948</T1100><T1200>113801</T1200><T1300>20190926</T1300><T3700>19092617594700</T3700><T4100>09100D802A00</T4100><T4104>457DE159</T4104><T4200>00010880</T4200><T4210>0</T4210><T5503>0000000001</T5503><T5504>01</T5504><T5510>0001</T5510><T4825>00</T4825><T6406>00000000000000000000000000000000</T6406></TRANS></TransXML>
2019/09/26 11:38:03
ICER RECV CMAS ADVICE:(SSL)0540B<?xml version="1.0" encoding="UTF-8" standalone="no"?><TransXML><Trans><T0100>0830</T0100><T0300>881999</T0300><T1100>175948</T1100><T1200>113759</T1200><T1300>20190926</T1300><T3700>19092617594700</T3700><T3800>saNwle</T3800><T3900>00</T3900><T4100>09100D802A00</T4100><T4104>457DE159</T4104><T4200>00010880</T4200><T4210>0</T4210><T4823>11</T4823><T4824>00</T4824><T4825>00</T4825><T5369>11</T5369><T5503>0000000001</T5503><T5504>01</T5504><T5510>0001</T5510><T5591>0</T5591><T6406>00000000000000000000000000000000</T6406></Trans></TransXML>
2019/09/26 11:38:03
inFileGetSize (C:\ITKiosk\Reader\ECC_API\ICERData\ICERAPI_CMAS.rev.bak) FILE_OPEN_FAIL:0(0),2
2019/09/26 11:38:03
gCurrentFolder RES:C:\ITKiosk\Reader\ECC_API\ICERData
2019/09/26 11:38:03
TM RES :<?xml version="1.0" encoding="UTF-8" standalone="no"?><TransXML><TRANS><T3901>0</T3901><T0100>0810</T0100><T0300>881999</T0300><T1100>175947</T1100><T1101>175949</T1101><T1200>113758</T1200><T1300>20190926</T1300><T3700>19092617594700</T3700><T3800>h0mIZL</T3800><T3900>00</T3900><T4100>09100D802A00</T4100><T4101>AED5DC00</T4101><T4102>192.168.100.107</T4102><T4104>457DE159</T4104><T4107>0</T4107><T4200>00010880</T4200><T4210>0</T4210><T4820>01</T4820><T4823>11</T4823><T4824>00</T4824><T5301>01</T5301><T5303>02</T5303><T5306>7C972A</T5306><T5307>DD2D077256CD4A28</T5307><T5308>E015CF6C736BF9A0</T5308><T5361>5430383932373332</T5361><T5362>0000027B</T5362><T5363>5AEBBFED4DF2BE24</T5363><T5364>010DD9822020DF01DF03DF0ADF0E00000000000000000000000000000000000000000000000000000000000000000000000000000000000000000000000000000000000000000000000000000000</T5364><T5365>E09304400D03000000000000</T5365><T5366>102700</T5366><T5367>000000000000000000000000000000000000000000000000000000000000000000000000000000000000000000000000000000000000000000</T5367><T5368>000001F5</T5368><T5369>11</T5369><T5370>09100D802A00000001F429A18C5D00900000000000000000000000000000000000</T5370><T5371>5039303035393630</T5371><T5503>0000000001</T5503><T5504>01</T5504><T5510>0001</T5510><T5588><T558801>01</T558801><T558803>000001</T558803></T5588><T5588><T558801>02</T558801><T558802>BIG</T558802><T558803>11791</T558803></T5588><T5588><T558801>03</T558801><T558802>VEGA5000S-APPV18</T558802><T558803>000018</T558803></T5588><T5591>0</T5591><T5595><T559502>TM01</T559502><T559503>5909</T559503><T559504>20180820</T559504><T559505>20991231</T559505></T5595><T5595><T559502>TM02</T559502><T559503>00010880</T559503><T559504>20180820</T559504><T559505>20991231</T559505></T5595><T5595><T559502>TM03</T559502><T559503>00000</T559503><T559504>20180820</T559504><T559505>20991231</T559505></T5595><T5595><T559502>TM04</T559502><T559503>0000000001</T559503><T559504>20180820</T559504><T559505>20991231</T559505></T5595><T5595><T559502>TM17</T559502><T559503>業務三科 測試機01</T559503><T559504>20180820</T559504><T559505>20991231</T559505></T5595><T5595><T559502>TM18</T559502><T559503>嗶悠遊卡 最悠遊</T559503><T559504>20180820</T559504><T559505>20991231</T559505></T5595><T5595><T559502>TM30</T559502><T559503>1111111110</T559503><T559504>20180820</T559504><T559505>20991231</T559505></T5595><T5595><T559502>TM80</T559502><T559503>0</T559503><T559504>20180820</T559504><T559505>20991231</T559505></T5595><T5595><T559502>TM81</T559502><T559503>0</T559503><T559504>20180820</T559504><T559505>20991231</T559505></T5595><T5595><T559501>000001</T559501><T559502>TM09</T559502><T559503>123456</T559503><T559504>20130101</T559504><T559505>20990101</T559505></T5595><T5595><T559501>000001</T559501><T559502>TM10</T559502><T559503>/OUT/ssl/ck1.cer</T559503><T559504>20130101</T559504><T559505>20990101</T559505></T5595><T5595><T559501>11791</T559501><T559502>TM11</T559502><T559503>/out/blc/BLC11791A_190925.BIG</T559503><T559504>19700101</T559504><T559505>99991231</T559505></T5595><T5595><T559501>000018</T559501><T559502>TM12</T559502><T559503>/OUT/exe/ECCAPP/ECCAPP0018.CAP</T559503><T559504>19700101</T559504><T559505>99991231</T559505></T5595><T5596><T559601>0</T559601><T559602>00000001</T559602><T559603>0</T559603><T559604>00000001</T559604></T5596><T6000>28070305D039</T6000><T6002>00B80B00E8030001A0860101F40101000000000000000000</T6002><T6003>A086010000000000000000000000000000000000000000000000000000000000</T6003><T6004>03332</T6004><T6400>12E8515E5375799C</T6400><T6401>8232F8F391B4E286</T6401><T6408>98CB8880430617E4412E915FDEBC102D</T6408><T6409>9FCB920B6F348BF09E87BD842383A1EF</T6409><T4825>00</T4825><T6406>00000000000000000000000000000000</T6406><T5548><T554801>00000000000000000000000000000000000000000000000000000000009000</T554801></T5548><T4213>00010880-00000-0000000001</T4213><T4110>0001088001304105</T4110><T4109>0220131454</T4109></TRANS></TransXML>
2019/09/26 11:38:03
inFileWrite (C:\ITKiosk\Reader\ECC_API\ICERData\ICERAPI.RES.OK) FILE_WRITE_FAIL:0
2019/09/26 12:19:41
inCheckProcess = 96,96
2019/09/26 12:19:41
inInitialTxn = 0
2019/09/26 12:19:41
TM REQ :<?xml version="1.0" encoding="UTF-8" standalone="yes"?><TransXML><TRANS><T0100>0800</T0100><T0300>881999</T0300><T1100>175950</T1100><T1101>175950</T1101><T1200>121941</T1200><T1300>20190926</T1300><T4200>34800000</T4200></TRANS></TransXML>
2019/09/26 12:19:41
srTxnData.srIngData.lnECCAmt 1 = 0
2019/09/26 12:19:41
inFileGetSize (C:\ITKiosk\Reader\ECC_API\ICERData\ICERAPI_ICER.adv) FILE_OPEN_FAIL:0(0),2
2019/09/26 12:19:41
RC IN PPR_Reset:0000468001000040303030303030303030313031323031393039323631323139343131373539353030303031DDAC8C5D000000000000000000000000110000000000000000000000FACB
2019/09/26 12:19:42
RC OUT PPR_Reset(9000):0000FC01457DE15928070305D03954303839323733320000027B63FD0EB72F4C0222AED5DC0001EC7D7781807A96B30150393030353936300DD9822020E09304102700400D0300000000000009100D802A00DF01DF03DF0ADF0E00000000000000000000000000000000000000000000000000000000000000000000000000000000000000000000000000000000000000000000000000000000000001F63E72F5DC4DE165A2443E6EB2939FCD17CA50CEE7469B5A9B9FB92B4FA38ED5DCBC08B80BE803F40101A08601A08601000000000000000000000019A38C5D09100D802A00000001F519A38C5D0090000000000000000000000000000000000090004F
2019/09/26 12:19:42
inFileGetSize (C:\ITKiosk\Reader\ECC_API\ICERData\ICERAPI_CMAS.rev) FILE_OPEN_FAIL:0(0),2
2019/09/26 12:19:42
ICER SEND CMAS NORMAL:(SSL)1540B<?xml version="1.0" encoding="UTF-8" standalone="yes"?><TransXML><TRANS><T0100>0800</T0100><T0300>881999</T0300><T1100>175950</T1100><T1101>175950</T1101><T1200>121941</T1200><T1300>20190926</T1300><T4200>00010880</T4200><T3700>19092617595000</T3700><T4100>09100D802A00</T4100><T4101>AED5DC00</T4101><T4102>192.168.100.107</T4102><T4104>457DE159</T4104><T4107>0</T4107><T4210>0</T4210><T4820>01</T4820><T4823>11</T4823><T4824>00</T4824><T5301>01</T5301><T5307>3E72F5DC4DE165A2</T5307><T5308>443E6EB2939FCD17</T5308><T5361>5430383932373332</T5361><T5362>0000027B</T5362><T5363>63FD0EB72F4C0222</T5363><T5364>010DD9822020DF01DF03DF0ADF0E00000000000000000000000000000000000000000000000000000000000000000000000000000000000000000000000000000000000000000000000000000000</T5364><T5365>E09304400D03000000000000</T5365><T5366>102700</T5366><T5368>000001F6</T5368><T5369>11</T5369><T5370>09100D802A00000001F519A38C5D00900000000000000000000000000000000000</T5370><T5371>5039303035393630</T5371><T5503>0000000001</T5503><T5504>01</T5504><T5510>0001</T5510><T5588><T558801>02</T558801><T558802>BIG</T558802><T558803>03332</T558803></T5588><T5588><T558801>03</T558801><T558803>V4001E</T558803></T5588><T5588><T558801>05</T558801><T558803>28070305D039</T558803></T5588><T6000>28070305D039</T6000><T6002>00B80B00E8030001A0860101F40101010000000000000000</T6002><T6003>A086010000000000000000000000000000000000000000000000000000000000</T6003><T6004>03332</T6004><T6400>EC7D7781807A96B3</T6400><T6408>CA50CEE7469B5A9B9FB92B4FA38ED5DC</T6408></TRANS></TransXML>
2019/09/26 12:19:42
ICER RECV CMAS NORMAL:(SSL)3681B<?xml version="1.0" encoding="UTF-8" standalone="no"?><TransXML><Trans><T0100>0810</T0100><T0300>881999</T0300><T1100>175951</T1100><T1101>175950</T1101><T1200>121938</T1200><T1300>20190926</T1300><T3700>19092617595000</T3700><T3800>BTqRKX</T3800><T3900>00</T3900><T4100>09100D802A00</T4100><T4101>AED5DC00</T4101><T4102>192.168.100.107</T4102><T4104>457DE159</T4104><T4107>0</T4107><T4200>00010880</T4200><T4210>0</T4210><T4820>01</T4820><T4823>11</T4823><T4824>00</T4824><T5301>01</T5301><T5303>02</T5303><T5306>7C972A</T5306><T5307>3E72F5DC4DE165A2</T5307><T5308>443E6EB2939FCD17</T5308><T5361>5430383932373332</T5361><T5362>0000027B</T5362><T5363>63FD0EB72F4C0222</T5363><T5364>010DD9822020DF01DF03DF0ADF0E00000000000000000000000000000000000000000000000000000000000000000000000000000000000000000000000000000000000000000000000000000000</T5364><T5365>E09304400D03000000000000</T5365><T5366>102700</T5366><T5367>000000000000000000000000000000000000000000000000000000000000000000000000000000000000000000000000000000000000000000</T5367><T5368>000001F6</T5368><T5369>11</T5369><T5370>09100D802A00000001F519A38C5D00900000000000000000000000000000000000</T5370><T5371>5039303035393630</T5371><T5503>0000000001</T5503><T5504>01</T5504><T5510>0001</T5510><T5588><T558801>01</T558801><T558803>000001</T558803></T5588><T5588><T558801>02</T558801><T558802>BIG</T558802><T558803>11791</T558803></T5588><T5588><T558801>03</T558801><T558802>VEGA5000S-APPV18</T558802><T558803>000018</T558803></T5588><T5591>0</T5591><T5595><T559502>TM01</T559502><T559503>5909</T559503><T559504>20180820</T559504><T559505>20991231</T559505></T5595><T5595><T559502>TM02</T559502><T559503>00010880</T559503><T559504>20180820</T559504><T559505>20991231</T559505></T5595><T5595><T559502>TM03</T559502><T559503>00000</T559503><T559504>20180820</T559504><T559505>20991231</T559505></T5595><T5595><T559502>TM04</T559502><T559503>0000000001</T559503><T559504>20180820</T559504><T559505>20991231</T559505></T5595><T5595><T559502>TM17</T559502><T559503>業務三科 測試機01</T559503><T559504>20180820</T559504><T559505>20991231</T559505></T5595><T5595><T559502>TM18</T559502><T559503>嗶悠遊卡 最悠遊</T559503><T559504>20180820</T559504><T559505>20991231</T559505></T5595><T5595><T559502>TM30</T559502><T559503>1111111110</T559503><T559504>20180820</T559504><T559505>20991231</T559505></T5595><T5595><T559502>TM80</T559502><T559503>0</T559503><T559504>20180820</T559504><T559505>20991231</T559505></T5595><T5595><T559502>TM81</T559502><T559503>0</T559503><T559504>20180820</T559504><T559505>20991231</T559505></T5595><T5595><T559501>000001</T559501><T559502>TM09</T559502><T559503>123456</T559503><T559504>20130101</T559504><T559505>20990101</T559505></T5595><T5595><T559501>000001</T559501><T559502>TM10</T559502><T559503>/OUT/ssl/ck1.cer</T559503><T559504>20130101</T559504><T559505>20990101</T559505></T5595><T5595><T559501>11791</T559501><T559502>TM11</T559502><T559503>/out/blc/BLC11791A_190925.BIG</T559503><T559504>19700101</T559504><T559505>99991231</T559505></T5595><T5595><T559501>000018</T559501><T559502>TM12</T559502><T559503>/OUT/exe/ECCAPP/ECCAPP0018.CAP</T559503><T559504>19700101</T559504><T559505>99991231</T559505></T5595><T5596><T559601>0</T559601><T559602>00000001</T559602><T559603>0</T559603><T559604>00000001</T559604></T5596><T6000>28070305D039</T6000><T6002>00B80B00E8030001A0860101F40101000000000000000000</T6002><T6003>A086010000000000000000000000000000000000000000000000000000000000</T6003><T6004>03332</T6004><T6400>EC7D7781807A96B3</T6400><T6401>C1A250DB4FCA16A1</T6401><T6408>CA50CEE7469B5A9B9FB92B4FA38ED5DC</T6408><T6409>32FCC175608429DE61410302EA14F48F</T6409></Trans></TransXML>
2019/09/26 12:19:42
inFileGetSize (C:\ITKiosk\Reader\ECC_API\ICERData\ICERAPI_CMAS.rev.bak) FILE_OPEN_FAIL:0(0),2
2019/09/26 12:19:42
RC IN PPR_SignOn:0000868002000080C1A250DB4FCA16A132FCC175608429DE61410302EA14F48F000000000000000000000000000000000000000000000000000000000000000000000000000000000000000000000000000000000000000000BC08B80BE803F40101A0860100000000000000000000000000000000000000000000000000000000000000027C972A1D72
2019/09/26 12:19:42
RC OUT PPR_SignOn(9000):00001F000000000000000000000000000000000000000000000000000000000090008F
2019/09/26 12:19:42
inFileGetSize (C:\ITKiosk\Reader\ECC_API\ICERData\ICERAPI_CMAS.adv) FILE_OPEN_FAIL:0(0),2
2019/09/26 12:19:42
ICER SEND CMAS ADVICE:(SSL)0384B<TransXML><TRANS><T0100>0820</T0100><T0300>881999</T0300><T1100>175951</T1100><T1200>121941</T1200><T1300>20190926</T1300><T3700>19092617595000</T3700><T4100>09100D802A00</T4100><T4104>457DE159</T4104><T4200>00010880</T4200><T4210>0</T4210><T5503>0000000001</T5503><T5504>01</T5504><T5510>0001</T5510><T4825>00</T4825><T6406>00000000000000000000000000000000</T6406></TRANS></TransXML>
2019/09/26 12:19:42
ICER RECV CMAS ADVICE:(SSL)0540B<?xml version="1.0" encoding="UTF-8" standalone="no"?><TransXML><Trans><T0100>0830</T0100><T0300>881999</T0300><T1100>175951</T1100><T1200>121938</T1200><T1300>20190926</T1300><T3700>19092617595000</T3700><T3800>d9qDrY</T3800><T3900>00</T3900><T4100>09100D802A00</T4100><T4104>457DE159</T4104><T4200>00010880</T4200><T4210>0</T4210><T4823>11</T4823><T4824>00</T4824><T4825>00</T4825><T5369>11</T5369><T5503>0000000001</T5503><T5504>01</T5504><T5510>0001</T5510><T5591>0</T5591><T6406>00000000000000000000000000000000</T6406></Trans></TransXML>
2019/09/26 12:19:42
inFileGetSize (C:\ITKiosk\Reader\ECC_API\ICERData\ICERAPI_CMAS.rev.bak) FILE_OPEN_FAIL:0(0),2
2019/09/26 12:19:42
gCurrentFolder RES:C:\ITKiosk\Reader\ECC_API\ICERData
2019/09/26 12:19:42
TM RES :<?xml version="1.0" encoding="UTF-8" standalone="no"?><TransXML><TRANS><T3901>0</T3901><T0100>0810</T0100><T0300>881999</T0300><T1100>175950</T1100><T1101>175952</T1101><T1200>121938</T1200><T1300>20190926</T1300><T3700>19092617595000</T3700><T3800>BTqRKX</T3800><T3900>00</T3900><T4100>09100D802A00</T4100><T4101>AED5DC00</T4101><T4102>192.168.100.107</T4102><T4104>457DE159</T4104><T4107>0</T4107><T4200>00010880</T4200><T4210>0</T4210><T4820>01</T4820><T4823>11</T4823><T4824>00</T4824><T5301>01</T5301><T5303>02</T5303><T5306>7C972A</T5306><T5307>3E72F5DC4DE165A2</T5307><T5308>443E6EB2939FCD17</T5308><T5361>5430383932373332</T5361><T5362>0000027B</T5362><T5363>63FD0EB72F4C0222</T5363><T5364>010DD9822020DF01DF03DF0ADF0E00000000000000000000000000000000000000000000000000000000000000000000000000000000000000000000000000000000000000000000000000000000</T5364><T5365>E09304400D03000000000000</T5365><T5366>102700</T5366><T5367>000000000000000000000000000000000000000000000000000000000000000000000000000000000000000000000000000000000000000000</T5367><T5368>000001F6</T5368><T5369>11</T5369><T5370>09100D802A00000001F519A38C5D00900000000000000000000000000000000000</T5370><T5371>5039303035393630</T5371><T5503>0000000001</T5503><T5504>01</T5504><T5510>0001</T5510><T5588><T558801>01</T558801><T558803>000001</T558803></T5588><T5588><T558801>02</T558801><T558802>BIG</T558802><T558803>11791</T558803></T5588><T5588><T558801>03</T558801><T558802>VEGA5000S-APPV18</T558802><T558803>000018</T558803></T5588><T5591>0</T5591><T5595><T559502>TM01</T559502><T559503>5909</T559503><T559504>20180820</T559504><T559505>20991231</T559505></T5595><T5595><T559502>TM02</T559502><T559503>00010880</T559503><T559504>20180820</T559504><T559505>20991231</T559505></T5595><T5595><T559502>TM03</T559502><T559503>00000</T559503><T559504>20180820</T559504><T559505>20991231</T559505></T5595><T5595><T559502>TM04</T559502><T559503>0000000001</T559503><T559504>20180820</T559504><T559505>20991231</T559505></T5595><T5595><T559502>TM17</T559502><T559503>業務三科 測試機01</T559503><T559504>20180820</T559504><T559505>20991231</T559505></T5595><T5595><T559502>TM18</T559502><T559503>嗶悠遊卡 最悠遊</T559503><T559504>20180820</T559504><T559505>20991231</T559505></T5595><T5595><T559502>TM30</T559502><T559503>1111111110</T559503><T559504>20180820</T559504><T559505>20991231</T559505></T5595><T5595><T559502>TM80</T559502><T559503>0</T559503><T559504>20180820</T559504><T559505>20991231</T559505></T5595><T5595><T559502>TM81</T559502><T559503>0</T559503><T559504>20180820</T559504><T559505>20991231</T559505></T5595><T5595><T559501>000001</T559501><T559502>TM09</T559502><T559503>123456</T559503><T559504>20130101</T559504><T559505>20990101</T559505></T5595><T5595><T559501>000001</T559501><T559502>TM10</T559502><T559503>/OUT/ssl/ck1.cer</T559503><T559504>20130101</T559504><T559505>20990101</T559505></T5595><T5595><T559501>11791</T559501><T559502>TM11</T559502><T559503>/out/blc/BLC11791A_190925.BIG</T559503><T559504>19700101</T559504><T559505>99991231</T559505></T5595><T5595><T559501>000018</T559501><T559502>TM12</T559502><T559503>/OUT/exe/ECCAPP/ECCAPP0018.CAP</T559503><T559504>19700101</T559504><T559505>99991231</T559505></T5595><T5596><T559601>0</T559601><T559602>00000001</T559602><T559603>0</T559603><T559604>00000001</T559604></T5596><T6000>28070305D039</T6000><T6002>00B80B00E8030001A0860101F40101000000000000000000</T6002><T6003>A086010000000000000000000000000000000000000000000000000000000000</T6003><T6004>03332</T6004><T6400>EC7D7781807A96B3</T6400><T6401>C1A250DB4FCA16A1</T6401><T6408>CA50CEE7469B5A9B9FB92B4FA38ED5DC</T6408><T6409>32FCC175608429DE61410302EA14F48F</T6409><T4825>00</T4825><T6406>00000000000000000000000000000000</T6406><T5548><T554801>00000000000000000000000000000000000000000000000000000000009000</T554801></T5548><T4213>00010880-00000-0000000001</T4213><T4110>0001088001304105</T4110><T4109>0220131454</T4109></TRANS></TransXML>
2019/09/26 12:19:42
inFileWrite (C:\ITKiosk\Reader\ECC_API\ICERData\ICERAPI.RES.OK) FILE_WRITE_FAIL:0
2019/09/26 14:30:22
inCheckProcess = 96,96
2019/09/26 14:30:22
inInitialTxn = 0
2019/09/26 14:30:22
TM REQ :<?xml version="1.0" encoding="UTF-8" standalone="yes"?><TransXML><TRANS><T0100>0800</T0100><T0300>881999</T0300><T1100>175953</T1100><T1101>175953</T1101><T1200>143022</T1200><T1300>20190926</T1300><T4200>34800000</T4200></TRANS></TransXML>
2019/09/26 14:30:22
srTxnData.srIngData.lnECCAmt 1 = 0
2019/09/26 14:30:22
inFileGetSize (C:\ITKiosk\Reader\ECC_API\ICERData\ICERAPI_ICER.adv) FILE_OPEN_FAIL:0(0),2
2019/09/26 14:30:22
RC IN PPR_Reset:00004680010000403030303030303030303130313230313930393236313433303232313735393533303030317ECB8C5D000000000000000000000000110000000000000000000000FA04
2019/09/26 14:30:22
RC OUT PPR_Reset(9000):0000FC01457DE15928070305D03954303839323733320000027B4AACCBD35DEB0FACAED5DC00013BE1A6782ED8335F0150393030353936300DD9822020E09304102700400D0300000000000009100D802A00DF01DF03DF0ADF0E00000000000000000000000000000000000000000000000000000000000000000000000000000000000000000000000000000000000000000000000000000000000001F78D80A504C189661B3D3ECFB7A66608A0882698B5FD23E6863308DF520D3274E2BC08B80BE803F40101A08601A086010000000000000000000000DDAC8C5D09100D802A00000001F6DDAC8C5D009000000000000000000000000000000000009000FB
2019/09/26 14:30:22
inFileGetSize (C:\ITKiosk\Reader\ECC_API\ICERData\ICERAPI_CMAS.rev) FILE_OPEN_FAIL:0(0),2
2019/09/26 14:30:22
ICER SEND CMAS NORMAL:(SSL)1540B<?xml version="1.0" encoding="UTF-8" standalone="yes"?><TransXML><TRANS><T0100>0800</T0100><T0300>881999</T0300><T1100>175953</T1100><T1101>175953</T1101><T1200>143022</T1200><T1300>20190926</T1300><T4200>00010880</T4200><T3700>19092617595300</T3700><T4100>09100D802A00</T4100><T4101>AED5DC00</T4101><T4102>192.168.100.107</T4102><T4104>457DE159</T4104><T4107>0</T4107><T4210>0</T4210><T4820>01</T4820><T4823>11</T4823><T4824>00</T4824><T5301>01</T5301><T5307>8D80A504C189661B</T5307><T5308>3D3ECFB7A66608A0</T5308><T5361>5430383932373332</T5361><T5362>0000027B</T5362><T5363>4AACCBD35DEB0FAC</T5363><T5364>010DD9822020DF01DF03DF0ADF0E00000000000000000000000000000000000000000000000000000000000000000000000000000000000000000000000000000000000000000000000000000000</T5364><T5365>E09304400D03000000000000</T5365><T5366>102700</T5366><T5368>000001F7</T5368><T5369>11</T5369><T5370>09100D802A00000001F6DDAC8C5D00900000000000000000000000000000000000</T5370><T5371>5039303035393630</T5371><T5503>0000000001</T5503><T5504>01</T5504><T5510>0001</T5510><T5588><T558801>02</T558801><T558802>BIG</T558802><T558803>03332</T558803></T5588><T5588><T558801>03</T558801><T558803>V4001E</T558803></T5588><T5588><T558801>05</T558801><T558803>28070305D039</T558803></T5588><T6000>28070305D039</T6000><T6002>00B80B00E8030001A0860101F40101010000000000000000</T6002><T6003>A086010000000000000000000000000000000000000000000000000000000000</T6003><T6004>03332</T6004><T6400>3BE1A6782ED8335F</T6400><T6408>882698B5FD23E6863308DF520D3274E2</T6408></TRANS></TransXML>
2019/09/26 14:30:23
ICER RECV CMAS NORMAL:(SSL)3681B<?xml version="1.0" encoding="UTF-8" standalone="no"?><TransXML><Trans><T0100>0810</T0100><T0300>881999</T0300><T1100>175954</T1100><T1101>175953</T1101><T1200>143024</T1200><T1300>20190926</T1300><T3700>19092617595300</T3700><T3800>8FTIdo</T3800><T3900>00</T3900><T4100>09100D802A00</T4100><T4101>AED5DC00</T4101><T4102>192.168.100.107</T4102><T4104>457DE159</T4104><T4107>0</T4107><T4200>00010880</T4200><T4210>0</T4210><T4820>01</T4820><T4823>11</T4823><T4824>00</T4824><T5301>01</T5301><T5303>02</T5303><T5306>7C972A</T5306><T5307>8D80A504C189661B</T5307><T5308>3D3ECFB7A66608A0</T5308><T5361>5430383932373332</T5361><T5362>0000027B</T5362><T5363>4AACCBD35DEB0FAC</T5363><T5364>010DD9822020DF01DF03DF0ADF0E00000000000000000000000000000000000000000000000000000000000000000000000000000000000000000000000000000000000000000000000000000000</T5364><T5365>E09304400D03000000000000</T5365><T5366>102700</T5366><T5367>000000000000000000000000000000000000000000000000000000000000000000000000000000000000000000000000000000000000000000</T5367><T5368>000001F7</T5368><T5369>11</T5369><T5370>09100D802A00000001F6DDAC8C5D00900000000000000000000000000000000000</T5370><T5371>5039303035393630</T5371><T5503>0000000001</T5503><T5504>01</T5504><T5510>0001</T5510><T5588><T558801>01</T558801><T558803>000001</T558803></T5588><T5588><T558801>02</T558801><T558802>BIG</T558802><T558803>11791</T558803></T5588><T5588><T558801>03</T558801><T558802>VEGA5000S-APPV18</T558802><T558803>000018</T558803></T5588><T5591>0</T5591><T5595><T559502>TM01</T559502><T559503>5909</T559503><T559504>20180820</T559504><T559505>20991231</T559505></T5595><T5595><T559502>TM02</T559502><T559503>00010880</T559503><T559504>20180820</T559504><T559505>20991231</T559505></T5595><T5595><T559502>TM03</T559502><T559503>00000</T559503><T559504>20180820</T559504><T559505>20991231</T559505></T5595><T5595><T559502>TM04</T559502><T559503>0000000001</T559503><T559504>20180820</T559504><T559505>20991231</T559505></T5595><T5595><T559502>TM17</T559502><T559503>業務三科 測試機01</T559503><T559504>20180820</T559504><T559505>20991231</T559505></T5595><T5595><T559502>TM18</T559502><T559503>嗶悠遊卡 最悠遊</T559503><T559504>20180820</T559504><T559505>20991231</T559505></T5595><T5595><T559502>TM30</T559502><T559503>1111111110</T559503><T559504>20180820</T559504><T559505>20991231</T559505></T5595><T5595><T559502>TM80</T559502><T559503>0</T559503><T559504>20180820</T559504><T559505>20991231</T559505></T5595><T5595><T559502>TM81</T559502><T559503>0</T559503><T559504>20180820</T559504><T559505>20991231</T559505></T5595><T5595><T559501>000001</T559501><T559502>TM09</T559502><T559503>123456</T559503><T559504>20130101</T559504><T559505>20990101</T559505></T5595><T5595><T559501>000001</T559501><T559502>TM10</T559502><T559503>/OUT/ssl/ck1.cer</T559503><T559504>20130101</T559504><T559505>20990101</T559505></T5595><T5595><T559501>11791</T559501><T559502>TM11</T559502><T559503>/out/blc/BLC11791A_190925.BIG</T559503><T559504>19700101</T559504><T559505>99991231</T559505></T5595><T5595><T559501>000018</T559501><T559502>TM12</T559502><T559503>/OUT/exe/ECCAPP/ECCAPP0018.CAP</T559503><T559504>19700101</T559504><T559505>99991231</T559505></T5595><T5596><T559601>0</T559601><T559602>00000001</T559602><T559603>0</T559603><T559604>00000001</T559604></T5596><T6000>28070305D039</T6000><T6002>00B80B00E8030001A0860101F40101000000000000000000</T6002><T6003>A086010000000000000000000000000000000000000000000000000000000000</T6003><T6004>03332</T6004><T6400>3BE1A6782ED8335F</T6400><T6401>2F96373B40B85D3D</T6401><T6408>882698B5FD23E6863308DF520D3274E2</T6408><T6409>42FF64E45EB81F80273C61103421A7DE</T6409></Trans></TransXML>
2019/09/26 14:30:23
inFileGetSize (C:\ITKiosk\Reader\ECC_API\ICERData\ICERAPI_CMAS.rev.bak) FILE_OPEN_FAIL:0(0),2
2019/09/26 14:30:23
RC IN PPR_SignOn:00008680020000802F96373B40B85D3D42FF64E45EB81F80273C61103421A7DE000000000000000000000000000000000000000000000000000000000000000000000000000000000000000000000000000000000000000000BC08B80BE803F40101A0860100000000000000000000000000000000000000000000000000000000000000027C972A1D0A
2019/09/26 14:30:23
RC OUT PPR_SignOn(9000):00001F000000000000000000000000000000000000000000000000000000000090008F
2019/09/26 14:30:23
inFileGetSize (C:\ITKiosk\Reader\ECC_API\ICERData\ICERAPI_CMAS.adv) FILE_OPEN_FAIL:0(0),2
2019/09/26 14:30:23
ICER SEND CMAS ADVICE:(SSL)0384B<TransXML><TRANS><T0100>0820</T0100><T0300>881999</T0300><T1100>175954</T1100><T1200>143022</T1200><T1300>20190926</T1300><T3700>19092617595300</T3700><T4100>09100D802A00</T4100><T4104>457DE159</T4104><T4200>00010880</T4200><T4210>0</T4210><T5503>0000000001</T5503><T5504>01</T5504><T5510>0001</T5510><T4825>00</T4825><T6406>00000000000000000000000000000000</T6406></TRANS></TransXML>
2019/09/26 14:30:23
ICER RECV CMAS ADVICE:(SSL)0540B<?xml version="1.0" encoding="UTF-8" standalone="no"?><TransXML><Trans><T0100>0830</T0100><T0300>881999</T0300><T1100>175954</T1100><T1200>143024</T1200><T1300>20190926</T1300><T3700>19092617595300</T3700><T3800>uDKpuB</T3800><T3900>00</T3900><T4100>09100D802A00</T4100><T4104>457DE159</T4104><T4200>00010880</T4200><T4210>0</T4210><T4823>11</T4823><T4824>00</T4824><T4825>00</T4825><T5369>11</T5369><T5503>0000000001</T5503><T5504>01</T5504><T5510>0001</T5510><T5591>0</T5591><T6406>00000000000000000000000000000000</T6406></Trans></TransXML>
2019/09/26 14:30:23
inFileGetSize (C:\ITKiosk\Reader\ECC_API\ICERData\ICERAPI_CMAS.rev.bak) FILE_OPEN_FAIL:0(0),2
2019/09/26 14:30:23
gCurrentFolder RES:C:\ITKiosk\Reader\ECC_API\ICERData
2019/09/26 14:30:23
TM RES :<?xml version="1.0" encoding="UTF-8" standalone="no"?><TransXML><TRANS><T3901>0</T3901><T0100>0810</T0100><T0300>881999</T0300><T1100>175953</T1100><T1101>175955</T1101><T1200>143024</T1200><T1300>20190926</T1300><T3700>19092617595300</T3700><T3800>8FTIdo</T3800><T3900>00</T3900><T4100>09100D802A00</T4100><T4101>AED5DC00</T4101><T4102>192.168.100.107</T4102><T4104>457DE159</T4104><T4107>0</T4107><T4200>00010880</T4200><T4210>0</T4210><T4820>01</T4820><T4823>11</T4823><T4824>00</T4824><T5301>01</T5301><T5303>02</T5303><T5306>7C972A</T5306><T5307>8D80A504C189661B</T5307><T5308>3D3ECFB7A66608A0</T5308><T5361>5430383932373332</T5361><T5362>0000027B</T5362><T5363>4AACCBD35DEB0FAC</T5363><T5364>010DD9822020DF01DF03DF0ADF0E00000000000000000000000000000000000000000000000000000000000000000000000000000000000000000000000000000000000000000000000000000000</T5364><T5365>E09304400D03000000000000</T5365><T5366>102700</T5366><T5367>000000000000000000000000000000000000000000000000000000000000000000000000000000000000000000000000000000000000000000</T5367><T5368>000001F7</T5368><T5369>11</T5369><T5370>09100D802A00000001F6DDAC8C5D00900000000000000000000000000000000000</T5370><T5371>5039303035393630</T5371><T5503>0000000001</T5503><T5504>01</T5504><T5510>0001</T5510><T5588><T558801>01</T558801><T558803>000001</T558803></T5588><T5588><T558801>02</T558801><T558802>BIG</T558802><T558803>11791</T558803></T5588><T5588><T558801>03</T558801><T558802>VEGA5000S-APPV18</T558802><T558803>000018</T558803></T5588><T5591>0</T5591><T5595><T559502>TM01</T559502><T559503>5909</T559503><T559504>20180820</T559504><T559505>20991231</T559505></T5595><T5595><T559502>TM02</T559502><T559503>00010880</T559503><T559504>20180820</T559504><T559505>20991231</T559505></T5595><T5595><T559502>TM03</T559502><T559503>00000</T559503><T559504>20180820</T559504><T559505>20991231</T559505></T5595><T5595><T559502>TM04</T559502><T559503>0000000001</T559503><T559504>20180820</T559504><T559505>20991231</T559505></T5595><T5595><T559502>TM17</T559502><T559503>業務三科 測試機01</T559503><T559504>20180820</T559504><T559505>20991231</T559505></T5595><T5595><T559502>TM18</T559502><T559503>嗶悠遊卡 最悠遊</T559503><T559504>20180820</T559504><T559505>20991231</T559505></T5595><T5595><T559502>TM30</T559502><T559503>1111111110</T559503><T559504>20180820</T559504><T559505>20991231</T559505></T5595><T5595><T559502>TM80</T559502><T559503>0</T559503><T559504>20180820</T559504><T559505>20991231</T559505></T5595><T5595><T559502>TM81</T559502><T559503>0</T559503><T559504>20180820</T559504><T559505>20991231</T559505></T5595><T5595><T559501>000001</T559501><T559502>TM09</T559502><T559503>123456</T559503><T559504>20130101</T559504><T559505>20990101</T559505></T5595><T5595><T559501>000001</T559501><T559502>TM10</T559502><T559503>/OUT/ssl/ck1.cer</T559503><T559504>20130101</T559504><T559505>20990101</T559505></T5595><T5595><T559501>11791</T559501><T559502>TM11</T559502><T559503>/out/blc/BLC11791A_190925.BIG</T559503><T559504>19700101</T559504><T559505>99991231</T559505></T5595><T5595><T559501>000018</T559501><T559502>TM12</T559502><T559503>/OUT/exe/ECCAPP/ECCAPP0018.CAP</T559503><T559504>19700101</T559504><T559505>99991231</T559505></T5595><T5596><T559601>0</T559601><T559602>00000001</T559602><T559603>0</T559603><T559604>00000001</T559604></T5596><T6000>28070305D039</T6000><T6002>00B80B00E8030001A0860101F40101000000000000000000</T6002><T6003>A086010000000000000000000000000000000000000000000000000000000000</T6003><T6004>03332</T6004><T6400>3BE1A6782ED8335F</T6400><T6401>2F96373B40B85D3D</T6401><T6408>882698B5FD23E6863308DF520D3274E2</T6408><T6409>42FF64E45EB81F80273C61103421A7DE</T6409><T4825>00</T4825><T6406>00000000000000000000000000000000</T6406><T5548><T554801>00000000000000000000000000000000000000000000000000000000009000</T554801></T5548><T4213>00010880-00000-0000000001</T4213><T4110>0001088001304105</T4110><T4109>0220131454</T4109></TRANS></TransXML>
2019/09/26 14:30:23
inFileWrite (C:\ITKiosk\Reader\ECC_API\ICERData\ICERAPI.RES.OK) FILE_WRITE_FAIL:0
2019/09/26 14:44:04
inCheckProcess = 96,96
2019/09/26 14:44:04
inInitialTxn = 0
2019/09/26 14:44:04
TM REQ :<?xml version="1.0" encoding="UTF-8" standalone="yes"?><TransXML><TRANS><T0100>0800</T0100><T0300>881999</T0300><T1100>175956</T1100><T1101>175956</T1101><T1200>144404</T1200><T1300>20190926</T1300><T4200>34800000</T4200></TRANS></TransXML>
2019/09/26 14:44:04
srTxnData.srIngData.lnECCAmt 1 = 0
2019/09/26 14:44:04
inFileGetSize (C:\ITKiosk\Reader\ECC_API\ICERData\ICERAPI_ICER.adv) FILE_OPEN_FAIL:0(0),2
2019/09/26 14:44:04
RC IN PPR_Reset:0000468001000040303030303030303030313031323031393039323631343434303431373539353630303031B4CE8C5D000000000000000000000000110000000000000000000000FAC9
2019/09/26 14:44:04
RC OUT PPR_Reset(9000):0000FC01457DE15928070305D03954303839323733320000027B4650B4C3E783F73FAED5DC00016A97167E3D4902520150393030353936300DD9822020E09304102700400D0300000000000009100D802A00DF01DF03DF0ADF0E00000000000000000000000000000000000000000000000000000000000000000000000000000000000000000000000000000000000000000000000000000000000001F88D9335DC4B47584348EE0BF879FFAE7A746ECF8EE3B9788775AB8C3D0E5B93DCBC08B80BE803F40101A08601A0860100000000000000000000007ECB8C5D09100D802A00000001F77ECB8C5D00900000000000000000000000000000000000900038
2019/09/26 14:44:04
inFileGetSize (C:\ITKiosk\Reader\ECC_API\ICERData\ICERAPI_CMAS.rev) FILE_OPEN_FAIL:0(0),2
2019/09/26 14:44:04
ICER SEND CMAS NORMAL:(SSL)1540B<?xml version="1.0" encoding="UTF-8" standalone="yes"?><TransXML><TRANS><T0100>0800</T0100><T0300>881999</T0300><T1100>175956</T1100><T1101>175956</T1101><T1200>144404</T1200><T1300>20190926</T1300><T4200>00010880</T4200><T3700>19092617595600</T3700><T4100>09100D802A00</T4100><T4101>AED5DC00</T4101><T4102>192.168.100.107</T4102><T4104>457DE159</T4104><T4107>0</T4107><T4210>0</T4210><T4820>01</T4820><T4823>11</T4823><T4824>00</T4824><T5301>01</T5301><T5307>8D9335DC4B475843</T5307><T5308>48EE0BF879FFAE7A</T5308><T5361>5430383932373332</T5361><T5362>0000027B</T5362><T5363>4650B4C3E783F73F</T5363><T5364>010DD9822020DF01DF03DF0ADF0E00000000000000000000000000000000000000000000000000000000000000000000000000000000000000000000000000000000000000000000000000000000</T5364><T5365>E09304400D03000000000000</T5365><T5366>102700</T5366><T5368>000001F8</T5368><T5369>11</T5369><T5370>09100D802A00000001F77ECB8C5D00900000000000000000000000000000000000</T5370><T5371>5039303035393630</T5371><T5503>0000000001</T5503><T5504>01</T5504><T5510>0001</T5510><T5588><T558801>02</T558801><T558802>BIG</T558802><T558803>03332</T558803></T5588><T5588><T558801>03</T558801><T558803>V4001E</T558803></T5588><T5588><T558801>05</T558801><T558803>28070305D039</T558803></T5588><T6000>28070305D039</T6000><T6002>00B80B00E8030001A0860101F40101010000000000000000</T6002><T6003>A086010000000000000000000000000000000000000000000000000000000000</T6003><T6004>03332</T6004><T6400>6A97167E3D490252</T6400><T6408>746ECF8EE3B9788775AB8C3D0E5B93DC</T6408></TRANS></TransXML>
2019/09/26 14:44:05
ICER RECV CMAS NORMAL:(SSL)3681B<?xml version="1.0" encoding="UTF-8" standalone="no"?><TransXML><Trans><T0100>0810</T0100><T0300>881999</T0300><T1100>175957</T1100><T1101>175956</T1101><T1200>144406</T1200><T1300>20190926</T1300><T3700>19092617595600</T3700><T3800>f6JCPE</T3800><T3900>00</T3900><T4100>09100D802A00</T4100><T4101>AED5DC00</T4101><T4102>192.168.100.107</T4102><T4104>457DE159</T4104><T4107>0</T4107><T4200>00010880</T4200><T4210>0</T4210><T4820>01</T4820><T4823>11</T4823><T4824>00</T4824><T5301>01</T5301><T5303>02</T5303><T5306>7C972A</T5306><T5307>8D9335DC4B475843</T5307><T5308>48EE0BF879FFAE7A</T5308><T5361>5430383932373332</T5361><T5362>0000027B</T5362><T5363>4650B4C3E783F73F</T5363><T5364>010DD9822020DF01DF03DF0ADF0E00000000000000000000000000000000000000000000000000000000000000000000000000000000000000000000000000000000000000000000000000000000</T5364><T5365>E09304400D03000000000000</T5365><T5366>102700</T5366><T5367>000000000000000000000000000000000000000000000000000000000000000000000000000000000000000000000000000000000000000000</T5367><T5368>000001F8</T5368><T5369>11</T5369><T5370>09100D802A00000001F77ECB8C5D00900000000000000000000000000000000000</T5370><T5371>5039303035393630</T5371><T5503>0000000001</T5503><T5504>01</T5504><T5510>0001</T5510><T5588><T558801>01</T558801><T558803>000001</T558803></T5588><T5588><T558801>02</T558801><T558802>BIG</T558802><T558803>11791</T558803></T5588><T5588><T558801>03</T558801><T558802>VEGA5000S-APPV18</T558802><T558803>000018</T558803></T5588><T5591>0</T5591><T5595><T559502>TM01</T559502><T559503>5909</T559503><T559504>20180820</T559504><T559505>20991231</T559505></T5595><T5595><T559502>TM02</T559502><T559503>00010880</T559503><T559504>20180820</T559504><T559505>20991231</T559505></T5595><T5595><T559502>TM03</T559502><T559503>00000</T559503><T559504>20180820</T559504><T559505>20991231</T559505></T5595><T5595><T559502>TM04</T559502><T559503>0000000001</T559503><T559504>20180820</T559504><T559505>20991231</T559505></T5595><T5595><T559502>TM17</T559502><T559503>業務三科 測試機01</T559503><T559504>20180820</T559504><T559505>20991231</T559505></T5595><T5595><T559502>TM18</T559502><T559503>嗶悠遊卡 最悠遊</T559503><T559504>20180820</T559504><T559505>20991231</T559505></T5595><T5595><T559502>TM30</T559502><T559503>1111111110</T559503><T559504>20180820</T559504><T559505>20991231</T559505></T5595><T5595><T559502>TM80</T559502><T559503>0</T559503><T559504>20180820</T559504><T559505>20991231</T559505></T5595><T5595><T559502>TM81</T559502><T559503>0</T559503><T559504>20180820</T559504><T559505>20991231</T559505></T5595><T5595><T559501>000001</T559501><T559502>TM09</T559502><T559503>123456</T559503><T559504>20130101</T559504><T559505>20990101</T559505></T5595><T5595><T559501>000001</T559501><T559502>TM10</T559502><T559503>/OUT/ssl/ck1.cer</T559503><T559504>20130101</T559504><T559505>20990101</T559505></T5595><T5595><T559501>11791</T559501><T559502>TM11</T559502><T559503>/out/blc/BLC11791A_190925.BIG</T559503><T559504>19700101</T559504><T559505>99991231</T559505></T5595><T5595><T559501>000018</T559501><T559502>TM12</T559502><T559503>/OUT/exe/ECCAPP/ECCAPP0018.CAP</T559503><T559504>19700101</T559504><T559505>99991231</T559505></T5595><T5596><T559601>0</T559601><T559602>00000001</T559602><T559603>0</T559603><T559604>00000001</T559604></T5596><T6000>28070305D039</T6000><T6002>00B80B00E8030001A0860101F40101000000000000000000</T6002><T6003>A086010000000000000000000000000000000000000000000000000000000000</T6003><T6004>03332</T6004><T6400>6A97167E3D490252</T6400><T6401>EE496D346223088B</T6401><T6408>746ECF8EE3B9788775AB8C3D0E5B93DC</T6408><T6409>AEF1C80AD4AC807DFA1762DCC1C9A581</T6409></Trans></TransXML>
2019/09/26 14:44:05
inFileGetSize (C:\ITKiosk\Reader\ECC_API\ICERData\ICERAPI_CMAS.rev.bak) FILE_OPEN_FAIL:0(0),2
2019/09/26 14:44:05
RC IN PPR_SignOn:0000868002000080EE496D346223088BAEF1C80AD4AC807DFA1762DCC1C9A581000000000000000000000000000000000000000000000000000000000000000000000000000000000000000000000000000000000000000000BC08B80BE803F40101A0860100000000000000000000000000000000000000000000000000000000000000027C972A1D3E
2019/09/26 14:44:05
RC OUT PPR_SignOn(9000):00001F000000000000000000000000000000000000000000000000000000000090008F
2019/09/26 14:44:05
inFileGetSize (C:\ITKiosk\Reader\ECC_API\ICERData\ICERAPI_CMAS.adv) FILE_OPEN_FAIL:0(0),2
2019/09/26 14:44:05
ICER SEND CMAS ADVICE:(SSL)0384B<TransXML><TRANS><T0100>0820</T0100><T0300>881999</T0300><T1100>175957</T1100><T1200>144404</T1200><T1300>20190926</T1300><T3700>19092617595600</T3700><T4100>09100D802A00</T4100><T4104>457DE159</T4104><T4200>00010880</T4200><T4210>0</T4210><T5503>0000000001</T5503><T5504>01</T5504><T5510>0001</T5510><T4825>00</T4825><T6406>00000000000000000000000000000000</T6406></TRANS></TransXML>
2019/09/26 14:44:05
ICER RECV CMAS ADVICE:(SSL)0540B<?xml version="1.0" encoding="UTF-8" standalone="no"?><TransXML><Trans><T0100>0830</T0100><T0300>881999</T0300><T1100>175957</T1100><T1200>144406</T1200><T1300>20190926</T1300><T3700>19092617595600</T3700><T3800>0RfqyA</T3800><T3900>00</T3900><T4100>09100D802A00</T4100><T4104>457DE159</T4104><T4200>00010880</T4200><T4210>0</T4210><T4823>11</T4823><T4824>00</T4824><T4825>00</T4825><T5369>11</T5369><T5503>0000000001</T5503><T5504>01</T5504><T5510>0001</T5510><T5591>0</T5591><T6406>00000000000000000000000000000000</T6406></Trans></TransXML>
2019/09/26 14:44:05
inFileGetSize (C:\ITKiosk\Reader\ECC_API\ICERData\ICERAPI_CMAS.rev.bak) FILE_OPEN_FAIL:0(0),2
2019/09/26 14:44:05
gCurrentFolder RES:C:\ITKiosk\Reader\ECC_API\ICERData
2019/09/26 14:44:05
TM RES :<?xml version="1.0" encoding="UTF-8" standalone="no"?><TransXML><TRANS><T3901>0</T3901><T0100>0810</T0100><T0300>881999</T0300><T1100>175956</T1100><T1101>175958</T1101><T1200>144406</T1200><T1300>20190926</T1300><T3700>19092617595600</T3700><T3800>f6JCPE</T3800><T3900>00</T3900><T4100>09100D802A00</T4100><T4101>AED5DC00</T4101><T4102>192.168.100.107</T4102><T4104>457DE159</T4104><T4107>0</T4107><T4200>00010880</T4200><T4210>0</T4210><T4820>01</T4820><T4823>11</T4823><T4824>00</T4824><T5301>01</T5301><T5303>02</T5303><T5306>7C972A</T5306><T5307>8D9335DC4B475843</T5307><T5308>48EE0BF879FFAE7A</T5308><T5361>5430383932373332</T5361><T5362>0000027B</T5362><T5363>4650B4C3E783F73F</T5363><T5364>010DD9822020DF01DF03DF0ADF0E00000000000000000000000000000000000000000000000000000000000000000000000000000000000000000000000000000000000000000000000000000000</T5364><T5365>E09304400D03000000000000</T5365><T5366>102700</T5366><T5367>000000000000000000000000000000000000000000000000000000000000000000000000000000000000000000000000000000000000000000</T5367><T5368>000001F8</T5368><T5369>11</T5369><T5370>09100D802A00000001F77ECB8C5D00900000000000000000000000000000000000</T5370><T5371>5039303035393630</T5371><T5503>0000000001</T5503><T5504>01</T5504><T5510>0001</T5510><T5588><T558801>01</T558801><T558803>000001</T558803></T5588><T5588><T558801>02</T558801><T558802>BIG</T558802><T558803>11791</T558803></T5588><T5588><T558801>03</T558801><T558802>VEGA5000S-APPV18</T558802><T558803>000018</T558803></T5588><T5591>0</T5591><T5595><T559502>TM01</T559502><T559503>5909</T559503><T559504>20180820</T559504><T559505>20991231</T559505></T5595><T5595><T559502>TM02</T559502><T559503>00010880</T559503><T559504>20180820</T559504><T559505>20991231</T559505></T5595><T5595><T559502>TM03</T559502><T559503>00000</T559503><T559504>20180820</T559504><T559505>20991231</T559505></T5595><T5595><T559502>TM04</T559502><T559503>0000000001</T559503><T559504>20180820</T559504><T559505>20991231</T559505></T5595><T5595><T559502>TM17</T559502><T559503>業務三科 測試機01</T559503><T559504>20180820</T559504><T559505>20991231</T559505></T5595><T5595><T559502>TM18</T559502><T559503>嗶悠遊卡 最悠遊</T559503><T559504>20180820</T559504><T559505>20991231</T559505></T5595><T5595><T559502>TM30</T559502><T559503>1111111110</T559503><T559504>20180820</T559504><T559505>20991231</T559505></T5595><T5595><T559502>TM80</T559502><T559503>0</T559503><T559504>20180820</T559504><T559505>20991231</T559505></T5595><T5595><T559502>TM81</T559502><T559503>0</T559503><T559504>20180820</T559504><T559505>20991231</T559505></T5595><T5595><T559501>000001</T559501><T559502>TM09</T559502><T559503>123456</T559503><T559504>20130101</T559504><T559505>20990101</T559505></T5595><T5595><T559501>000001</T559501><T559502>TM10</T559502><T559503>/OUT/ssl/ck1.cer</T559503><T559504>20130101</T559504><T559505>20990101</T559505></T5595><T5595><T559501>11791</T559501><T559502>TM11</T559502><T559503>/out/blc/BLC11791A_190925.BIG</T559503><T559504>19700101</T559504><T559505>99991231</T559505></T5595><T5595><T559501>000018</T559501><T559502>TM12</T559502><T559503>/OUT/exe/ECCAPP/ECCAPP0018.CAP</T559503><T559504>19700101</T559504><T559505>99991231</T559505></T5595><T5596><T559601>0</T559601><T559602>00000001</T559602><T559603>0</T559603><T559604>00000001</T559604></T5596><T6000>28070305D039</T6000><T6002>00B80B00E8030001A0860101F40101000000000000000000</T6002><T6003>A086010000000000000000000000000000000000000000000000000000000000</T6003><T6004>03332</T6004><T6400>6A97167E3D490252</T6400><T6401>EE496D346223088B</T6401><T6408>746ECF8EE3B9788775AB8C3D0E5B93DC</T6408><T6409>AEF1C80AD4AC807DFA1762DCC1C9A581</T6409><T4825>00</T4825><T6406>00000000000000000000000000000000</T6406><T5548><T554801>00000000000000000000000000000000000000000000000000000000009000</T554801></T5548><T4213>00010880-00000-0000000001</T4213><T4110>0001088001304105</T4110><T4109>0220131454</T4109></TRANS></TransXML>
2019/09/26 14:44:05
inFileWrite (C:\ITKiosk\Reader\ECC_API\ICERData\ICERAPI.RES.OK) FILE_WRITE_FAIL:0
2019/09/26 14:49:29
inCheckProcess = 96,96
2019/09/26 14:49:29
inInitialTxn = 0
2019/09/26 14:49:29
TM REQ :<?xml version="1.0" encoding="UTF-8" standalone="yes"?><TransXML><TRANS><T0100>0800</T0100><T0300>881999</T0300><T1100>175959</T1100><T1101>175959</T1101><T1200>144929</T1200><T1300>20190926</T1300><T4200>34800000</T4200></TRANS></TransXML>
2019/09/26 14:49:29
srTxnData.srIngData.lnECCAmt 1 = 0
2019/09/26 14:49:29
inFileGetSize (C:\ITKiosk\Reader\ECC_API\ICERData\ICERAPI_ICER.adv) FILE_OPEN_FAIL:0(0),2
2019/09/26 14:49:29
RC IN PPR_Reset:0000468001000040303030303030303030313031323031393039323631343439323931373539353930303031F9CF8C5D000000000000000000000000110000000000000000000000FA88
2019/09/26 14:49:30
RC OUT PPR_Reset(9000):0000FC01457DE15928070305D03954303839323733320000027B0265538CA32620BAAED5DC000129CC12FAF2A1836D0150393030353936300DD9822020E09304102700400D0300000000000009100D802A00DF01DF03DF0ADF0E00000000000000000000000000000000000000000000000000000000000000000000000000000000000000000000000000000000000000000000000000000000000001F93DA83C8C6A82E816969C741AE05EE903EF5C5F5197BAE9A0F5806466E9EB5396BC08B80BE803F40101A08601A086010000000000000000000000B4CE8C5D09100D802A00000001F8B4CE8C5D0090000000000000000000000000000000000090005B
2019/09/26 14:49:30
inFileGetSize (C:\ITKiosk\Reader\ECC_API\ICERData\ICERAPI_CMAS.rev) FILE_OPEN_FAIL:0(0),2
2019/09/26 14:49:30
ICER SEND CMAS NORMAL:(SSL)1540B<?xml version="1.0" encoding="UTF-8" standalone="yes"?><TransXML><TRANS><T0100>0800</T0100><T0300>881999</T0300><T1100>175959</T1100><T1101>175959</T1101><T1200>144929</T1200><T1300>20190926</T1300><T4200>00010880</T4200><T3700>19092617595900</T3700><T4100>09100D802A00</T4100><T4101>AED5DC00</T4101><T4102>192.168.100.107</T4102><T4104>457DE159</T4104><T4107>0</T4107><T4210>0</T4210><T4820>01</T4820><T4823>11</T4823><T4824>00</T4824><T5301>01</T5301><T5307>3DA83C8C6A82E816</T5307><T5308>969C741AE05EE903</T5308><T5361>5430383932373332</T5361><T5362>0000027B</T5362><T5363>0265538CA32620BA</T5363><T5364>010DD9822020DF01DF03DF0ADF0E00000000000000000000000000000000000000000000000000000000000000000000000000000000000000000000000000000000000000000000000000000000</T5364><T5365>E09304400D03000000000000</T5365><T5366>102700</T5366><T5368>000001F9</T5368><T5369>11</T5369><T5370>09100D802A00000001F8B4CE8C5D00900000000000000000000000000000000000</T5370><T5371>5039303035393630</T5371><T5503>0000000001</T5503><T5504>01</T5504><T5510>0001</T5510><T5588><T558801>02</T558801><T558802>BIG</T558802><T558803>03332</T558803></T5588><T5588><T558801>03</T558801><T558803>V4001E</T558803></T5588><T5588><T558801>05</T558801><T558803>28070305D039</T558803></T5588><T6000>28070305D039</T6000><T6002>00B80B00E8030001A0860101F40101010000000000000000</T6002><T6003>A086010000000000000000000000000000000000000000000000000000000000</T6003><T6004>03332</T6004><T6400>29CC12FAF2A1836D</T6400><T6408>EF5C5F5197BAE9A0F5806466E9EB5396</T6408></TRANS></TransXML>
2019/09/26 14:49:30
ICER RECV CMAS NORMAL:(SSL)3681B<?xml version="1.0" encoding="UTF-8" standalone="no"?><TransXML><Trans><T0100>0810</T0100><T0300>881999</T0300><T1100>175960</T1100><T1101>175959</T1101><T1200>144931</T1200><T1300>20190926</T1300><T3700>19092617595900</T3700><T3800>7rJZxj</T3800><T3900>00</T3900><T4100>09100D802A00</T4100><T4101>AED5DC00</T4101><T4102>192.168.100.107</T4102><T4104>457DE159</T4104><T4107>0</T4107><T4200>00010880</T4200><T4210>0</T4210><T4820>01</T4820><T4823>11</T4823><T4824>00</T4824><T5301>01</T5301><T5303>02</T5303><T5306>7C972A</T5306><T5307>3DA83C8C6A82E816</T5307><T5308>969C741AE05EE903</T5308><T5361>5430383932373332</T5361><T5362>0000027B</T5362><T5363>0265538CA32620BA</T5363><T5364>010DD9822020DF01DF03DF0ADF0E00000000000000000000000000000000000000000000000000000000000000000000000000000000000000000000000000000000000000000000000000000000</T5364><T5365>E09304400D03000000000000</T5365><T5366>102700</T5366><T5367>000000000000000000000000000000000000000000000000000000000000000000000000000000000000000000000000000000000000000000</T5367><T5368>000001F9</T5368><T5369>11</T5369><T5370>09100D802A00000001F8B4CE8C5D00900000000000000000000000000000000000</T5370><T5371>5039303035393630</T5371><T5503>0000000001</T5503><T5504>01</T5504><T5510>0001</T5510><T5588><T558801>01</T558801><T558803>000001</T558803></T5588><T5588><T558801>02</T558801><T558802>BIG</T558802><T558803>11791</T558803></T5588><T5588><T558801>03</T558801><T558802>VEGA5000S-APPV18</T558802><T558803>000018</T558803></T5588><T5591>0</T5591><T5595><T559502>TM01</T559502><T559503>5909</T559503><T559504>20180820</T559504><T559505>20991231</T559505></T5595><T5595><T559502>TM02</T559502><T559503>00010880</T559503><T559504>20180820</T559504><T559505>20991231</T559505></T5595><T5595><T559502>TM03</T559502><T559503>00000</T559503><T559504>20180820</T559504><T559505>20991231</T559505></T5595><T5595><T559502>TM04</T559502><T559503>0000000001</T559503><T559504>20180820</T559504><T559505>20991231</T559505></T5595><T5595><T559502>TM17</T559502><T559503>業務三科 測試機01</T559503><T559504>20180820</T559504><T559505>20991231</T559505></T5595><T5595><T559502>TM18</T559502><T559503>嗶悠遊卡 最悠遊</T559503><T559504>20180820</T559504><T559505>20991231</T559505></T5595><T5595><T559502>TM30</T559502><T559503>1111111110</T559503><T559504>20180820</T559504><T559505>20991231</T559505></T5595><T5595><T559502>TM80</T559502><T559503>0</T559503><T559504>20180820</T559504><T559505>20991231</T559505></T5595><T5595><T559502>TM81</T559502><T559503>0</T559503><T559504>20180820</T559504><T559505>20991231</T559505></T5595><T5595><T559501>000001</T559501><T559502>TM09</T559502><T559503>123456</T559503><T559504>20130101</T559504><T559505>20990101</T559505></T5595><T5595><T559501>000001</T559501><T559502>TM10</T559502><T559503>/OUT/ssl/ck1.cer</T559503><T559504>20130101</T559504><T559505>20990101</T559505></T5595><T5595><T559501>11791</T559501><T559502>TM11</T559502><T559503>/out/blc/BLC11791A_190925.BIG</T559503><T559504>19700101</T559504><T559505>99991231</T559505></T5595><T5595><T559501>000018</T559501><T559502>TM12</T559502><T559503>/OUT/exe/ECCAPP/ECCAPP0018.CAP</T559503><T559504>19700101</T559504><T559505>99991231</T559505></T5595><T5596><T559601>0</T559601><T559602>00000001</T559602><T559603>0</T559603><T559604>00000001</T559604></T5596><T6000>28070305D039</T6000><T6002>00B80B00E8030001A0860101F40101000000000000000000</T6002><T6003>A086010000000000000000000000000000000000000000000000000000000000</T6003><T6004>03332</T6004><T6400>29CC12FAF2A1836D</T6400><T6401>8C9DDB696806591F</T6401><T6408>EF5C5F5197BAE9A0F5806466E9EB5396</T6408><T6409>1F1561799D8BC478FEFEBEC9475F12D2</T6409></Trans></TransXML>
2019/09/26 14:49:30
inFileGetSize (C:\ITKiosk\Reader\ECC_API\ICERData\ICERAPI_CMAS.rev.bak) FILE_OPEN_FAIL:0(0),2
2019/09/26 14:49:30
RC IN PPR_SignOn:00008680020000808C9DDB696806591F1F1561799D8BC478FEFEBEC9475F12D2000000000000000000000000000000000000000000000000000000000000000000000000000000000000000000000000000000000000000000BC08B80BE803F40101A0860100000000000000000000000000000000000000000000000000000000000000027C972A1DF9
2019/09/26 14:49:30
RC OUT PPR_SignOn(9000):00001F000000000000000000000000000000000000000000000000000000000090008F
2019/09/26 14:49:30
inFileGetSize (C:\ITKiosk\Reader\ECC_API\ICERData\ICERAPI_CMAS.adv) FILE_OPEN_FAIL:0(0),2
2019/09/26 14:49:30
ICER SEND CMAS ADVICE:(SSL)0384B<TransXML><TRANS><T0100>0820</T0100><T0300>881999</T0300><T1100>175960</T1100><T1200>144929</T1200><T1300>20190926</T1300><T3700>19092617595900</T3700><T4100>09100D802A00</T4100><T4104>457DE159</T4104><T4200>00010880</T4200><T4210>0</T4210><T5503>0000000001</T5503><T5504>01</T5504><T5510>0001</T5510><T4825>00</T4825><T6406>00000000000000000000000000000000</T6406></TRANS></TransXML>
2019/09/26 14:49:31
ICER RECV CMAS ADVICE:(SSL)0540B<?xml version="1.0" encoding="UTF-8" standalone="no"?><TransXML><Trans><T0100>0830</T0100><T0300>881999</T0300><T1100>175960</T1100><T1200>144931</T1200><T1300>20190926</T1300><T3700>19092617595900</T3700><T3800>IO05wi</T3800><T3900>00</T3900><T4100>09100D802A00</T4100><T4104>457DE159</T4104><T4200>00010880</T4200><T4210>0</T4210><T4823>11</T4823><T4824>00</T4824><T4825>00</T4825><T5369>11</T5369><T5503>0000000001</T5503><T5504>01</T5504><T5510>0001</T5510><T5591>0</T5591><T6406>00000000000000000000000000000000</T6406></Trans></TransXML>
2019/09/26 14:49:31
inFileGetSize (C:\ITKiosk\Reader\ECC_API\ICERData\ICERAPI_CMAS.rev.bak) FILE_OPEN_FAIL:0(0),2
2019/09/26 14:49:31
gCurrentFolder RES:C:\ITKiosk\Reader\ECC_API\ICERData
2019/09/26 14:49:31
TM RES :<?xml version="1.0" encoding="UTF-8" standalone="no"?><TransXML><TRANS><T3901>0</T3901><T0100>0810</T0100><T0300>881999</T0300><T1100>175959</T1100><T1101>175961</T1101><T1200>144931</T1200><T1300>20190926</T1300><T3700>19092617595900</T3700><T3800>7rJZxj</T3800><T3900>00</T3900><T4100>09100D802A00</T4100><T4101>AED5DC00</T4101><T4102>192.168.100.107</T4102><T4104>457DE159</T4104><T4107>0</T4107><T4200>00010880</T4200><T4210>0</T4210><T4820>01</T4820><T4823>11</T4823><T4824>00</T4824><T5301>01</T5301><T5303>02</T5303><T5306>7C972A</T5306><T5307>3DA83C8C6A82E816</T5307><T5308>969C741AE05EE903</T5308><T5361>5430383932373332</T5361><T5362>0000027B</T5362><T5363>0265538CA32620BA</T5363><T5364>010DD9822020DF01DF03DF0ADF0E00000000000000000000000000000000000000000000000000000000000000000000000000000000000000000000000000000000000000000000000000000000</T5364><T5365>E09304400D03000000000000</T5365><T5366>102700</T5366><T5367>000000000000000000000000000000000000000000000000000000000000000000000000000000000000000000000000000000000000000000</T5367><T5368>000001F9</T5368><T5369>11</T5369><T5370>09100D802A00000001F8B4CE8C5D00900000000000000000000000000000000000</T5370><T5371>5039303035393630</T5371><T5503>0000000001</T5503><T5504>01</T5504><T5510>0001</T5510><T5588><T558801>01</T558801><T558803>000001</T558803></T5588><T5588><T558801>02</T558801><T558802>BIG</T558802><T558803>11791</T558803></T5588><T5588><T558801>03</T558801><T558802>VEGA5000S-APPV18</T558802><T558803>000018</T558803></T5588><T5591>0</T5591><T5595><T559502>TM01</T559502><T559503>5909</T559503><T559504>20180820</T559504><T559505>20991231</T559505></T5595><T5595><T559502>TM02</T559502><T559503>00010880</T559503><T559504>20180820</T559504><T559505>20991231</T559505></T5595><T5595><T559502>TM03</T559502><T559503>00000</T559503><T559504>20180820</T559504><T559505>20991231</T559505></T5595><T5595><T559502>TM04</T559502><T559503>0000000001</T559503><T559504>20180820</T559504><T559505>20991231</T559505></T5595><T5595><T559502>TM17</T559502><T559503>業務三科 測試機01</T559503><T559504>20180820</T559504><T559505>20991231</T559505></T5595><T5595><T559502>TM18</T559502><T559503>嗶悠遊卡 最悠遊</T559503><T559504>20180820</T559504><T559505>20991231</T559505></T5595><T5595><T559502>TM30</T559502><T559503>1111111110</T559503><T559504>20180820</T559504><T559505>20991231</T559505></T5595><T5595><T559502>TM80</T559502><T559503>0</T559503><T559504>20180820</T559504><T559505>20991231</T559505></T5595><T5595><T559502>TM81</T559502><T559503>0</T559503><T559504>20180820</T559504><T559505>20991231</T559505></T5595><T5595><T559501>000001</T559501><T559502>TM09</T559502><T559503>123456</T559503><T559504>20130101</T559504><T559505>20990101</T559505></T5595><T5595><T559501>000001</T559501><T559502>TM10</T559502><T559503>/OUT/ssl/ck1.cer</T559503><T559504>20130101</T559504><T559505>20990101</T559505></T5595><T5595><T559501>11791</T559501><T559502>TM11</T559502><T559503>/out/blc/BLC11791A_190925.BIG</T559503><T559504>19700101</T559504><T559505>99991231</T559505></T5595><T5595><T559501>000018</T559501><T559502>TM12</T559502><T559503>/OUT/exe/ECCAPP/ECCAPP0018.CAP</T559503><T559504>19700101</T559504><T559505>99991231</T559505></T5595><T5596><T559601>0</T559601><T559602>00000001</T559602><T559603>0</T559603><T559604>00000001</T559604></T5596><T6000>28070305D039</T6000><T6002>00B80B00E8030001A0860101F40101000000000000000000</T6002><T6003>A086010000000000000000000000000000000000000000000000000000000000</T6003><T6004>03332</T6004><T6400>29CC12FAF2A1836D</T6400><T6401>8C9DDB696806591F</T6401><T6408>EF5C5F5197BAE9A0F5806466E9EB5396</T6408><T6409>1F1561799D8BC478FEFEBEC9475F12D2</T6409><T4825>00</T4825><T6406>00000000000000000000000000000000</T6406><T5548><T554801>00000000000000000000000000000000000000000000000000000000009000</T554801></T5548><T4213>00010880-00000-0000000001</T4213><T4110>0001088001304105</T4110><T4109>0220131454</T4109></TRANS></TransXML>
2019/09/26 14:49:31
inFileWrite (C:\ITKiosk\Reader\ECC_API\ICERData\ICERAPI.RES.OK) FILE_WRITE_FAIL:0
2019/09/26 14:51:39
inCheckProcess = 96,96
2019/09/26 14:51:39
inInitialTxn = 0
2019/09/26 14:51:39
TM REQ :<?xml version="1.0" encoding="UTF-8" standalone="yes"?><TransXML><TRANS><T0100>0800</T0100><T0300>881999</T0300><T1100>175962</T1100><T1101>175962</T1101><T1200>145139</T1200><T1300>20190926</T1300><T4200>34800000</T4200></TRANS></TransXML>
2019/09/26 14:51:39
srTxnData.srIngData.lnECCAmt 1 = 0
2019/09/26 14:51:39
inFileGetSize (C:\ITKiosk\Reader\ECC_API\ICERData\ICERAPI_ICER.adv) FILE_OPEN_FAIL:0(0),2
2019/09/26 14:51:39
RC IN PPR_Reset:00004680010000403030303030303030303130313230313930393236313435313339313735393632303030317BD08C5D000000000000000000000000110000000000000000000000FA15
2019/09/26 14:51:40
RC OUT PPR_Reset(9000):0000FC01457DE15928070305D03954303839323733320000027B4238835F3361EB54AED5DC00012BC8D21EDAB918FB0150393030353936300DD9822020E09304102700400D0300000000000009100D802A00DF01DF03DF0ADF0E00000000000000000000000000000000000000000000000000000000000000000000000000000000000000000000000000000000000000000000000000000000000001FA12138EFB9B68D1DA6733A26DE748F08E7911EA1E5D271C6397A89650868CEB27BC08B80BE803F40101A08601A086010000000000000000000000F9CF8C5D09100D802A00000001F9F9CF8C5D009000000000000000000000000000000000009000A0
2019/09/26 14:51:40
inFileGetSize (C:\ITKiosk\Reader\ECC_API\ICERData\ICERAPI_CMAS.rev) FILE_OPEN_FAIL:0(0),2
2019/09/26 14:51:40
ICER SEND CMAS NORMAL:(SSL)1540B<?xml version="1.0" encoding="UTF-8" standalone="yes"?><TransXML><TRANS><T0100>0800</T0100><T0300>881999</T0300><T1100>175962</T1100><T1101>175962</T1101><T1200>145139</T1200><T1300>20190926</T1300><T4200>00010880</T4200><T3700>19092617596200</T3700><T4100>09100D802A00</T4100><T4101>AED5DC00</T4101><T4102>192.168.100.107</T4102><T4104>457DE159</T4104><T4107>0</T4107><T4210>0</T4210><T4820>01</T4820><T4823>11</T4823><T4824>00</T4824><T5301>01</T5301><T5307>12138EFB9B68D1DA</T5307><T5308>6733A26DE748F08E</T5308><T5361>5430383932373332</T5361><T5362>0000027B</T5362><T5363>4238835F3361EB54</T5363><T5364>010DD9822020DF01DF03DF0ADF0E00000000000000000000000000000000000000000000000000000000000000000000000000000000000000000000000000000000000000000000000000000000</T5364><T5365>E09304400D03000000000000</T5365><T5366>102700</T5366><T5368>000001FA</T5368><T5369>11</T5369><T5370>09100D802A00000001F9F9CF8C5D00900000000000000000000000000000000000</T5370><T5371>5039303035393630</T5371><T5503>0000000001</T5503><T5504>01</T5504><T5510>0001</T5510><T5588><T558801>02</T558801><T558802>BIG</T558802><T558803>03332</T558803></T5588><T5588><T558801>03</T558801><T558803>V4001E</T558803></T5588><T5588><T558801>05</T558801><T558803>28070305D039</T558803></T5588><T6000>28070305D039</T6000><T6002>00B80B00E8030001A0860101F40101010000000000000000</T6002><T6003>A086010000000000000000000000000000000000000000000000000000000000</T6003><T6004>03332</T6004><T6400>2BC8D21EDAB918FB</T6400><T6408>7911EA1E5D271C6397A89650868CEB27</T6408></TRANS></TransXML>
2019/09/26 14:51:40
ICER RECV CMAS NORMAL:(SSL)3681B<?xml version="1.0" encoding="UTF-8" standalone="no"?><TransXML><Trans><T0100>0810</T0100><T0300>881999</T0300><T1100>175963</T1100><T1101>175962</T1101><T1200>145141</T1200><T1300>20190926</T1300><T3700>19092617596200</T3700><T3800>8zanyE</T3800><T3900>00</T3900><T4100>09100D802A00</T4100><T4101>AED5DC00</T4101><T4102>192.168.100.107</T4102><T4104>457DE159</T4104><T4107>0</T4107><T4200>00010880</T4200><T4210>0</T4210><T4820>01</T4820><T4823>11</T4823><T4824>00</T4824><T5301>01</T5301><T5303>02</T5303><T5306>7C972A</T5306><T5307>12138EFB9B68D1DA</T5307><T5308>6733A26DE748F08E</T5308><T5361>5430383932373332</T5361><T5362>0000027B</T5362><T5363>4238835F3361EB54</T5363><T5364>010DD9822020DF01DF03DF0ADF0E00000000000000000000000000000000000000000000000000000000000000000000000000000000000000000000000000000000000000000000000000000000</T5364><T5365>E09304400D03000000000000</T5365><T5366>102700</T5366><T5367>000000000000000000000000000000000000000000000000000000000000000000000000000000000000000000000000000000000000000000</T5367><T5368>000001FA</T5368><T5369>11</T5369><T5370>09100D802A00000001F9F9CF8C5D00900000000000000000000000000000000000</T5370><T5371>5039303035393630</T5371><T5503>0000000001</T5503><T5504>01</T5504><T5510>0001</T5510><T5588><T558801>01</T558801><T558803>000001</T558803></T5588><T5588><T558801>02</T558801><T558802>BIG</T558802><T558803>11791</T558803></T5588><T5588><T558801>03</T558801><T558802>VEGA5000S-APPV18</T558802><T558803>000018</T558803></T5588><T5591>0</T5591><T5595><T559502>TM01</T559502><T559503>5909</T559503><T559504>20180820</T559504><T559505>20991231</T559505></T5595><T5595><T559502>TM02</T559502><T559503>00010880</T559503><T559504>20180820</T559504><T559505>20991231</T559505></T5595><T5595><T559502>TM03</T559502><T559503>00000</T559503><T559504>20180820</T559504><T559505>20991231</T559505></T5595><T5595><T559502>TM04</T559502><T559503>0000000001</T559503><T559504>20180820</T559504><T559505>20991231</T559505></T5595><T5595><T559502>TM17</T559502><T559503>業務三科 測試機01</T559503><T559504>20180820</T559504><T559505>20991231</T559505></T5595><T5595><T559502>TM18</T559502><T559503>嗶悠遊卡 最悠遊</T559503><T559504>20180820</T559504><T559505>20991231</T559505></T5595><T5595><T559502>TM30</T559502><T559503>1111111110</T559503><T559504>20180820</T559504><T559505>20991231</T559505></T5595><T5595><T559502>TM80</T559502><T559503>0</T559503><T559504>20180820</T559504><T559505>20991231</T559505></T5595><T5595><T559502>TM81</T559502><T559503>0</T559503><T559504>20180820</T559504><T559505>20991231</T559505></T5595><T5595><T559501>000001</T559501><T559502>TM09</T559502><T559503>123456</T559503><T559504>20130101</T559504><T559505>20990101</T559505></T5595><T5595><T559501>000001</T559501><T559502>TM10</T559502><T559503>/OUT/ssl/ck1.cer</T559503><T559504>20130101</T559504><T559505>20990101</T559505></T5595><T5595><T559501>11791</T559501><T559502>TM11</T559502><T559503>/out/blc/BLC11791A_190925.BIG</T559503><T559504>19700101</T559504><T559505>99991231</T559505></T5595><T5595><T559501>000018</T559501><T559502>TM12</T559502><T559503>/OUT/exe/ECCAPP/ECCAPP0018.CAP</T559503><T559504>19700101</T559504><T559505>99991231</T559505></T5595><T5596><T559601>0</T559601><T559602>00000001</T559602><T559603>0</T559603><T559604>00000001</T559604></T5596><T6000>28070305D039</T6000><T6002>00B80B00E8030001A0860101F40101000000000000000000</T6002><T6003>A086010000000000000000000000000000000000000000000000000000000000</T6003><T6004>03332</T6004><T6400>2BC8D21EDAB918FB</T6400><T6401>02D361A29CAC78B8</T6401><T6408>7911EA1E5D271C6397A89650868CEB27</T6408><T6409>E3DDC4F26FB9A44CC325469A1ABED168</T6409></Trans></TransXML>
2019/09/26 14:51:40
inFileGetSize (C:\ITKiosk\Reader\ECC_API\ICERData\ICERAPI_CMAS.rev.bak) FILE_OPEN_FAIL:0(0),2
2019/09/26 14:51:40
RC IN PPR_SignOn:000086800200008002D361A29CAC78B8E3DDC4F26FB9A44CC325469A1ABED168000000000000000000000000000000000000000000000000000000000000000000000000000000000000000000000000000000000000000000BC08B80BE803F40101A0860100000000000000000000000000000000000000000000000000000000000000027C972A1D96
2019/09/26 14:51:41
RC OUT PPR_SignOn(9000):00001F000000000000000000000000000000000000000000000000000000000090008F
2019/09/26 14:51:41
inFileGetSize (C:\ITKiosk\Reader\ECC_API\ICERData\ICERAPI_CMAS.adv) FILE_OPEN_FAIL:0(0),2
2019/09/26 14:51:41
ICER SEND CMAS ADVICE:(SSL)0384B<TransXML><TRANS><T0100>0820</T0100><T0300>881999</T0300><T1100>175963</T1100><T1200>145139</T1200><T1300>20190926</T1300><T3700>19092617596200</T3700><T4100>09100D802A00</T4100><T4104>457DE159</T4104><T4200>00010880</T4200><T4210>0</T4210><T5503>0000000001</T5503><T5504>01</T5504><T5510>0001</T5510><T4825>00</T4825><T6406>00000000000000000000000000000000</T6406></TRANS></TransXML>
2019/09/26 14:51:41
ICER RECV CMAS ADVICE:(SSL)0540B<?xml version="1.0" encoding="UTF-8" standalone="no"?><TransXML><Trans><T0100>0830</T0100><T0300>881999</T0300><T1100>175963</T1100><T1200>145142</T1200><T1300>20190926</T1300><T3700>19092617596200</T3700><T3800>lhpgf9</T3800><T3900>00</T3900><T4100>09100D802A00</T4100><T4104>457DE159</T4104><T4200>00010880</T4200><T4210>0</T4210><T4823>11</T4823><T4824>00</T4824><T4825>00</T4825><T5369>11</T5369><T5503>0000000001</T5503><T5504>01</T5504><T5510>0001</T5510><T5591>0</T5591><T6406>00000000000000000000000000000000</T6406></Trans></TransXML>
2019/09/26 14:51:41
inFileGetSize (C:\ITKiosk\Reader\ECC_API\ICERData\ICERAPI_CMAS.rev.bak) FILE_OPEN_FAIL:0(0),2
2019/09/26 14:51:41
gCurrentFolder RES:C:\ITKiosk\Reader\ECC_API\ICERData
2019/09/26 14:51:41
TM RES :<?xml version="1.0" encoding="UTF-8" standalone="no"?><TransXML><TRANS><T3901>0</T3901><T0100>0810</T0100><T0300>881999</T0300><T1100>175962</T1100><T1101>175964</T1101><T1200>145141</T1200><T1300>20190926</T1300><T3700>19092617596200</T3700><T3800>8zanyE</T3800><T3900>00</T3900><T4100>09100D802A00</T4100><T4101>AED5DC00</T4101><T4102>192.168.100.107</T4102><T4104>457DE159</T4104><T4107>0</T4107><T4200>00010880</T4200><T4210>0</T4210><T4820>01</T4820><T4823>11</T4823><T4824>00</T4824><T5301>01</T5301><T5303>02</T5303><T5306>7C972A</T5306><T5307>12138EFB9B68D1DA</T5307><T5308>6733A26DE748F08E</T5308><T5361>5430383932373332</T5361><T5362>0000027B</T5362><T5363>4238835F3361EB54</T5363><T5364>010DD9822020DF01DF03DF0ADF0E00000000000000000000000000000000000000000000000000000000000000000000000000000000000000000000000000000000000000000000000000000000</T5364><T5365>E09304400D03000000000000</T5365><T5366>102700</T5366><T5367>000000000000000000000000000000000000000000000000000000000000000000000000000000000000000000000000000000000000000000</T5367><T5368>000001FA</T5368><T5369>11</T5369><T5370>09100D802A00000001F9F9CF8C5D00900000000000000000000000000000000000</T5370><T5371>5039303035393630</T5371><T5503>0000000001</T5503><T5504>01</T5504><T5510>0001</T5510><T5588><T558801>01</T558801><T558803>000001</T558803></T5588><T5588><T558801>02</T558801><T558802>BIG</T558802><T558803>11791</T558803></T5588><T5588><T558801>03</T558801><T558802>VEGA5000S-APPV18</T558802><T558803>000018</T558803></T5588><T5591>0</T5591><T5595><T559502>TM01</T559502><T559503>5909</T559503><T559504>20180820</T559504><T559505>20991231</T559505></T5595><T5595><T559502>TM02</T559502><T559503>00010880</T559503><T559504>20180820</T559504><T559505>20991231</T559505></T5595><T5595><T559502>TM03</T559502><T559503>00000</T559503><T559504>20180820</T559504><T559505>20991231</T559505></T5595><T5595><T559502>TM04</T559502><T559503>0000000001</T559503><T559504>20180820</T559504><T559505>20991231</T559505></T5595><T5595><T559502>TM17</T559502><T559503>業務三科 測試機01</T559503><T559504>20180820</T559504><T559505>20991231</T559505></T5595><T5595><T559502>TM18</T559502><T559503>嗶悠遊卡 最悠遊</T559503><T559504>20180820</T559504><T559505>20991231</T559505></T5595><T5595><T559502>TM30</T559502><T559503>1111111110</T559503><T559504>20180820</T559504><T559505>20991231</T559505></T5595><T5595><T559502>TM80</T559502><T559503>0</T559503><T559504>20180820</T559504><T559505>20991231</T559505></T5595><T5595><T559502>TM81</T559502><T559503>0</T559503><T559504>20180820</T559504><T559505>20991231</T559505></T5595><T5595><T559501>000001</T559501><T559502>TM09</T559502><T559503>123456</T559503><T559504>20130101</T559504><T559505>20990101</T559505></T5595><T5595><T559501>000001</T559501><T559502>TM10</T559502><T559503>/OUT/ssl/ck1.cer</T559503><T559504>20130101</T559504><T559505>20990101</T559505></T5595><T5595><T559501>11791</T559501><T559502>TM11</T559502><T559503>/out/blc/BLC11791A_190925.BIG</T559503><T559504>19700101</T559504><T559505>99991231</T559505></T5595><T5595><T559501>000018</T559501><T559502>TM12</T559502><T559503>/OUT/exe/ECCAPP/ECCAPP0018.CAP</T559503><T559504>19700101</T559504><T559505>99991231</T559505></T5595><T5596><T559601>0</T559601><T559602>00000001</T559602><T559603>0</T559603><T559604>00000001</T559604></T5596><T6000>28070305D039</T6000><T6002>00B80B00E8030001A0860101F40101000000000000000000</T6002><T6003>A086010000000000000000000000000000000000000000000000000000000000</T6003><T6004>03332</T6004><T6400>2BC8D21EDAB918FB</T6400><T6401>02D361A29CAC78B8</T6401><T6408>7911EA1E5D271C6397A89650868CEB27</T6408><T6409>E3DDC4F26FB9A44CC325469A1ABED168</T6409><T4825>00</T4825><T6406>00000000000000000000000000000000</T6406><T5548><T554801>00000000000000000000000000000000000000000000000000000000009000</T554801></T5548><T4213>00010880-00000-0000000001</T4213><T4110>0001088001304105</T4110><T4109>0220131454</T4109></TRANS></TransXML>
2019/09/26 14:51:41
inFileWrite (C:\ITKiosk\Reader\ECC_API\ICERData\ICERAPI.RES.OK) FILE_WRITE_FAIL:0
