2019/07/02 09:16:02
inCheckProcess = 96,96
2019/07/02 09:16:02
inInitialTxn = 0
2019/07/02 09:16:02
TM REQ :<?xml version="1.0" encoding="UTF-8" standalone="yes"?><TransXML><TRANS><T0100>0800</T0100><T0300>881999</T0300><T1100>175527</T1100><T1101>175527</T1101><T1200>091602</T1200><T1300>20190702</T1300><T4200>34800000</T4200></TRANS></TransXML>
2019/07/02 09:16:02
srTxnData.srIngData.lnECCAmt 1 = 0
2019/07/02 09:16:02
inFileGetSize (C:\ITKiosk\Reader\ECC_API\ICERData\ICERAPI_ICER.adv) FILE_OPEN_FAIL:0(0),2
2019/07/02 09:16:02
RC IN PPR_Reset:0000468001000040303030303030303030313031323031393037303230393136303231373535323730303031D2201B5D000000000000000000000000110000000000000000000000FAD9
2019/07/02 09:16:06
1 dwToRead = 3,dwTotalRead = 0
2019/07/02 09:16:06
inReaderCommand2 Fail 1-1:(ffffffed)
2019/07/02 09:16:06
inSignOnProcess Fail 1:-19
2019/07/02 09:16:06
main Fail 5:-124
2019/07/02 09:16:06
inXMLUpdateData Update(T1300) Value = NULL !!
2019/07/02 09:16:06
gCurrentFolder RES:C:\ITKiosk\Reader\ECC_API\ICERData
2019/07/02 09:16:06
TM RES :<TransXML><TRANS><T3901>-124</T3901><T1101>175527</T1101><T1102>000000</T1102><T1103>000000</T1103></TRANS></TransXML>
2019/07/02 09:16:06
inFileWrite (C:\ITKiosk\Reader\ECC_API\ICERData\ICERAPI.RES.OK) FILE_WRITE_FAIL:0
