2019/05/23 09:53:57
inCheckProcess = 96,96
2019/05/23 09:53:57
inInitialTxn = 0
2019/05/23 09:53:57
TM REQ :<?xml version="1.0" encoding="UTF-8" standalone="yes"?><TransXML><TRANS><T0100>0800</T0100><T0300>881999</T0300><T1100>175187</T1100><T1101>175187</T1101><T1200>055701</T1200><T1300>20190131</T1300><T4200>34800000</T4200></TRANS></TransXML>
2019/05/23 09:53:57
srTxnData.srIngData.lnECCAmt 1 = 0
2019/05/23 09:53:57
inFileGetSize (C:\ITKiosk\Reader\ECC_API\ICERData\ICERAPI_ICER.adv) FILE_OPEN_FAIL:0(0),2
2019/05/23 09:53:57
RC IN PPR_Reset:00004680010000403030303030303030303130313230313930313331303535373031313735313837303030312D8E525C000000000000000000000000110000000000000000000000FAC2
2019/05/23 09:53:58
RC OUT PPR_Reset(9000):0000FC01457DE15928070305D03954303839323733320000020EA9664DC529D56B95AED5DC00019404327E36E1FD7C0150393030353936300DD9822020E09304102700400D0300000000000009100D802A00DF01DF03DF0ADF0E000000000000000000000000000000000000000000000000000000000000000000000000000000000000000000000000000000000000000000000000000000000000013B917C5C78D6E564C8E8E674A725E68862E71C12393FA476CC46C5CCE8A725C4A2BC08B80BE803F40101A08601A08601000000000000000000000064DEE35C09100D802A000000013A64DEE35C0090000000000000000000000000000000000090008C
2019/05/23 09:53:58
inFileGetSize (C:\ITKiosk\Reader\ECC_API\ICERData\ICERAPI_CMAS.rev) FILE_OPEN_FAIL:0(0),2
2019/05/23 09:53:58
ICER SEND CMAS NORMAL:(SSL)1537B<?xml version="1.0" encoding="UTF-8" standalone="yes"?><TransXML><TRANS><T0100>0800</T0100><T0300>881999</T0300><T1100>175187</T1100><T1101>175187</T1101><T1200>055701</T1200><T1300>20190131</T1300><T4200>00010880</T4200><T3700>19013117518700</T3700><T4100>09100D802A00</T4100><T4101>AED5DC00</T4101><T4102>192.168.56.1</T4102><T4104>457DE159</T4104><T4107>0</T4107><T4210>0</T4210><T4820>01</T4820><T4823>11</T4823><T4824>00</T4824><T5301>01</T5301><T5307>917C5C78D6E564C8</T5307><T5308>E8E674A725E68862</T5308><T5361>5430383932373332</T5361><T5362>0000020E</T5362><T5363>A9664DC529D56B95</T5363><T5364>010DD9822020DF01DF03DF0ADF0E00000000000000000000000000000000000000000000000000000000000000000000000000000000000000000000000000000000000000000000000000000000</T5364><T5365>E09304400D03000000000000</T5365><T5366>102700</T5366><T5368>0000013B</T5368><T5369>11</T5369><T5370>09100D802A000000013A64DEE35C00900000000000000000000000000000000000</T5370><T5371>5039303035393630</T5371><T5503>0000000001</T5503><T5504>01</T5504><T5510>0001</T5510><T5588><T558801>02</T558801><T558802>BIG</T558802><T558803>03332</T558803></T5588><T5588><T558801>03</T558801><T558803>V4001E</T558803></T5588><T5588><T558801>05</T558801><T558803>28070305D039</T558803></T5588><T6000>28070305D039</T6000><T6002>00B80B00E8030001A0860101F40101010000000000000000</T6002><T6003>A086010000000000000000000000000000000000000000000000000000000000</T6003><T6004>03332</T6004><T6400>9404327E36E1FD7C</T6400><T6408>E71C12393FA476CC46C5CCE8A725C4A2</T6408></TRANS></TransXML>
2019/05/23 09:53:58
ICER RECV CMAS NORMAL:(SSL)3678B<?xml version="1.0" encoding="UTF-8" standalone="no"?><TransXML><Trans><T0100>0810</T0100><T0300>881999</T0300><T1100>175188</T1100><T1101>175187</T1101><T1200>095354</T1200><T1300>20190523</T1300><T3700>19013117518700</T3700><T3800>wxYybD</T3800><T3900>00</T3900><T4100>09100D802A00</T4100><T4101>AED5DC00</T4101><T4102>192.168.56.1</T4102><T4104>457DE159</T4104><T4107>0</T4107><T4200>00010880</T4200><T4210>0</T4210><T4820>01</T4820><T4823>11</T4823><T4824>00</T4824><T5301>01</T5301><T5303>02</T5303><T5306>7C972A</T5306><T5307>917C5C78D6E564C8</T5307><T5308>E8E674A725E68862</T5308><T5361>5430383932373332</T5361><T5362>0000020E</T5362><T5363>A9664DC529D56B95</T5363><T5364>010DD9822020DF01DF03DF0ADF0E00000000000000000000000000000000000000000000000000000000000000000000000000000000000000000000000000000000000000000000000000000000</T5364><T5365>E09304400D03000000000000</T5365><T5366>102700</T5366><T5367>000000000000000000000000000000000000000000000000000000000000000000000000000000000000000000000000000000000000000000</T5367><T5368>0000013B</T5368><T5369>11</T5369><T5370>09100D802A000000013A64DEE35C00900000000000000000000000000000000000</T5370><T5371>5039303035393630</T5371><T5503>0000000001</T5503><T5504>01</T5504><T5510>0001</T5510><T5588><T558801>01</T558801><T558803>000001</T558803></T5588><T5588><T558801>02</T558801><T558802>BIG</T558802><T558803>11606</T558803></T5588><T5588><T558801>03</T558801><T558802>VEGA5000S-APPV18</T558802><T558803>000018</T558803></T5588><T5591>0</T5591><T5595><T559502>TM01</T559502><T559503>5909</T559503><T559504>20180820</T559504><T559505>20991231</T559505></T5595><T5595><T559502>TM02</T559502><T559503>00010880</T559503><T559504>20180820</T559504><T559505>20991231</T559505></T5595><T5595><T559502>TM03</T559502><T559503>00000</T559503><T559504>20180820</T559504><T559505>20991231</T559505></T5595><T5595><T559502>TM04</T559502><T559503>0000000001</T559503><T559504>20180820</T559504><T559505>20991231</T559505></T5595><T5595><T559502>TM17</T559502><T559503>業務三科 測試機01</T559503><T559504>20180820</T559504><T559505>20991231</T559505></T5595><T5595><T559502>TM18</T559502><T559503>嗶悠遊卡 最悠遊</T559503><T559504>20180820</T559504><T559505>20991231</T559505></T5595><T5595><T559502>TM30</T559502><T559503>1111111110</T559503><T559504>20180820</T559504><T559505>20991231</T559505></T5595><T5595><T559502>TM80</T559502><T559503>0</T559503><T559504>20180820</T559504><T559505>20991231</T559505></T5595><T5595><T559502>TM81</T559502><T559503>0</T559503><T559504>20180820</T559504><T559505>20991231</T559505></T5595><T5595><T559501>000001</T559501><T559502>TM09</T559502><T559503>123456</T559503><T559504>20130101</T559504><T559505>20990101</T559505></T5595><T5595><T559501>000001</T559501><T559502>TM10</T559502><T559503>/OUT/ssl/ck1.cer</T559503><T559504>20130101</T559504><T559505>20990101</T559505></T5595><T5595><T559501>11606</T559501><T559502>TM11</T559502><T559503>/out/blc/BLC11606A_190522.BIG</T559503><T559504>19700101</T559504><T559505>99991231</T559505></T5595><T5595><T559501>000018</T559501><T559502>TM12</T559502><T559503>/OUT/exe/ECCAPP/ECCAPP0018.CAP</T559503><T559504>19700101</T559504><T559505>99991231</T559505></T5595><T5596><T559601>0</T559601><T559602>00000001</T559602><T559603>0</T559603><T559604>00000001</T559604></T5596><T6000>28070305D039</T6000><T6002>00B80B00E8030001A0860101F40101000000000000000000</T6002><T6003>A086010000000000000000000000000000000000000000000000000000000000</T6003><T6004>03332</T6004><T6400>9404327E36E1FD7C</T6400><T6401>F81DF21BF8B7149F</T6401><T6408>E71C12393FA476CC46C5CCE8A725C4A2</T6408><T6409>1FE19AA8D3A8A1E491D091D91DDB834A</T6409></Trans></TransXML>
2019/05/23 09:53:58
inFileGetSize (C:\ITKiosk\Reader\ECC_API\ICERData\ICERAPI_CMAS.rev.bak) FILE_OPEN_FAIL:0(0),2
2019/05/23 09:53:58
RC IN PPR_SignOn:0000868002000080F81DF21BF8B7149F1FE19AA8D3A8A1E491D091D91DDB834A000000000000000000000000000000000000000000000000000000000000000000000000000000000000000000000000000000000000000000BC08B80BE803F40101A0860100000000000000000000000000000000000000000000000000000000000000027C972A1D59
2019/05/23 09:53:59
RC OUT PPR_SignOn(9000):00001F000000000000000000000000000000000000000000000000000000000090008F
2019/05/23 09:53:59
ICER SEND CMAS ADVICE:(SSL)0384B<TransXML><TRANS><T0100>0820</T0100><T0300>881999</T0300><T1100>175178</T1100><T1200>145930</T1200><T1300>20190516</T1300><T3700>19051617517700</T3700><T4100>09100D802A00</T4100><T4104>457DE159</T4104><T4200>00010880</T4200><T4210>0</T4210><T5503>0000000001</T5503><T5504>01</T5504><T5510>0001</T5510><T4825>00</T4825><T6406>00000000000000000000000000000000</T6406></TRANS></TransXML>
2019/05/23 09:53:59
ICER RECV CMAS ADVICE:(SSL)0540B<?xml version="1.0" encoding="UTF-8" standalone="no"?><TransXML><Trans><T0100>0830</T0100><T0300>881999</T0300><T1100>175178</T1100><T1200>095355</T1200><T1300>20190523</T1300><T3700>19051617517700</T3700><T3800>6YZ7PJ</T3800><T3900>00</T3900><T4100>09100D802A00</T4100><T4104>457DE159</T4104><T4200>00010880</T4200><T4210>0</T4210><T4823>11</T4823><T4824>00</T4824><T4825>00</T4825><T5369>11</T5369><T5503>0000000001</T5503><T5504>01</T5504><T5510>0001</T5510><T5591>0</T5591><T6406>00000000000000000000000000000000</T6406></Trans></TransXML>
2019/05/23 09:53:59
inFileGetSize (C:\ITKiosk\Reader\ECC_API\ICERData\ICERAPI_CMAS.rev.bak) FILE_OPEN_FAIL:0(0),2
2019/05/23 09:53:59
gCurrentFolder RES:C:\ITKiosk\Reader\ECC_API\ICERData
2019/05/23 09:53:59
TM RES :<?xml version="1.0" encoding="UTF-8" standalone="no"?><TransXML><TRANS><T3901>0</T3901><T0100>0810</T0100><T0300>881999</T0300><T1100>175187</T1100><T1101>175189</T1101><T1200>095354</T1200><T1300>20190523</T1300><T3700>19013117518700</T3700><T3800>wxYybD</T3800><T3900>00</T3900><T4100>09100D802A00</T4100><T4101>AED5DC00</T4101><T4102>192.168.56.1</T4102><T4104>457DE159</T4104><T4107>0</T4107><T4200>00010880</T4200><T4210>0</T4210><T4820>01</T4820><T4823>11</T4823><T4824>00</T4824><T5301>01</T5301><T5303>02</T5303><T5306>7C972A</T5306><T5307>917C5C78D6E564C8</T5307><T5308>E8E674A725E68862</T5308><T5361>5430383932373332</T5361><T5362>0000020E</T5362><T5363>A9664DC529D56B95</T5363><T5364>010DD9822020DF01DF03DF0ADF0E00000000000000000000000000000000000000000000000000000000000000000000000000000000000000000000000000000000000000000000000000000000</T5364><T5365>E09304400D03000000000000</T5365><T5366>102700</T5366><T5367>000000000000000000000000000000000000000000000000000000000000000000000000000000000000000000000000000000000000000000</T5367><T5368>0000013B</T5368><T5369>11</T5369><T5370>09100D802A000000013A64DEE35C00900000000000000000000000000000000000</T5370><T5371>5039303035393630</T5371><T5503>0000000001</T5503><T5504>01</T5504><T5510>0001</T5510><T5588><T558801>01</T558801><T558803>000001</T558803></T5588><T5588><T558801>02</T558801><T558802>BIG</T558802><T558803>11606</T558803></T5588><T5588><T558801>03</T558801><T558802>VEGA5000S-APPV18</T558802><T558803>000018</T558803></T5588><T5591>0</T5591><T5595><T559502>TM01</T559502><T559503>5909</T559503><T559504>20180820</T559504><T559505>20991231</T559505></T5595><T5595><T559502>TM02</T559502><T559503>00010880</T559503><T559504>20180820</T559504><T559505>20991231</T559505></T5595><T5595><T559502>TM03</T559502><T559503>00000</T559503><T559504>20180820</T559504><T559505>20991231</T559505></T5595><T5595><T559502>TM04</T559502><T559503>0000000001</T559503><T559504>20180820</T559504><T559505>20991231</T559505></T5595><T5595><T559502>TM17</T559502><T559503>業務三科 測試機01</T559503><T559504>20180820</T559504><T559505>20991231</T559505></T5595><T5595><T559502>TM18</T559502><T559503>嗶悠遊卡 最悠遊</T559503><T559504>20180820</T559504><T559505>20991231</T559505></T5595><T5595><T559502>TM30</T559502><T559503>1111111110</T559503><T559504>20180820</T559504><T559505>20991231</T559505></T5595><T5595><T559502>TM80</T559502><T559503>0</T559503><T559504>20180820</T559504><T559505>20991231</T559505></T5595><T5595><T559502>TM81</T559502><T559503>0</T559503><T559504>20180820</T559504><T559505>20991231</T559505></T5595><T5595><T559501>000001</T559501><T559502>TM09</T559502><T559503>123456</T559503><T559504>20130101</T559504><T559505>20990101</T559505></T5595><T5595><T559501>000001</T559501><T559502>TM10</T559502><T559503>/OUT/ssl/ck1.cer</T559503><T559504>20130101</T559504><T559505>20990101</T559505></T5595><T5595><T559501>11606</T559501><T559502>TM11</T559502><T559503>/out/blc/BLC11606A_190522.BIG</T559503><T559504>19700101</T559504><T559505>99991231</T559505></T5595><T5595><T559501>000018</T559501><T559502>TM12</T559502><T559503>/OUT/exe/ECCAPP/ECCAPP0018.CAP</T559503><T559504>19700101</T559504><T559505>99991231</T559505></T5595><T5596><T559601>0</T559601><T559602>00000001</T559602><T559603>0</T559603><T559604>00000001</T559604></T5596><T6000>28070305D039</T6000><T6002>00B80B00E8030001A0860101F40101000000000000000000</T6002><T6003>A086010000000000000000000000000000000000000000000000000000000000</T6003><T6004>03332</T6004><T6400>9404327E36E1FD7C</T6400><T6401>F81DF21BF8B7149F</T6401><T6408>E71C12393FA476CC46C5CCE8A725C4A2</T6408><T6409>1FE19AA8D3A8A1E491D091D91DDB834A</T6409><T4825>00</T4825><T6406>00000000000000000000000000000000</T6406><T5548><T554801>00000000000000000000000000000000000000000000000000000000009000</T554801></T5548><T4213>00010880-00000-0000000001</T4213><T4110>0001088001304105</T4110><T4109>0220131454</T4109></TRANS></TransXML>
2019/05/23 09:53:59
inFileWrite (C:\ITKiosk\Reader\ECC_API\ICERData\ICERAPI.RES.OK) FILE_WRITE_FAIL:0
2019/05/23 09:54:02
inCheckProcess = 96,96
2019/05/23 09:54:02
inInitialTxn = 0
2019/05/23 09:54:02
TM REQ :<?xml version="1.0" encoding="UTF-8" standalone="yes"?><TransXML><TRANS><T0100>0200</T0100><T0300>606100</T0300><T0400>030000</T0400><T1100>175188</T1100><T1101>175190</T1101><T1200>055701</T1200><T1300>20190131</T1300><T4830>0</T4830><T5501>19052301</T5501></TRANS></TransXML>
2019/05/23 09:54:02
srTxnData.srIngData.lnECCAmt 1 = 300
2019/05/23 09:54:02
inFileGetSize (C:\ITKiosk\Reader\ECC_API\ICERData\ICERAPI_ICER.adv) FILE_OPEN_FAIL:0(0),2
2019/05/23 09:54:02
RC IN PPR_SignOnQuery:0000058003000028AE
2019/05/23 09:54:02
RC OUT PPR_SignOnQuery(9000):00002AE09304400D03000000000000BC08B80BE803F40101A086012D8E525CDC802A000000A08601000000900040
2019/05/23 09:54:02
RC IN PPR_TxnReqOffline:000046803201004001003030303030303030303130313230313930313331303535373031313735313838303030312D8E525C2C010000FFFFFFFFFFFF010000000000000000000000FAC3
2019/05/23 09:54:02
RC OUT PPR_TxnReqOffline(9000):0000FC00110000000000000000000000000000000000000000000000E197684E0B00420000000000E197680125AE9938000000042C01000128070305D039AED5DC0009100D802A00DC802A00000000640000020000000054303839323733320000000000000000000000000000000000000000000000313735313838000000000000000000A00F00A00F000000000000000000000000000000000000000000000000000000000000000000000001000000000000000000000000000000000000000000000000000000000000000000000000000000000000000000000000000000000000000000000000000000000000000000000000000000000000009000D2
2019/05/23 09:54:02
RC IN PPR_AuthTxnOffline:00001C80320200160000000000000000000000000000000000000000000040FA
2019/05/23 09:54:03
RC OUT PPR_AuthTxnOffline(9000):000042430000220A00900000000000000000000000000000000000000000000000000000018022414B457DE15900000000000000002D8E525C000000000000000000009000AD
2019/05/23 09:54:03
ICER SEND CMAS ADVICE:(SSL)0400B<TransXML><TRANS><T0100>0820</T0100><T0300>881999</T0300><T1100>175181</T1100><T1200>151250</T1200><T1300>20190520</T1300><T3700>19052017518000</T3700><T4100>09100D802A00</T4100><T4104>457DE159</T4104><T4200>00010880</T4200><T4210>0</T4210><T5501>1</T5501><T5503>0000000001</T5503><T5504>01</T5504><T5510>0001</T5510><T4825>00</T4825><T6406>00000000000000000000000000000000</T6406></TRANS></TransXML>
2019/05/23 09:54:04
ICER RECV CMAS ADVICE:(SSL)0556B<?xml version="1.0" encoding="UTF-8" standalone="no"?><TransXML><Trans><T0100>0830</T0100><T0300>881999</T0300><T1100>175181</T1100><T1200>095400</T1200><T1300>20190523</T1300><T3700>19052017518000</T3700><T3800>JG1KCQ</T3800><T3900>00</T3900><T4100>09100D802A00</T4100><T4104>457DE159</T4104><T4200>00010880</T4200><T4210>0</T4210><T4823>11</T4823><T4824>00</T4824><T4825>00</T4825><T5369>11</T5369><T5501>1</T5501><T5503>0000000001</T5503><T5504>01</T5504><T5510>0001</T5510><T5591>0</T5591><T6406>00000000000000000000000000000000</T6406></Trans></TransXML>
2019/05/23 09:54:04
inFileGetSize (C:\ITKiosk\Reader\ECC_API\ICERData\ICERAPI_CMAS.rev.bak) FILE_OPEN_FAIL:0(0),2
2019/05/23 09:54:04
gCurrentFolder RES:C:\ITKiosk\Reader\ECC_API\ICERData
2019/05/23 09:54:04
TM RES :<?xml version="1.0" encoding="UTF-8" standalone="yes"?><TransXML><TRANS><T3901>0</T3901><T0100>0220</T0100><T0300>811599</T0300><T0400>30000</T0400><T1100>175188</T1100><T1101>175191</T1101><T1200>055701</T1200><T1300>20190131</T1300><T4830>0</T4830><T5501>19052301</T5501><T0200>949595685</T0200><T0212>00</T0212><T0213>00</T0213><T0214>00</T0214><T0415>289400</T0415><T1201>055701</T1201><T1301>20190131</T1301><T1402>20250810</T1402><T3700>19013117519066</T3700><T4100>09100D802A00</T4100><T4101>AED5DC00</T4101><T4102>192.168.56.1</T4102><T4104>457DE159</T4104><T4107>0</T4107><T4200>00010880</T4200><T4210>0</T4210><T4800>00</T4800><T4801>000000000000000000A00F00A00F00000000000000000000000000000000000000000000000000000000000000</T4801><T4802>02</T4802><T4803>00</T4803><T4804>01</T4804><T4805>0000</T4805><T4806>00E19768</T4806><T4808>67</T4808><T4811>66</T4811><T4813>0</T4813><T4826>04</T4826><T5301>00</T5301><T5361>5430383932373332</T5361><T5362>00000000</T5362><T5363>0000000000000000</T5363><T5371>0000000000000000</T5371><T5503>0000000001</T5503><T5504>01</T5504><T5510>0001</T5510><T6000>28070305D039</T6000><T6004>03332</T6004><T6400>0000000000000000</T6400><T0410>259400</T0410><T4109>0220131454</T4109><T4110>0001088001304105</T4110><T6402>0000000000000000</T6402><T6403>8022414B</T6403><T0215>949595685</T0215><T4213>00010880-00000-0000000001</T4213></TRANS></TransXML>
2019/05/23 09:54:04
inFileWrite (C:\ITKiosk\Reader\ECC_API\ICERData\ICERAPI.RES.OK) FILE_WRITE_FAIL:0
2019/05/23 09:55:19
inCheckProcess = 96,96
2019/05/23 09:55:19
inInitialTxn = 0
2019/05/23 09:55:19
TM REQ :<?xml version="1.0" encoding="UTF-8" standalone="yes"?><TransXML><TRANS><T0100>0800</T0100><T0300>881999</T0300><T1100>175192</T1100><T1101>175192</T1101><T1200>055701</T1200><T1300>20190131</T1300><T4200>34800000</T4200></TRANS></TransXML>
2019/05/23 09:55:19
srTxnData.srIngData.lnECCAmt 1 = 0
2019/05/23 09:55:19
inFileGetSize (C:\ITKiosk\Reader\ECC_API\ICERData\ICERAPI_ICER.adv) FILE_OPEN_FAIL:0(0),2
2019/05/23 09:55:19
RC IN PPR_Reset:00004680010000403030303030303030303130313230313930313331303535373031313735313932303030312D8E525C000000000000000000000000110000000000000000000000FAC6
2019/05/23 09:55:19
RC OUT PPR_Reset(9000):0000FC01457DE15928070305D03954303839323733320000020FAEE6FD6E57AF1B48AED5DC00018C91C14D2F043DA00150393030353936300DD9822020E09304102700400D0300000000000009100D802A00DF01DF03DF0ADF0E000000000000000000000000000000000000000000000000000000000000000000000000000000000000000000000000000000000000000000000000000000000000013C0A7EB1DB713AC4E1421DADD890F12CB9EC67B5BB787FD983BB810FD075587E54BC08B80BE803F40101A08601A0860100000000000000000000002D8E525C09100D802A000000013B2D8E525C00900000000000000000000000000000000000900097
2019/05/23 09:55:19
inFileGetSize (C:\ITKiosk\Reader\ECC_API\ICERData\ICERAPI_CMAS.rev) FILE_OPEN_FAIL:0(0),2
2019/05/23 09:55:19
ICER SEND CMAS NORMAL:(SSL)1537B<?xml version="1.0" encoding="UTF-8" standalone="yes"?><TransXML><TRANS><T0100>0800</T0100><T0300>881999</T0300><T1100>175192</T1100><T1101>175192</T1101><T1200>055701</T1200><T1300>20190131</T1300><T4200>00010880</T4200><T3700>19013117519200</T3700><T4100>09100D802A00</T4100><T4101>AED5DC00</T4101><T4102>192.168.56.1</T4102><T4104>457DE159</T4104><T4107>0</T4107><T4210>0</T4210><T4820>01</T4820><T4823>11</T4823><T4824>00</T4824><T5301>01</T5301><T5307>0A7EB1DB713AC4E1</T5307><T5308>421DADD890F12CB9</T5308><T5361>5430383932373332</T5361><T5362>0000020F</T5362><T5363>AEE6FD6E57AF1B48</T5363><T5364>010DD9822020DF01DF03DF0ADF0E00000000000000000000000000000000000000000000000000000000000000000000000000000000000000000000000000000000000000000000000000000000</T5364><T5365>E09304400D03000000000000</T5365><T5366>102700</T5366><T5368>0000013C</T5368><T5369>11</T5369><T5370>09100D802A000000013B2D8E525C00900000000000000000000000000000000000</T5370><T5371>5039303035393630</T5371><T5503>0000000001</T5503><T5504>01</T5504><T5510>0001</T5510><T5588><T558801>02</T558801><T558802>BIG</T558802><T558803>03332</T558803></T5588><T5588><T558801>03</T558801><T558803>V4001E</T558803></T5588><T5588><T558801>05</T558801><T558803>28070305D039</T558803></T5588><T6000>28070305D039</T6000><T6002>00B80B00E8030001A0860101F40101010000000000000000</T6002><T6003>A086010000000000000000000000000000000000000000000000000000000000</T6003><T6004>03332</T6004><T6400>8C91C14D2F043DA0</T6400><T6408>EC67B5BB787FD983BB810FD075587E54</T6408></TRANS></TransXML>
2019/05/23 09:55:20
ICER RECV CMAS NORMAL:(SSL)3678B<?xml version="1.0" encoding="UTF-8" standalone="no"?><TransXML><Trans><T0100>0810</T0100><T0300>881999</T0300><T1100>175193</T1100><T1101>175192</T1101><T1200>095516</T1200><T1300>20190523</T1300><T3700>19013117519200</T3700><T3800>FnH4sq</T3800><T3900>00</T3900><T4100>09100D802A00</T4100><T4101>AED5DC00</T4101><T4102>192.168.56.1</T4102><T4104>457DE159</T4104><T4107>0</T4107><T4200>00010880</T4200><T4210>0</T4210><T4820>01</T4820><T4823>11</T4823><T4824>00</T4824><T5301>01</T5301><T5303>02</T5303><T5306>7C972A</T5306><T5307>0A7EB1DB713AC4E1</T5307><T5308>421DADD890F12CB9</T5308><T5361>5430383932373332</T5361><T5362>0000020F</T5362><T5363>AEE6FD6E57AF1B48</T5363><T5364>010DD9822020DF01DF03DF0ADF0E00000000000000000000000000000000000000000000000000000000000000000000000000000000000000000000000000000000000000000000000000000000</T5364><T5365>E09304400D03000000000000</T5365><T5366>102700</T5366><T5367>000000000000000000000000000000000000000000000000000000000000000000000000000000000000000000000000000000000000000000</T5367><T5368>0000013C</T5368><T5369>11</T5369><T5370>09100D802A000000013B2D8E525C00900000000000000000000000000000000000</T5370><T5371>5039303035393630</T5371><T5503>0000000001</T5503><T5504>01</T5504><T5510>0001</T5510><T5588><T558801>01</T558801><T558803>000001</T558803></T5588><T5588><T558801>02</T558801><T558802>BIG</T558802><T558803>11606</T558803></T5588><T5588><T558801>03</T558801><T558802>VEGA5000S-APPV18</T558802><T558803>000018</T558803></T5588><T5591>0</T5591><T5595><T559502>TM01</T559502><T559503>5909</T559503><T559504>20180820</T559504><T559505>20991231</T559505></T5595><T5595><T559502>TM02</T559502><T559503>00010880</T559503><T559504>20180820</T559504><T559505>20991231</T559505></T5595><T5595><T559502>TM03</T559502><T559503>00000</T559503><T559504>20180820</T559504><T559505>20991231</T559505></T5595><T5595><T559502>TM04</T559502><T559503>0000000001</T559503><T559504>20180820</T559504><T559505>20991231</T559505></T5595><T5595><T559502>TM17</T559502><T559503>業務三科 測試機01</T559503><T559504>20180820</T559504><T559505>20991231</T559505></T5595><T5595><T559502>TM18</T559502><T559503>嗶悠遊卡 最悠遊</T559503><T559504>20180820</T559504><T559505>20991231</T559505></T5595><T5595><T559502>TM30</T559502><T559503>1111111110</T559503><T559504>20180820</T559504><T559505>20991231</T559505></T5595><T5595><T559502>TM80</T559502><T559503>0</T559503><T559504>20180820</T559504><T559505>20991231</T559505></T5595><T5595><T559502>TM81</T559502><T559503>0</T559503><T559504>20180820</T559504><T559505>20991231</T559505></T5595><T5595><T559501>000001</T559501><T559502>TM09</T559502><T559503>123456</T559503><T559504>20130101</T559504><T559505>20990101</T559505></T5595><T5595><T559501>000001</T559501><T559502>TM10</T559502><T559503>/OUT/ssl/ck1.cer</T559503><T559504>20130101</T559504><T559505>20990101</T559505></T5595><T5595><T559501>11606</T559501><T559502>TM11</T559502><T559503>/out/blc/BLC11606A_190522.BIG</T559503><T559504>19700101</T559504><T559505>99991231</T559505></T5595><T5595><T559501>000018</T559501><T559502>TM12</T559502><T559503>/OUT/exe/ECCAPP/ECCAPP0018.CAP</T559503><T559504>19700101</T559504><T559505>99991231</T559505></T5595><T5596><T559601>0</T559601><T559602>00000001</T559602><T559603>0</T559603><T559604>00000001</T559604></T5596><T6000>28070305D039</T6000><T6002>00B80B00E8030001A0860101F40101000000000000000000</T6002><T6003>A086010000000000000000000000000000000000000000000000000000000000</T6003><T6004>03332</T6004><T6400>8C91C14D2F043DA0</T6400><T6401>16FC11D34E4ACC74</T6401><T6408>EC67B5BB787FD983BB810FD075587E54</T6408><T6409>7498A1A7D206620194C834A746F33119</T6409></Trans></TransXML>
2019/05/23 09:55:20
inFileGetSize (C:\ITKiosk\Reader\ECC_API\ICERData\ICERAPI_CMAS.rev.bak) FILE_OPEN_FAIL:0(0),2
2019/05/23 09:55:20
RC IN PPR_SignOn:000086800200008016FC11D34E4ACC747498A1A7D206620194C834A746F33119000000000000000000000000000000000000000000000000000000000000000000000000000000000000000000000000000000000000000000BC08B80BE803F40101A0860100000000000000000000000000000000000000000000000000000000000000027C972A1DFE
2019/05/23 09:55:20
RC OUT PPR_SignOn(9000):00001F000000000000000000000000000000000000000000000000000000000090008F
2019/05/23 09:55:20
ICER SEND CMAS ADVICE:(SSL)1221B<?xml version="1.0" encoding="UTF-8" standalone="yes"?><TransXML><TRANS><T0100>0220</T0100><T0300>811599</T0300><T0400>5</T0400><T1100>175182</T1100><T1101>000001</T1101><T1200>151250</T1200><T1300>20190520</T1300><T5501>1</T5501><T0200>949595685</T0200><T0212>00</T0212><T0213>00</T0213><T0214>00</T0214><T0410>2899</T0410><T1201>151250</T1201><T1301>20190520</T1301><T1402>20250810</T1402><T3700>19052017518265</T3700><T4100>09100D802A00</T4100><T4101>AED5DC00</T4101><T4102>192.168.56.1</T4102><T4104>457DE159</T4104><T4107>0</T4107><T4200>00010880</T4200><T4210>0</T4210><T4800>00</T4800><T4801>000000000000000000A00F00A00F00000000000000000000000000000000000000000000000000000000000000</T4801><T4802>02</T4802><T4803>00</T4803><T4804>01</T4804><T4805>0000</T4805><T4806>00E19768</T4806><T4808>66</T4808><T4811>65</T4811><T4813>0</T4813><T4826>04</T4826><T5301>00</T5301><T5361>5430383932373332</T5361><T5362>00000000</T5362><T5363>0000000000000000</T5363><T5371>0000000000000000</T5371><T5503>0000000001</T5503><T5504>01</T5504><T5510>0001</T5510><T6000>28070305D039</T6000><T6004>03332</T6004><T6400>0000000000000000</T6400><T0408>2894</T0408><T6402>0000000000000000</T6402><T6403>A1B360D2</T6403></TRANS></TransXML>
2019/05/23 09:55:20
ICER RECV CMAS ADVICE:(SSL)1322B<?xml version="1.0" encoding="UTF-8" standalone="no"?><TransXML><Trans><T0100>0230</T0100><T0200>949595685</T0200><T0212>00</T0212><T0213>00</T0213><T0214>00</T0214><T0300>811599</T0300><T0400>5</T0400><T0408>2894</T0408><T0410>2899</T0410><T1100>175182</T1100><T1101>000001</T1101><T1200>095516</T1200><T1201>151250</T1201><T1300>20190523</T1300><T1301>20190520</T1301><T1402>20250810</T1402><T3700>19052017518265</T3700><T3800>HhZBaO</T3800><T3900>00</T3900><T4100>09100D802A00</T4100><T4101>AED5DC00</T4101><T4102>192.168.56.1</T4102><T4104>457DE159</T4104><T4107>0</T4107><T4200>00010880</T4200><T4210>0</T4210><T4800>00</T4800><T4801>000000000000000000A00F00A00F00000000000000000000000000000000000000000000000000000000000000</T4801><T4802>02</T4802><T4803>00</T4803><T4804>01</T4804><T4805>0000</T4805><T4806>00E19768</T4806><T4808>66</T4808><T4811>65</T4811><T4813>0</T4813><T4823>11</T4823><T4824>00</T4824><T4826>04</T4826><T5301>00</T5301><T5361>5430383932373332</T5361><T5362>00000000</T5362><T5363>0000000000000000</T5363><T5369>11</T5369><T5371>0000000000000000</T5371><T5501>1</T5501><T5503>0000000001</T5503><T5504>01</T5504><T5510>0001</T5510><T5591>0</T5591><T6000>28070305D039</T6000><T6004>03332</T6004><T6400>0000000000000000</T6400><T6402>0000000000000000</T6402><T6403>A1B360D2</T6403></Trans></TransXML>
2019/05/23 09:55:20
inFileGetSize (C:\ITKiosk\Reader\ECC_API\ICERData\ICERAPI_CMAS.rev.bak) FILE_OPEN_FAIL:0(0),2
2019/05/23 09:55:20
gCurrentFolder RES:C:\ITKiosk\Reader\ECC_API\ICERData
2019/05/23 09:55:20
TM RES :<?xml version="1.0" encoding="UTF-8" standalone="no"?><TransXML><TRANS><T3901>0</T3901><T0100>0810</T0100><T0300>881999</T0300><T1100>175192</T1100><T1101>175194</T1101><T1200>095516</T1200><T1300>20190523</T1300><T3700>19013117519200</T3700><T3800>FnH4sq</T3800><T3900>00</T3900><T4100>09100D802A00</T4100><T4101>AED5DC00</T4101><T4102>192.168.56.1</T4102><T4104>457DE159</T4104><T4107>0</T4107><T4200>00010880</T4200><T4210>0</T4210><T4820>01</T4820><T4823>11</T4823><T4824>00</T4824><T5301>01</T5301><T5303>02</T5303><T5306>7C972A</T5306><T5307>0A7EB1DB713AC4E1</T5307><T5308>421DADD890F12CB9</T5308><T5361>5430383932373332</T5361><T5362>0000020F</T5362><T5363>AEE6FD6E57AF1B48</T5363><T5364>010DD9822020DF01DF03DF0ADF0E00000000000000000000000000000000000000000000000000000000000000000000000000000000000000000000000000000000000000000000000000000000</T5364><T5365>E09304400D03000000000000</T5365><T5366>102700</T5366><T5367>000000000000000000000000000000000000000000000000000000000000000000000000000000000000000000000000000000000000000000</T5367><T5368>0000013C</T5368><T5369>11</T5369><T5370>09100D802A000000013B2D8E525C00900000000000000000000000000000000000</T5370><T5371>5039303035393630</T5371><T5503>0000000001</T5503><T5504>01</T5504><T5510>0001</T5510><T5588><T558801>01</T558801><T558803>000001</T558803></T5588><T5588><T558801>02</T558801><T558802>BIG</T558802><T558803>11606</T558803></T5588><T5588><T558801>03</T558801><T558802>VEGA5000S-APPV18</T558802><T558803>000018</T558803></T5588><T5591>0</T5591><T5595><T559502>TM01</T559502><T559503>5909</T559503><T559504>20180820</T559504><T559505>20991231</T559505></T5595><T5595><T559502>TM02</T559502><T559503>00010880</T559503><T559504>20180820</T559504><T559505>20991231</T559505></T5595><T5595><T559502>TM03</T559502><T559503>00000</T559503><T559504>20180820</T559504><T559505>20991231</T559505></T5595><T5595><T559502>TM04</T559502><T559503>0000000001</T559503><T559504>20180820</T559504><T559505>20991231</T559505></T5595><T5595><T559502>TM17</T559502><T559503>業務三科 測試機01</T559503><T559504>20180820</T559504><T559505>20991231</T559505></T5595><T5595><T559502>TM18</T559502><T559503>嗶悠遊卡 最悠遊</T559503><T559504>20180820</T559504><T559505>20991231</T559505></T5595><T5595><T559502>TM30</T559502><T559503>1111111110</T559503><T559504>20180820</T559504><T559505>20991231</T559505></T5595><T5595><T559502>TM80</T559502><T559503>0</T559503><T559504>20180820</T559504><T559505>20991231</T559505></T5595><T5595><T559502>TM81</T559502><T559503>0</T559503><T559504>20180820</T559504><T559505>20991231</T559505></T5595><T5595><T559501>000001</T559501><T559502>TM09</T559502><T559503>123456</T559503><T559504>20130101</T559504><T559505>20990101</T559505></T5595><T5595><T559501>000001</T559501><T559502>TM10</T559502><T559503>/OUT/ssl/ck1.cer</T559503><T559504>20130101</T559504><T559505>20990101</T559505></T5595><T5595><T559501>11606</T559501><T559502>TM11</T559502><T559503>/out/blc/BLC11606A_190522.BIG</T559503><T559504>19700101</T559504><T559505>99991231</T559505></T5595><T5595><T559501>000018</T559501><T559502>TM12</T559502><T559503>/OUT/exe/ECCAPP/ECCAPP0018.CAP</T559503><T559504>19700101</T559504><T559505>99991231</T559505></T5595><T5596><T559601>0</T559601><T559602>00000001</T559602><T559603>0</T559603><T559604>00000001</T559604></T5596><T6000>28070305D039</T6000><T6002>00B80B00E8030001A0860101F40101000000000000000000</T6002><T6003>A086010000000000000000000000000000000000000000000000000000000000</T6003><T6004>03332</T6004><T6400>8C91C14D2F043DA0</T6400><T6401>16FC11D34E4ACC74</T6401><T6408>EC67B5BB787FD983BB810FD075587E54</T6408><T6409>7498A1A7D206620194C834A746F33119</T6409><T4825>00</T4825><T6406>00000000000000000000000000000000</T6406><T5548><T554801>00000000000000000000000000000000000000000000000000000000009000</T554801></T5548><T4213>00010880-00000-0000000001</T4213><T4110>0001088001304105</T4110><T4109>0220131454</T4109></TRANS></TransXML>
2019/05/23 09:55:20
inFileWrite (C:\ITKiosk\Reader\ECC_API\ICERData\ICERAPI.RES.OK) FILE_WRITE_FAIL:0
2019/05/23 09:55:24
inCheckProcess = 96,96
2019/05/23 09:55:24
inInitialTxn = 0
2019/05/23 09:55:24
TM REQ :<?xml version="1.0" encoding="UTF-8" standalone="yes"?><TransXML><TRANS><T0100>0200</T0100><T0300>606100</T0300><T0400>030000</T0400><T1100>175193</T1100><T1101>175195</T1101><T1200>055701</T1200><T1300>20190131</T1300><T4830>0</T4830><T5501>19052301</T5501></TRANS></TransXML>
2019/05/23 09:55:24
srTxnData.srIngData.lnECCAmt 1 = 300
2019/05/23 09:55:24
inFileGetSize (C:\ITKiosk\Reader\ECC_API\ICERData\ICERAPI_ICER.adv) FILE_OPEN_FAIL:0(0),2
2019/05/23 09:55:24
RC IN PPR_SignOnQuery:0000058003000028AE
2019/05/23 09:55:24
RC OUT PPR_SignOnQuery(9000):00002AE09304400D03000000000000BC08B80BE803F40101A086012D8E525CDC802A000000A08601000000900040
2019/05/23 09:55:24
RC IN PPR_TxnReqOffline:000046803201004001003030303030303030303130313230313930313331303535373031313735313933303030312D8E525C2C010000FFFFFFFFFFFF010000000000000000000000FAC9
2019/05/23 09:55:24
RC OUT PPR_TxnReqOffline(9000):0000FC00110000000000000000000000000000000000000000000000E19768220A00430000000000E197680125AE9938000000042C01000128070305D039AED5DC0009100D802A00DC802A00000000640000020000000054303839323733320000000000000000000000000000000000000000000000313735313933000000000000000000A00F00A00F000000000000000000000000000000000000000000000000000000000000000000000001000000000000000000000000000000000000000000000000000000000000000000000000000000000000000000000000000000000000000000000000000000000000000000000000000000000000009000B4
2019/05/23 09:55:24
RC IN PPR_AuthTxnOffline:00001C80320200160000000000000000000000000000000000000000000040FA
2019/05/23 09:55:24
RC OUT PPR_AuthTxnOffline(9000):000042440000F608009000000000000000000000000000000000000000000000000000000124A90E43457DE15900000000000000002D8E525C00000000000000000000900014
2019/05/23 09:55:24
ICER SEND CMAS ADVICE:(SSL)0384B<TransXML><TRANS><T0100>0820</T0100><T0300>881999</T0300><T1100>175185</T1100><T1200>111756</T1200><T1300>20190521</T1300><T3700>19052117518400</T3700><T4100>09100D802A00</T4100><T4104>457DE159</T4104><T4200>00010880</T4200><T4210>0</T4210><T5503>0000000001</T5503><T5504>01</T5504><T5510>0001</T5510><T4825>00</T4825><T6406>00000000000000000000000000000000</T6406></TRANS></TransXML>
2019/05/23 09:55:24
ICER RECV CMAS ADVICE:(SSL)0540B<?xml version="1.0" encoding="UTF-8" standalone="no"?><TransXML><Trans><T0100>0830</T0100><T0300>881999</T0300><T1100>175185</T1100><T1200>095520</T1200><T1300>20190523</T1300><T3700>19052117518400</T3700><T3800>SJZJsK</T3800><T3900>00</T3900><T4100>09100D802A00</T4100><T4104>457DE159</T4104><T4200>00010880</T4200><T4210>0</T4210><T4823>11</T4823><T4824>00</T4824><T4825>00</T4825><T5369>11</T5369><T5503>0000000001</T5503><T5504>01</T5504><T5510>0001</T5510><T5591>0</T5591><T6406>00000000000000000000000000000000</T6406></Trans></TransXML>
2019/05/23 09:55:24
inFileGetSize (C:\ITKiosk\Reader\ECC_API\ICERData\ICERAPI_CMAS.rev.bak) FILE_OPEN_FAIL:0(0),2
2019/05/23 09:55:24
gCurrentFolder RES:C:\ITKiosk\Reader\ECC_API\ICERData
2019/05/23 09:55:24
TM RES :<?xml version="1.0" encoding="UTF-8" standalone="yes"?><TransXML><TRANS><T3901>0</T3901><T0100>0220</T0100><T0300>811599</T0300><T0400>30000</T0400><T1100>175193</T1100><T1101>175196</T1101><T1200>055701</T1200><T1300>20190131</T1300><T4830>0</T4830><T5501>19052301</T5501><T0200>949595685</T0200><T0212>00</T0212><T0213>00</T0213><T0214>00</T0214><T0415>259400</T0415><T1201>055701</T1201><T1301>20190131</T1301><T1402>20250810</T1402><T3700>19013117519567</T3700><T4100>09100D802A00</T4100><T4101>AED5DC00</T4101><T4102>192.168.56.1</T4102><T4104>457DE159</T4104><T4107>0</T4107><T4200>00010880</T4200><T4210>0</T4210><T4800>00</T4800><T4801>000000000000000000A00F00A00F00000000000000000000000000000000000000000000000000000000000000</T4801><T4802>02</T4802><T4803>00</T4803><T4804>01</T4804><T4805>0000</T4805><T4806>00E19768</T4806><T4808>68</T4808><T4811>67</T4811><T4813>0</T4813><T4826>04</T4826><T5301>00</T5301><T5361>5430383932373332</T5361><T5362>00000000</T5362><T5363>0000000000000000</T5363><T5371>0000000000000000</T5371><T5503>0000000001</T5503><T5504>01</T5504><T5510>0001</T5510><T6000>28070305D039</T6000><T6004>03332</T6004><T6400>0000000000000000</T6400><T0410>229400</T0410><T4109>0220131454</T4109><T4110>0001088001304105</T4110><T6402>0000000000000000</T6402><T6403>24A90E43</T6403><T0215>949595685</T0215><T4213>00010880-00000-0000000001</T4213></TRANS></TransXML>
2019/05/23 09:55:24
inFileWrite (C:\ITKiosk\Reader\ECC_API\ICERData\ICERAPI.RES.OK) FILE_WRITE_FAIL:0
