2019/06/06 11:05:10
inCheckProcess = 96,96
2019/06/06 11:05:11
inInitialTxn = 0
2019/06/06 11:05:11
TM REQ :<?xml version="1.0" encoding="UTF-8" standalone="yes"?><TransXML><TRANS><T0100>0200</T0100><T0300>606100</T0300><T0400>000500</T0400><T1100>000001</T1100><T1101>000001</T1101><T1200>110510</T1200><T1300>20190606</T1300><T4830>0</T4830><T5501>1</T5501></TRANS></TransXML>
2019/06/06 11:05:11
srTxnData.srIngData.lnECCAmt 1 = 5
2019/06/06 11:05:11
inFileGetSize (C:\ITKiosk\Reader\ECC_API\ICERData\ICERAPI_ICER.adv) FILE_OPEN_FAIL:0(0),2
2019/06/06 11:05:11
RC IN PPR_SignOnQuery:0000058003000028AE
2019/06/06 11:05:11
RC OUT PPR_SignOnQuery(9000):00002AE09304400D03000000000000BC08B80BE803F40101A08601F585F65CDC802A000000A08601000000900037
2019/06/06 11:05:11
RC IN PPR_TxnReqOffline:0000468032010040010030303030303030303031303132303139303630363131303531303030303030313030303166F3F85C05000000FFFFFFFFFFFF010000000000000000000000FA75
2019/06/06 11:05:11
RC OUT PPR_TxnReqOffline(6304):00000263046500000000000000000000000000000000000000000000000000000000000000000000000000000000000000000000000000000000000000000000000000000000000000000000000000000000000000000000000000000000000000000000000000000000000000000000000000000000000000000000000000000000000000000000000000000000000000000000000000000000000000000000000000000000000000000000000000000000000000000000000000000000000000000000000000000000000000000000000000000000000000000000000000000000000000000000000000000000000000000000000000000000000000000000
2019/06/06 11:05:11
RC IN PPR_Reset:000046800100004030303030303030303031303132303139303630363131303531303030303030313030303166F3F85C000000000000000000000000110000000000000000000000FA53
2019/06/06 11:05:11
RC OUT PPR_Reset(9000):0000FC01457DE15928070305D03954303839323733320000022E6219D1FB7140AAD7AED5DC000123DCE10A5F8F36020150393030353936300DD9822020E09304102700400D0300000000000009100D802A00DF01DF03DF0ADF0E000000000000000000000000000000000000000000000000000000000000000000000000000000000000000000000000000000000000000000000000000000000000014B4B4740617E2DE070C15F65E87A21B9FBD9BF4CE12095D04D284B4561E4328B43BC08B80BE803F40101A08601A086010000000000000000000000F585F65C09100D802A000000014AF585F65C009000000000000000000000000000000000009000C0
2019/06/06 11:05:11
inFileGetSize (C:\ITKiosk\Reader\ECC_API\ICERData\ICERAPI_CMAS.rev) FILE_OPEN_FAIL:0(0),2
2019/06/06 11:05:11
ICER SEND CMAS NORMAL:(SSL)1574B<?xml version="1.0" encoding="UTF-8" standalone="yes"?><TransXML><TRANS><T0100>0800</T0100><T0300>881999</T0300><T0400>000500</T0400><T1100>175298</T1100><T1101>000001</T1101><T1200>110510</T1200><T1300>20190606</T1300><T5501>1</T5501><T3700>19060617529800</T3700><T4100>09100D802A00</T4100><T4101>AED5DC00</T4101><T4102>192.168.56.1</T4102><T4104>457DE159</T4104><T4107>0</T4107><T4200>00010880</T4200><T4210>0</T4210><T4820>01</T4820><T4823>11</T4823><T4824>00</T4824><T5301>01</T5301><T5307>4B4740617E2DE070</T5307><T5308>C15F65E87A21B9FB</T5308><T5361>5430383932373332</T5361><T5362>0000022E</T5362><T5363>6219D1FB7140AAD7</T5363><T5364>010DD9822020DF01DF03DF0ADF0E00000000000000000000000000000000000000000000000000000000000000000000000000000000000000000000000000000000000000000000000000000000</T5364><T5365>E09304400D03000000000000</T5365><T5366>102700</T5366><T5368>0000014B</T5368><T5369>11</T5369><T5370>09100D802A000000014AF585F65C00900000000000000000000000000000000000</T5370><T5371>5039303035393630</T5371><T5503>0000000001</T5503><T5504>01</T5504><T5510>0001</T5510><T5588><T558801>02</T558801><T558802>BIG</T558802><T558803>03332</T558803></T5588><T5588><T558801>03</T558801><T558803>V4001E</T558803></T5588><T5588><T558801>05</T558801><T558803>28070305D039</T558803></T5588><T6000>28070305D039</T6000><T6002>00B80B00E8030001A0860101F40101010000000000000000</T6002><T6003>A086010000000000000000000000000000000000000000000000000000000000</T6003><T6004>03332</T6004><T6400>23DCE10A5F8F3602</T6400><T6408>D9BF4CE12095D04D284B4561E4328B43</T6408></TRANS></TransXML>
2019/06/06 11:05:12
ICER RECV CMAS NORMAL:(SSL)3712B<?xml version="1.0" encoding="UTF-8" standalone="no"?><TransXML><Trans><T0100>0810</T0100><T0300>881999</T0300><T0400>500</T0400><T1100>175299</T1100><T1101>000001</T1101><T1200>110501</T1200><T1300>20190606</T1300><T3700>19060617529800</T3700><T3800>RPWfOd</T3800><T3900>00</T3900><T4100>09100D802A00</T4100><T4101>AED5DC00</T4101><T4102>192.168.56.1</T4102><T4104>457DE159</T4104><T4107>0</T4107><T4200>00010880</T4200><T4210>0</T4210><T4820>01</T4820><T4823>11</T4823><T4824>00</T4824><T5301>01</T5301><T5303>02</T5303><T5306>7C972A</T5306><T5307>4B4740617E2DE070</T5307><T5308>C15F65E87A21B9FB</T5308><T5361>5430383932373332</T5361><T5362>0000022E</T5362><T5363>6219D1FB7140AAD7</T5363><T5364>010DD9822020DF01DF03DF0ADF0E00000000000000000000000000000000000000000000000000000000000000000000000000000000000000000000000000000000000000000000000000000000</T5364><T5365>E09304400D03000000000000</T5365><T5366>102700</T5366><T5367>000000000000000000000000000000000000000000000000000000000000000000000000000000000000000000000000000000000000000000</T5367><T5368>0000014B</T5368><T5369>11</T5369><T5370>09100D802A000000014AF585F65C00900000000000000000000000000000000000</T5370><T5371>5039303035393630</T5371><T5501>1</T5501><T5503>0000000001</T5503><T5504>01</T5504><T5510>0001</T5510><T5588><T558801>01</T558801><T558803>000001</T558803></T5588><T5588><T558801>02</T558801><T558802>BIG</T558802><T558803>11626</T558803></T5588><T5588><T558801>03</T558801><T558802>VEGA5000S-APPV18</T558802><T558803>000018</T558803></T5588><T5591>0</T5591><T5595><T559502>TM01</T559502><T559503>5909</T559503><T559504>20180820</T559504><T559505>20991231</T559505></T5595><T5595><T559502>TM02</T559502><T559503>00010880</T559503><T559504>20180820</T559504><T559505>20991231</T559505></T5595><T5595><T559502>TM03</T559502><T559503>00000</T559503><T559504>20180820</T559504><T559505>20991231</T559505></T5595><T5595><T559502>TM04</T559502><T559503>0000000001</T559503><T559504>20180820</T559504><T559505>20991231</T559505></T5595><T5595><T559502>TM17</T559502><T559503>業務三科 測試機01</T559503><T559504>20180820</T559504><T559505>20991231</T559505></T5595><T5595><T559502>TM18</T559502><T559503>嗶悠遊卡 最悠遊</T559503><T559504>20180820</T559504><T559505>20991231</T559505></T5595><T5595><T559502>TM30</T559502><T559503>1111111110</T559503><T559504>20180820</T559504><T559505>20991231</T559505></T5595><T5595><T559502>TM80</T559502><T559503>0</T559503><T559504>20180820</T559504><T559505>20991231</T559505></T5595><T5595><T559502>TM81</T559502><T559503>0</T559503><T559504>20180820</T559504><T559505>20991231</T559505></T5595><T5595><T559501>000001</T559501><T559502>TM09</T559502><T559503>123456</T559503><T559504>20130101</T559504><T559505>20990101</T559505></T5595><T5595><T559501>000001</T559501><T559502>TM10</T559502><T559503>/OUT/ssl/ck1.cer</T559503><T559504>20130101</T559504><T559505>20990101</T559505></T5595><T5595><T559501>11626</T559501><T559502>TM11</T559502><T559503>/out/blc/BLC11626A_190605.BIG</T559503><T559504>19700101</T559504><T559505>99991231</T559505></T5595><T5595><T559501>000018</T559501><T559502>TM12</T559502><T559503>/OUT/exe/ECCAPP/ECCAPP0018.CAP</T559503><T559504>19700101</T559504><T559505>99991231</T559505></T5595><T5596><T559601>0</T559601><T559602>00000001</T559602><T559603>0</T559603><T559604>00000001</T559604></T5596><T6000>28070305D039</T6000><T6002>00B80B00E8030001A0860101F40101000000000000000000</T6002><T6003>A086010000000000000000000000000000000000000000000000000000000000</T6003><T6004>03332</T6004><T6400>23DCE10A5F8F3602</T6400><T6401>B5D637E09357831D</T6401><T6408>D9BF4CE12095D04D284B4561E4328B43</T6408><T6409>2849C7411C046506F106D10EC5D61456</T6409></Trans></TransXML>
2019/06/06 11:05:12
inFileGetSize (C:\ITKiosk\Reader\ECC_API\ICERData\ICERAPI_CMAS.rev.bak) FILE_OPEN_FAIL:0(0),2
2019/06/06 11:05:12
RC IN PPR_SignOn:0000868002000080B5D637E09357831D2849C7411C046506F106D10EC5D61456000000000000000000000000000000000000000000000000000000000000000000000000000000000000000000000000000000000000000000BC08B80BE803F40101A0860100000000000000000000000000000000000000000000000000000000000000027C972A1D6E
2019/06/06 11:05:12
RC OUT PPR_SignOn(9000):00001F000000000000000000000000000000000000000000000000000000000090008F
2019/06/06 11:05:12
ICER SEND CMAS ADVICE:(SSL)1221B<?xml version="1.0" encoding="UTF-8" standalone="yes"?><TransXML><TRANS><T0100>0220</T0100><T0300>811599</T0300><T0400>5</T0400><T1100>175290</T1100><T1101>000001</T1101><T1200>164839</T1200><T1300>20190605</T1300><T5501>1</T5501><T0200>949595685</T0200><T0212>00</T0212><T0213>00</T0213><T0214>00</T0214><T0410>2164</T0410><T1201>164839</T1201><T1301>20190605</T1301><T1402>20250810</T1402><T3700>19060517529094</T3700><T4100>09100D802A00</T4100><T4101>AED5DC00</T4101><T4102>192.168.56.1</T4102><T4104>457DE159</T4104><T4107>0</T4107><T4200>00010880</T4200><T4210>0</T4210><T4800>00</T4800><T4801>000000000000000000A00F00A00F00000000000000000000000000000000000000000000000000000000000000</T4801><T4802>02</T4802><T4803>00</T4803><T4804>01</T4804><T4805>0000</T4805><T4806>00E19768</T4806><T4808>95</T4808><T4811>94</T4811><T4813>0</T4813><T4826>04</T4826><T5301>00</T5301><T5361>5430383932373332</T5361><T5362>00000000</T5362><T5363>0000000000000000</T5363><T5371>0000000000000000</T5371><T5503>0000000001</T5503><T5504>01</T5504><T5510>0001</T5510><T6000>28070305D039</T6000><T6004>03332</T6004><T6400>0000000000000000</T6400><T0408>2159</T0408><T6402>0000000000000000</T6402><T6403>1B6A8619</T6403></TRANS></TransXML>
2019/06/06 11:05:12
ICER RECV CMAS ADVICE:(SSL)1322B<?xml version="1.0" encoding="UTF-8" standalone="no"?><TransXML><Trans><T0100>0230</T0100><T0200>949595685</T0200><T0212>00</T0212><T0213>00</T0213><T0214>00</T0214><T0300>811599</T0300><T0400>5</T0400><T0408>2159</T0408><T0410>2164</T0410><T1100>175290</T1100><T1101>000001</T1101><T1200>110502</T1200><T1201>164839</T1201><T1300>20190606</T1300><T1301>20190605</T1301><T1402>20250810</T1402><T3700>19060517529094</T3700><T3800>P5r7Ch</T3800><T3900>00</T3900><T4100>09100D802A00</T4100><T4101>AED5DC00</T4101><T4102>192.168.56.1</T4102><T4104>457DE159</T4104><T4107>0</T4107><T4200>00010880</T4200><T4210>0</T4210><T4800>00</T4800><T4801>000000000000000000A00F00A00F00000000000000000000000000000000000000000000000000000000000000</T4801><T4802>02</T4802><T4803>00</T4803><T4804>01</T4804><T4805>0000</T4805><T4806>00E19768</T4806><T4808>95</T4808><T4811>94</T4811><T4813>0</T4813><T4823>11</T4823><T4824>00</T4824><T4826>04</T4826><T5301>00</T5301><T5361>5430383932373332</T5361><T5362>00000000</T5362><T5363>0000000000000000</T5363><T5369>11</T5369><T5371>0000000000000000</T5371><T5501>1</T5501><T5503>0000000001</T5503><T5504>01</T5504><T5510>0001</T5510><T5591>0</T5591><T6000>28070305D039</T6000><T6004>03332</T6004><T6400>0000000000000000</T6400><T6402>0000000000000000</T6402><T6403>1B6A8619</T6403></Trans></TransXML>
2019/06/06 11:05:12
inFileGetSize (C:\ITKiosk\Reader\ECC_API\ICERData\ICERAPI_CMAS.rev.bak) FILE_OPEN_FAIL:0(0),2
2019/06/06 11:05:12
RC IN PPR_TxnReqOffline:0000468032010040010030303030303030303031303132303139303630363131303531303030303030313030303166F3F85C05000000FFFFFFFFFFFF010000000000000000000000FA75
2019/06/06 11:05:15
RC OUT PPR_TxnReqOffline(9000):0000FC00110000000000000000000000000000000000000000000000E19768600800620000000000E197680125AE9938000000040500000128070305D039AED5DC0009100D802A00DC802A00000000640000020000000054303839323733320000000000000000000000000000000000000000000000303030303031000000000000000000A00F00A00F000000000000000000000000000000000000000000000000000000000000000000000001000000000000000000000000000000000000000000000000000000000000000000000000000000000000000000000000000000000000000000000000000000000000000000000000000000000000009000F4
2019/06/06 11:05:15
RC IN PPR_AuthTxnOffline:00001C80320200160000000000000000000000000000000000000000000040FA
2019/06/06 11:05:15
RC OUT PPR_AuthTxnOffline(9000):0000426300005B0800900000000000000000000000000000000000000000000000000000019CB102F5457DE159000000000000000066F3F85C00000000000000000000900018
2019/06/06 11:05:15
ICER SEND CMAS ADVICE:(SSL)1221B<?xml version="1.0" encoding="UTF-8" standalone="yes"?><TransXML><TRANS><T0100>0220</T0100><T0300>811599</T0300><T0400>5</T0400><T1100>175292</T1100><T1101>000002</T1101><T1200>165135</T1200><T1300>20190605</T1300><T5501>1</T5501><T0200>949595685</T0200><T0212>00</T0212><T0213>00</T0213><T0214>00</T0214><T0410>2159</T0410><T1201>165135</T1201><T1301>20190605</T1301><T1402>20250810</T1402><T3700>19060517529295</T3700><T4100>09100D802A00</T4100><T4101>AED5DC00</T4101><T4102>192.168.56.1</T4102><T4104>457DE159</T4104><T4107>0</T4107><T4200>00010880</T4200><T4210>0</T4210><T4800>00</T4800><T4801>000000000000000000A00F00A00F00000000000000000000000000000000000000000000000000000000000000</T4801><T4802>02</T4802><T4803>00</T4803><T4804>01</T4804><T4805>0000</T4805><T4806>00E19768</T4806><T4808>96</T4808><T4811>95</T4811><T4813>0</T4813><T4826>04</T4826><T5301>00</T5301><T5361>5430383932373332</T5361><T5362>00000000</T5362><T5363>0000000000000000</T5363><T5371>0000000000000000</T5371><T5503>0000000001</T5503><T5504>01</T5504><T5510>0001</T5510><T6000>28070305D039</T6000><T6004>03332</T6004><T6400>0000000000000000</T6400><T0408>2154</T0408><T6402>0000000000000000</T6402><T6403>C05E4E90</T6403></TRANS></TransXML>
2019/06/06 11:05:16
ICER RECV CMAS ADVICE:(SSL)1322B<?xml version="1.0" encoding="UTF-8" standalone="no"?><TransXML><Trans><T0100>0230</T0100><T0200>949595685</T0200><T0212>00</T0212><T0213>00</T0213><T0214>00</T0214><T0300>811599</T0300><T0400>5</T0400><T0408>2154</T0408><T0410>2159</T0410><T1100>175292</T1100><T1101>000002</T1101><T1200>110506</T1200><T1201>165135</T1201><T1300>20190606</T1300><T1301>20190605</T1301><T1402>20250810</T1402><T3700>19060517529295</T3700><T3800>D6IHHV</T3800><T3900>00</T3900><T4100>09100D802A00</T4100><T4101>AED5DC00</T4101><T4102>192.168.56.1</T4102><T4104>457DE159</T4104><T4107>0</T4107><T4200>00010880</T4200><T4210>0</T4210><T4800>00</T4800><T4801>000000000000000000A00F00A00F00000000000000000000000000000000000000000000000000000000000000</T4801><T4802>02</T4802><T4803>00</T4803><T4804>01</T4804><T4805>0000</T4805><T4806>00E19768</T4806><T4808>96</T4808><T4811>95</T4811><T4813>0</T4813><T4823>11</T4823><T4824>00</T4824><T4826>04</T4826><T5301>00</T5301><T5361>5430383932373332</T5361><T5362>00000000</T5362><T5363>0000000000000000</T5363><T5369>11</T5369><T5371>0000000000000000</T5371><T5501>1</T5501><T5503>0000000001</T5503><T5504>01</T5504><T5510>0001</T5510><T5591>0</T5591><T6000>28070305D039</T6000><T6004>03332</T6004><T6400>0000000000000000</T6400><T6402>0000000000000000</T6402><T6403>C05E4E90</T6403></Trans></TransXML>
2019/06/06 11:05:16
inFileGetSize (C:\ITKiosk\Reader\ECC_API\ICERData\ICERAPI_CMAS.rev.bak) FILE_OPEN_FAIL:0(0),2
2019/06/06 11:05:16
gCurrentFolder RES:C:\ITKiosk\Reader\ECC_API\ICERData
2019/06/06 11:05:16
TM RES :<?xml version="1.0" encoding="UTF-8" standalone="yes"?><TransXML><TRANS><T3901>0</T3901><T0100>0220</T0100><T0300>811599</T0300><T0400>500</T0400><T1100>000001</T1100><T1101>175301</T1101><T1200>110510</T1200><T1300>20190606</T1300><T4830>0</T4830><T5501>1</T5501><T0200>949595685</T0200><T0212>00</T0212><T0213>00</T0213><T0214>00</T0214><T0415>214400</T0415><T1201>110510</T1201><T1301>20190606</T1301><T1402>20250810</T1402><T3700>19060617530098</T3700><T4100>09100D802A00</T4100><T4101>AED5DC00</T4101><T4102>192.168.56.1</T4102><T4104>457DE159</T4104><T4107>0</T4107><T4200>00010880</T4200><T4210>0</T4210><T4800>00</T4800><T4801>000000000000000000A00F00A00F00000000000000000000000000000000000000000000000000000000000000</T4801><T4802>02</T4802><T4803>00</T4803><T4804>01</T4804><T4805>0000</T4805><T4806>00E19768</T4806><T4808>99</T4808><T4811>98</T4811><T4813>0</T4813><T4826>04</T4826><T5301>00</T5301><T5361>5430383932373332</T5361><T5362>00000000</T5362><T5363>0000000000000000</T5363><T5371>0000000000000000</T5371><T5503>0000000001</T5503><T5504>01</T5504><T5510>0001</T5510><T6000>28070305D039</T6000><T6004>03332</T6004><T6400>0000000000000000</T6400><T0410>213900</T0410><T4109>0220131454</T4109><T4110>0001088001304105</T4110><T6402>0000000000000000</T6402><T6403>9CB102F5</T6403><T0215>949595685</T0215><T4213>00010880-00000-0000000001</T4213></TRANS></TransXML>
2019/06/06 11:05:16
inFileWrite (C:\ITKiosk\Reader\ECC_API\ICERData\ICERAPI.RES.OK) FILE_WRITE_FAIL:0
2019/06/06 11:26:48
inCheckProcess = 96,96
2019/06/06 11:26:48
inComOpen failed 1 5,\\.\COM1
2019/06/06 11:26:48
inComOpen failed 1 5,\\.\COM1
2019/06/06 11:26:48
inComOpen failed 1 5,\\.\COM1
2019/06/06 11:26:48
inComOpen failed 1 5,\\.\COM1
2019/06/06 11:26:48
inComOpen failed 1 5,\\.\COM1
2019/06/06 11:26:48
inInitialTxn Fail 2:-1
2019/06/06 11:26:48
main Fail 1:-1
2019/06/06 11:26:48
gCurrentFolder RES:C:\ITKiosk\Reader\ECC_API\ICERData
2019/06/06 11:26:48
TM RES :<TransXML><TRANS><T3901>-1</T3901><T1101>175301</T1101><T1102>000000</T1102><T1103>000000</T1103></TRANS></TransXML>
2019/06/06 11:26:48
inFileWrite (C:\ITKiosk\Reader\ECC_API\ICERData\ICERAPI.RES.OK) FILE_WRITE_FAIL:0
