2019/10/22 12:06:31
inCheckProcess = 96,96
2019/10/22 12:06:31
inInitialTxn = 0
2019/10/22 12:06:31
TM REQ :<?xml version="1.0" encoding="UTF-8" standalone="yes"?><TransXML><TRANS><T0100>0800</T0100><T0300>881999</T0300><T1100>176057</T1100><T1101>176057</T1101><T1200>120630</T1200><T1300>20191022</T1300><T4200>34800000</T4200></TRANS></TransXML>
2019/10/22 12:06:31
srTxnData.srIngData.lnECCAmt 1 = 0
2019/10/22 12:06:31
inFileGetSize (C:\ITKiosk\Reader\ECC_API\ICERData\ICERAPI_ICER.adv) FILE_OPEN_FAIL:0(0),2
2019/10/22 12:06:31
RC IN PPR_Reset:0000468001000040303030303030303030313031323031393130323231323036333031373630353730303031C6F0AE5D000000000000000000000000110000000000000000000000FAA7
2019/10/22 12:06:31
RC OUT PPR_Reset(9000):0000FC01457DE15928070305D03954303839323733320000028D14A9322062D6CC48AED5DC0001D580404986C7D4CC0150393030353936300DD9822020E09304102700400D0300000000000009100D802A00DF01DF03DF0ADF0E0000000000000000000000000000000000000000000000000000000000000000000000000000000000000000000000000000000000000000000000000000000000000211A666B30CE5EAAC8160BD5716D729F674000545DE55149FDAF3B663BD0BF293F2BC08B80BE803F40101A08601A0860100000000000000000000002D8E525C09100D802A00000002102D8E525C0090000000000000000000000000000000000090006E
2019/10/22 12:06:31
inFileGetSize (C:\ITKiosk\Reader\ECC_API\ICERData\ICERAPI_CMAS.rev) FILE_OPEN_FAIL:0(0),2
2019/10/22 12:06:31
ICER SEND CMAS NORMAL:(SSL)1540B<?xml version="1.0" encoding="UTF-8" standalone="yes"?><TransXML><TRANS><T0100>0800</T0100><T0300>881999</T0300><T1100>176057</T1100><T1101>176057</T1101><T1200>120630</T1200><T1300>20191022</T1300><T4200>00010880</T4200><T3700>19102217605700</T3700><T4100>09100D802A00</T4100><T4101>AED5DC00</T4101><T4102>192.168.100.107</T4102><T4104>457DE159</T4104><T4107>0</T4107><T4210>0</T4210><T4820>01</T4820><T4823>11</T4823><T4824>00</T4824><T5301>01</T5301><T5307>A666B30CE5EAAC81</T5307><T5308>60BD5716D729F674</T5308><T5361>5430383932373332</T5361><T5362>0000028D</T5362><T5363>14A9322062D6CC48</T5363><T5364>010DD9822020DF01DF03DF0ADF0E00000000000000000000000000000000000000000000000000000000000000000000000000000000000000000000000000000000000000000000000000000000</T5364><T5365>E09304400D03000000000000</T5365><T5366>102700</T5366><T5368>00000211</T5368><T5369>11</T5369><T5370>09100D802A00000002102D8E525C00900000000000000000000000000000000000</T5370><T5371>5039303035393630</T5371><T5503>0000000001</T5503><T5504>01</T5504><T5510>0001</T5510><T5588><T558801>02</T558801><T558802>BIG</T558802><T558803>03332</T558803></T5588><T5588><T558801>03</T558801><T558803>V4001E</T558803></T5588><T5588><T558801>05</T558801><T558803>28070305D039</T558803></T5588><T6000>28070305D039</T6000><T6002>00B80B00E8030001A0860101F40101010000000000000000</T6002><T6003>A086010000000000000000000000000000000000000000000000000000000000</T6003><T6004>03332</T6004><T6400>D580404986C7D4CC</T6400><T6408>000545DE55149FDAF3B663BD0BF293F2</T6408></TRANS></TransXML>
2019/10/22 12:06:32
ICER RECV CMAS NORMAL:(SSL)3681B<?xml version="1.0" encoding="UTF-8" standalone="no"?><TransXML><Trans><T0100>0810</T0100><T0300>881999</T0300><T1100>176058</T1100><T1101>176057</T1101><T1200>120628</T1200><T1300>20191022</T1300><T3700>19102217605700</T3700><T3800>g48n3I</T3800><T3900>00</T3900><T4100>09100D802A00</T4100><T4101>AED5DC00</T4101><T4102>192.168.100.107</T4102><T4104>457DE159</T4104><T4107>0</T4107><T4200>00010880</T4200><T4210>0</T4210><T4820>01</T4820><T4823>11</T4823><T4824>00</T4824><T5301>01</T5301><T5303>02</T5303><T5306>7C972A</T5306><T5307>A666B30CE5EAAC81</T5307><T5308>60BD5716D729F674</T5308><T5361>5430383932373332</T5361><T5362>0000028D</T5362><T5363>14A9322062D6CC48</T5363><T5364>010DD9822020DF01DF03DF0ADF0E00000000000000000000000000000000000000000000000000000000000000000000000000000000000000000000000000000000000000000000000000000000</T5364><T5365>E09304400D03000000000000</T5365><T5366>102700</T5366><T5367>000000000000000000000000000000000000000000000000000000000000000000000000000000000000000000000000000000000000000000</T5367><T5368>00000211</T5368><T5369>11</T5369><T5370>09100D802A00000002102D8E525C00900000000000000000000000000000000000</T5370><T5371>5039303035393630</T5371><T5503>0000000001</T5503><T5504>01</T5504><T5510>0001</T5510><T5588><T558801>01</T558801><T558803>000001</T558803></T5588><T5588><T558801>02</T558801><T558802>BIG</T558802><T558803>11827</T558803></T5588><T5588><T558801>03</T558801><T558802>VEGA5000S-APPV18</T558802><T558803>000018</T558803></T5588><T5591>0</T5591><T5595><T559502>TM01</T559502><T559503>5909</T559503><T559504>20180820</T559504><T559505>20991231</T559505></T5595><T5595><T559502>TM02</T559502><T559503>00010880</T559503><T559504>20180820</T559504><T559505>20991231</T559505></T5595><T5595><T559502>TM03</T559502><T559503>00000</T559503><T559504>20180820</T559504><T559505>20991231</T559505></T5595><T5595><T559502>TM04</T559502><T559503>0000000001</T559503><T559504>20180820</T559504><T559505>20991231</T559505></T5595><T5595><T559502>TM17</T559502><T559503>業務三科 測試機01</T559503><T559504>20180820</T559504><T559505>20991231</T559505></T5595><T5595><T559502>TM18</T559502><T559503>嗶悠遊卡 最悠遊</T559503><T559504>20180820</T559504><T559505>20991231</T559505></T5595><T5595><T559502>TM30</T559502><T559503>1111111110</T559503><T559504>20180820</T559504><T559505>20991231</T559505></T5595><T5595><T559502>TM80</T559502><T559503>0</T559503><T559504>20180820</T559504><T559505>20991231</T559505></T5595><T5595><T559502>TM81</T559502><T559503>0</T559503><T559504>20180820</T559504><T559505>20991231</T559505></T5595><T5595><T559501>000001</T559501><T559502>TM09</T559502><T559503>123456</T559503><T559504>20130101</T559504><T559505>20990101</T559505></T5595><T5595><T559501>000001</T559501><T559502>TM10</T559502><T559503>/OUT/ssl/ck1.cer</T559503><T559504>20130101</T559504><T559505>20990101</T559505></T5595><T5595><T559501>11827</T559501><T559502>TM11</T559502><T559503>/out/blc/BLC11827A_191021.BIG</T559503><T559504>19700101</T559504><T559505>99991231</T559505></T5595><T5595><T559501>000018</T559501><T559502>TM12</T559502><T559503>/OUT/exe/ECCAPP/ECCAPP0018.CAP</T559503><T559504>19700101</T559504><T559505>99991231</T559505></T5595><T5596><T559601>0</T559601><T559602>00000001</T559602><T559603>0</T559603><T559604>00000001</T559604></T5596><T6000>28070305D039</T6000><T6002>00B80B00E8030001A0860101F40101000000000000000000</T6002><T6003>A086010000000000000000000000000000000000000000000000000000000000</T6003><T6004>03332</T6004><T6400>D580404986C7D4CC</T6400><T6401>0EC83D4651343E13</T6401><T6408>000545DE55149FDAF3B663BD0BF293F2</T6408><T6409>7F6F7AE16DAE409B76F0ACD61C6F7791</T6409></Trans></TransXML>
2019/10/22 12:06:32
inFileGetSize (C:\ITKiosk\Reader\ECC_API\ICERData\ICERAPI_CMAS.rev.bak) FILE_OPEN_FAIL:0(0),2
2019/10/22 12:06:32
RC IN PPR_SignOn:00008680020000800EC83D4651343E137F6F7AE16DAE409B76F0ACD61C6F7791000000000000000000000000000000000000000000000000000000000000000000000000000000000000000000000000000000000000000000BC08B80BE803F40101A0860100000000000000000000000000000000000000000000000000000000000000027C972A1D6A
2019/10/22 12:06:32
RC OUT PPR_SignOn(9000):00001F000000000000000000000000000000000000000000000000000000000090008F
2019/10/22 12:06:32
inFileGetSize (C:\ITKiosk\Reader\ECC_API\ICERData\ICERAPI_CMAS.adv) FILE_OPEN_FAIL:0(0),2
2019/10/22 12:06:32
ICER SEND CMAS ADVICE:(SSL)0384B<TransXML><TRANS><T0100>0820</T0100><T0300>881999</T0300><T1100>176058</T1100><T1200>120630</T1200><T1300>20191022</T1300><T3700>19102217605700</T3700><T4100>09100D802A00</T4100><T4104>457DE159</T4104><T4200>00010880</T4200><T4210>0</T4210><T5503>0000000001</T5503><T5504>01</T5504><T5510>0001</T5510><T4825>00</T4825><T6406>00000000000000000000000000000000</T6406></TRANS></TransXML>
2019/10/22 12:06:32
ICER RECV CMAS ADVICE:(SSL)0540B<?xml version="1.0" encoding="UTF-8" standalone="no"?><TransXML><Trans><T0100>0830</T0100><T0300>881999</T0300><T1100>176058</T1100><T1200>120628</T1200><T1300>20191022</T1300><T3700>19102217605700</T3700><T3800>0MJBmY</T3800><T3900>00</T3900><T4100>09100D802A00</T4100><T4104>457DE159</T4104><T4200>00010880</T4200><T4210>0</T4210><T4823>11</T4823><T4824>00</T4824><T4825>00</T4825><T5369>11</T5369><T5503>0000000001</T5503><T5504>01</T5504><T5510>0001</T5510><T5591>0</T5591><T6406>00000000000000000000000000000000</T6406></Trans></TransXML>
2019/10/22 12:06:32
inFileGetSize (C:\ITKiosk\Reader\ECC_API\ICERData\ICERAPI_CMAS.rev.bak) FILE_OPEN_FAIL:0(0),2
2019/10/22 12:06:32
gCurrentFolder RES:C:\ITKiosk\Reader\ECC_API\ICERData
2019/10/22 12:06:32
TM RES :<?xml version="1.0" encoding="UTF-8" standalone="no"?><TransXML><TRANS><T3901>0</T3901><T0100>0810</T0100><T0300>881999</T0300><T1100>176057</T1100><T1101>176059</T1101><T1200>120628</T1200><T1300>20191022</T1300><T3700>19102217605700</T3700><T3800>g48n3I</T3800><T3900>00</T3900><T4100>09100D802A00</T4100><T4101>AED5DC00</T4101><T4102>192.168.100.107</T4102><T4104>457DE159</T4104><T4107>0</T4107><T4200>00010880</T4200><T4210>0</T4210><T4820>01</T4820><T4823>11</T4823><T4824>00</T4824><T5301>01</T5301><T5303>02</T5303><T5306>7C972A</T5306><T5307>A666B30CE5EAAC81</T5307><T5308>60BD5716D729F674</T5308><T5361>5430383932373332</T5361><T5362>0000028D</T5362><T5363>14A9322062D6CC48</T5363><T5364>010DD9822020DF01DF03DF0ADF0E00000000000000000000000000000000000000000000000000000000000000000000000000000000000000000000000000000000000000000000000000000000</T5364><T5365>E09304400D03000000000000</T5365><T5366>102700</T5366><T5367>000000000000000000000000000000000000000000000000000000000000000000000000000000000000000000000000000000000000000000</T5367><T5368>00000211</T5368><T5369>11</T5369><T5370>09100D802A00000002102D8E525C00900000000000000000000000000000000000</T5370><T5371>5039303035393630</T5371><T5503>0000000001</T5503><T5504>01</T5504><T5510>0001</T5510><T5588><T558801>01</T558801><T558803>000001</T558803></T5588><T5588><T558801>02</T558801><T558802>BIG</T558802><T558803>11827</T558803></T5588><T5588><T558801>03</T558801><T558802>VEGA5000S-APPV18</T558802><T558803>000018</T558803></T5588><T5591>0</T5591><T5595><T559502>TM01</T559502><T559503>5909</T559503><T559504>20180820</T559504><T559505>20991231</T559505></T5595><T5595><T559502>TM02</T559502><T559503>00010880</T559503><T559504>20180820</T559504><T559505>20991231</T559505></T5595><T5595><T559502>TM03</T559502><T559503>00000</T559503><T559504>20180820</T559504><T559505>20991231</T559505></T5595><T5595><T559502>TM04</T559502><T559503>0000000001</T559503><T559504>20180820</T559504><T559505>20991231</T559505></T5595><T5595><T559502>TM17</T559502><T559503>業務三科 測試機01</T559503><T559504>20180820</T559504><T559505>20991231</T559505></T5595><T5595><T559502>TM18</T559502><T559503>嗶悠遊卡 最悠遊</T559503><T559504>20180820</T559504><T559505>20991231</T559505></T5595><T5595><T559502>TM30</T559502><T559503>1111111110</T559503><T559504>20180820</T559504><T559505>20991231</T559505></T5595><T5595><T559502>TM80</T559502><T559503>0</T559503><T559504>20180820</T559504><T559505>20991231</T559505></T5595><T5595><T559502>TM81</T559502><T559503>0</T559503><T559504>20180820</T559504><T559505>20991231</T559505></T5595><T5595><T559501>000001</T559501><T559502>TM09</T559502><T559503>123456</T559503><T559504>20130101</T559504><T559505>20990101</T559505></T5595><T5595><T559501>000001</T559501><T559502>TM10</T559502><T559503>/OUT/ssl/ck1.cer</T559503><T559504>20130101</T559504><T559505>20990101</T559505></T5595><T5595><T559501>11827</T559501><T559502>TM11</T559502><T559503>/out/blc/BLC11827A_191021.BIG</T559503><T559504>19700101</T559504><T559505>99991231</T559505></T5595><T5595><T559501>000018</T559501><T559502>TM12</T559502><T559503>/OUT/exe/ECCAPP/ECCAPP0018.CAP</T559503><T559504>19700101</T559504><T559505>99991231</T559505></T5595><T5596><T559601>0</T559601><T559602>00000001</T559602><T559603>0</T559603><T559604>00000001</T559604></T5596><T6000>28070305D039</T6000><T6002>00B80B00E8030001A0860101F40101000000000000000000</T6002><T6003>A086010000000000000000000000000000000000000000000000000000000000</T6003><T6004>03332</T6004><T6400>D580404986C7D4CC</T6400><T6401>0EC83D4651343E13</T6401><T6408>000545DE55149FDAF3B663BD0BF293F2</T6408><T6409>7F6F7AE16DAE409B76F0ACD61C6F7791</T6409><T4825>00</T4825><T6406>00000000000000000000000000000000</T6406><T5548><T554801>00000000000000000000000000000000000000000000000000000000009000</T554801></T5548><T4213>00010880-00000-0000000001</T4213><T4110>0001088001304105</T4110><T4109>0220131454</T4109></TRANS></TransXML>
2019/10/22 12:06:32
inFileWrite (C:\ITKiosk\Reader\ECC_API\ICERData\ICERAPI.RES.OK) FILE_WRITE_FAIL:0
2019/10/22 12:15:55
inCheckProcess = 96,96
2019/10/22 12:15:55
inComOpen failed 1 2,\\.\COM3
2019/10/22 12:15:55
inComOpen failed 1 2,\\.\COM3
2019/10/22 12:15:55
inComOpen failed 1 2,\\.\COM3
2019/10/22 12:15:55
inComOpen failed 1 2,\\.\COM3
2019/10/22 12:15:55
inComOpen failed 1 2,\\.\COM3
2019/10/22 12:15:55
inInitialTxn Fail 2:-2
2019/10/22 12:15:55
main Fail 1:-2
2019/10/22 12:15:55
gCurrentFolder RES:C:\ITKiosk\Reader\ECC_API\ICERData
2019/10/22 12:15:55
TM RES :<TransXML><TRANS><T3901>-2</T3901><T1101>176059</T1101><T1102>000000</T1102><T1103>000000</T1103></TRANS></TransXML>
2019/10/22 12:15:55
inFileWrite (C:\ITKiosk\Reader\ECC_API\ICERData\ICERAPI.RES.OK) FILE_WRITE_FAIL:0
2019/10/22 12:15:55
inCheckProcess = 96,96
2019/10/22 12:15:55
inComOpen failed 1 2,\\.\COM3
2019/10/22 12:15:55
inComOpen failed 1 2,\\.\COM3
2019/10/22 12:15:55
inComOpen failed 1 2,\\.\COM3
2019/10/22 12:15:55
inComOpen failed 1 2,\\.\COM3
2019/10/22 12:15:55
inComOpen failed 1 2,\\.\COM3
2019/10/22 12:15:55
inInitialTxn Fail 2:-2
2019/10/22 12:15:55
main Fail 1:-2
2019/10/22 12:15:55
gCurrentFolder RES:C:\ITKiosk\Reader\ECC_API\ICERData
2019/10/22 12:15:55
TM RES :<TransXML><TRANS><T3901>-2</T3901><T1101>176059</T1101><T1102>000000</T1102><T1103>000000</T1103></TRANS></TransXML>
2019/10/22 12:15:55
inFileWrite (C:\ITKiosk\Reader\ECC_API\ICERData\ICERAPI.RES.OK) FILE_WRITE_FAIL:0
2019/10/22 12:15:55
inCheckProcess = 96,96
2019/10/22 12:15:55
inComOpen failed 1 2,\\.\COM3
2019/10/22 12:15:55
inComOpen failed 1 2,\\.\COM3
2019/10/22 12:15:55
inComOpen failed 1 2,\\.\COM3
2019/10/22 12:15:55
inComOpen failed 1 2,\\.\COM3
2019/10/22 12:15:55
inComOpen failed 1 2,\\.\COM3
2019/10/22 12:15:55
inInitialTxn Fail 2:-2
2019/10/22 12:15:55
main Fail 1:-2
2019/10/22 12:15:55
gCurrentFolder RES:C:\ITKiosk\Reader\ECC_API\ICERData
2019/10/22 12:15:55
TM RES :<TransXML><TRANS><T3901>-2</T3901><T1101>176059</T1101><T1102>000000</T1102><T1103>000000</T1103></TRANS></TransXML>
2019/10/22 12:15:55
inFileWrite (C:\ITKiosk\Reader\ECC_API\ICERData\ICERAPI.RES.OK) FILE_WRITE_FAIL:0
2019/10/22 12:17:45
inCheckProcess = 96,96
2019/10/22 12:17:45
inComOpen failed 1 2,\\.\COM3
2019/10/22 12:17:45
inComOpen failed 1 2,\\.\COM3
2019/10/22 12:17:45
inComOpen failed 1 2,\\.\COM3
2019/10/22 12:17:45
inComOpen failed 1 2,\\.\COM3
2019/10/22 12:17:45
inComOpen failed 1 2,\\.\COM3
2019/10/22 12:17:45
inInitialTxn Fail 2:-2
2019/10/22 12:17:45
main Fail 1:-2
2019/10/22 12:17:45
gCurrentFolder RES:C:\ITKiosk\Reader\ECC_API\ICERData
2019/10/22 12:17:45
TM RES :<TransXML><TRANS><T3901>-2</T3901><T1101>176059</T1101><T1102>000000</T1102><T1103>000000</T1103></TRANS></TransXML>
2019/10/22 12:17:45
inFileWrite (C:\ITKiosk\Reader\ECC_API\ICERData\ICERAPI.RES.OK) FILE_WRITE_FAIL:0
2019/10/22 12:17:47
inCheckProcess = 96,96
2019/10/22 12:17:47
inComOpen failed 1 2,\\.\COM3
2019/10/22 12:17:47
inComOpen failed 1 2,\\.\COM3
2019/10/22 12:17:47
inComOpen failed 1 2,\\.\COM3
2019/10/22 12:17:47
inComOpen failed 1 2,\\.\COM3
2019/10/22 12:17:47
inComOpen failed 1 2,\\.\COM3
2019/10/22 12:17:47
inInitialTxn Fail 2:-2
2019/10/22 12:17:47
main Fail 1:-2
2019/10/22 12:17:47
gCurrentFolder RES:C:\ITKiosk\Reader\ECC_API\ICERData
2019/10/22 12:17:47
TM RES :<TransXML><TRANS><T3901>-2</T3901><T1101>176059</T1101><T1102>000000</T1102><T1103>000000</T1103></TRANS></TransXML>
2019/10/22 12:17:47
inFileWrite (C:\ITKiosk\Reader\ECC_API\ICERData\ICERAPI.RES.OK) FILE_WRITE_FAIL:0
2019/10/22 12:17:48
inCheckProcess = 96,96
2019/10/22 12:17:48
inComOpen failed 1 2,\\.\COM3
2019/10/22 12:17:48
inComOpen failed 1 2,\\.\COM3
2019/10/22 12:17:48
inComOpen failed 1 2,\\.\COM3
2019/10/22 12:17:48
inComOpen failed 1 2,\\.\COM3
2019/10/22 12:17:48
inComOpen failed 1 2,\\.\COM3
2019/10/22 12:17:48
inInitialTxn Fail 2:-2
2019/10/22 12:17:48
main Fail 1:-2
2019/10/22 12:17:48
gCurrentFolder RES:C:\ITKiosk\Reader\ECC_API\ICERData
2019/10/22 12:17:48
TM RES :<TransXML><TRANS><T3901>-2</T3901><T1101>176059</T1101><T1102>000000</T1102><T1103>000000</T1103></TRANS></TransXML>
2019/10/22 12:17:48
inFileWrite (C:\ITKiosk\Reader\ECC_API\ICERData\ICERAPI.RES.OK) FILE_WRITE_FAIL:0
2019/10/22 12:19:33
inCheckProcess = 96,96
2019/10/22 12:19:33
inComOpen failed 1 2,\\.\COM3
2019/10/22 12:19:33
inComOpen failed 1 2,\\.\COM3
2019/10/22 12:19:33
inComOpen failed 1 2,\\.\COM3
2019/10/22 12:19:33
inComOpen failed 1 2,\\.\COM3
2019/10/22 12:19:33
inComOpen failed 1 2,\\.\COM3
2019/10/22 12:19:33
inInitialTxn Fail 2:-2
2019/10/22 12:19:33
main Fail 1:-2
2019/10/22 12:19:33
gCurrentFolder RES:C:\ITKiosk\Reader\ECC_API\ICERData
2019/10/22 12:19:33
TM RES :<TransXML><TRANS><T3901>-2</T3901><T1101>176059</T1101><T1102>000000</T1102><T1103>000000</T1103></TRANS></TransXML>
2019/10/22 12:19:33
inFileWrite (C:\ITKiosk\Reader\ECC_API\ICERData\ICERAPI.RES.OK) FILE_WRITE_FAIL:0
2019/10/22 12:19:34
inCheckProcess = 96,96
2019/10/22 12:19:34
inComOpen failed 1 2,\\.\COM3
2019/10/22 12:19:34
inComOpen failed 1 2,\\.\COM3
2019/10/22 12:19:34
inComOpen failed 1 2,\\.\COM3
2019/10/22 12:19:34
inComOpen failed 1 2,\\.\COM3
2019/10/22 12:19:34
inComOpen failed 1 2,\\.\COM3
2019/10/22 12:19:34
inInitialTxn Fail 2:-2
2019/10/22 12:19:34
main Fail 1:-2
2019/10/22 12:19:34
gCurrentFolder RES:C:\ITKiosk\Reader\ECC_API\ICERData
2019/10/22 12:19:34
TM RES :<TransXML><TRANS><T3901>-2</T3901><T1101>176059</T1101><T1102>000000</T1102><T1103>000000</T1103></TRANS></TransXML>
2019/10/22 12:19:34
inFileWrite (C:\ITKiosk\Reader\ECC_API\ICERData\ICERAPI.RES.OK) FILE_WRITE_FAIL:0
2019/10/22 12:19:35
inCheckProcess = 96,96
2019/10/22 12:19:35
inComOpen failed 1 2,\\.\COM3
2019/10/22 12:19:35
inComOpen failed 1 2,\\.\COM3
2019/10/22 12:19:35
inComOpen failed 1 2,\\.\COM3
2019/10/22 12:19:35
inComOpen failed 1 2,\\.\COM3
2019/10/22 12:19:35
inComOpen failed 1 2,\\.\COM3
2019/10/22 12:19:35
inInitialTxn Fail 2:-2
2019/10/22 12:19:35
main Fail 1:-2
2019/10/22 12:19:35
gCurrentFolder RES:C:\ITKiosk\Reader\ECC_API\ICERData
2019/10/22 12:19:35
TM RES :<TransXML><TRANS><T3901>-2</T3901><T1101>176059</T1101><T1102>000000</T1102><T1103>000000</T1103></TRANS></TransXML>
2019/10/22 12:19:35
inFileWrite (C:\ITKiosk\Reader\ECC_API\ICERData\ICERAPI.RES.OK) FILE_WRITE_FAIL:0
2019/10/22 12:20:34
inCheckProcess = 96,96
2019/10/22 12:20:34
inComOpen failed 1 2,\\.\COM3
2019/10/22 12:20:34
inComOpen failed 1 2,\\.\COM3
2019/10/22 12:20:34
inComOpen failed 1 2,\\.\COM3
2019/10/22 12:20:34
inComOpen failed 1 2,\\.\COM3
2019/10/22 12:20:34
inComOpen failed 1 2,\\.\COM3
2019/10/22 12:20:34
inInitialTxn Fail 2:-2
2019/10/22 12:20:34
main Fail 1:-2
2019/10/22 12:20:34
gCurrentFolder RES:C:\ITKiosk\Reader\ECC_API\ICERData
2019/10/22 12:20:34
TM RES :<TransXML><TRANS><T3901>-2</T3901><T1101>176059</T1101><T1102>000000</T1102><T1103>000000</T1103></TRANS></TransXML>
2019/10/22 12:20:34
inFileWrite (C:\ITKiosk\Reader\ECC_API\ICERData\ICERAPI.RES.OK) FILE_WRITE_FAIL:0
2019/10/22 12:20:35
inCheckProcess = 96,96
2019/10/22 12:20:35
inComOpen failed 1 2,\\.\COM3
2019/10/22 12:20:35
inComOpen failed 1 2,\\.\COM3
2019/10/22 12:20:35
inComOpen failed 1 2,\\.\COM3
2019/10/22 12:20:35
inComOpen failed 1 2,\\.\COM3
2019/10/22 12:20:35
inComOpen failed 1 2,\\.\COM3
2019/10/22 12:20:35
inInitialTxn Fail 2:-2
2019/10/22 12:20:35
main Fail 1:-2
2019/10/22 12:20:35
gCurrentFolder RES:C:\ITKiosk\Reader\ECC_API\ICERData
2019/10/22 12:20:35
TM RES :<TransXML><TRANS><T3901>-2</T3901><T1101>176059</T1101><T1102>000000</T1102><T1103>000000</T1103></TRANS></TransXML>
2019/10/22 12:20:35
inFileWrite (C:\ITKiosk\Reader\ECC_API\ICERData\ICERAPI.RES.OK) FILE_WRITE_FAIL:0
2019/10/22 12:20:37
inCheckProcess = 96,96
2019/10/22 12:20:37
inComOpen failed 1 2,\\.\COM3
2019/10/22 12:20:37
inComOpen failed 1 2,\\.\COM3
2019/10/22 12:20:37
inComOpen failed 1 2,\\.\COM3
2019/10/22 12:20:37
inComOpen failed 1 2,\\.\COM3
2019/10/22 12:20:37
inComOpen failed 1 2,\\.\COM3
2019/10/22 12:20:37
inInitialTxn Fail 2:-2
2019/10/22 12:20:37
main Fail 1:-2
2019/10/22 12:20:37
gCurrentFolder RES:C:\ITKiosk\Reader\ECC_API\ICERData
2019/10/22 12:20:37
TM RES :<TransXML><TRANS><T3901>-2</T3901><T1101>176059</T1101><T1102>000000</T1102><T1103>000000</T1103></TRANS></TransXML>
2019/10/22 12:20:37
inFileWrite (C:\ITKiosk\Reader\ECC_API\ICERData\ICERAPI.RES.OK) FILE_WRITE_FAIL:0
2019/10/22 12:20:38
inCheckProcess = 96,96
2019/10/22 12:20:38
inComOpen failed 1 2,\\.\COM3
2019/10/22 12:20:38
inComOpen failed 1 2,\\.\COM3
2019/10/22 12:20:38
inComOpen failed 1 2,\\.\COM3
2019/10/22 12:20:38
inComOpen failed 1 2,\\.\COM3
2019/10/22 12:20:38
inComOpen failed 1 2,\\.\COM3
2019/10/22 12:20:38
inInitialTxn Fail 2:-2
2019/10/22 12:20:38
main Fail 1:-2
2019/10/22 12:20:38
gCurrentFolder RES:C:\ITKiosk\Reader\ECC_API\ICERData
2019/10/22 12:20:38
TM RES :<TransXML><TRANS><T3901>-2</T3901><T1101>176059</T1101><T1102>000000</T1102><T1103>000000</T1103></TRANS></TransXML>
2019/10/22 12:20:38
inFileWrite (C:\ITKiosk\Reader\ECC_API\ICERData\ICERAPI.RES.OK) FILE_WRITE_FAIL:0
2019/10/22 12:22:03
inCheckProcess = 96,96
2019/10/22 12:22:03
inComOpen failed 1 2,\\.\COM3
2019/10/22 12:22:03
inComOpen failed 1 2,\\.\COM3
2019/10/22 12:22:03
inComOpen failed 1 2,\\.\COM3
2019/10/22 12:22:03
inComOpen failed 1 2,\\.\COM3
2019/10/22 12:22:03
inComOpen failed 1 2,\\.\COM3
2019/10/22 12:22:03
inInitialTxn Fail 2:-2
2019/10/22 12:22:03
main Fail 1:-2
2019/10/22 12:22:03
gCurrentFolder RES:C:\ITKiosk\Reader\ECC_API\ICERData
2019/10/22 12:22:03
TM RES :<TransXML><TRANS><T3901>-2</T3901><T1101>176059</T1101><T1102>000000</T1102><T1103>000000</T1103></TRANS></TransXML>
2019/10/22 12:22:03
inFileWrite (C:\ITKiosk\Reader\ECC_API\ICERData\ICERAPI.RES.OK) FILE_WRITE_FAIL:0
2019/10/22 12:22:04
inCheckProcess = 96,96
2019/10/22 12:22:04
inComOpen failed 1 2,\\.\COM3
2019/10/22 12:22:04
inComOpen failed 1 2,\\.\COM3
2019/10/22 12:22:04
inComOpen failed 1 2,\\.\COM3
2019/10/22 12:22:04
inComOpen failed 1 2,\\.\COM3
2019/10/22 12:22:04
inComOpen failed 1 2,\\.\COM3
2019/10/22 12:22:04
inInitialTxn Fail 2:-2
2019/10/22 12:22:04
main Fail 1:-2
2019/10/22 12:22:04
gCurrentFolder RES:C:\ITKiosk\Reader\ECC_API\ICERData
2019/10/22 12:22:04
TM RES :<TransXML><TRANS><T3901>-2</T3901><T1101>176059</T1101><T1102>000000</T1102><T1103>000000</T1103></TRANS></TransXML>
2019/10/22 12:22:04
inFileWrite (C:\ITKiosk\Reader\ECC_API\ICERData\ICERAPI.RES.OK) FILE_WRITE_FAIL:0
2019/10/22 12:22:05
inCheckProcess = 96,96
2019/10/22 12:22:05
inComOpen failed 1 2,\\.\COM3
2019/10/22 12:22:05
inComOpen failed 1 2,\\.\COM3
2019/10/22 12:22:05
inComOpen failed 1 2,\\.\COM3
2019/10/22 12:22:05
inComOpen failed 1 2,\\.\COM3
2019/10/22 12:22:05
inComOpen failed 1 2,\\.\COM3
2019/10/22 12:22:05
inInitialTxn Fail 2:-2
2019/10/22 12:22:05
main Fail 1:-2
2019/10/22 12:22:05
gCurrentFolder RES:C:\ITKiosk\Reader\ECC_API\ICERData
2019/10/22 12:22:05
TM RES :<TransXML><TRANS><T3901>-2</T3901><T1101>176059</T1101><T1102>000000</T1102><T1103>000000</T1103></TRANS></TransXML>
2019/10/22 12:22:05
inFileWrite (C:\ITKiosk\Reader\ECC_API\ICERData\ICERAPI.RES.OK) FILE_WRITE_FAIL:0
2019/10/22 12:22:06
inCheckProcess = 96,96
2019/10/22 12:22:06
inComOpen failed 1 2,\\.\COM3
2019/10/22 12:22:06
inComOpen failed 1 2,\\.\COM3
2019/10/22 12:22:06
inComOpen failed 1 2,\\.\COM3
2019/10/22 12:22:06
inComOpen failed 1 2,\\.\COM3
2019/10/22 12:22:06
inComOpen failed 1 2,\\.\COM3
2019/10/22 12:22:06
inInitialTxn Fail 2:-2
2019/10/22 12:22:06
main Fail 1:-2
2019/10/22 12:22:06
gCurrentFolder RES:C:\ITKiosk\Reader\ECC_API\ICERData
2019/10/22 12:22:06
TM RES :<TransXML><TRANS><T3901>-2</T3901><T1101>176059</T1101><T1102>000000</T1102><T1103>000000</T1103></TRANS></TransXML>
2019/10/22 12:22:06
inFileWrite (C:\ITKiosk\Reader\ECC_API\ICERData\ICERAPI.RES.OK) FILE_WRITE_FAIL:0
2019/10/22 12:27:40
inCheckProcess = 96,96
2019/10/22 12:27:40
inInitialTxn = 0
2019/10/22 12:27:40
TM REQ :<?xml version="1.0" encoding="UTF-8" standalone="yes"?><TransXML><TRANS><T0100>0800</T0100><T0300>881999</T0300><T1100>176060</T1100><T1101>176060</T1101><T1200>122740</T1200><T1300>20191022</T1300><T4200>34800000</T4200></TRANS></TransXML>
2019/10/22 12:27:40
srTxnData.srIngData.lnECCAmt 1 = 0
2019/10/22 12:27:40
inFileGetSize (C:\ITKiosk\Reader\ECC_API\ICERData\ICERAPI_ICER.adv) FILE_OPEN_FAIL:0(0),2
2019/10/22 12:27:40
RC IN PPR_Reset:0000468001000040303030303030303030313031323031393130323231323237343031373630363030303031BCF5AE5D000000000000000000000000110000000000000000000000FAD8
2019/10/22 12:27:40
RC OUT PPR_Reset(9000):0000FC01457DE15928070305D03954303839323733320000028D566881ECBCB6B745AED5DC0001959C1299ABA694730150393030353936300DD9822020E09304102700400D0300000000000009100D802A00DF01DF03DF0ADF0E000000000000000000000000000000000000000000000000000000000000000000000000000000000000000000000000000000000000000000000000000000000000021263AEDB75CB2FF3D1B34AA4556890115434E8A169492BE832F70DD86F33632A71BC08B80BE803F40101A08601A086010000000000000000000000C6F0AE5D09100D802A0000000211C6F0AE5D009000000000000000000000000000000000009000EB
2019/10/22 12:27:40
inFileGetSize (C:\ITKiosk\Reader\ECC_API\ICERData\ICERAPI_CMAS.rev) FILE_OPEN_FAIL:0(0),2
2019/10/22 12:27:40
ICER SEND CMAS NORMAL:(SSL)1540B<?xml version="1.0" encoding="UTF-8" standalone="yes"?><TransXML><TRANS><T0100>0800</T0100><T0300>881999</T0300><T1100>176060</T1100><T1101>176060</T1101><T1200>122740</T1200><T1300>20191022</T1300><T4200>00010880</T4200><T3700>19102217606000</T3700><T4100>09100D802A00</T4100><T4101>AED5DC00</T4101><T4102>192.168.100.107</T4102><T4104>457DE159</T4104><T4107>0</T4107><T4210>0</T4210><T4820>01</T4820><T4823>11</T4823><T4824>00</T4824><T5301>01</T5301><T5307>63AEDB75CB2FF3D1</T5307><T5308>B34AA45568901154</T5308><T5361>5430383932373332</T5361><T5362>0000028D</T5362><T5363>566881ECBCB6B745</T5363><T5364>010DD9822020DF01DF03DF0ADF0E00000000000000000000000000000000000000000000000000000000000000000000000000000000000000000000000000000000000000000000000000000000</T5364><T5365>E09304400D03000000000000</T5365><T5366>102700</T5366><T5368>00000212</T5368><T5369>11</T5369><T5370>09100D802A0000000211C6F0AE5D00900000000000000000000000000000000000</T5370><T5371>5039303035393630</T5371><T5503>0000000001</T5503><T5504>01</T5504><T5510>0001</T5510><T5588><T558801>02</T558801><T558802>BIG</T558802><T558803>03332</T558803></T5588><T5588><T558801>03</T558801><T558803>V4001E</T558803></T5588><T5588><T558801>05</T558801><T558803>28070305D039</T558803></T5588><T6000>28070305D039</T6000><T6002>00B80B00E8030001A0860101F40101010000000000000000</T6002><T6003>A086010000000000000000000000000000000000000000000000000000000000</T6003><T6004>03332</T6004><T6400>959C1299ABA69473</T6400><T6408>34E8A169492BE832F70DD86F33632A71</T6408></TRANS></TransXML>
2019/10/22 12:27:41
ICER RECV CMAS NORMAL:(SSL)3681B<?xml version="1.0" encoding="UTF-8" standalone="no"?><TransXML><Trans><T0100>0810</T0100><T0300>881999</T0300><T1100>176061</T1100><T1101>176060</T1101><T1200>122737</T1200><T1300>20191022</T1300><T3700>19102217606000</T3700><T3800>4sKDd1</T3800><T3900>00</T3900><T4100>09100D802A00</T4100><T4101>AED5DC00</T4101><T4102>192.168.100.107</T4102><T4104>457DE159</T4104><T4107>0</T4107><T4200>00010880</T4200><T4210>0</T4210><T4820>01</T4820><T4823>11</T4823><T4824>00</T4824><T5301>01</T5301><T5303>02</T5303><T5306>7C972A</T5306><T5307>63AEDB75CB2FF3D1</T5307><T5308>B34AA45568901154</T5308><T5361>5430383932373332</T5361><T5362>0000028D</T5362><T5363>566881ECBCB6B745</T5363><T5364>010DD9822020DF01DF03DF0ADF0E00000000000000000000000000000000000000000000000000000000000000000000000000000000000000000000000000000000000000000000000000000000</T5364><T5365>E09304400D03000000000000</T5365><T5366>102700</T5366><T5367>000000000000000000000000000000000000000000000000000000000000000000000000000000000000000000000000000000000000000000</T5367><T5368>00000212</T5368><T5369>11</T5369><T5370>09100D802A0000000211C6F0AE5D00900000000000000000000000000000000000</T5370><T5371>5039303035393630</T5371><T5503>0000000001</T5503><T5504>01</T5504><T5510>0001</T5510><T5588><T558801>01</T558801><T558803>000001</T558803></T5588><T5588><T558801>02</T558801><T558802>BIG</T558802><T558803>11827</T558803></T5588><T5588><T558801>03</T558801><T558802>VEGA5000S-APPV18</T558802><T558803>000018</T558803></T5588><T5591>0</T5591><T5595><T559502>TM01</T559502><T559503>5909</T559503><T559504>20180820</T559504><T559505>20991231</T559505></T5595><T5595><T559502>TM02</T559502><T559503>00010880</T559503><T559504>20180820</T559504><T559505>20991231</T559505></T5595><T5595><T559502>TM03</T559502><T559503>00000</T559503><T559504>20180820</T559504><T559505>20991231</T559505></T5595><T5595><T559502>TM04</T559502><T559503>0000000001</T559503><T559504>20180820</T559504><T559505>20991231</T559505></T5595><T5595><T559502>TM17</T559502><T559503>業務三科 測試機01</T559503><T559504>20180820</T559504><T559505>20991231</T559505></T5595><T5595><T559502>TM18</T559502><T559503>嗶悠遊卡 最悠遊</T559503><T559504>20180820</T559504><T559505>20991231</T559505></T5595><T5595><T559502>TM30</T559502><T559503>1111111110</T559503><T559504>20180820</T559504><T559505>20991231</T559505></T5595><T5595><T559502>TM80</T559502><T559503>0</T559503><T559504>20180820</T559504><T559505>20991231</T559505></T5595><T5595><T559502>TM81</T559502><T559503>0</T559503><T559504>20180820</T559504><T559505>20991231</T559505></T5595><T5595><T559501>000001</T559501><T559502>TM09</T559502><T559503>123456</T559503><T559504>20130101</T559504><T559505>20990101</T559505></T5595><T5595><T559501>000001</T559501><T559502>TM10</T559502><T559503>/OUT/ssl/ck1.cer</T559503><T559504>20130101</T559504><T559505>20990101</T559505></T5595><T5595><T559501>11827</T559501><T559502>TM11</T559502><T559503>/out/blc/BLC11827A_191021.BIG</T559503><T559504>19700101</T559504><T559505>99991231</T559505></T5595><T5595><T559501>000018</T559501><T559502>TM12</T559502><T559503>/OUT/exe/ECCAPP/ECCAPP0018.CAP</T559503><T559504>19700101</T559504><T559505>99991231</T559505></T5595><T5596><T559601>0</T559601><T559602>00000001</T559602><T559603>0</T559603><T559604>00000001</T559604></T5596><T6000>28070305D039</T6000><T6002>00B80B00E8030001A0860101F40101000000000000000000</T6002><T6003>A086010000000000000000000000000000000000000000000000000000000000</T6003><T6004>03332</T6004><T6400>959C1299ABA69473</T6400><T6401>C7DB913DDA2D9C5D</T6401><T6408>34E8A169492BE832F70DD86F33632A71</T6408><T6409>FA91F740D4AAB36923EF3C24F8ABB316</T6409></Trans></TransXML>
2019/10/22 12:27:41
inFileGetSize (C:\ITKiosk\Reader\ECC_API\ICERData\ICERAPI_CMAS.rev.bak) FILE_OPEN_FAIL:0(0),2
2019/10/22 12:27:41
RC IN PPR_SignOn:0000868002000080C7DB913DDA2D9C5DFA91F740D4AAB36923EF3C24F8ABB316000000000000000000000000000000000000000000000000000000000000000000000000000000000000000000000000000000000000000000BC08B80BE803F40101A0860100000000000000000000000000000000000000000000000000000000000000027C972A1DB9
2019/10/22 12:27:41
RC OUT PPR_SignOn(9000):00001F000000000000000000000000000000000000000000000000000000000090008F
2019/10/22 12:27:41
inFileGetSize (C:\ITKiosk\Reader\ECC_API\ICERData\ICERAPI_CMAS.adv) FILE_OPEN_FAIL:0(0),2
2019/10/22 12:27:41
ICER SEND CMAS ADVICE:(SSL)0384B<TransXML><TRANS><T0100>0820</T0100><T0300>881999</T0300><T1100>176061</T1100><T1200>122740</T1200><T1300>20191022</T1300><T3700>19102217606000</T3700><T4100>09100D802A00</T4100><T4104>457DE159</T4104><T4200>00010880</T4200><T4210>0</T4210><T5503>0000000001</T5503><T5504>01</T5504><T5510>0001</T5510><T4825>00</T4825><T6406>00000000000000000000000000000000</T6406></TRANS></TransXML>
2019/10/22 12:27:41
ICER RECV CMAS ADVICE:(SSL)0540B<?xml version="1.0" encoding="UTF-8" standalone="no"?><TransXML><Trans><T0100>0830</T0100><T0300>881999</T0300><T1100>176061</T1100><T1200>122737</T1200><T1300>20191022</T1300><T3700>19102217606000</T3700><T3800>NU70Da</T3800><T3900>00</T3900><T4100>09100D802A00</T4100><T4104>457DE159</T4104><T4200>00010880</T4200><T4210>0</T4210><T4823>11</T4823><T4824>00</T4824><T4825>00</T4825><T5369>11</T5369><T5503>0000000001</T5503><T5504>01</T5504><T5510>0001</T5510><T5591>0</T5591><T6406>00000000000000000000000000000000</T6406></Trans></TransXML>
2019/10/22 12:27:41
inFileGetSize (C:\ITKiosk\Reader\ECC_API\ICERData\ICERAPI_CMAS.rev.bak) FILE_OPEN_FAIL:0(0),2
2019/10/22 12:27:41
gCurrentFolder RES:C:\ITKiosk\Reader\ECC_API\ICERData
2019/10/22 12:27:41
TM RES :<?xml version="1.0" encoding="UTF-8" standalone="no"?><TransXML><TRANS><T3901>0</T3901><T0100>0810</T0100><T0300>881999</T0300><T1100>176060</T1100><T1101>176062</T1101><T1200>122737</T1200><T1300>20191022</T1300><T3700>19102217606000</T3700><T3800>4sKDd1</T3800><T3900>00</T3900><T4100>09100D802A00</T4100><T4101>AED5DC00</T4101><T4102>192.168.100.107</T4102><T4104>457DE159</T4104><T4107>0</T4107><T4200>00010880</T4200><T4210>0</T4210><T4820>01</T4820><T4823>11</T4823><T4824>00</T4824><T5301>01</T5301><T5303>02</T5303><T5306>7C972A</T5306><T5307>63AEDB75CB2FF3D1</T5307><T5308>B34AA45568901154</T5308><T5361>5430383932373332</T5361><T5362>0000028D</T5362><T5363>566881ECBCB6B745</T5363><T5364>010DD9822020DF01DF03DF0ADF0E00000000000000000000000000000000000000000000000000000000000000000000000000000000000000000000000000000000000000000000000000000000</T5364><T5365>E09304400D03000000000000</T5365><T5366>102700</T5366><T5367>000000000000000000000000000000000000000000000000000000000000000000000000000000000000000000000000000000000000000000</T5367><T5368>00000212</T5368><T5369>11</T5369><T5370>09100D802A0000000211C6F0AE5D00900000000000000000000000000000000000</T5370><T5371>5039303035393630</T5371><T5503>0000000001</T5503><T5504>01</T5504><T5510>0001</T5510><T5588><T558801>01</T558801><T558803>000001</T558803></T5588><T5588><T558801>02</T558801><T558802>BIG</T558802><T558803>11827</T558803></T5588><T5588><T558801>03</T558801><T558802>VEGA5000S-APPV18</T558802><T558803>000018</T558803></T5588><T5591>0</T5591><T5595><T559502>TM01</T559502><T559503>5909</T559503><T559504>20180820</T559504><T559505>20991231</T559505></T5595><T5595><T559502>TM02</T559502><T559503>00010880</T559503><T559504>20180820</T559504><T559505>20991231</T559505></T5595><T5595><T559502>TM03</T559502><T559503>00000</T559503><T559504>20180820</T559504><T559505>20991231</T559505></T5595><T5595><T559502>TM04</T559502><T559503>0000000001</T559503><T559504>20180820</T559504><T559505>20991231</T559505></T5595><T5595><T559502>TM17</T559502><T559503>業務三科 測試機01</T559503><T559504>20180820</T559504><T559505>20991231</T559505></T5595><T5595><T559502>TM18</T559502><T559503>嗶悠遊卡 最悠遊</T559503><T559504>20180820</T559504><T559505>20991231</T559505></T5595><T5595><T559502>TM30</T559502><T559503>1111111110</T559503><T559504>20180820</T559504><T559505>20991231</T559505></T5595><T5595><T559502>TM80</T559502><T559503>0</T559503><T559504>20180820</T559504><T559505>20991231</T559505></T5595><T5595><T559502>TM81</T559502><T559503>0</T559503><T559504>20180820</T559504><T559505>20991231</T559505></T5595><T5595><T559501>000001</T559501><T559502>TM09</T559502><T559503>123456</T559503><T559504>20130101</T559504><T559505>20990101</T559505></T5595><T5595><T559501>000001</T559501><T559502>TM10</T559502><T559503>/OUT/ssl/ck1.cer</T559503><T559504>20130101</T559504><T559505>20990101</T559505></T5595><T5595><T559501>11827</T559501><T559502>TM11</T559502><T559503>/out/blc/BLC11827A_191021.BIG</T559503><T559504>19700101</T559504><T559505>99991231</T559505></T5595><T5595><T559501>000018</T559501><T559502>TM12</T559502><T559503>/OUT/exe/ECCAPP/ECCAPP0018.CAP</T559503><T559504>19700101</T559504><T559505>99991231</T559505></T5595><T5596><T559601>0</T559601><T559602>00000001</T559602><T559603>0</T559603><T559604>00000001</T559604></T5596><T6000>28070305D039</T6000><T6002>00B80B00E8030001A0860101F40101000000000000000000</T6002><T6003>A086010000000000000000000000000000000000000000000000000000000000</T6003><T6004>03332</T6004><T6400>959C1299ABA69473</T6400><T6401>C7DB913DDA2D9C5D</T6401><T6408>34E8A169492BE832F70DD86F33632A71</T6408><T6409>FA91F740D4AAB36923EF3C24F8ABB316</T6409><T4825>00</T4825><T6406>00000000000000000000000000000000</T6406><T5548><T554801>00000000000000000000000000000000000000000000000000000000009000</T554801></T5548><T4213>00010880-00000-0000000001</T4213><T4110>0001088001304105</T4110><T4109>0220131454</T4109></TRANS></TransXML>
2019/10/22 12:27:41
inFileWrite (C:\ITKiosk\Reader\ECC_API\ICERData\ICERAPI.RES.OK) FILE_WRITE_FAIL:0
2019/10/22 12:28:51
inCheckProcess = 96,96
2019/10/22 12:28:52
inInitialTxn = 0
2019/10/22 12:28:52
TM REQ :<?xml version="1.0" encoding="UTF-8" standalone="yes"?><TransXML><TRANS><T0100>0800</T0100><T0300>881999</T0300><T1100>176063</T1100><T1101>176063</T1101><T1200>122851</T1200><T1300>20191022</T1300><T4200>34800000</T4200></TRANS></TransXML>
2019/10/22 12:28:52
srTxnData.srIngData.lnECCAmt 1 = 0
2019/10/22 12:28:52
inFileGetSize (C:\ITKiosk\Reader\ECC_API\ICERData\ICERAPI_ICER.adv) FILE_OPEN_FAIL:0(0),2
2019/10/22 12:28:52
RC IN PPR_Reset:000046800100004030303030303030303031303132303139313032323132323835313137363036333030303103F6AE5D000000000000000000000000110000000000000000000000FA68
2019/10/22 12:28:52
RC OUT PPR_Reset(9000):0000FC01457DE15928070305D03954303839323733320000028D00AE6FD04F75689CAED5DC0001D773A9A01A624D940150393030353936300DD9822020E09304102700400D0300000000000009100D802A00DF01DF03DF0ADF0E0000000000000000000000000000000000000000000000000000000000000000000000000000000000000000000000000000000000000000000000000000000000000213F3A95C2440995E04846B161250E901C145C3F8865B1B73FAF556C73924DB26BABC08B80BE803F40101A08601A086010000000000000000000000BCF5AE5D09100D802A0000000212BCF5AE5D0090000000000000000000000000000000000090003F
2019/10/22 12:28:52
inFileGetSize (C:\ITKiosk\Reader\ECC_API\ICERData\ICERAPI_CMAS.rev) FILE_OPEN_FAIL:0(0),2
2019/10/22 12:28:52
ICER SEND CMAS NORMAL:(SSL)1540B<?xml version="1.0" encoding="UTF-8" standalone="yes"?><TransXML><TRANS><T0100>0800</T0100><T0300>881999</T0300><T1100>176063</T1100><T1101>176063</T1101><T1200>122851</T1200><T1300>20191022</T1300><T4200>00010880</T4200><T3700>19102217606300</T3700><T4100>09100D802A00</T4100><T4101>AED5DC00</T4101><T4102>192.168.100.107</T4102><T4104>457DE159</T4104><T4107>0</T4107><T4210>0</T4210><T4820>01</T4820><T4823>11</T4823><T4824>00</T4824><T5301>01</T5301><T5307>F3A95C2440995E04</T5307><T5308>846B161250E901C1</T5308><T5361>5430383932373332</T5361><T5362>0000028D</T5362><T5363>00AE6FD04F75689C</T5363><T5364>010DD9822020DF01DF03DF0ADF0E00000000000000000000000000000000000000000000000000000000000000000000000000000000000000000000000000000000000000000000000000000000</T5364><T5365>E09304400D03000000000000</T5365><T5366>102700</T5366><T5368>00000213</T5368><T5369>11</T5369><T5370>09100D802A0000000212BCF5AE5D00900000000000000000000000000000000000</T5370><T5371>5039303035393630</T5371><T5503>0000000001</T5503><T5504>01</T5504><T5510>0001</T5510><T5588><T558801>02</T558801><T558802>BIG</T558802><T558803>03332</T558803></T5588><T5588><T558801>03</T558801><T558803>V4001E</T558803></T5588><T5588><T558801>05</T558801><T558803>28070305D039</T558803></T5588><T6000>28070305D039</T6000><T6002>00B80B00E8030001A0860101F40101010000000000000000</T6002><T6003>A086010000000000000000000000000000000000000000000000000000000000</T6003><T6004>03332</T6004><T6400>D773A9A01A624D94</T6400><T6408>45C3F8865B1B73FAF556C73924DB26BA</T6408></TRANS></TransXML>
2019/10/22 12:28:52
ICER RECV CMAS NORMAL:(SSL)3681B<?xml version="1.0" encoding="UTF-8" standalone="no"?><TransXML><Trans><T0100>0810</T0100><T0300>881999</T0300><T1100>176064</T1100><T1101>176063</T1101><T1200>122848</T1200><T1300>20191022</T1300><T3700>19102217606300</T3700><T3800>mecmGK</T3800><T3900>00</T3900><T4100>09100D802A00</T4100><T4101>AED5DC00</T4101><T4102>192.168.100.107</T4102><T4104>457DE159</T4104><T4107>0</T4107><T4200>00010880</T4200><T4210>0</T4210><T4820>01</T4820><T4823>11</T4823><T4824>00</T4824><T5301>01</T5301><T5303>02</T5303><T5306>7C972A</T5306><T5307>F3A95C2440995E04</T5307><T5308>846B161250E901C1</T5308><T5361>5430383932373332</T5361><T5362>0000028D</T5362><T5363>00AE6FD04F75689C</T5363><T5364>010DD9822020DF01DF03DF0ADF0E00000000000000000000000000000000000000000000000000000000000000000000000000000000000000000000000000000000000000000000000000000000</T5364><T5365>E09304400D03000000000000</T5365><T5366>102700</T5366><T5367>000000000000000000000000000000000000000000000000000000000000000000000000000000000000000000000000000000000000000000</T5367><T5368>00000213</T5368><T5369>11</T5369><T5370>09100D802A0000000212BCF5AE5D00900000000000000000000000000000000000</T5370><T5371>5039303035393630</T5371><T5503>0000000001</T5503><T5504>01</T5504><T5510>0001</T5510><T5588><T558801>01</T558801><T558803>000001</T558803></T5588><T5588><T558801>02</T558801><T558802>BIG</T558802><T558803>11827</T558803></T5588><T5588><T558801>03</T558801><T558802>VEGA5000S-APPV18</T558802><T558803>000018</T558803></T5588><T5591>0</T5591><T5595><T559502>TM01</T559502><T559503>5909</T559503><T559504>20180820</T559504><T559505>20991231</T559505></T5595><T5595><T559502>TM02</T559502><T559503>00010880</T559503><T559504>20180820</T559504><T559505>20991231</T559505></T5595><T5595><T559502>TM03</T559502><T559503>00000</T559503><T559504>20180820</T559504><T559505>20991231</T559505></T5595><T5595><T559502>TM04</T559502><T559503>0000000001</T559503><T559504>20180820</T559504><T559505>20991231</T559505></T5595><T5595><T559502>TM17</T559502><T559503>業務三科 測試機01</T559503><T559504>20180820</T559504><T559505>20991231</T559505></T5595><T5595><T559502>TM18</T559502><T559503>嗶悠遊卡 最悠遊</T559503><T559504>20180820</T559504><T559505>20991231</T559505></T5595><T5595><T559502>TM30</T559502><T559503>1111111110</T559503><T559504>20180820</T559504><T559505>20991231</T559505></T5595><T5595><T559502>TM80</T559502><T559503>0</T559503><T559504>20180820</T559504><T559505>20991231</T559505></T5595><T5595><T559502>TM81</T559502><T559503>0</T559503><T559504>20180820</T559504><T559505>20991231</T559505></T5595><T5595><T559501>000001</T559501><T559502>TM09</T559502><T559503>123456</T559503><T559504>20130101</T559504><T559505>20990101</T559505></T5595><T5595><T559501>000001</T559501><T559502>TM10</T559502><T559503>/OUT/ssl/ck1.cer</T559503><T559504>20130101</T559504><T559505>20990101</T559505></T5595><T5595><T559501>11827</T559501><T559502>TM11</T559502><T559503>/out/blc/BLC11827A_191021.BIG</T559503><T559504>19700101</T559504><T559505>99991231</T559505></T5595><T5595><T559501>000018</T559501><T559502>TM12</T559502><T559503>/OUT/exe/ECCAPP/ECCAPP0018.CAP</T559503><T559504>19700101</T559504><T559505>99991231</T559505></T5595><T5596><T559601>0</T559601><T559602>00000001</T559602><T559603>0</T559603><T559604>00000001</T559604></T5596><T6000>28070305D039</T6000><T6002>00B80B00E8030001A0860101F40101000000000000000000</T6002><T6003>A086010000000000000000000000000000000000000000000000000000000000</T6003><T6004>03332</T6004><T6400>D773A9A01A624D94</T6400><T6401>14545B8ACB82E2BC</T6401><T6408>45C3F8865B1B73FAF556C73924DB26BA</T6408><T6409>B8E31D912CCB4FC6B47F64F629250969</T6409></Trans></TransXML>
2019/10/22 12:28:52
inFileGetSize (C:\ITKiosk\Reader\ECC_API\ICERData\ICERAPI_CMAS.rev.bak) FILE_OPEN_FAIL:0(0),2
2019/10/22 12:28:52
RC IN PPR_SignOn:000086800200008014545B8ACB82E2BCB8E31D912CCB4FC6B47F64F629250969000000000000000000000000000000000000000000000000000000000000000000000000000000000000000000000000000000000000000000BC08B80BE803F40101A0860100000000000000000000000000000000000000000000000000000000000000027C972A1D6F
2019/10/22 12:28:52
RC OUT PPR_SignOn(9000):00001F000000000000000000000000000000000000000000000000000000000090008F
2019/10/22 12:28:52
inFileGetSize (C:\ITKiosk\Reader\ECC_API\ICERData\ICERAPI_CMAS.adv) FILE_OPEN_FAIL:0(0),2
2019/10/22 12:28:52
ICER SEND CMAS ADVICE:(SSL)0384B<TransXML><TRANS><T0100>0820</T0100><T0300>881999</T0300><T1100>176064</T1100><T1200>122851</T1200><T1300>20191022</T1300><T3700>19102217606300</T3700><T4100>09100D802A00</T4100><T4104>457DE159</T4104><T4200>00010880</T4200><T4210>0</T4210><T5503>0000000001</T5503><T5504>01</T5504><T5510>0001</T5510><T4825>00</T4825><T6406>00000000000000000000000000000000</T6406></TRANS></TransXML>
2019/10/22 12:28:52
ICER RECV CMAS ADVICE:(SSL)0540B<?xml version="1.0" encoding="UTF-8" standalone="no"?><TransXML><Trans><T0100>0830</T0100><T0300>881999</T0300><T1100>176064</T1100><T1200>122849</T1200><T1300>20191022</T1300><T3700>19102217606300</T3700><T3800>6Vs3CC</T3800><T3900>00</T3900><T4100>09100D802A00</T4100><T4104>457DE159</T4104><T4200>00010880</T4200><T4210>0</T4210><T4823>11</T4823><T4824>00</T4824><T4825>00</T4825><T5369>11</T5369><T5503>0000000001</T5503><T5504>01</T5504><T5510>0001</T5510><T5591>0</T5591><T6406>00000000000000000000000000000000</T6406></Trans></TransXML>
2019/10/22 12:28:52
inFileGetSize (C:\ITKiosk\Reader\ECC_API\ICERData\ICERAPI_CMAS.rev.bak) FILE_OPEN_FAIL:0(0),2
2019/10/22 12:28:52
gCurrentFolder RES:C:\ITKiosk\Reader\ECC_API\ICERData
2019/10/22 12:28:52
TM RES :<?xml version="1.0" encoding="UTF-8" standalone="no"?><TransXML><TRANS><T3901>0</T3901><T0100>0810</T0100><T0300>881999</T0300><T1100>176063</T1100><T1101>176065</T1101><T1200>122848</T1200><T1300>20191022</T1300><T3700>19102217606300</T3700><T3800>mecmGK</T3800><T3900>00</T3900><T4100>09100D802A00</T4100><T4101>AED5DC00</T4101><T4102>192.168.100.107</T4102><T4104>457DE159</T4104><T4107>0</T4107><T4200>00010880</T4200><T4210>0</T4210><T4820>01</T4820><T4823>11</T4823><T4824>00</T4824><T5301>01</T5301><T5303>02</T5303><T5306>7C972A</T5306><T5307>F3A95C2440995E04</T5307><T5308>846B161250E901C1</T5308><T5361>5430383932373332</T5361><T5362>0000028D</T5362><T5363>00AE6FD04F75689C</T5363><T5364>010DD9822020DF01DF03DF0ADF0E00000000000000000000000000000000000000000000000000000000000000000000000000000000000000000000000000000000000000000000000000000000</T5364><T5365>E09304400D03000000000000</T5365><T5366>102700</T5366><T5367>000000000000000000000000000000000000000000000000000000000000000000000000000000000000000000000000000000000000000000</T5367><T5368>00000213</T5368><T5369>11</T5369><T5370>09100D802A0000000212BCF5AE5D00900000000000000000000000000000000000</T5370><T5371>5039303035393630</T5371><T5503>0000000001</T5503><T5504>01</T5504><T5510>0001</T5510><T5588><T558801>01</T558801><T558803>000001</T558803></T5588><T5588><T558801>02</T558801><T558802>BIG</T558802><T558803>11827</T558803></T5588><T5588><T558801>03</T558801><T558802>VEGA5000S-APPV18</T558802><T558803>000018</T558803></T5588><T5591>0</T5591><T5595><T559502>TM01</T559502><T559503>5909</T559503><T559504>20180820</T559504><T559505>20991231</T559505></T5595><T5595><T559502>TM02</T559502><T559503>00010880</T559503><T559504>20180820</T559504><T559505>20991231</T559505></T5595><T5595><T559502>TM03</T559502><T559503>00000</T559503><T559504>20180820</T559504><T559505>20991231</T559505></T5595><T5595><T559502>TM04</T559502><T559503>0000000001</T559503><T559504>20180820</T559504><T559505>20991231</T559505></T5595><T5595><T559502>TM17</T559502><T559503>業務三科 測試機01</T559503><T559504>20180820</T559504><T559505>20991231</T559505></T5595><T5595><T559502>TM18</T559502><T559503>嗶悠遊卡 最悠遊</T559503><T559504>20180820</T559504><T559505>20991231</T559505></T5595><T5595><T559502>TM30</T559502><T559503>1111111110</T559503><T559504>20180820</T559504><T559505>20991231</T559505></T5595><T5595><T559502>TM80</T559502><T559503>0</T559503><T559504>20180820</T559504><T559505>20991231</T559505></T5595><T5595><T559502>TM81</T559502><T559503>0</T559503><T559504>20180820</T559504><T559505>20991231</T559505></T5595><T5595><T559501>000001</T559501><T559502>TM09</T559502><T559503>123456</T559503><T559504>20130101</T559504><T559505>20990101</T559505></T5595><T5595><T559501>000001</T559501><T559502>TM10</T559502><T559503>/OUT/ssl/ck1.cer</T559503><T559504>20130101</T559504><T559505>20990101</T559505></T5595><T5595><T559501>11827</T559501><T559502>TM11</T559502><T559503>/out/blc/BLC11827A_191021.BIG</T559503><T559504>19700101</T559504><T559505>99991231</T559505></T5595><T5595><T559501>000018</T559501><T559502>TM12</T559502><T559503>/OUT/exe/ECCAPP/ECCAPP0018.CAP</T559503><T559504>19700101</T559504><T559505>99991231</T559505></T5595><T5596><T559601>0</T559601><T559602>00000001</T559602><T559603>0</T559603><T559604>00000001</T559604></T5596><T6000>28070305D039</T6000><T6002>00B80B00E8030001A0860101F40101000000000000000000</T6002><T6003>A086010000000000000000000000000000000000000000000000000000000000</T6003><T6004>03332</T6004><T6400>D773A9A01A624D94</T6400><T6401>14545B8ACB82E2BC</T6401><T6408>45C3F8865B1B73FAF556C73924DB26BA</T6408><T6409>B8E31D912CCB4FC6B47F64F629250969</T6409><T4825>00</T4825><T6406>00000000000000000000000000000000</T6406><T5548><T554801>00000000000000000000000000000000000000000000000000000000009000</T554801></T5548><T4213>00010880-00000-0000000001</T4213><T4110>0001088001304105</T4110><T4109>0220131454</T4109></TRANS></TransXML>
2019/10/22 12:28:52
inFileWrite (C:\ITKiosk\Reader\ECC_API\ICERData\ICERAPI.RES.OK) FILE_WRITE_FAIL:0
2019/10/22 12:29:15
inCheckProcess = 96,96
2019/10/22 12:29:15
inInitialTxn = 0
2019/10/22 12:29:15
TM REQ :<?xml version="1.0" encoding="UTF-8" standalone="yes"?><TransXML><TRANS><T0100>0800</T0100><T0300>881999</T0300><T1100>176066</T1100><T1101>176066</T1101><T1200>122915</T1200><T1300>20191022</T1300><T4200>34800000</T4200></TRANS></TransXML>
2019/10/22 12:29:15
srTxnData.srIngData.lnECCAmt 1 = 0
2019/10/22 12:29:15
inFileGetSize (C:\ITKiosk\Reader\ECC_API\ICERData\ICERAPI_ICER.adv) FILE_OPEN_FAIL:0(0),2
2019/10/22 12:29:15
RC IN PPR_Reset:00004680010000403030303030303030303130313230313931303232313232393135313736303636303030311BF6AE5D000000000000000000000000110000000000000000000000FA74
2019/10/22 12:29:16
RC OUT PPR_Reset(9000):0000FC01457DE15928070305D03954303839323733320000028D2A3215CE4F5288B4AED5DC0001F9F1EB22E293F2A20150393030353936300DD9822020E09304102700400D0300000000000009100D802A00DF01DF03DF0ADF0E00000000000000000000000000000000000000000000000000000000000000000000000000000000000000000000000000000000000000000000000000000000000002143063B27423CB5E6E2E6621EEF40B40FBF6FC82A5177400CC702AC989A307DEF8BC08B80BE803F40101A08601A08601000000000000000000000003F6AE5D09100D802A000000021303F6AE5D00900000000000000000000000000000000000900040
2019/10/22 12:29:16
inFileGetSize (C:\ITKiosk\Reader\ECC_API\ICERData\ICERAPI_CMAS.rev) FILE_OPEN_FAIL:0(0),2
2019/10/22 12:29:16
ICER SEND CMAS NORMAL:(SSL)1540B<?xml version="1.0" encoding="UTF-8" standalone="yes"?><TransXML><TRANS><T0100>0800</T0100><T0300>881999</T0300><T1100>176066</T1100><T1101>176066</T1101><T1200>122915</T1200><T1300>20191022</T1300><T4200>00010880</T4200><T3700>19102217606600</T3700><T4100>09100D802A00</T4100><T4101>AED5DC00</T4101><T4102>192.168.100.107</T4102><T4104>457DE159</T4104><T4107>0</T4107><T4210>0</T4210><T4820>01</T4820><T4823>11</T4823><T4824>00</T4824><T5301>01</T5301><T5307>3063B27423CB5E6E</T5307><T5308>2E6621EEF40B40FB</T5308><T5361>5430383932373332</T5361><T5362>0000028D</T5362><T5363>2A3215CE4F5288B4</T5363><T5364>010DD9822020DF01DF03DF0ADF0E00000000000000000000000000000000000000000000000000000000000000000000000000000000000000000000000000000000000000000000000000000000</T5364><T5365>E09304400D03000000000000</T5365><T5366>102700</T5366><T5368>00000214</T5368><T5369>11</T5369><T5370>09100D802A000000021303F6AE5D00900000000000000000000000000000000000</T5370><T5371>5039303035393630</T5371><T5503>0000000001</T5503><T5504>01</T5504><T5510>0001</T5510><T5588><T558801>02</T558801><T558802>BIG</T558802><T558803>03332</T558803></T5588><T5588><T558801>03</T558801><T558803>V4001E</T558803></T5588><T5588><T558801>05</T558801><T558803>28070305D039</T558803></T5588><T6000>28070305D039</T6000><T6002>00B80B00E8030001A0860101F40101010000000000000000</T6002><T6003>A086010000000000000000000000000000000000000000000000000000000000</T6003><T6004>03332</T6004><T6400>F9F1EB22E293F2A2</T6400><T6408>F6FC82A5177400CC702AC989A307DEF8</T6408></TRANS></TransXML>
2019/10/22 12:29:16
ICER RECV CMAS NORMAL:(SSL)3681B<?xml version="1.0" encoding="UTF-8" standalone="no"?><TransXML><Trans><T0100>0810</T0100><T0300>881999</T0300><T1100>176067</T1100><T1101>176066</T1101><T1200>122912</T1200><T1300>20191022</T1300><T3700>19102217606600</T3700><T3800>O531hE</T3800><T3900>00</T3900><T4100>09100D802A00</T4100><T4101>AED5DC00</T4101><T4102>192.168.100.107</T4102><T4104>457DE159</T4104><T4107>0</T4107><T4200>00010880</T4200><T4210>0</T4210><T4820>01</T4820><T4823>11</T4823><T4824>00</T4824><T5301>01</T5301><T5303>02</T5303><T5306>7C972A</T5306><T5307>3063B27423CB5E6E</T5307><T5308>2E6621EEF40B40FB</T5308><T5361>5430383932373332</T5361><T5362>0000028D</T5362><T5363>2A3215CE4F5288B4</T5363><T5364>010DD9822020DF01DF03DF0ADF0E00000000000000000000000000000000000000000000000000000000000000000000000000000000000000000000000000000000000000000000000000000000</T5364><T5365>E09304400D03000000000000</T5365><T5366>102700</T5366><T5367>000000000000000000000000000000000000000000000000000000000000000000000000000000000000000000000000000000000000000000</T5367><T5368>00000214</T5368><T5369>11</T5369><T5370>09100D802A000000021303F6AE5D00900000000000000000000000000000000000</T5370><T5371>5039303035393630</T5371><T5503>0000000001</T5503><T5504>01</T5504><T5510>0001</T5510><T5588><T558801>01</T558801><T558803>000001</T558803></T5588><T5588><T558801>02</T558801><T558802>BIG</T558802><T558803>11827</T558803></T5588><T5588><T558801>03</T558801><T558802>VEGA5000S-APPV18</T558802><T558803>000018</T558803></T5588><T5591>0</T5591><T5595><T559502>TM01</T559502><T559503>5909</T559503><T559504>20180820</T559504><T559505>20991231</T559505></T5595><T5595><T559502>TM02</T559502><T559503>00010880</T559503><T559504>20180820</T559504><T559505>20991231</T559505></T5595><T5595><T559502>TM03</T559502><T559503>00000</T559503><T559504>20180820</T559504><T559505>20991231</T559505></T5595><T5595><T559502>TM04</T559502><T559503>0000000001</T559503><T559504>20180820</T559504><T559505>20991231</T559505></T5595><T5595><T559502>TM17</T559502><T559503>業務三科 測試機01</T559503><T559504>20180820</T559504><T559505>20991231</T559505></T5595><T5595><T559502>TM18</T559502><T559503>嗶悠遊卡 最悠遊</T559503><T559504>20180820</T559504><T559505>20991231</T559505></T5595><T5595><T559502>TM30</T559502><T559503>1111111110</T559503><T559504>20180820</T559504><T559505>20991231</T559505></T5595><T5595><T559502>TM80</T559502><T559503>0</T559503><T559504>20180820</T559504><T559505>20991231</T559505></T5595><T5595><T559502>TM81</T559502><T559503>0</T559503><T559504>20180820</T559504><T559505>20991231</T559505></T5595><T5595><T559501>000001</T559501><T559502>TM09</T559502><T559503>123456</T559503><T559504>20130101</T559504><T559505>20990101</T559505></T5595><T5595><T559501>000001</T559501><T559502>TM10</T559502><T559503>/OUT/ssl/ck1.cer</T559503><T559504>20130101</T559504><T559505>20990101</T559505></T5595><T5595><T559501>11827</T559501><T559502>TM11</T559502><T559503>/out/blc/BLC11827A_191021.BIG</T559503><T559504>19700101</T559504><T559505>99991231</T559505></T5595><T5595><T559501>000018</T559501><T559502>TM12</T559502><T559503>/OUT/exe/ECCAPP/ECCAPP0018.CAP</T559503><T559504>19700101</T559504><T559505>99991231</T559505></T5595><T5596><T559601>0</T559601><T559602>00000001</T559602><T559603>0</T559603><T559604>00000001</T559604></T5596><T6000>28070305D039</T6000><T6002>00B80B00E8030001A0860101F40101000000000000000000</T6002><T6003>A086010000000000000000000000000000000000000000000000000000000000</T6003><T6004>03332</T6004><T6400>F9F1EB22E293F2A2</T6400><T6401>4969DA6D20A41744</T6401><T6408>F6FC82A5177400CC702AC989A307DEF8</T6408><T6409>EDC23CA3CECADAB11C60928CDAB0A94A</T6409></Trans></TransXML>
2019/10/22 12:29:16
inFileGetSize (C:\ITKiosk\Reader\ECC_API\ICERData\ICERAPI_CMAS.rev.bak) FILE_OPEN_FAIL:0(0),2
2019/10/22 12:29:16
RC IN PPR_SignOn:00008680020000804969DA6D20A41744EDC23CA3CECADAB11C60928CDAB0A94A000000000000000000000000000000000000000000000000000000000000000000000000000000000000000000000000000000000000000000BC08B80BE803F40101A0860100000000000000000000000000000000000000000000000000000000000000027C972A1D11
2019/10/22 12:29:16
RC OUT PPR_SignOn(9000):00001F000000000000000000000000000000000000000000000000000000000090008F
2019/10/22 12:29:16
inFileGetSize (C:\ITKiosk\Reader\ECC_API\ICERData\ICERAPI_CMAS.adv) FILE_OPEN_FAIL:0(0),2
2019/10/22 12:29:16
ICER SEND CMAS ADVICE:(SSL)0384B<TransXML><TRANS><T0100>0820</T0100><T0300>881999</T0300><T1100>176067</T1100><T1200>122915</T1200><T1300>20191022</T1300><T3700>19102217606600</T3700><T4100>09100D802A00</T4100><T4104>457DE159</T4104><T4200>00010880</T4200><T4210>0</T4210><T5503>0000000001</T5503><T5504>01</T5504><T5510>0001</T5510><T4825>00</T4825><T6406>00000000000000000000000000000000</T6406></TRANS></TransXML>
2019/10/22 12:29:16
ICER RECV CMAS ADVICE:(SSL)0540B<?xml version="1.0" encoding="UTF-8" standalone="no"?><TransXML><Trans><T0100>0830</T0100><T0300>881999</T0300><T1100>176067</T1100><T1200>122912</T1200><T1300>20191022</T1300><T3700>19102217606600</T3700><T3800>l0YwJ6</T3800><T3900>00</T3900><T4100>09100D802A00</T4100><T4104>457DE159</T4104><T4200>00010880</T4200><T4210>0</T4210><T4823>11</T4823><T4824>00</T4824><T4825>00</T4825><T5369>11</T5369><T5503>0000000001</T5503><T5504>01</T5504><T5510>0001</T5510><T5591>0</T5591><T6406>00000000000000000000000000000000</T6406></Trans></TransXML>
2019/10/22 12:29:16
inFileGetSize (C:\ITKiosk\Reader\ECC_API\ICERData\ICERAPI_CMAS.rev.bak) FILE_OPEN_FAIL:0(0),2
2019/10/22 12:29:16
gCurrentFolder RES:C:\ITKiosk\Reader\ECC_API\ICERData
2019/10/22 12:29:16
TM RES :<?xml version="1.0" encoding="UTF-8" standalone="no"?><TransXML><TRANS><T3901>0</T3901><T0100>0810</T0100><T0300>881999</T0300><T1100>176066</T1100><T1101>176068</T1101><T1200>122912</T1200><T1300>20191022</T1300><T3700>19102217606600</T3700><T3800>O531hE</T3800><T3900>00</T3900><T4100>09100D802A00</T4100><T4101>AED5DC00</T4101><T4102>192.168.100.107</T4102><T4104>457DE159</T4104><T4107>0</T4107><T4200>00010880</T4200><T4210>0</T4210><T4820>01</T4820><T4823>11</T4823><T4824>00</T4824><T5301>01</T5301><T5303>02</T5303><T5306>7C972A</T5306><T5307>3063B27423CB5E6E</T5307><T5308>2E6621EEF40B40FB</T5308><T5361>5430383932373332</T5361><T5362>0000028D</T5362><T5363>2A3215CE4F5288B4</T5363><T5364>010DD9822020DF01DF03DF0ADF0E00000000000000000000000000000000000000000000000000000000000000000000000000000000000000000000000000000000000000000000000000000000</T5364><T5365>E09304400D03000000000000</T5365><T5366>102700</T5366><T5367>000000000000000000000000000000000000000000000000000000000000000000000000000000000000000000000000000000000000000000</T5367><T5368>00000214</T5368><T5369>11</T5369><T5370>09100D802A000000021303F6AE5D00900000000000000000000000000000000000</T5370><T5371>5039303035393630</T5371><T5503>0000000001</T5503><T5504>01</T5504><T5510>0001</T5510><T5588><T558801>01</T558801><T558803>000001</T558803></T5588><T5588><T558801>02</T558801><T558802>BIG</T558802><T558803>11827</T558803></T5588><T5588><T558801>03</T558801><T558802>VEGA5000S-APPV18</T558802><T558803>000018</T558803></T5588><T5591>0</T5591><T5595><T559502>TM01</T559502><T559503>5909</T559503><T559504>20180820</T559504><T559505>20991231</T559505></T5595><T5595><T559502>TM02</T559502><T559503>00010880</T559503><T559504>20180820</T559504><T559505>20991231</T559505></T5595><T5595><T559502>TM03</T559502><T559503>00000</T559503><T559504>20180820</T559504><T559505>20991231</T559505></T5595><T5595><T559502>TM04</T559502><T559503>0000000001</T559503><T559504>20180820</T559504><T559505>20991231</T559505></T5595><T5595><T559502>TM17</T559502><T559503>業務三科 測試機01</T559503><T559504>20180820</T559504><T559505>20991231</T559505></T5595><T5595><T559502>TM18</T559502><T559503>嗶悠遊卡 最悠遊</T559503><T559504>20180820</T559504><T559505>20991231</T559505></T5595><T5595><T559502>TM30</T559502><T559503>1111111110</T559503><T559504>20180820</T559504><T559505>20991231</T559505></T5595><T5595><T559502>TM80</T559502><T559503>0</T559503><T559504>20180820</T559504><T559505>20991231</T559505></T5595><T5595><T559502>TM81</T559502><T559503>0</T559503><T559504>20180820</T559504><T559505>20991231</T559505></T5595><T5595><T559501>000001</T559501><T559502>TM09</T559502><T559503>123456</T559503><T559504>20130101</T559504><T559505>20990101</T559505></T5595><T5595><T559501>000001</T559501><T559502>TM10</T559502><T559503>/OUT/ssl/ck1.cer</T559503><T559504>20130101</T559504><T559505>20990101</T559505></T5595><T5595><T559501>11827</T559501><T559502>TM11</T559502><T559503>/out/blc/BLC11827A_191021.BIG</T559503><T559504>19700101</T559504><T559505>99991231</T559505></T5595><T5595><T559501>000018</T559501><T559502>TM12</T559502><T559503>/OUT/exe/ECCAPP/ECCAPP0018.CAP</T559503><T559504>19700101</T559504><T559505>99991231</T559505></T5595><T5596><T559601>0</T559601><T559602>00000001</T559602><T559603>0</T559603><T559604>00000001</T559604></T5596><T6000>28070305D039</T6000><T6002>00B80B00E8030001A0860101F40101000000000000000000</T6002><T6003>A086010000000000000000000000000000000000000000000000000000000000</T6003><T6004>03332</T6004><T6400>F9F1EB22E293F2A2</T6400><T6401>4969DA6D20A41744</T6401><T6408>F6FC82A5177400CC702AC989A307DEF8</T6408><T6409>EDC23CA3CECADAB11C60928CDAB0A94A</T6409><T4825>00</T4825><T6406>00000000000000000000000000000000</T6406><T5548><T554801>00000000000000000000000000000000000000000000000000000000009000</T554801></T5548><T4213>00010880-00000-0000000001</T4213><T4110>0001088001304105</T4110><T4109>0220131454</T4109></TRANS></TransXML>
2019/10/22 12:29:16
inFileWrite (C:\ITKiosk\Reader\ECC_API\ICERData\ICERAPI.RES.OK) FILE_WRITE_FAIL:0
