2019/06/05 16:48:40
inCheckProcess = 96,96
2019/06/05 16:48:40
inInitialTxn = 0
2019/06/05 16:48:40
TM REQ :<?xml version="1.0" encoding="UTF-8" standalone="yes"?><TransXML><TRANS><T0100>0200</T0100><T0300>606100</T0300><T0400>000500</T0400><T1100>000001</T1100><T1101>000001</T1101><T1200>164839</T1200><T1300>20190605</T1300><T4830>0</T4830><T5501>1</T5501></TRANS></TransXML>
2019/06/05 16:48:40
srTxnData.srIngData.lnECCAmt 1 = 5
2019/06/05 16:48:40
inFileGetSize (C:\ITKiosk\Reader\ECC_API\ICERData\ICERAPI_ICER.adv) FILE_OPEN_FAIL:0(0),2
2019/06/05 16:48:40
RC IN PPR_SignOnQuery:0000058003000028AE
2019/06/05 16:48:40
RC OUT PPR_SignOnQuery(9000):00002AE09304400D03000000000000BC08B80BE803F40101A08601F585F65CDC802A000000A08601000000900037
2019/06/05 16:48:40
RC IN PPR_TxnReqOffline:0000468032010040010030303030303030303031303132303139303630353136343833393030303030313030303167F2F75C05000000FFFFFFFFFFFF010000000000000000000000FA7C
2019/06/05 16:48:41
RC OUT PPR_TxnReqOffline(9000):0000FC00110000000000000000000000000000000000000000000000E197687408005E0000000000E197680125AE9938000000040500000128070305D039AED5DC0009100D802A00DC802A00000000640000020000000054303839323733320000000000000000000000000000000000000000000000303030303031000000000000000000A00F00A00F000000000000000000000000000000000000000000000000000000000000000000000001000000000000000000000000000000000000000000000000000000000000000000000000000000000000000000000000000000000000000000000000000000000000000000000000000000000000009000DC
2019/06/05 16:48:41
RC IN PPR_AuthTxnOffline:00001C80320200160000000000000000000000000000000000000000000040FA
2019/06/05 16:48:41
RC OUT PPR_AuthTxnOffline(9000):0000425F00006F0800900000000000000000000000000000000000000000000000000000011B6A8619457DE159000000000000000067F2F75C0000000000000000000090002B
2019/06/05 16:48:41
ICER SEND CMAS ADVICE:(SSL)1221B<?xml version="1.0" encoding="UTF-8" standalone="yes"?><TransXML><TRANS><T0100>0220</T0100><T0300>811599</T0300><T0400>5</T0400><T1100>175282</T1100><T1101>000023</T1101><T1200>151952</T1200><T1300>20190604</T1300><T5501>1</T5501><T0200>949595685</T0200><T0212>00</T0212><T0213>00</T0213><T0214>00</T0214><T0410>2184</T0410><T1201>151952</T1201><T1301>20190604</T1301><T1402>20250810</T1402><T3700>19060417528290</T3700><T4100>09100D802A00</T4100><T4101>AED5DC00</T4101><T4102>192.168.56.1</T4102><T4104>457DE159</T4104><T4107>0</T4107><T4200>00010880</T4200><T4210>0</T4210><T4800>00</T4800><T4801>000000000000000000A00F00A00F00000000000000000000000000000000000000000000000000000000000000</T4801><T4802>02</T4802><T4803>00</T4803><T4804>01</T4804><T4805>0000</T4805><T4806>00E19768</T4806><T4808>91</T4808><T4811>90</T4811><T4813>0</T4813><T4826>04</T4826><T5301>00</T5301><T5361>5430383932373332</T5361><T5362>00000000</T5362><T5363>0000000000000000</T5363><T5371>0000000000000000</T5371><T5503>0000000001</T5503><T5504>01</T5504><T5510>0001</T5510><T6000>28070305D039</T6000><T6004>03332</T6004><T6400>0000000000000000</T6400><T0408>2179</T0408><T6402>0000000000000000</T6402><T6403>82D5710D</T6403></TRANS></TransXML>
2019/06/05 16:48:41
ICER RECV CMAS ADVICE:(SSL)1322B<?xml version="1.0" encoding="UTF-8" standalone="no"?><TransXML><Trans><T0100>0230</T0100><T0200>949595685</T0200><T0212>00</T0212><T0213>00</T0213><T0214>00</T0214><T0300>811599</T0300><T0400>5</T0400><T0408>2179</T0408><T0410>2184</T0410><T1100>175282</T1100><T1101>000023</T1101><T1200>164836</T1200><T1201>151952</T1201><T1300>20190605</T1300><T1301>20190604</T1301><T1402>20250810</T1402><T3700>19060417528290</T3700><T3800>zEQbLq</T3800><T3900>00</T3900><T4100>09100D802A00</T4100><T4101>AED5DC00</T4101><T4102>192.168.56.1</T4102><T4104>457DE159</T4104><T4107>0</T4107><T4200>00010880</T4200><T4210>0</T4210><T4800>00</T4800><T4801>000000000000000000A00F00A00F00000000000000000000000000000000000000000000000000000000000000</T4801><T4802>02</T4802><T4803>00</T4803><T4804>01</T4804><T4805>0000</T4805><T4806>00E19768</T4806><T4808>91</T4808><T4811>90</T4811><T4813>0</T4813><T4823>11</T4823><T4824>00</T4824><T4826>04</T4826><T5301>00</T5301><T5361>5430383932373332</T5361><T5362>00000000</T5362><T5363>0000000000000000</T5363><T5369>11</T5369><T5371>0000000000000000</T5371><T5501>1</T5501><T5503>0000000001</T5503><T5504>01</T5504><T5510>0001</T5510><T5591>0</T5591><T6000>28070305D039</T6000><T6004>03332</T6004><T6400>0000000000000000</T6400><T6402>0000000000000000</T6402><T6403>82D5710D</T6403></Trans></TransXML>
2019/06/05 16:48:41
inFileGetSize (C:\ITKiosk\Reader\ECC_API\ICERData\ICERAPI_CMAS.rev.bak) FILE_OPEN_FAIL:0(0),2
2019/06/05 16:48:41
gCurrentFolder RES:C:\ITKiosk\Reader\ECC_API\ICERData
2019/06/05 16:48:41
TM RES :<?xml version="1.0" encoding="UTF-8" standalone="yes"?><TransXML><TRANS><T3901>0</T3901><T0100>0220</T0100><T0300>811599</T0300><T0400>500</T0400><T1100>000001</T1100><T1101>175291</T1101><T1200>164839</T1200><T1300>20190605</T1300><T4830>0</T4830><T5501>1</T5501><T0200>949595685</T0200><T0212>00</T0212><T0213>00</T0213><T0214>00</T0214><T0415>216400</T0415><T1201>164839</T1201><T1301>20190605</T1301><T1402>20250810</T1402><T3700>19060517529094</T3700><T4100>09100D802A00</T4100><T4101>AED5DC00</T4101><T4102>192.168.56.1</T4102><T4104>457DE159</T4104><T4107>0</T4107><T4200>00010880</T4200><T4210>0</T4210><T4800>00</T4800><T4801>000000000000000000A00F00A00F00000000000000000000000000000000000000000000000000000000000000</T4801><T4802>02</T4802><T4803>00</T4803><T4804>01</T4804><T4805>0000</T4805><T4806>00E19768</T4806><T4808>95</T4808><T4811>94</T4811><T4813>0</T4813><T4826>04</T4826><T5301>00</T5301><T5361>5430383932373332</T5361><T5362>00000000</T5362><T5363>0000000000000000</T5363><T5371>0000000000000000</T5371><T5503>0000000001</T5503><T5504>01</T5504><T5510>0001</T5510><T6000>28070305D039</T6000><T6004>03332</T6004><T6400>0000000000000000</T6400><T0410>215900</T0410><T4109>0220131454</T4109><T4110>0001088001304105</T4110><T6402>0000000000000000</T6402><T6403>1B6A8619</T6403><T0215>949595685</T0215><T4213>00010880-00000-0000000001</T4213></TRANS></TransXML>
2019/06/05 16:48:41
inFileWrite (C:\ITKiosk\Reader\ECC_API\ICERData\ICERAPI.RES.OK) FILE_WRITE_FAIL:0
2019/06/05 16:51:35
inCheckProcess = 96,96
2019/06/05 16:51:35
inInitialTxn = 0
2019/06/05 16:51:35
TM REQ :<?xml version="1.0" encoding="UTF-8" standalone="yes"?><TransXML><TRANS><T0100>0200</T0100><T0300>606100</T0300><T0400>000500</T0400><T1100>000002</T1100><T1101>175292</T1101><T1200>165135</T1200><T1300>20190605</T1300><T4830>0</T4830><T5501>1</T5501></TRANS></TransXML>
2019/06/05 16:51:35
srTxnData.srIngData.lnECCAmt 1 = 5
2019/06/05 16:51:35
inFileGetSize (C:\ITKiosk\Reader\ECC_API\ICERData\ICERAPI_ICER.adv) FILE_OPEN_FAIL:0(0),2
2019/06/05 16:51:35
RC IN PPR_SignOnQuery:0000058003000028AE
2019/06/05 16:51:35
RC OUT PPR_SignOnQuery(9000):00002AE09304400D03000000000000BC08B80BE803F40101A08601F585F65CDC802A000000A08601000000900037
2019/06/05 16:51:35
RC IN PPR_TxnReqOffline:0000468032010040010030303030303030303031303132303139303630353136353133353030303030323030303117F3F75C05000000FFFFFFFFFFFF010000000000000000000000FA0A
2019/06/05 16:51:35
RC OUT PPR_TxnReqOffline(9000):0000FC00110000000000000000000000000000000000000000000000E197686F08005F0000000000E197680125AE9938000000040500000128070305D039AED5DC0009100D802A00DC802A00000000640000020000000054303839323733320000000000000000000000000000000000000000000000303030303032000000000000000000A00F00A00F000000000000000000000000000000000000000000000000000000000000000000000001000000000000000000000000000000000000000000000000000000000000000000000000000000000000000000000000000000000000000000000000000000000000000000000000000000000000009000C5
2019/06/05 16:51:35
RC IN PPR_AuthTxnOffline:00001C80320200160000000000000000000000000000000000000000000040FA
2019/06/05 16:51:36
RC OUT PPR_AuthTxnOffline(9000):0000426000006A080090000000000000000000000000000000000000000000000000000001C05E4E90457DE159000000000000000017F3F75C000000000000000000009000CE
2019/06/05 16:51:36
ICER SEND CMAS ADVICE:(SSL)1221B<?xml version="1.0" encoding="UTF-8" standalone="yes"?><TransXML><TRANS><T0100>0220</T0100><T0300>811599</T0300><T0400>5</T0400><T1100>175284</T1100><T1101>000024</T1101><T1200>152526</T1200><T1300>20190604</T1300><T5501>1</T5501><T0200>949595685</T0200><T0212>00</T0212><T0213>00</T0213><T0214>00</T0214><T0410>2179</T0410><T1201>152526</T1201><T1301>20190604</T1301><T1402>20250810</T1402><T3700>19060417528491</T3700><T4100>09100D802A00</T4100><T4101>AED5DC00</T4101><T4102>192.168.56.1</T4102><T4104>457DE159</T4104><T4107>0</T4107><T4200>00010880</T4200><T4210>0</T4210><T4800>00</T4800><T4801>000000000000000000A00F00A00F00000000000000000000000000000000000000000000000000000000000000</T4801><T4802>02</T4802><T4803>00</T4803><T4804>01</T4804><T4805>0000</T4805><T4806>00E19768</T4806><T4808>92</T4808><T4811>91</T4811><T4813>0</T4813><T4826>04</T4826><T5301>00</T5301><T5361>5430383932373332</T5361><T5362>00000000</T5362><T5363>0000000000000000</T5363><T5371>0000000000000000</T5371><T5503>0000000001</T5503><T5504>01</T5504><T5510>0001</T5510><T6000>28070305D039</T6000><T6004>03332</T6004><T6400>0000000000000000</T6400><T0408>2174</T0408><T6402>0000000000000000</T6402><T6403>52FB0154</T6403></TRANS></TransXML>
2019/06/05 16:51:36
ICER RECV CMAS ADVICE:(SSL)1322B<?xml version="1.0" encoding="UTF-8" standalone="no"?><TransXML><Trans><T0100>0230</T0100><T0200>949595685</T0200><T0212>00</T0212><T0213>00</T0213><T0214>00</T0214><T0300>811599</T0300><T0400>5</T0400><T0408>2174</T0408><T0410>2179</T0410><T1100>175284</T1100><T1101>000024</T1101><T1200>165131</T1200><T1201>152526</T1201><T1300>20190605</T1300><T1301>20190604</T1301><T1402>20250810</T1402><T3700>19060417528491</T3700><T3800>gvTmL5</T3800><T3900>00</T3900><T4100>09100D802A00</T4100><T4101>AED5DC00</T4101><T4102>192.168.56.1</T4102><T4104>457DE159</T4104><T4107>0</T4107><T4200>00010880</T4200><T4210>0</T4210><T4800>00</T4800><T4801>000000000000000000A00F00A00F00000000000000000000000000000000000000000000000000000000000000</T4801><T4802>02</T4802><T4803>00</T4803><T4804>01</T4804><T4805>0000</T4805><T4806>00E19768</T4806><T4808>92</T4808><T4811>91</T4811><T4813>0</T4813><T4823>11</T4823><T4824>00</T4824><T4826>04</T4826><T5301>00</T5301><T5361>5430383932373332</T5361><T5362>00000000</T5362><T5363>0000000000000000</T5363><T5369>11</T5369><T5371>0000000000000000</T5371><T5501>1</T5501><T5503>0000000001</T5503><T5504>01</T5504><T5510>0001</T5510><T5591>0</T5591><T6000>28070305D039</T6000><T6004>03332</T6004><T6400>0000000000000000</T6400><T6402>0000000000000000</T6402><T6403>52FB0154</T6403></Trans></TransXML>
2019/06/05 16:51:36
inFileGetSize (C:\ITKiosk\Reader\ECC_API\ICERData\ICERAPI_CMAS.rev.bak) FILE_OPEN_FAIL:0(0),2
2019/06/05 16:51:36
gCurrentFolder RES:C:\ITKiosk\Reader\ECC_API\ICERData
2019/06/05 16:51:36
TM RES :<?xml version="1.0" encoding="UTF-8" standalone="yes"?><TransXML><TRANS><T3901>0</T3901><T0100>0220</T0100><T0300>811599</T0300><T0400>500</T0400><T1100>000002</T1100><T1101>175293</T1101><T1200>165135</T1200><T1300>20190605</T1300><T4830>0</T4830><T5501>1</T5501><T0200>949595685</T0200><T0212>00</T0212><T0213>00</T0213><T0214>00</T0214><T0415>215900</T0415><T1201>165135</T1201><T1301>20190605</T1301><T1402>20250810</T1402><T3700>19060517529295</T3700><T4100>09100D802A00</T4100><T4101>AED5DC00</T4101><T4102>192.168.56.1</T4102><T4104>457DE159</T4104><T4107>0</T4107><T4200>00010880</T4200><T4210>0</T4210><T4800>00</T4800><T4801>000000000000000000A00F00A00F00000000000000000000000000000000000000000000000000000000000000</T4801><T4802>02</T4802><T4803>00</T4803><T4804>01</T4804><T4805>0000</T4805><T4806>00E19768</T4806><T4808>96</T4808><T4811>95</T4811><T4813>0</T4813><T4826>04</T4826><T5301>00</T5301><T5361>5430383932373332</T5361><T5362>00000000</T5362><T5363>0000000000000000</T5363><T5371>0000000000000000</T5371><T5503>0000000001</T5503><T5504>01</T5504><T5510>0001</T5510><T6000>28070305D039</T6000><T6004>03332</T6004><T6400>0000000000000000</T6400><T0410>215400</T0410><T4109>0220131454</T4109><T4110>0001088001304105</T4110><T6402>0000000000000000</T6402><T6403>C05E4E90</T6403><T0215>949595685</T0215><T4213>00010880-00000-0000000001</T4213></TRANS></TransXML>
2019/06/05 16:51:36
inFileWrite (C:\ITKiosk\Reader\ECC_API\ICERData\ICERAPI.RES.OK) FILE_WRITE_FAIL:0
2019/06/05 16:51:44
inCheckProcess = 96,96
2019/06/05 16:51:44
inInitialTxn = 0
2019/06/05 16:51:44
TM REQ :<?xml version="1.0" encoding="UTF-8" standalone="yes"?><TransXML><TRANS><T0100>0200</T0100><T0300>606100</T0300><T0400>000500</T0400><T1100>000003</T1100><T1101>175294</T1101><T1200>165144</T1200><T1300>20190605</T1300><T4830>0</T4830><T5501>1</T5501></TRANS></TransXML>
2019/06/05 16:51:44
srTxnData.srIngData.lnECCAmt 1 = 5
2019/06/05 16:51:44
inFileGetSize (C:\ITKiosk\Reader\ECC_API\ICERData\ICERAPI_ICER.adv) FILE_OPEN_FAIL:0(0),2
2019/06/05 16:51:44
RC IN PPR_SignOnQuery:0000058003000028AE
2019/06/05 16:51:44
RC OUT PPR_SignOnQuery(9000):00002AE09304400D03000000000000BC08B80BE803F40101A08601F585F65CDC802A000000A08601000000900037
2019/06/05 16:51:44
RC IN PPR_TxnReqOffline:0000468032010040010030303030303030303031303132303139303630353136353134343030303030333030303120F3F75C05000000FFFFFFFFFFFF010000000000000000000000FA3A
2019/06/05 16:51:45
RC OUT PPR_TxnReqOffline(9000):0000FC00110000000000000000000000000000000000000000000000E197686A0800600000000000E197680125AE9938000000040500000128070305D039AED5DC0009100D802A00DC802A00000000640000020000000054303839323733320000000000000000000000000000000000000000000000303030303033000000000000000000A00F00A00F000000000000000000000000000000000000000000000000000000000000000000000001000000000000000000000000000000000000000000000000000000000000000000000000000000000000000000000000000000000000000000000000000000000000000000000000000000000000009000FE
2019/06/05 16:51:45
RC IN PPR_AuthTxnOffline:00001C80320200160000000000000000000000000000000000000000000040FA
2019/06/05 16:51:45
RC OUT PPR_AuthTxnOffline(9000):00004261000065080090000000000000000000000000000000000000000000000000000001B54BC1C0457DE159000000000000000020F3F75C00000000000000000000900048
2019/06/05 16:51:45
ICER SEND CMAS ADVICE:(SSL)1221B<?xml version="1.0" encoding="UTF-8" standalone="yes"?><TransXML><TRANS><T0100>0220</T0100><T0300>811599</T0300><T0400>5</T0400><T1100>175286</T1100><T1101>000025</T1101><T1200>153756</T1200><T1300>20190604</T1300><T5501>1</T5501><T0200>949595685</T0200><T0212>00</T0212><T0213>00</T0213><T0214>00</T0214><T0410>2174</T0410><T1201>153756</T1201><T1301>20190604</T1301><T1402>20250810</T1402><T3700>19060417528692</T3700><T4100>09100D802A00</T4100><T4101>AED5DC00</T4101><T4102>192.168.56.1</T4102><T4104>457DE159</T4104><T4107>0</T4107><T4200>00010880</T4200><T4210>0</T4210><T4800>00</T4800><T4801>000000000000000000A00F00A00F00000000000000000000000000000000000000000000000000000000000000</T4801><T4802>02</T4802><T4803>00</T4803><T4804>01</T4804><T4805>0000</T4805><T4806>00E19768</T4806><T4808>93</T4808><T4811>92</T4811><T4813>0</T4813><T4826>04</T4826><T5301>00</T5301><T5361>5430383932373332</T5361><T5362>00000000</T5362><T5363>0000000000000000</T5363><T5371>0000000000000000</T5371><T5503>0000000001</T5503><T5504>01</T5504><T5510>0001</T5510><T6000>28070305D039</T6000><T6004>03332</T6004><T6400>0000000000000000</T6400><T0408>2169</T0408><T6402>0000000000000000</T6402><T6403>2C0C7147</T6403></TRANS></TransXML>
2019/06/05 16:51:45
ICER RECV CMAS ADVICE:(SSL)1322B<?xml version="1.0" encoding="UTF-8" standalone="no"?><TransXML><Trans><T0100>0230</T0100><T0200>949595685</T0200><T0212>00</T0212><T0213>00</T0213><T0214>00</T0214><T0300>811599</T0300><T0400>5</T0400><T0408>2169</T0408><T0410>2174</T0410><T1100>175286</T1100><T1101>000025</T1101><T1200>165140</T1200><T1201>153756</T1201><T1300>20190605</T1300><T1301>20190604</T1301><T1402>20250810</T1402><T3700>19060417528692</T3700><T3800>NCSNlU</T3800><T3900>00</T3900><T4100>09100D802A00</T4100><T4101>AED5DC00</T4101><T4102>192.168.56.1</T4102><T4104>457DE159</T4104><T4107>0</T4107><T4200>00010880</T4200><T4210>0</T4210><T4800>00</T4800><T4801>000000000000000000A00F00A00F00000000000000000000000000000000000000000000000000000000000000</T4801><T4802>02</T4802><T4803>00</T4803><T4804>01</T4804><T4805>0000</T4805><T4806>00E19768</T4806><T4808>93</T4808><T4811>92</T4811><T4813>0</T4813><T4823>11</T4823><T4824>00</T4824><T4826>04</T4826><T5301>00</T5301><T5361>5430383932373332</T5361><T5362>00000000</T5362><T5363>0000000000000000</T5363><T5369>11</T5369><T5371>0000000000000000</T5371><T5501>1</T5501><T5503>0000000001</T5503><T5504>01</T5504><T5510>0001</T5510><T5591>0</T5591><T6000>28070305D039</T6000><T6004>03332</T6004><T6400>0000000000000000</T6400><T6402>0000000000000000</T6402><T6403>2C0C7147</T6403></Trans></TransXML>
2019/06/05 16:51:45
inFileGetSize (C:\ITKiosk\Reader\ECC_API\ICERData\ICERAPI_CMAS.rev.bak) FILE_OPEN_FAIL:0(0),2
2019/06/05 16:51:45
gCurrentFolder RES:C:\ITKiosk\Reader\ECC_API\ICERData
2019/06/05 16:51:45
TM RES :<?xml version="1.0" encoding="UTF-8" standalone="yes"?><TransXML><TRANS><T3901>0</T3901><T0100>0220</T0100><T0300>811599</T0300><T0400>500</T0400><T1100>000003</T1100><T1101>175295</T1101><T1200>165144</T1200><T1300>20190605</T1300><T4830>0</T4830><T5501>1</T5501><T0200>949595685</T0200><T0212>00</T0212><T0213>00</T0213><T0214>00</T0214><T0415>215400</T0415><T1201>165144</T1201><T1301>20190605</T1301><T1402>20250810</T1402><T3700>19060517529496</T3700><T4100>09100D802A00</T4100><T4101>AED5DC00</T4101><T4102>192.168.56.1</T4102><T4104>457DE159</T4104><T4107>0</T4107><T4200>00010880</T4200><T4210>0</T4210><T4800>00</T4800><T4801>000000000000000000A00F00A00F00000000000000000000000000000000000000000000000000000000000000</T4801><T4802>02</T4802><T4803>00</T4803><T4804>01</T4804><T4805>0000</T4805><T4806>00E19768</T4806><T4808>97</T4808><T4811>96</T4811><T4813>0</T4813><T4826>04</T4826><T5301>00</T5301><T5361>5430383932373332</T5361><T5362>00000000</T5362><T5363>0000000000000000</T5363><T5371>0000000000000000</T5371><T5503>0000000001</T5503><T5504>01</T5504><T5510>0001</T5510><T6000>28070305D039</T6000><T6004>03332</T6004><T6400>0000000000000000</T6400><T0410>214900</T0410><T4109>0220131454</T4109><T4110>0001088001304105</T4110><T6402>0000000000000000</T6402><T6403>B54BC1C0</T6403><T0215>949595685</T0215><T4213>00010880-00000-0000000001</T4213></TRANS></TransXML>
2019/06/05 16:51:45
inFileWrite (C:\ITKiosk\Reader\ECC_API\ICERData\ICERAPI.RES.OK) FILE_WRITE_FAIL:0
2019/06/05 16:52:24
inCheckProcess = 96,96
2019/06/05 16:52:24
inInitialTxn = 0
2019/06/05 16:52:24
TM REQ :<?xml version="1.0" encoding="UTF-8" standalone="yes"?><TransXML><TRANS><T0100>0200</T0100><T0300>606100</T0300><T0400>000500</T0400><T1100>000004</T1100><T1101>175296</T1101><T1200>165224</T1200><T1300>20190605</T1300><T4830>0</T4830><T5501>1</T5501></TRANS></TransXML>
2019/06/05 16:52:24
srTxnData.srIngData.lnECCAmt 1 = 5
2019/06/05 16:52:24
inFileGetSize (C:\ITKiosk\Reader\ECC_API\ICERData\ICERAPI_ICER.adv) FILE_OPEN_FAIL:0(0),2
2019/06/05 16:52:24
RC IN PPR_SignOnQuery:0000058003000028AE
2019/06/05 16:52:24
RC OUT PPR_SignOnQuery(9000):00002AE09304400D03000000000000BC08B80BE803F40101A08601F585F65CDC802A000000A08601000000900037
2019/06/05 16:52:24
RC IN PPR_TxnReqOffline:0000468032010040010030303030303030303031303132303139303630353136353232343030303030343030303148F3F75C05000000FFFFFFFFFFFF010000000000000000000000FA50
2019/06/05 16:52:24
RC OUT PPR_TxnReqOffline(9000):0000FC00110000000000000000000000000000000000000000000000E19768650800610000000000E197680125AE9938000000040500000128070305D039AED5DC0009100D802A00DC802A00000000640000020000000054303839323733320000000000000000000000000000000000000000000000303030303034000000000000000000A00F00A00F000000000000000000000000000000000000000000000000000000000000000000000001000000000000000000000000000000000000000000000000000000000000000000000000000000000000000000000000000000000000000000000000000000000000000000000000000000000000009000F7
2019/06/05 16:52:24
RC IN PPR_AuthTxnOffline:00001C80320200160000000000000000000000000000000000000000000040FA
2019/06/05 16:52:25
RC OUT PPR_AuthTxnOffline(9000):00004262000060080090000000000000000000000000000000000000000000000000000001559ACECC457DE159000000000000000048F3F75C00000000000000000000900014
2019/06/05 16:52:25
ICER SEND CMAS ADVICE:(SSL)1221B<?xml version="1.0" encoding="UTF-8" standalone="yes"?><TransXML><TRANS><T0100>0220</T0100><T0300>811599</T0300><T0400>5</T0400><T1100>175288</T1100><T1101>000001</T1101><T1200>182705</T1200><T1300>20190604</T1300><T5501>1</T5501><T0200>949595685</T0200><T0212>00</T0212><T0213>00</T0213><T0214>00</T0214><T0410>2169</T0410><T1201>182705</T1201><T1301>20190604</T1301><T1402>20250810</T1402><T3700>19060417528893</T3700><T4100>09100D802A00</T4100><T4101>AED5DC00</T4101><T4102>192.168.56.1</T4102><T4104>457DE159</T4104><T4107>0</T4107><T4200>00010880</T4200><T4210>0</T4210><T4800>00</T4800><T4801>000000000000000000A00F00A00F00000000000000000000000000000000000000000000000000000000000000</T4801><T4802>02</T4802><T4803>00</T4803><T4804>01</T4804><T4805>0000</T4805><T4806>00E19768</T4806><T4808>94</T4808><T4811>93</T4811><T4813>0</T4813><T4826>04</T4826><T5301>00</T5301><T5361>5430383932373332</T5361><T5362>00000000</T5362><T5363>0000000000000000</T5363><T5371>0000000000000000</T5371><T5503>0000000001</T5503><T5504>01</T5504><T5510>0001</T5510><T6000>28070305D039</T6000><T6004>03332</T6004><T6400>0000000000000000</T6400><T0408>2164</T0408><T6402>0000000000000000</T6402><T6403>8692311B</T6403></TRANS></TransXML>
2019/06/05 16:52:25
ICER RECV CMAS ADVICE:(SSL)1322B<?xml version="1.0" encoding="UTF-8" standalone="no"?><TransXML><Trans><T0100>0230</T0100><T0200>949595685</T0200><T0212>00</T0212><T0213>00</T0213><T0214>00</T0214><T0300>811599</T0300><T0400>5</T0400><T0408>2164</T0408><T0410>2169</T0410><T1100>175288</T1100><T1101>000001</T1101><T1200>165219</T1200><T1201>182705</T1201><T1300>20190605</T1300><T1301>20190604</T1301><T1402>20250810</T1402><T3700>19060417528893</T3700><T3800>c7SkMY</T3800><T3900>00</T3900><T4100>09100D802A00</T4100><T4101>AED5DC00</T4101><T4102>192.168.56.1</T4102><T4104>457DE159</T4104><T4107>0</T4107><T4200>00010880</T4200><T4210>0</T4210><T4800>00</T4800><T4801>000000000000000000A00F00A00F00000000000000000000000000000000000000000000000000000000000000</T4801><T4802>02</T4802><T4803>00</T4803><T4804>01</T4804><T4805>0000</T4805><T4806>00E19768</T4806><T4808>94</T4808><T4811>93</T4811><T4813>0</T4813><T4823>11</T4823><T4824>00</T4824><T4826>04</T4826><T5301>00</T5301><T5361>5430383932373332</T5361><T5362>00000000</T5362><T5363>0000000000000000</T5363><T5369>11</T5369><T5371>0000000000000000</T5371><T5501>1</T5501><T5503>0000000001</T5503><T5504>01</T5504><T5510>0001</T5510><T5591>0</T5591><T6000>28070305D039</T6000><T6004>03332</T6004><T6400>0000000000000000</T6400><T6402>0000000000000000</T6402><T6403>8692311B</T6403></Trans></TransXML>
2019/06/05 16:52:25
inFileGetSize (C:\ITKiosk\Reader\ECC_API\ICERData\ICERAPI_CMAS.rev.bak) FILE_OPEN_FAIL:0(0),2
2019/06/05 16:52:25
gCurrentFolder RES:C:\ITKiosk\Reader\ECC_API\ICERData
2019/06/05 16:52:25
TM RES :<?xml version="1.0" encoding="UTF-8" standalone="yes"?><TransXML><TRANS><T3901>0</T3901><T0100>0220</T0100><T0300>811599</T0300><T0400>500</T0400><T1100>000004</T1100><T1101>175297</T1101><T1200>165224</T1200><T1300>20190605</T1300><T4830>0</T4830><T5501>1</T5501><T0200>949595685</T0200><T0212>00</T0212><T0213>00</T0213><T0214>00</T0214><T0415>214900</T0415><T1201>165224</T1201><T1301>20190605</T1301><T1402>20250810</T1402><T3700>19060517529697</T3700><T4100>09100D802A00</T4100><T4101>AED5DC00</T4101><T4102>192.168.56.1</T4102><T4104>457DE159</T4104><T4107>0</T4107><T4200>00010880</T4200><T4210>0</T4210><T4800>00</T4800><T4801>000000000000000000A00F00A00F00000000000000000000000000000000000000000000000000000000000000</T4801><T4802>02</T4802><T4803>00</T4803><T4804>01</T4804><T4805>0000</T4805><T4806>00E19768</T4806><T4808>98</T4808><T4811>97</T4811><T4813>0</T4813><T4826>04</T4826><T5301>00</T5301><T5361>5430383932373332</T5361><T5362>00000000</T5362><T5363>0000000000000000</T5363><T5371>0000000000000000</T5371><T5503>0000000001</T5503><T5504>01</T5504><T5510>0001</T5510><T6000>28070305D039</T6000><T6004>03332</T6004><T6400>0000000000000000</T6400><T0410>214400</T0410><T4109>0220131454</T4109><T4110>0001088001304105</T4110><T6402>0000000000000000</T6402><T6403>559ACECC</T6403><T0215>949595685</T0215><T4213>00010880-00000-0000000001</T4213></TRANS></TransXML>
2019/06/05 16:52:25
inFileWrite (C:\ITKiosk\Reader\ECC_API\ICERData\ICERAPI.RES.OK) FILE_WRITE_FAIL:0
