2019/05/14 09:29:49
inCheckProcess = 96,96
2019/05/14 09:29:49
inInitialTxn = 0
2019/05/14 09:29:49
TM REQ :<?xml version="1.0" encoding="UTF-8" standalone="yes"?><TransXML><TRANS><T0100>0800</T0100><T0300>881999</T0300><T1100>175132</T1100><T1101>175132</T1101><T1200>092949</T1200><T1300>20190514</T1300><T4200>34800000</T4200></TRANS></TransXML>
2019/05/14 09:29:49
srTxnData.srIngData.lnECCAmt 1 = 0
2019/05/14 09:29:49
inFileGetSize (C:\ITKiosk\Reader\ECC_API\ICERData\ICERAPI_ICER.adv) FILE_OPEN_FAIL:0(0),2
2019/05/14 09:29:49
RC IN PPR_Reset:00004680010000403030303030303030303130313230313930353134303932393439313735313332303030318D8ADA5C000000000000000000000000110000000000000000000000FAEA
2019/05/14 09:29:53
1 dwToRead = 3,dwTotalRead = 0
2019/05/14 09:29:53
inReaderCommand2 Fail 1-1:(ffffffed)
2019/05/14 09:29:53
inSignOnProcess Fail 1:-19
2019/05/14 09:29:53
main Fail 5:-124
2019/05/14 09:29:53
inXMLUpdateData Update(T1300) Value = NULL !!
2019/05/14 09:29:53
gCurrentFolder RES:C:\ITKiosk\Reader\ECC_API\ICERData
2019/05/14 09:29:53
TM RES :<TransXML><TRANS><T3901>-124</T3901><T1101>175132</T1101><T1102>000000</T1102><T1103>000000</T1103></TRANS></TransXML>
2019/05/14 09:29:53
inFileWrite (C:\ITKiosk\Reader\ECC_API\ICERData\ICERAPI.RES.OK) FILE_WRITE_FAIL:0
2019/05/14 09:30:57
inCheckProcess = 96,96
2019/05/14 09:30:57
inInitialTxn = 0
2019/05/14 09:30:57
TM REQ :<?xml version="1.0" encoding="UTF-8" standalone="yes"?><TransXML><TRANS><T0100>0800</T0100><T0300>881999</T0300><T1100>175132</T1100><T1101>175133</T1101><T1200>093057</T1200><T1300>20190514</T1300><T4200>34800000</T4200></TRANS></TransXML>
2019/05/14 09:30:57
srTxnData.srIngData.lnECCAmt 1 = 0
2019/05/14 09:30:57
inFileGetSize (C:\ITKiosk\Reader\ECC_API\ICERData\ICERAPI_ICER.adv) FILE_OPEN_FAIL:0(0),2
2019/05/14 09:30:57
RC IN PPR_Reset:0000468001000040303030303030303030313031323031393035313430393330353731373531333230303031D18ADA5C000000000000000000000000110000000000000000000000FAB1
2019/05/14 09:30:57
RC OUT PPR_Reset(9000):0000FC01457DE15928070305D0395430383932373332000002068104AF907935F29BAED5DC000171E1755A9F2F2FF50150393030353936300DD9822020E09304102700400D0300000000000009100D802A00DF01DF03DF0ADF0E000000000000000000000000000000000000000000000000000000000000000000000000000000000000000000000000000000000000000000000000000000000000012EB5438BA54AFD7AC1EEA50E98D5547D57EB3CCF854E9D48203063ABCD78569D90BC08B80BE803F40101A08601A08601000000000000000000000050C4D55C09100D802A000000012D50C4D55C00900000000000000000000000000000000000900081
2019/05/14 09:30:57
inFileGetSize (C:\ITKiosk\Reader\ECC_API\ICERData\ICERAPI_CMAS.rev) FILE_OPEN_FAIL:0(0),2
2019/05/14 09:30:57
ICER SEND CMAS NORMAL:(SSL)1537B<?xml version="1.0" encoding="UTF-8" standalone="yes"?><TransXML><TRANS><T0100>0800</T0100><T0300>881999</T0300><T1100>175133</T1100><T1101>175132</T1101><T1200>093057</T1200><T1300>20190514</T1300><T4200>00010880</T4200><T3700>19051417513300</T3700><T4100>09100D802A00</T4100><T4101>AED5DC00</T4101><T4102>192.168.56.1</T4102><T4104>457DE159</T4104><T4107>0</T4107><T4210>0</T4210><T4820>01</T4820><T4823>11</T4823><T4824>00</T4824><T5301>01</T5301><T5307>B5438BA54AFD7AC1</T5307><T5308>EEA50E98D5547D57</T5308><T5361>5430383932373332</T5361><T5362>00000206</T5362><T5363>8104AF907935F29B</T5363><T5364>010DD9822020DF01DF03DF0ADF0E00000000000000000000000000000000000000000000000000000000000000000000000000000000000000000000000000000000000000000000000000000000</T5364><T5365>E09304400D03000000000000</T5365><T5366>102700</T5366><T5368>0000012E</T5368><T5369>11</T5369><T5370>09100D802A000000012D50C4D55C00900000000000000000000000000000000000</T5370><T5371>5039303035393630</T5371><T5503>0000000001</T5503><T5504>01</T5504><T5510>0001</T5510><T5588><T558801>02</T558801><T558802>BIG</T558802><T558803>03332</T558803></T5588><T5588><T558801>03</T558801><T558803>V4001E</T558803></T5588><T5588><T558801>05</T558801><T558803>28070305D039</T558803></T5588><T6000>28070305D039</T6000><T6002>00B80B00E8030001A0860101F40101010000000000000000</T6002><T6003>A086010000000000000000000000000000000000000000000000000000000000</T6003><T6004>03332</T6004><T6400>71E1755A9F2F2FF5</T6400><T6408>EB3CCF854E9D48203063ABCD78569D90</T6408></TRANS></TransXML>
2019/05/14 09:30:58
ICER RECV CMAS NORMAL:(SSL)3678B<?xml version="1.0" encoding="UTF-8" standalone="no"?><TransXML><Trans><T0100>0810</T0100><T0300>881999</T0300><T1100>175134</T1100><T1101>175132</T1101><T1200>093053</T1200><T1300>20190514</T1300><T3700>19051417513300</T3700><T3800>huzdSZ</T3800><T3900>00</T3900><T4100>09100D802A00</T4100><T4101>AED5DC00</T4101><T4102>192.168.56.1</T4102><T4104>457DE159</T4104><T4107>0</T4107><T4200>00010880</T4200><T4210>0</T4210><T4820>01</T4820><T4823>11</T4823><T4824>00</T4824><T5301>01</T5301><T5303>02</T5303><T5306>7C972A</T5306><T5307>B5438BA54AFD7AC1</T5307><T5308>EEA50E98D5547D57</T5308><T5361>5430383932373332</T5361><T5362>00000206</T5362><T5363>8104AF907935F29B</T5363><T5364>010DD9822020DF01DF03DF0ADF0E00000000000000000000000000000000000000000000000000000000000000000000000000000000000000000000000000000000000000000000000000000000</T5364><T5365>E09304400D03000000000000</T5365><T5366>102700</T5366><T5367>000000000000000000000000000000000000000000000000000000000000000000000000000000000000000000000000000000000000000000</T5367><T5368>0000012E</T5368><T5369>11</T5369><T5370>09100D802A000000012D50C4D55C00900000000000000000000000000000000000</T5370><T5371>5039303035393630</T5371><T5503>0000000001</T5503><T5504>01</T5504><T5510>0001</T5510><T5588><T558801>01</T558801><T558803>000001</T558803></T5588><T5588><T558801>02</T558801><T558802>BIG</T558802><T558803>11589</T558803></T5588><T5588><T558801>03</T558801><T558802>VEGA5000S-APPV18</T558802><T558803>000018</T558803></T5588><T5591>0</T5591><T5595><T559502>TM01</T559502><T559503>5909</T559503><T559504>20180820</T559504><T559505>20991231</T559505></T5595><T5595><T559502>TM02</T559502><T559503>00010880</T559503><T559504>20180820</T559504><T559505>20991231</T559505></T5595><T5595><T559502>TM03</T559502><T559503>00000</T559503><T559504>20180820</T559504><T559505>20991231</T559505></T5595><T5595><T559502>TM04</T559502><T559503>0000000001</T559503><T559504>20180820</T559504><T559505>20991231</T559505></T5595><T5595><T559502>TM17</T559502><T559503>業務三科 測試機01</T559503><T559504>20180820</T559504><T559505>20991231</T559505></T5595><T5595><T559502>TM18</T559502><T559503>嗶悠遊卡 最悠遊</T559503><T559504>20180820</T559504><T559505>20991231</T559505></T5595><T5595><T559502>TM30</T559502><T559503>1111111110</T559503><T559504>20180820</T559504><T559505>20991231</T559505></T5595><T5595><T559502>TM80</T559502><T559503>0</T559503><T559504>20180820</T559504><T559505>20991231</T559505></T5595><T5595><T559502>TM81</T559502><T559503>0</T559503><T559504>20180820</T559504><T559505>20991231</T559505></T5595><T5595><T559501>000001</T559501><T559502>TM09</T559502><T559503>123456</T559503><T559504>20130101</T559504><T559505>20990101</T559505></T5595><T5595><T559501>000001</T559501><T559502>TM10</T559502><T559503>/OUT/ssl/ck1.cer</T559503><T559504>20130101</T559504><T559505>20990101</T559505></T5595><T5595><T559501>11589</T559501><T559502>TM11</T559502><T559503>/out/blc/BLC11589A_190513.BIG</T559503><T559504>19700101</T559504><T559505>99991231</T559505></T5595><T5595><T559501>000018</T559501><T559502>TM12</T559502><T559503>/OUT/exe/ECCAPP/ECCAPP0018.CAP</T559503><T559504>19700101</T559504><T559505>99991231</T559505></T5595><T5596><T559601>0</T559601><T559602>00000001</T559602><T559603>0</T559603><T559604>00000001</T559604></T5596><T6000>28070305D039</T6000><T6002>00B80B00E8030001A0860101F40101000000000000000000</T6002><T6003>A086010000000000000000000000000000000000000000000000000000000000</T6003><T6004>03332</T6004><T6400>71E1755A9F2F2FF5</T6400><T6401>4CAF0A0302055ECD</T6401><T6408>EB3CCF854E9D48203063ABCD78569D90</T6408><T6409>F6F71333F43B0F9649046AEA05F0F6CA</T6409></Trans></TransXML>
2019/05/14 09:30:58
inFileGetSize (C:\ITKiosk\Reader\ECC_API\ICERData\ICERAPI_CMAS.rev.bak) FILE_OPEN_FAIL:0(0),2
2019/05/14 09:30:58
RC IN PPR_SignOn:00008680020000804CAF0A0302055ECDF6F71333F43B0F9649046AEA05F0F6CA000000000000000000000000000000000000000000000000000000000000000000000000000000000000000000000000000000000000000000BC08B80BE803F40101A0860100000000000000000000000000000000000000000000000000000000000000027C972A1D68
2019/05/14 09:30:58
RC OUT PPR_SignOn(9000):00001F000000000000000000000000000000000000000000000000000000000090008F
2019/05/14 09:30:58
ICER SEND CMAS ADVICE:(SSL)0384B<TransXML><TRANS><T0100>0820</T0100><T0300>881999</T0300><T1100>175121</T1100><T1200>181443</T1200><T1300>20190510</T1300><T3700>19051017512000</T3700><T4100>09100D802A00</T4100><T4104>457DE159</T4104><T4200>00010880</T4200><T4210>0</T4210><T5503>0000000001</T5503><T5504>01</T5504><T5510>0001</T5510><T4825>00</T4825><T6406>00000000000000000000000000000000</T6406></TRANS></TransXML>
2019/05/14 09:30:58
ICER RECV CMAS ADVICE:(SSL)0540B<?xml version="1.0" encoding="UTF-8" standalone="no"?><TransXML><Trans><T0100>0830</T0100><T0300>881999</T0300><T1100>175121</T1100><T1200>093053</T1200><T1300>20190514</T1300><T3700>19051017512000</T3700><T3800>MGGCVb</T3800><T3900>00</T3900><T4100>09100D802A00</T4100><T4104>457DE159</T4104><T4200>00010880</T4200><T4210>0</T4210><T4823>11</T4823><T4824>00</T4824><T4825>00</T4825><T5369>11</T5369><T5503>0000000001</T5503><T5504>01</T5504><T5510>0001</T5510><T5591>0</T5591><T6406>00000000000000000000000000000000</T6406></Trans></TransXML>
2019/05/14 09:30:58
inFileGetSize (C:\ITKiosk\Reader\ECC_API\ICERData\ICERAPI_CMAS.rev.bak) FILE_OPEN_FAIL:0(0),2
2019/05/14 09:30:58
gCurrentFolder RES:C:\ITKiosk\Reader\ECC_API\ICERData
2019/05/14 09:30:58
TM RES :<?xml version="1.0" encoding="UTF-8" standalone="no"?><TransXML><TRANS><T3901>0</T3901><T0100>0810</T0100><T0300>881999</T0300><T1100>175132</T1100><T1101>175135</T1101><T1200>093053</T1200><T1300>20190514</T1300><T3700>19051417513300</T3700><T3800>huzdSZ</T3800><T3900>00</T3900><T4100>09100D802A00</T4100><T4101>AED5DC00</T4101><T4102>192.168.56.1</T4102><T4104>457DE159</T4104><T4107>0</T4107><T4200>00010880</T4200><T4210>0</T4210><T4820>01</T4820><T4823>11</T4823><T4824>00</T4824><T5301>01</T5301><T5303>02</T5303><T5306>7C972A</T5306><T5307>B5438BA54AFD7AC1</T5307><T5308>EEA50E98D5547D57</T5308><T5361>5430383932373332</T5361><T5362>00000206</T5362><T5363>8104AF907935F29B</T5363><T5364>010DD9822020DF01DF03DF0ADF0E00000000000000000000000000000000000000000000000000000000000000000000000000000000000000000000000000000000000000000000000000000000</T5364><T5365>E09304400D03000000000000</T5365><T5366>102700</T5366><T5367>000000000000000000000000000000000000000000000000000000000000000000000000000000000000000000000000000000000000000000</T5367><T5368>0000012E</T5368><T5369>11</T5369><T5370>09100D802A000000012D50C4D55C00900000000000000000000000000000000000</T5370><T5371>5039303035393630</T5371><T5503>0000000001</T5503><T5504>01</T5504><T5510>0001</T5510><T5588><T558801>01</T558801><T558803>000001</T558803></T5588><T5588><T558801>02</T558801><T558802>BIG</T558802><T558803>11589</T558803></T5588><T5588><T558801>03</T558801><T558802>VEGA5000S-APPV18</T558802><T558803>000018</T558803></T5588><T5591>0</T5591><T5595><T559502>TM01</T559502><T559503>5909</T559503><T559504>20180820</T559504><T559505>20991231</T559505></T5595><T5595><T559502>TM02</T559502><T559503>00010880</T559503><T559504>20180820</T559504><T559505>20991231</T559505></T5595><T5595><T559502>TM03</T559502><T559503>00000</T559503><T559504>20180820</T559504><T559505>20991231</T559505></T5595><T5595><T559502>TM04</T559502><T559503>0000000001</T559503><T559504>20180820</T559504><T559505>20991231</T559505></T5595><T5595><T559502>TM17</T559502><T559503>業務三科 測試機01</T559503><T559504>20180820</T559504><T559505>20991231</T559505></T5595><T5595><T559502>TM18</T559502><T559503>嗶悠遊卡 最悠遊</T559503><T559504>20180820</T559504><T559505>20991231</T559505></T5595><T5595><T559502>TM30</T559502><T559503>1111111110</T559503><T559504>20180820</T559504><T559505>20991231</T559505></T5595><T5595><T559502>TM80</T559502><T559503>0</T559503><T559504>20180820</T559504><T559505>20991231</T559505></T5595><T5595><T559502>TM81</T559502><T559503>0</T559503><T559504>20180820</T559504><T559505>20991231</T559505></T5595><T5595><T559501>000001</T559501><T559502>TM09</T559502><T559503>123456</T559503><T559504>20130101</T559504><T559505>20990101</T559505></T5595><T5595><T559501>000001</T559501><T559502>TM10</T559502><T559503>/OUT/ssl/ck1.cer</T559503><T559504>20130101</T559504><T559505>20990101</T559505></T5595><T5595><T559501>11589</T559501><T559502>TM11</T559502><T559503>/out/blc/BLC11589A_190513.BIG</T559503><T559504>19700101</T559504><T559505>99991231</T559505></T5595><T5595><T559501>000018</T559501><T559502>TM12</T559502><T559503>/OUT/exe/ECCAPP/ECCAPP0018.CAP</T559503><T559504>19700101</T559504><T559505>99991231</T559505></T5595><T5596><T559601>0</T559601><T559602>00000001</T559602><T559603>0</T559603><T559604>00000001</T559604></T5596><T6000>28070305D039</T6000><T6002>00B80B00E8030001A0860101F40101000000000000000000</T6002><T6003>A086010000000000000000000000000000000000000000000000000000000000</T6003><T6004>03332</T6004><T6400>71E1755A9F2F2FF5</T6400><T6401>4CAF0A0302055ECD</T6401><T6408>EB3CCF854E9D48203063ABCD78569D90</T6408><T6409>F6F71333F43B0F9649046AEA05F0F6CA</T6409><T4825>00</T4825><T6406>00000000000000000000000000000000</T6406><T5548><T554801>00000000000000000000000000000000000000000000000000000000009000</T554801></T5548><T4213>00010880-00000-0000000001</T4213><T4110>0001088001304105</T4110><T4109>0220131454</T4109></TRANS></TransXML>
2019/05/14 09:30:58
inFileWrite (C:\ITKiosk\Reader\ECC_API\ICERData\ICERAPI.RES.OK) FILE_WRITE_FAIL:0
