2018-07-04 16:44:20.065-[**SYSTEX ECR START**]
2018-07-04 16:44:20.065-[SYSTEX ECR Interface v1.73U_WIN]
2018-07-04 16:44:21.636-[Tx:] len=200
01010000000000000000000000000000000000000050000000000000000000000000000000000000000000000000000000000000000000000000000000000000000000000000000000000000000000000000000000000000000000000000000000000000
2018-07-04 16:44:21.777-[	送出 request] len=203
    0-1-2-3- 4-5-6-7- 8-9-A-B- C-D-E-F-  0123456789ABCDEF
00  02303130 31303030 30303030 30303030 |.010100000000000|
01  30303030 30303030 30303030 30303030 |0000000000000000|
02  30303030 30303030 30303035 30303030 |0000000000050000|
03  30303030 30303030 30303030 30303030 |0000000000000000|
04  30303030 30303030 30303030 30303030 |0000000000000000|
05  30303030 30303030 30303030 30303030 |0000000000000000|
06  30303030 30303030 30303030 30303030 |0000000000000000|
07  30303030 30303030 30303030 30303030 |0000000000000000|
08  30303030 30303030 30303030 30303030 |0000000000000000|
09  30303030 30303030 30303030 30303030 |0000000000000000|
10  30303030 30303030 30303030 30303030 |0000000000000000|
11  30303030 30303030 30303030 30303030 |0000000000000000|
12  30303030 30303030 300306            |000000000..     |
2018-07-04 16:44:22.360-[Receive Data] len=1
    0-1-2-3- 4-5-6-7- 8-9-A-B- C-D-E-F-  0123456789ABCDEF
00  06                                  |.               |
2018-07-04 16:44:22.375-[	Info: 收到 ACK]
2018-07-04 16:45:22.498-[	Info: data received] len=203
    0-1-2-3- 4-5-6-7- 8-9-A-B- C-D-E-F-  0123456789ABCDEF
00  02303130 31202020 20202020 20202020 |.0101           |
01  20202020 20202020 20202020 20202020 |                |
02  20202020 20202020 20202020 20202020 |                |
03  20202020 20202020 20202020 20202020 |                |
04  20202020 20202020 20202020 20202030 |               0|
05  30303120 20202020 20202020 20202020 |001             |
06  20202020 20202020 20202020 20202020 |                |
07  20202020 20202020 20202020 20202020 |                |
08  20202020 20202020 20202020 20202020 |                |
09  20202020 20202020 20202020 20202020 |                |
10  20202020 20202020 20202020 20202020 |                |
11  20202020 20202020 20202020 20202020 |                |
12  20202020 20202020 200302            |         ..     |
2018-07-04 16:45:22.513-[Rx:] len=200
0101                                                                          0001                                                                                                                      
2018-07-04 16:45:22.764-[ecr_out.dat] len=200
0101                                                                          0001                                                                                                                      
2018-07-04 16:45:22.810-[**SYSTEX ECR END**]
2018-07-04 16:45:56.513-[**SYSTEX ECR START**]
2018-07-04 16:45:56.513-[SYSTEX ECR Interface v1.73U_WIN]
2018-07-04 16:45:58.058-[Tx:] len=200
01010000000000000000000000000000000000000050000000000000000000000000000000000000000000000000000000000000000000000000000000000000000000000000000000000000000000000000000000000000000000000000000000000000
2018-07-04 16:45:58.199-[	送出 request] len=203
    0-1-2-3- 4-5-6-7- 8-9-A-B- C-D-E-F-  0123456789ABCDEF
00  02303130 31303030 30303030 30303030 |.010100000000000|
01  30303030 30303030 30303030 30303030 |0000000000000000|
02  30303030 30303030 30303035 30303030 |0000000000050000|
03  30303030 30303030 30303030 30303030 |0000000000000000|
04  30303030 30303030 30303030 30303030 |0000000000000000|
05  30303030 30303030 30303030 30303030 |0000000000000000|
06  30303030 30303030 30303030 30303030 |0000000000000000|
07  30303030 30303030 30303030 30303030 |0000000000000000|
08  30303030 30303030 30303030 30303030 |0000000000000000|
09  30303030 30303030 30303030 30303030 |0000000000000000|
10  30303030 30303030 30303030 30303030 |0000000000000000|
11  30303030 30303030 30303030 30303030 |0000000000000000|
12  30303030 30303030 300306            |000000000..     |
2018-07-04 16:45:58.777-[Receive Data] len=1
    0-1-2-3- 4-5-6-7- 8-9-A-B- C-D-E-F-  0123456789ABCDEF
00  06                                  |.               |
2018-07-04 16:45:58.777-[	Info: 收到 ACK]
2018-07-04 16:46:58.916-[	Info: data received] len=203
    0-1-2-3- 4-5-6-7- 8-9-A-B- C-D-E-F-  0123456789ABCDEF
00  02303130 31202020 20202020 20202020 |.0101           |
01  20202020 20202020 20202020 20202020 |                |
02  20202020 20202020 20202020 20202020 |                |
03  20202020 20202020 20202020 20202020 |                |
04  20202020 20202020 20202020 20202030 |               0|
05  30303120 20202020 20202020 20202020 |001             |
06  20202020 20202020 20202020 20202020 |                |
07  20202020 20202020 20202020 20202020 |                |
08  20202020 20202020 20202020 20202020 |                |
09  20202020 20202020 20202020 20202020 |                |
10  20202020 20202020 20202020 20202020 |                |
11  20202020 20202020 20202020 20202020 |                |
12  20202020 20202020 200302            |         ..     |
2018-07-04 16:46:58.916-[Rx:] len=200
0101                                                                          0001                                                                                                                      
2018-07-04 16:46:59.163-[ecr_out.dat] len=200
0101                                                                          0001                                                                                                                      
2018-07-04 16:46:59.194-[**SYSTEX ECR END**]
2018-07-04 16:47:10.813-[**SYSTEX ECR START**]
2018-07-04 16:47:10.813-[SYSTEX ECR Interface v1.73U_WIN]
2018-07-04 16:47:12.333-[Tx:] len=200
01010000000000000000000000000000000000000050000000000000000000000000000000000000000000000000000000000000000000000000000000000000000000000000000000000000000000000000000000000000000000000000000000000000
2018-07-04 16:47:12.474-[	送出 request] len=203
    0-1-2-3- 4-5-6-7- 8-9-A-B- C-D-E-F-  0123456789ABCDEF
00  02303130 31303030 30303030 30303030 |.010100000000000|
01  30303030 30303030 30303030 30303030 |0000000000000000|
02  30303030 30303030 30303035 30303030 |0000000000050000|
03  30303030 30303030 30303030 30303030 |0000000000000000|
04  30303030 30303030 30303030 30303030 |0000000000000000|
05  30303030 30303030 30303030 30303030 |0000000000000000|
06  30303030 30303030 30303030 30303030 |0000000000000000|
07  30303030 30303030 30303030 30303030 |0000000000000000|
08  30303030 30303030 30303030 30303030 |0000000000000000|
09  30303030 30303030 30303030 30303030 |0000000000000000|
10  30303030 30303030 30303030 30303030 |0000000000000000|
11  30303030 30303030 30303030 30303030 |0000000000000000|
12  30303030 30303030 300306            |000000000..     |
2018-07-04 16:47:13.067-[Receive Data] len=1
    0-1-2-3- 4-5-6-7- 8-9-A-B- C-D-E-F-  0123456789ABCDEF
00  06                                  |.               |
2018-07-04 16:47:13.067-[	Info: 收到 ACK]
2018-07-04 16:48:13.221-[	Info: data received] len=203
    0-1-2-3- 4-5-6-7- 8-9-A-B- C-D-E-F-  0123456789ABCDEF
00  02303130 31202020 20202020 20202020 |.0101           |
01  20202020 20202020 20202020 20202020 |                |
02  20202020 20202020 20202020 20202020 |                |
03  20202020 20202020 20202020 20202020 |                |
04  20202020 20202020 20202020 20202030 |               0|
05  30303120 20202020 20202020 20202020 |001             |
06  20202020 20202020 20202020 20202020 |                |
07  20202020 20202020 20202020 20202020 |                |
08  20202020 20202020 20202020 20202020 |                |
09  20202020 20202020 20202020 20202020 |                |
10  20202020 20202020 20202020 20202020 |                |
11  20202020 20202020 20202020 20202020 |                |
12  20202020 20202020 200302            |         ..     |
2018-07-04 16:48:13.221-[Rx:] len=200
0101                                                                          0001                                                                                                                      
2018-07-04 16:48:13.487-[ecr_out.dat] len=200
0101                                                                          0001                                                                                                                      
2018-07-04 16:48:13.518-[**SYSTEX ECR END**]
2018-07-04 16:48:24.670-[**SYSTEX ECR START**]
2018-07-04 16:48:24.670-[SYSTEX ECR Interface v1.73U_WIN]
2018-07-04 16:48:26.199-[Tx:] len=200
02010000000000000000000000000000000000000050000000000000000000000000000000000000000000000000000000000000000000000000000000000000000000000000000000000000000000000000000000000000000000000000000000000000
2018-07-04 16:48:26.340-[	送出 request] len=203
    0-1-2-3- 4-5-6-7- 8-9-A-B- C-D-E-F-  0123456789ABCDEF
00  02303230 31303030 30303030 30303030 |.020100000000000|
01  30303030 30303030 30303030 30303030 |0000000000000000|
02  30303030 30303030 30303035 30303030 |0000000000050000|
03  30303030 30303030 30303030 30303030 |0000000000000000|
04  30303030 30303030 30303030 30303030 |0000000000000000|
05  30303030 30303030 30303030 30303030 |0000000000000000|
06  30303030 30303030 30303030 30303030 |0000000000000000|
07  30303030 30303030 30303030 30303030 |0000000000000000|
08  30303030 30303030 30303030 30303030 |0000000000000000|
09  30303030 30303030 30303030 30303030 |0000000000000000|
10  30303030 30303030 30303030 30303030 |0000000000000000|
11  30303030 30303030 30303030 30303030 |0000000000000000|
12  30303030 30303030 300305            |000000000..     |
2018-07-04 16:48:26.933-[Receive Data] len=1
    0-1-2-3- 4-5-6-7- 8-9-A-B- C-D-E-F-  0123456789ABCDEF
00  06                                  |.               |
2018-07-04 16:48:26.933-[	Info: 收到 ACK]
2018-07-04 16:49:27.050-[	Info: data received] len=203
    0-1-2-3- 4-5-6-7- 8-9-A-B- C-D-E-F-  0123456789ABCDEF
00  02303230 31202020 20202020 20202020 |.0201           |
01  20202020 20202020 20202020 20202020 |                |
02  20202020 20202020 20202020 20202020 |                |
03  20202020 20202020 20202020 20202020 |                |
04  20202020 20202020 20202020 20202030 |               0|
05  30303120 20202020 20202020 20202020 |001             |
06  20202020 20202020 20202020 20202020 |                |
07  20202020 20202020 20202020 20202020 |                |
08  20202020 20202020 20202020 20202020 |                |
09  20202020 20202020 20202020 20202020 |                |
10  20202020 20202020 20202020 20202020 |                |
11  20202020 20202020 20202020 20202020 |                |
12  20202020 20202020 200301            |         ..     |
2018-07-04 16:49:27.065-[Rx:] len=200
0201                                                                          0001                                                                                                                      
2018-07-04 16:49:27.315-[ecr_out.dat] len=200
0201                                                                          0001                                                                                                                      
2018-07-04 16:49:27.409-[**SYSTEX ECR END**]
