2018-06-28 06:54:31.951-[**SYSTEX ECR START**]
2018-06-28 06:54:31.951-[SYSTEX ECR Interface v1.73U_WIN]
2018-06-28 06:54:33.429-[Tx:] len=200
01010000000000000000000000000000000000000050000000000000000000000000000000000000000000000000000000000000000000000000000000000000000000000000000000000000000000000000000000000000000000000000000000000000
2018-06-28 06:54:33.569-[	送出 request] len=203
    0-1-2-3- 4-5-6-7- 8-9-A-B- C-D-E-F-  0123456789ABCDEF
00  02303130 31303030 30303030 30303030 |.010100000000000|
01  30303030 30303030 30303030 30303030 |0000000000000000|
02  30303030 30303030 30303035 30303030 |0000000000050000|
03  30303030 30303030 30303030 30303030 |0000000000000000|
04  30303030 30303030 30303030 30303030 |0000000000000000|
05  30303030 30303030 30303030 30303030 |0000000000000000|
06  30303030 30303030 30303030 30303030 |0000000000000000|
07  30303030 30303030 30303030 30303030 |0000000000000000|
08  30303030 30303030 30303030 30303030 |0000000000000000|
09  30303030 30303030 30303030 30303030 |0000000000000000|
10  30303030 30303030 30303030 30303030 |0000000000000000|
11  30303030 30303030 30303030 30303030 |0000000000000000|
12  30303030 30303030 300306            |000000000..     |
2018-06-28 06:54:34.163-[Receive Data] len=1
    0-1-2-3- 4-5-6-7- 8-9-A-B- C-D-E-F-  0123456789ABCDEF
00  06                                  |.               |
2018-06-28 06:54:34.163-[	Info: 收到 ACK]
2018-06-28 06:55:34.294-[	Info: data received] len=203
    0-1-2-3- 4-5-6-7- 8-9-A-B- C-D-E-F-  0123456789ABCDEF
00  02303130 31202020 20202020 20202020 |.0101           |
01  20202020 20202020 20202020 20202020 |                |
02  20202020 20202020 20202020 20202020 |                |
03  20202020 20202020 20202020 20202020 |                |
04  20202020 20202020 20202020 20202030 |               0|
05  30303120 20202020 20202020 20202020 |001             |
06  20202020 20202020 20202020 20202020 |                |
07  20202020 20202020 20202020 20202020 |                |
08  20202020 20202020 20202020 20202020 |                |
09  20202020 20202020 20202020 20202020 |                |
10  20202020 20202020 20202020 20202020 |                |
11  20202020 20202020 20202020 20202020 |                |
12  20202020 20202020 200302            |         ..     |
2018-06-28 06:55:34.294-[Rx:] len=200
0101                                                                          0001                                                                                                                      
2018-06-28 06:55:34.544-[ecr_out.dat] len=200
0101                                                                          0001                                                                                                                      
2018-06-28 06:55:34.560-[**SYSTEX ECR END**]
2018-06-28 07:00:36.369-[**SYSTEX ECR START**]
2018-06-28 07:00:36.369-[SYSTEX ECR Interface v1.73U_WIN]
2018-06-28 07:00:37.886-[Tx:] len=200
01010000000000000000000000000000000000000050000000000000000000000000000000000000000000000000000000000000000000000000000000000000000000000000000000000000000000000000000000000000000000000000000000000000
2018-06-28 07:00:38.026-[	送出 request] len=203
    0-1-2-3- 4-5-6-7- 8-9-A-B- C-D-E-F-  0123456789ABCDEF
00  02303130 31303030 30303030 30303030 |.010100000000000|
01  30303030 30303030 30303030 30303030 |0000000000000000|
02  30303030 30303030 30303035 30303030 |0000000000050000|
03  30303030 30303030 30303030 30303030 |0000000000000000|
04  30303030 30303030 30303030 30303030 |0000000000000000|
05  30303030 30303030 30303030 30303030 |0000000000000000|
06  30303030 30303030 30303030 30303030 |0000000000000000|
07  30303030 30303030 30303030 30303030 |0000000000000000|
08  30303030 30303030 30303030 30303030 |0000000000000000|
09  30303030 30303030 30303030 30303030 |0000000000000000|
10  30303030 30303030 30303030 30303030 |0000000000000000|
11  30303030 30303030 30303030 30303030 |0000000000000000|
12  30303030 30303030 300306            |000000000..     |
2018-06-28 07:00:38.605-[Receive Data] len=1
    0-1-2-3- 4-5-6-7- 8-9-A-B- C-D-E-F-  0123456789ABCDEF
00  06                                  |.               |
2018-06-28 07:00:38.605-[	Info: 收到 ACK]
2018-06-28 07:01:38.751-[	Info: data received] len=203
    0-1-2-3- 4-5-6-7- 8-9-A-B- C-D-E-F-  0123456789ABCDEF
00  02303130 31202020 20202020 20202020 |.0101           |
01  20202020 20202020 20202020 20202020 |                |
02  20202020 20202020 20202020 20202020 |                |
03  20202020 20202020 20202020 20202020 |                |
04  20202020 20202020 20202020 20202030 |               0|
05  30303120 20202020 20202020 20202020 |001             |
06  20202020 20202020 20202020 20202020 |                |
07  20202020 20202020 20202020 20202020 |                |
08  20202020 20202020 20202020 20202020 |                |
09  20202020 20202020 20202020 20202020 |                |
10  20202020 20202020 20202020 20202020 |                |
11  20202020 20202020 20202020 20202020 |                |
12  20202020 20202020 200302            |         ..     |
2018-06-28 07:01:38.751-[Rx:] len=200
0101                                                                          0001                                                                                                                      
2018-06-28 07:01:39.001-[ecr_out.dat] len=200
0101                                                                          0001                                                                                                                      
2018-06-28 07:01:39.001-[**SYSTEX ECR END**]
2018-06-28 07:03:34.315-[**SYSTEX ECR START**]
2018-06-28 07:03:34.315-[SYSTEX ECR Interface v1.73U_WIN]
2018-06-28 07:03:35.839-[Tx:] len=200
01010000000000000000000000000000000000000050000000000000000000000000000000000000000000000000000000000000000000000000000000000000000000000000000000000000000000000000000000000000000000000000000000000000
2018-06-28 07:03:35.980-[	送出 request] len=203
    0-1-2-3- 4-5-6-7- 8-9-A-B- C-D-E-F-  0123456789ABCDEF
00  02303130 31303030 30303030 30303030 |.010100000000000|
01  30303030 30303030 30303030 30303030 |0000000000000000|
02  30303030 30303030 30303035 30303030 |0000000000050000|
03  30303030 30303030 30303030 30303030 |0000000000000000|
04  30303030 30303030 30303030 30303030 |0000000000000000|
05  30303030 30303030 30303030 30303030 |0000000000000000|
06  30303030 30303030 30303030 30303030 |0000000000000000|
07  30303030 30303030 30303030 30303030 |0000000000000000|
08  30303030 30303030 30303030 30303030 |0000000000000000|
09  30303030 30303030 30303030 30303030 |0000000000000000|
10  30303030 30303030 30303030 30303030 |0000000000000000|
11  30303030 30303030 30303030 30303030 |0000000000000000|
12  30303030 30303030 300306            |000000000..     |
2018-06-28 07:03:36.580-[Receive Data] len=1
    0-1-2-3- 4-5-6-7- 8-9-A-B- C-D-E-F-  0123456789ABCDEF
00  06                                  |.               |
2018-06-28 07:03:36.580-[	Info: 收到 ACK]
2018-06-28 07:04:36.702-[	Info: data received] len=203
    0-1-2-3- 4-5-6-7- 8-9-A-B- C-D-E-F-  0123456789ABCDEF
00  02303130 31202020 20202020 20202020 |.0101           |
01  20202020 20202020 20202020 20202020 |                |
02  20202020 20202020 20202020 20202020 |                |
03  20202020 20202020 20202020 20202020 |                |
04  20202020 20202020 20202020 20202030 |               0|
05  30303120 20202020 20202020 20202020 |001             |
06  20202020 20202020 20202020 20202020 |                |
07  20202020 20202020 20202020 20202020 |                |
08  20202020 20202020 20202020 20202020 |                |
09  20202020 20202020 20202020 20202020 |                |
10  20202020 20202020 20202020 20202020 |                |
11  20202020 20202020 20202020 20202020 |                |
12  20202020 20202020 200302            |         ..     |
2018-06-28 07:04:36.702-[Rx:] len=200
0101                                                                          0001                                                                                                                      
2018-06-28 07:04:36.967-[ecr_out.dat] len=200
0101                                                                          0001                                                                                                                      
2018-06-28 07:04:36.967-[**SYSTEX ECR END**]
2018-06-28 19:13:54.369-[**SYSTEX ECR START**]
2018-06-28 19:13:54.369-[SYSTEX ECR Interface v1.73U_WIN]
2018-06-28 19:13:55.756-[Tx:] len=200
01010000000000000000000000000000000000000050000000000000000000000000000000000000000000000000000000000000000000000000000000000000000000000000000000000000000000000000000000000000000000000000000000000000
2018-06-28 19:13:55.834-[	送出 request] len=203
    0-1-2-3- 4-5-6-7- 8-9-A-B- C-D-E-F-  0123456789ABCDEF
00  02303130 31303030 30303030 30303030 |.010100000000000|
01  30303030 30303030 30303030 30303030 |0000000000000000|
02  30303030 30303030 30303035 30303030 |0000000000050000|
03  30303030 30303030 30303030 30303030 |0000000000000000|
04  30303030 30303030 30303030 30303030 |0000000000000000|
05  30303030 30303030 30303030 30303030 |0000000000000000|
06  30303030 30303030 30303030 30303030 |0000000000000000|
07  30303030 30303030 30303030 30303030 |0000000000000000|
08  30303030 30303030 30303030 30303030 |0000000000000000|
09  30303030 30303030 30303030 30303030 |0000000000000000|
10  30303030 30303030 30303030 30303030 |0000000000000000|
11  30303030 30303030 30303030 30303030 |0000000000000000|
12  30303030 30303030 300306            |000000000..     |
2018-06-28 19:13:56.420-[Receive Data] len=1
    0-1-2-3- 4-5-6-7- 8-9-A-B- C-D-E-F-  0123456789ABCDEF
00  06                                  |.               |
2018-06-28 19:13:56.421-[	Info: 收到 ACK]
2018-06-28 19:14:56.783-[	Info: data received] len=203
    0-1-2-3- 4-5-6-7- 8-9-A-B- C-D-E-F-  0123456789ABCDEF
00  02303130 31202020 20202020 20202020 |.0101           |
01  20202020 20202020 20202020 20202020 |                |
02  20202020 20202020 20202020 20202020 |                |
03  20202020 20202020 20202020 20202020 |                |
04  20202020 20202020 20202020 20202030 |               0|
05  30303120 20202020 20202020 20202020 |001             |
06  20202020 20202020 20202020 20202020 |                |
07  20202020 20202020 20202020 20202020 |                |
08  20202020 20202020 20202020 20202020 |                |
09  20202020 20202020 20202020 20202020 |                |
10  20202020 20202020 20202020 20202020 |                |
11  20202020 20202020 20202020 20202020 |                |
12  20202020 20202020 200302            |         ..     |
2018-06-28 19:14:56.785-[Rx:] len=200
0101                                                                          0001                                                                                                                      
2018-06-28 19:14:57.028-[ecr_out.dat] len=200
0101                                                                          0001                                                                                                                      
2018-06-28 19:14:57.044-[**SYSTEX ECR END**]
2018-06-28 19:17:12.696-[**SYSTEX ECR START**]
2018-06-28 19:17:12.696-[SYSTEX ECR Interface v1.73U_WIN]
2018-06-28 19:17:14.237-[Tx:] len=200
01010000000000000000000000000000000000000050000000000000000000000000000000000000000000000000000000000000000000000000000000000000000000000000000000000000000000000000000000000000000000000000000000000000
2018-06-28 19:17:14.377-[	送出 request] len=203
    0-1-2-3- 4-5-6-7- 8-9-A-B- C-D-E-F-  0123456789ABCDEF
00  02303130 31303030 30303030 30303030 |.010100000000000|
01  30303030 30303030 30303030 30303030 |0000000000000000|
02  30303030 30303030 30303035 30303030 |0000000000050000|
03  30303030 30303030 30303030 30303030 |0000000000000000|
04  30303030 30303030 30303030 30303030 |0000000000000000|
05  30303030 30303030 30303030 30303030 |0000000000000000|
06  30303030 30303030 30303030 30303030 |0000000000000000|
07  30303030 30303030 30303030 30303030 |0000000000000000|
08  30303030 30303030 30303030 30303030 |0000000000000000|
09  30303030 30303030 30303030 30303030 |0000000000000000|
10  30303030 30303030 30303030 30303030 |0000000000000000|
11  30303030 30303030 30303030 30303030 |0000000000000000|
12  30303030 30303030 300306            |000000000..     |
2018-06-28 19:17:14.955-[Receive Data] len=1
    0-1-2-3- 4-5-6-7- 8-9-A-B- C-D-E-F-  0123456789ABCDEF
00  06                                  |.               |
2018-06-28 19:17:14.955-[	Info: 收到 ACK]
2018-06-28 19:18:15.320-[	Info: data received] len=203
    0-1-2-3- 4-5-6-7- 8-9-A-B- C-D-E-F-  0123456789ABCDEF
00  02303130 31202020 20202020 20202020 |.0101           |
01  20202020 20202020 20202020 20202020 |                |
02  20202020 20202020 20202020 20202020 |                |
03  20202020 20202020 20202020 20202020 |                |
04  20202020 20202020 20202020 20202030 |               0|
05  30303120 20202020 20202020 20202020 |001             |
06  20202020 20202020 20202020 20202020 |                |
07  20202020 20202020 20202020 20202020 |                |
08  20202020 20202020 20202020 20202020 |                |
09  20202020 20202020 20202020 20202020 |                |
10  20202020 20202020 20202020 20202020 |                |
11  20202020 20202020 20202020 20202020 |                |
12  20202020 20202020 200302            |         ..     |
2018-06-28 19:18:15.321-[Rx:] len=200
0101                                                                          0001                                                                                                                      
2018-06-28 19:18:15.563-[ecr_out.dat] len=200
0101                                                                          0001                                                                                                                      
2018-06-28 19:18:15.577-[**SYSTEX ECR END**]
2018-06-28 19:18:53.909-[**SYSTEX ECR START**]
2018-06-28 19:18:53.909-[SYSTEX ECR Interface v1.73U_WIN]
2018-06-28 19:18:55.449-[Tx:] len=200
02010000000000000000000000000000000000000050000000000000000000000000000000000000000000000000000000000000000000000000000000000000000000000000000000000000000000000000000000000000000000000000000000000000
2018-06-28 19:18:55.590-[	送出 request] len=203
    0-1-2-3- 4-5-6-7- 8-9-A-B- C-D-E-F-  0123456789ABCDEF
00  02303230 31303030 30303030 30303030 |.020100000000000|
01  30303030 30303030 30303030 30303030 |0000000000000000|
02  30303030 30303030 30303035 30303030 |0000000000050000|
03  30303030 30303030 30303030 30303030 |0000000000000000|
04  30303030 30303030 30303030 30303030 |0000000000000000|
05  30303030 30303030 30303030 30303030 |0000000000000000|
06  30303030 30303030 30303030 30303030 |0000000000000000|
07  30303030 30303030 30303030 30303030 |0000000000000000|
08  30303030 30303030 30303030 30303030 |0000000000000000|
09  30303030 30303030 30303030 30303030 |0000000000000000|
10  30303030 30303030 30303030 30303030 |0000000000000000|
11  30303030 30303030 30303030 30303030 |0000000000000000|
12  30303030 30303030 300305            |000000000..     |
2018-06-28 19:18:56.168-[Receive Data] len=1
    0-1-2-3- 4-5-6-7- 8-9-A-B- C-D-E-F-  0123456789ABCDEF
00  06                                  |.               |
2018-06-28 19:18:56.168-[	Info: 收到 ACK]
2018-06-28 19:19:56.489-[	Info: data received] len=203
    0-1-2-3- 4-5-6-7- 8-9-A-B- C-D-E-F-  0123456789ABCDEF
00  02303230 31202020 20202020 20202020 |.0201           |
01  20202020 20202020 20202020 20202020 |                |
02  20202020 20202020 20202020 20202020 |                |
03  20202020 20202020 20202020 20202020 |                |
04  20202020 20202020 20202020 20202030 |               0|
05  30303120 20202020 20202020 20202020 |001             |
06  20202020 20202020 20202020 20202020 |                |
07  20202020 20202020 20202020 20202020 |                |
08  20202020 20202020 20202020 20202020 |                |
09  20202020 20202020 20202020 20202020 |                |
10  20202020 20202020 20202020 20202020 |                |
11  20202020 20202020 20202020 20202020 |                |
12  20202020 20202020 200301            |         ..     |
2018-06-28 19:19:56.490-[Rx:] len=200
0201                                                                          0001                                                                                                                      
2018-06-28 19:19:56.745-[ecr_out.dat] len=200
0201                                                                          0001                                                                                                                      
2018-06-28 19:19:56.759-[**SYSTEX ECR END**]
2018-06-28 19:40:56.519-[**SYSTEX ECR START**]
2018-06-28 19:40:56.519-[SYSTEX ECR Interface v1.73U_WIN]
2018-06-28 19:40:58.050-[Tx:] len=200
50010000000000000000000000000000000000000000000000000000000000000000000000000000000000000000000000000000000000000000000000000000000000000000000000000000000000000000000000000000000000000000000000000000
2018-06-28 19:40:58.191-[	送出 request] len=203
    0-1-2-3- 4-5-6-7- 8-9-A-B- C-D-E-F-  0123456789ABCDEF
00  02353030 31303030 30303030 30303030 |.500100000000000|
01  30303030 30303030 30303030 30303030 |0000000000000000|
02  30303030 30303030 30303030 30303030 |0000000000000000|
03  30303030 30303030 30303030 30303030 |0000000000000000|
04  30303030 30303030 30303030 30303030 |0000000000000000|
05  30303030 30303030 30303030 30303030 |0000000000000000|
06  30303030 30303030 30303030 30303030 |0000000000000000|
07  30303030 30303030 30303030 30303030 |0000000000000000|
08  30303030 30303030 30303030 30303030 |0000000000000000|
09  30303030 30303030 30303030 30303030 |0000000000000000|
10  30303030 30303030 30303030 30303030 |0000000000000000|
11  30303030 30303030 30303030 30303030 |0000000000000000|
12  30303030 30303030 300307            |000000000..     |
2018-06-28 19:40:58.785-[Receive Data] len=1
    0-1-2-3- 4-5-6-7- 8-9-A-B- C-D-E-F-  0123456789ABCDEF
00  06                                  |.               |
2018-06-28 19:40:58.785-[	Info: 收到 ACK]
2018-06-28 19:40:59.097-[	Info: data received] len=203
    0-1-2-3- 4-5-6-7- 8-9-A-B- C-D-E-F-  0123456789ABCDEF
00  02353030 31202020 20202020 20202020 |.5001           |
01  20202020 20202020 20202020 20202020 |                |
02  20202020 20202020 20202020 20202020 |                |
03  20202020 20202020 20202020 20202020 |                |
04  20202020 20202020 20202020 20202030 |               0|
05  30303020 20202020 20202020 20202020 |000             |
06  20202020 20202020 20202020 20202020 |                |
07  20202020 20202020 20202020 20202020 |                |
08  20202020 20202020 20202020 20202020 |                |
09  20202020 20202020 20202020 20202020 |                |
10  20202020 20202020 20202020 20202020 |                |
11  20202020 20202020 20202020 20202020 |                |
12  20202020 20202020 200307            |         ..     |
2018-06-28 19:40:59.097-[Rx:] len=200
5001                                                                          0000                                                                                                                      
2018-06-28 19:40:59.347-[ecr_out.dat] len=200
5001                                                                          0000                                                                                                                      
2018-06-28 19:40:59.347-[**SYSTEX ECR END**]
2018-06-28 20:49:25.560-[**SYSTEX ECR START**]
2018-06-28 20:49:25.560-[SYSTEX ECR Interface v1.73U_WIN]
2018-06-28 20:49:27.074-[Tx:] len=200
01010000000000000000000000000000000000000050000000000000000000000000000000000000000000000000000000000000000000000000000000000000000000000000000000000000000000000000000000000000000000000000000000000000
2018-06-28 20:49:27.199-[	送出 request] len=203
    0-1-2-3- 4-5-6-7- 8-9-A-B- C-D-E-F-  0123456789ABCDEF
00  02303130 31303030 30303030 30303030 |.010100000000000|
01  30303030 30303030 30303030 30303030 |0000000000000000|
02  30303030 30303030 30303035 30303030 |0000000000050000|
03  30303030 30303030 30303030 30303030 |0000000000000000|
04  30303030 30303030 30303030 30303030 |0000000000000000|
05  30303030 30303030 30303030 30303030 |0000000000000000|
06  30303030 30303030 30303030 30303030 |0000000000000000|
07  30303030 30303030 30303030 30303030 |0000000000000000|
08  30303030 30303030 30303030 30303030 |0000000000000000|
09  30303030 30303030 30303030 30303030 |0000000000000000|
10  30303030 30303030 30303030 30303030 |0000000000000000|
11  30303030 30303030 30303030 30303030 |0000000000000000|
12  30303030 30303030 300306            |000000000..     |
2018-06-28 20:49:27.793-[Receive Data] len=1
    0-1-2-3- 4-5-6-7- 8-9-A-B- C-D-E-F-  0123456789ABCDEF
00  06                                  |.               |
2018-06-28 20:49:27.793-[	Info: 收到 ACK]
2018-06-28 20:49:41.466-[	Info: data received] len=203
    0-1-2-3- 4-5-6-7- 8-9-A-B- C-D-E-F-  0123456789ABCDEF
00  02303130 31303030 30303734 35363331 |.010100000745631|
01  392a2a2a 2a2a2a30 36323320 20202a2a |9******0623   **|
02  2a2a3030 30303030 30303035 30303138 |**00000000050018|
03  30363238 32303530 3232564c 50313131 |0628205022VLP111|
04  20202030 30303030 30303030 30303030 |   0000000000000|
05  30303031 31323730 37353320 20202020 |00011270753     |
06  20202020 20202030 30303030 30303030 |       000000000|
07  30303030 30303030 30303030 30303030 |0000000000000000|
08  30303030 30303030 30303030 30303030 |0000000000000000|
09  30303030 30303030 30303030 30303030 |0000000000000000|
10  30303030 30303030 30303030 30303030 |0000000000000000|
11  30303030 30303030 30303030 30303030 |0000000000000000|
12  30303030 30303030 300377            |000000000.w     |
2018-06-28 20:49:41.466-[Rx:] len=200
0101000007456319******0623   ****000000000500180628205022VLP111   000000000000000011270753            00000000000000000000000000000000000000000000000000000000000000000000000000000000000000000000000000
2018-06-28 20:49:41.716-[ecr_out.dat] len=200
0101000007456319******0623   ****000000000500180628205022VLP111   000000000000000011270753            00000000000000000000000000000000000000000000000000000000000000000000000000000000000000000000000000
2018-06-28 20:49:41.732-[**SYSTEX ECR END**]
2018-06-28 20:50:18.279-[**SYSTEX ECR START**]
2018-06-28 20:50:18.279-[SYSTEX ECR Interface v1.73U_WIN]
2018-06-28 20:50:19.804-[Tx:] len=200
02010000000000000000000000000000000000000050000000000000000000000000000000000000000000000000000000000000000000000000000000000000000000000000000000000000000000000000000000000000000000000000000000000000
2018-06-28 20:50:19.944-[	送出 request] len=203
    0-1-2-3- 4-5-6-7- 8-9-A-B- C-D-E-F-  0123456789ABCDEF
00  02303230 31303030 30303030 30303030 |.020100000000000|
01  30303030 30303030 30303030 30303030 |0000000000000000|
02  30303030 30303030 30303035 30303030 |0000000000050000|
03  30303030 30303030 30303030 30303030 |0000000000000000|
04  30303030 30303030 30303030 30303030 |0000000000000000|
05  30303030 30303030 30303030 30303030 |0000000000000000|
06  30303030 30303030 30303030 30303030 |0000000000000000|
07  30303030 30303030 30303030 30303030 |0000000000000000|
08  30303030 30303030 30303030 30303030 |0000000000000000|
09  30303030 30303030 30303030 30303030 |0000000000000000|
10  30303030 30303030 30303030 30303030 |0000000000000000|
11  30303030 30303030 30303030 30303030 |0000000000000000|
12  30303030 30303030 300305            |000000000..     |
2018-06-28 20:50:20.522-[Receive Data] len=1
    0-1-2-3- 4-5-6-7- 8-9-A-B- C-D-E-F-  0123456789ABCDEF
00  06                                  |.               |
2018-06-28 20:50:20.522-[	Info: 收到 ACK]
2018-06-28 20:50:28.479-[	Info: data received] len=203
    0-1-2-3- 4-5-6-7- 8-9-A-B- C-D-E-F-  0123456789ABCDEF
00  02303230 31303030 30303834 35363331 |.020100000845631|
01  392a2a2a 2a2a2a30 36323320 20202a2a |9******0623   **|
02  2a2a3030 30303030 30303035 30303138 |**00000000050018|
03  30363238 32303531 30375454 35313037 |0628205107TT5107|
04  20202030 30303030 30303030 30303030 |   0000000000000|
05  30303031 31323730 37353331 38303632 |0001127075318062|
06  38323035 31303730 30303030 30303030 |8205107000000000|
07  30303030 30303030 30303030 30303030 |0000000000000000|
08  30303030 30303030 30303030 30303030 |0000000000000000|
09  30303030 30303030 30303030 30303030 |0000000000000000|
10  30303030 30303030 30303030 30303030 |0000000000000000|
11  30303030 30303030 30303030 30303030 |0000000000000000|
12  30303030 30303030 300301            |000000000..     |
2018-06-28 20:50:28.479-[Rx:] len=200
0201000008456319******0623   ****000000000500180628205107TT5107   00000000000000001127075318062820510700000000000000000000000000000000000000000000000000000000000000000000000000000000000000000000000000
2018-06-28 20:50:28.730-[ecr_out.dat] len=200
0201000008456319******0623   ****000000000500180628205107TT5107   00000000000000001127075318062820510700000000000000000000000000000000000000000000000000000000000000000000000000000000000000000000000000
2018-06-28 20:50:28.735-[**SYSTEX ECR END**]
2018-06-28 20:50:45.814-[**SYSTEX ECR START**]
2018-06-28 20:50:45.814-[SYSTEX ECR Interface v1.73U_WIN]
2018-06-28 20:50:47.356-[Tx:] len=200
02010000000000000000000000000000000000000000000000000000000000000000000000000000000000000000000000000000000000000000000000000000000000000000000000000000000000000000000000000000000000000000000000000000
2018-06-28 20:50:47.496-[	送出 request] len=203
    0-1-2-3- 4-5-6-7- 8-9-A-B- C-D-E-F-  0123456789ABCDEF
00  02303230 31303030 30303030 30303030 |.020100000000000|
01  30303030 30303030 30303030 30303030 |0000000000000000|
02  30303030 30303030 30303030 30303030 |0000000000000000|
03  30303030 30303030 30303030 30303030 |0000000000000000|
04  30303030 30303030 30303030 30303030 |0000000000000000|
05  30303030 30303030 30303030 30303030 |0000000000000000|
06  30303030 30303030 30303030 30303030 |0000000000000000|
07  30303030 30303030 30303030 30303030 |0000000000000000|
08  30303030 30303030 30303030 30303030 |0000000000000000|
09  30303030 30303030 30303030 30303030 |0000000000000000|
10  30303030 30303030 30303030 30303030 |0000000000000000|
11  30303030 30303030 30303030 30303030 |0000000000000000|
12  30303030 30303030 300300            |000000000..     |
2018-06-28 20:50:48.075-[Receive Data] len=1
    0-1-2-3- 4-5-6-7- 8-9-A-B- C-D-E-F-  0123456789ABCDEF
00  06                                  |.               |
2018-06-28 20:50:48.075-[	Info: 收到 ACK]
2018-06-28 20:50:48.387-[	Info: data received] len=203
    0-1-2-3- 4-5-6-7- 8-9-A-B- C-D-E-F-  0123456789ABCDEF
00  02303230 31202020 20202020 20202020 |.0201           |
01  20202020 20202020 20202020 20202020 |                |
02  20202020 20202020 20202020 20202020 |                |
03  20202020 20202020 20202020 20202020 |                |
04  20202020 20202020 20202020 20202030 |               0|
05  30303120 20202020 20202020 20202020 |001             |
06  20202020 20202020 20202020 20202020 |                |
07  20202020 20202020 20202020 20202020 |                |
08  20202020 20202020 20202020 20202020 |                |
09  20202020 20202020 20202020 20202020 |                |
10  20202020 20202020 20202020 20202020 |                |
11  20202020 20202020 20202020 20202020 |                |
12  20202020 20202020 200301            |         ..     |
2018-06-28 20:50:48.387-[Rx:] len=200
0201                                                                          0001                                                                                                                      
2018-06-28 20:50:48.637-[ecr_out.dat] len=200
0201                                                                          0001                                                                                                                      
2018-06-28 20:50:48.637-[**SYSTEX ECR END**]
2018-06-28 21:11:00.398-[**SYSTEX ECR START**]
2018-06-28 21:11:00.413-[SYSTEX ECR Interface v1.73U_WIN]
2018-06-28 21:11:01.928-[Tx:] len=200
01010000000000000000000000000000000000000050000000000000000000000000000000000000000000000000000000000000000000000000000000000000000000000000000000000000000000000000000000000000000000000000000000000000
2018-06-28 21:11:02.069-[	送出 request] len=203
    0-1-2-3- 4-5-6-7- 8-9-A-B- C-D-E-F-  0123456789ABCDEF
00  02303130 31303030 30303030 30303030 |.010100000000000|
01  30303030 30303030 30303030 30303030 |0000000000000000|
02  30303030 30303030 30303035 30303030 |0000000000050000|
03  30303030 30303030 30303030 30303030 |0000000000000000|
04  30303030 30303030 30303030 30303030 |0000000000000000|
05  30303030 30303030 30303030 30303030 |0000000000000000|
06  30303030 30303030 30303030 30303030 |0000000000000000|
07  30303030 30303030 30303030 30303030 |0000000000000000|
08  30303030 30303030 30303030 30303030 |0000000000000000|
09  30303030 30303030 30303030 30303030 |0000000000000000|
10  30303030 30303030 30303030 30303030 |0000000000000000|
11  30303030 30303030 30303030 30303030 |0000000000000000|
12  30303030 30303030 300306            |000000000..     |
2018-06-28 21:11:02.647-[Receive Data] len=1
    0-1-2-3- 4-5-6-7- 8-9-A-B- C-D-E-F-  0123456789ABCDEF
00  06                                  |.               |
2018-06-28 21:11:02.647-[	Info: 收到 ACK]
2018-06-28 21:11:07.478-[	Info: data received] len=203
    0-1-2-3- 4-5-6-7- 8-9-A-B- C-D-E-F-  0123456789ABCDEF
00  02303130 31303030 30303934 35363331 |.010100000945631|
01  392a2a2a 2a2a2a30 36323320 20202a2a |9******0623   **|
02  2a2a3030 30303030 30303035 30303138 |**00000000050018|
03  30363238 32313131 3438564c 50313131 |0628211148VLP111|
04  20202030 30303030 30303030 30303030 |   0000000000000|
05  30303031 31323730 37353320 20202020 |00011270753     |
06  20202020 20202030 30303030 30303030 |       000000000|
07  30303030 30303030 30303030 30303030 |0000000000000000|
08  30303030 30303030 30303030 30303030 |0000000000000000|
09  30303030 30303030 30303030 30303030 |0000000000000000|
10  30303030 30303030 30303030 30303030 |0000000000000000|
11  30303030 30303030 30303030 30303030 |0000000000000000|
12  30303030 30303030 300371            |000000000.q     |
2018-06-28 21:11:07.478-[Rx:] len=200
0101000009456319******0623   ****000000000500180628211148VLP111   000000000000000011270753            00000000000000000000000000000000000000000000000000000000000000000000000000000000000000000000000000
2018-06-28 21:11:07.728-[ecr_out.dat] len=200
0101000009456319******0623   ****000000000500180628211148VLP111   000000000000000011270753            00000000000000000000000000000000000000000000000000000000000000000000000000000000000000000000000000
2018-06-28 21:11:07.744-[**SYSTEX ECR END**]
2018-06-28 21:11:43.913-[**SYSTEX ECR START**]
2018-06-28 21:11:43.913-[SYSTEX ECR Interface v1.73U_WIN]
2018-06-28 21:11:45.438-[Tx:] len=200
02010000000000000000000000000000000000000050000000000000000000000000000000000000000000000000000000000000000000000000000000000000000000000000000000000000000000000000000000000000000000000000000000000000
2018-06-28 21:11:45.578-[	送出 request] len=203
    0-1-2-3- 4-5-6-7- 8-9-A-B- C-D-E-F-  0123456789ABCDEF
00  02303230 31303030 30303030 30303030 |.020100000000000|
01  30303030 30303030 30303030 30303030 |0000000000000000|
02  30303030 30303030 30303035 30303030 |0000000000050000|
03  30303030 30303030 30303030 30303030 |0000000000000000|
04  30303030 30303030 30303030 30303030 |0000000000000000|
05  30303030 30303030 30303030 30303030 |0000000000000000|
06  30303030 30303030 30303030 30303030 |0000000000000000|
07  30303030 30303030 30303030 30303030 |0000000000000000|
08  30303030 30303030 30303030 30303030 |0000000000000000|
09  30303030 30303030 30303030 30303030 |0000000000000000|
10  30303030 30303030 30303030 30303030 |0000000000000000|
11  30303030 30303030 30303030 30303030 |0000000000000000|
12  30303030 30303030 300305            |000000000..     |
2018-06-28 21:11:46.162-[Receive Data] len=1
    0-1-2-3- 4-5-6-7- 8-9-A-B- C-D-E-F-  0123456789ABCDEF
00  06                                  |.               |
2018-06-28 21:11:46.162-[	Info: 收到 ACK]
2018-06-28 21:11:55.615-[	Info: data received] len=203
    0-1-2-3- 4-5-6-7- 8-9-A-B- C-D-E-F-  0123456789ABCDEF
00  02303230 31303030 30313034 35363331 |.020100001045631|
01  392a2a2a 2a2a2a30 36323320 20202a2a |9******0623   **|
02  2a2a3030 30303030 30303035 30303138 |**00000000050018|
03  30363238 32313132 33355454 31323335 |0628211235TT1235|
04  20202030 30303030 30303030 30303030 |   0000000000000|
05  30303031 31323730 37353331 38303632 |0001127075318062|
06  38323131 32333530 30303030 30303030 |8211235000000000|
07  30303030 30303030 30303030 30303030 |0000000000000000|
08  30303030 30303030 30303030 30303030 |0000000000000000|
09  30303030 30303030 30303030 30303030 |0000000000000000|
10  30303030 30303030 30303030 30303030 |0000000000000000|
11  30303030 30303030 30303030 30303030 |0000000000000000|
12  30303030 30303030 30030e            |000000000..     |
2018-06-28 21:11:55.615-[Rx:] len=200
0201000010456319******0623   ****000000000500180628211235TT1235   00000000000000001127075318062821123500000000000000000000000000000000000000000000000000000000000000000000000000000000000000000000000000
2018-06-28 21:11:55.881-[ecr_out.dat] len=200
0201000010456319******0623   ****000000000500180628211235TT1235   00000000000000001127075318062821123500000000000000000000000000000000000000000000000000000000000000000000000000000000000000000000000000
2018-06-28 21:11:55.881-[**SYSTEX ECR END**]
2018-06-28 21:13:26.396-[**SYSTEX ECR START**]
2018-06-28 21:13:26.396-[SYSTEX ECR Interface v1.73U_WIN]
2018-06-28 21:13:27.936-[Tx:] len=200
01010000000000000000000000000000000000000050000000000000000000000000000000000000000000000000000000000000000000000000000000000000000000000000000000000000000000000000000000000000000000000000000000000000
2018-06-28 21:13:28.076-[	送出 request] len=203
    0-1-2-3- 4-5-6-7- 8-9-A-B- C-D-E-F-  0123456789ABCDEF
00  02303130 31303030 30303030 30303030 |.010100000000000|
01  30303030 30303030 30303030 30303030 |0000000000000000|
02  30303030 30303030 30303035 30303030 |0000000000050000|
03  30303030 30303030 30303030 30303030 |0000000000000000|
04  30303030 30303030 30303030 30303030 |0000000000000000|
05  30303030 30303030 30303030 30303030 |0000000000000000|
06  30303030 30303030 30303030 30303030 |0000000000000000|
07  30303030 30303030 30303030 30303030 |0000000000000000|
08  30303030 30303030 30303030 30303030 |0000000000000000|
09  30303030 30303030 30303030 30303030 |0000000000000000|
10  30303030 30303030 30303030 30303030 |0000000000000000|
11  30303030 30303030 30303030 30303030 |0000000000000000|
12  30303030 30303030 300306            |000000000..     |
2018-06-28 21:13:28.670-[Receive Data] len=1
    0-1-2-3- 4-5-6-7- 8-9-A-B- C-D-E-F-  0123456789ABCDEF
00  06                                  |.               |
2018-06-28 21:13:28.670-[	Info: 收到 ACK]
2018-06-28 21:13:31.776-[	Info: data received] len=203
    0-1-2-3- 4-5-6-7- 8-9-A-B- C-D-E-F-  0123456789ABCDEF
00  02303130 31303030 30303020 20202020 |.0101000000     |
01  20202020 20202020 20202020 20203030 |              00|
02  30303030 30303030 30303030 30303138 |0000000000000018|
03  30363238 32313134 31332020 20202020 |0628211413      |
04  20202030 30303030 30303030 30303030 |   0000000000000|
05  30303130 30303030 30303030 30303030 |0010000000000000|
06  30303030 30303030 30303030 30303030 |0000000000000000|
07  30303030 30303030 30303030 30303030 |0000000000000000|
08  30303030 30303030 30303030 30303030 |0000000000000000|
09  30303030 30303030 30303030 30303030 |0000000000000000|
10  30303030 30303030 30303030 30303030 |0000000000000000|
11  30303030 30303030 30303030 30303030 |0000000000000000|
12  30303030 30303030 300303            |000000000..     |
2018-06-28 21:13:31.792-[Rx:] len=200
0101000000                   0000000000000000180628211413         00000000000000010000000000000000000000000000000000000000000000000000000000000000000000000000000000000000000000000000000000000000000000
2018-06-28 21:13:32.042-[ecr_out.dat] len=200
0101000000                   0000000000000000180628211413         00000000000000010000000000000000000000000000000000000000000000000000000000000000000000000000000000000000000000000000000000000000000000
2018-06-28 21:13:32.042-[**SYSTEX ECR END**]
2018-06-28 21:15:49.973-[**SYSTEX ECR START**]
2018-06-28 21:15:49.973-[SYSTEX ECR Interface v1.73U_WIN]
2018-06-28 21:15:51.518-[Tx:] len=200
02010000000000000000000000000000000000000000000000000000000000000000000000000000000000000000000000000000000000000000000000000000000000000000000000000000000000000000000000000000000000000000000000000000
2018-06-28 21:15:51.658-[	送出 request] len=203
    0-1-2-3- 4-5-6-7- 8-9-A-B- C-D-E-F-  0123456789ABCDEF
00  02303230 31303030 30303030 30303030 |.020100000000000|
01  30303030 30303030 30303030 30303030 |0000000000000000|
02  30303030 30303030 30303030 30303030 |0000000000000000|
03  30303030 30303030 30303030 30303030 |0000000000000000|
04  30303030 30303030 30303030 30303030 |0000000000000000|
05  30303030 30303030 30303030 30303030 |0000000000000000|
06  30303030 30303030 30303030 30303030 |0000000000000000|
07  30303030 30303030 30303030 30303030 |0000000000000000|
08  30303030 30303030 30303030 30303030 |0000000000000000|
09  30303030 30303030 30303030 30303030 |0000000000000000|
10  30303030 30303030 30303030 30303030 |0000000000000000|
11  30303030 30303030 30303030 30303030 |0000000000000000|
12  30303030 30303030 300300            |000000000..     |
2018-06-28 21:15:52.237-[Receive Data] len=1
    0-1-2-3- 4-5-6-7- 8-9-A-B- C-D-E-F-  0123456789ABCDEF
00  06                                  |.               |
2018-06-28 21:15:52.237-[	Info: 收到 ACK]
2018-06-28 21:15:52.540-[	Info: data received] len=203
    0-1-2-3- 4-5-6-7- 8-9-A-B- C-D-E-F-  0123456789ABCDEF
00  02303230 31202020 20202020 20202020 |.0201           |
01  20202020 20202020 20202020 20202020 |                |
02  20202020 20202020 20202020 20202020 |                |
03  20202020 20202020 20202020 20202020 |                |
04  20202020 20202020 20202020 20202030 |               0|
05  30303120 20202020 20202020 20202020 |001             |
06  20202020 20202020 20202020 20202020 |                |
07  20202020 20202020 20202020 20202020 |                |
08  20202020 20202020 20202020 20202020 |                |
09  20202020 20202020 20202020 20202020 |                |
10  20202020 20202020 20202020 20202020 |                |
11  20202020 20202020 20202020 20202020 |                |
12  20202020 20202020 200301            |         ..     |
2018-06-28 21:15:52.540-[Rx:] len=200
0201                                                                          0001                                                                                                                      
2018-06-28 21:15:52.805-[ecr_out.dat] len=200
0201                                                                          0001                                                                                                                      
2018-06-28 21:15:52.805-[**SYSTEX ECR END**]
2018-06-28 21:16:00.853-[**SYSTEX ECR START**]
2018-06-28 21:16:00.853-[SYSTEX ECR Interface v1.73U_WIN]
2018-06-28 21:16:02.197-[Tx:] len=200
02010000000000000000000000000000000000000000000000000000000000000000000000000000000000000000000000000000000000000000000000000000000000000000000000000000000000000000000000000000000000000000000000000000
2018-06-28 21:16:02.337-[	送出 request] len=203
    0-1-2-3- 4-5-6-7- 8-9-A-B- C-D-E-F-  0123456789ABCDEF
00  02303230 31303030 30303030 30303030 |.020100000000000|
01  30303030 30303030 30303030 30303030 |0000000000000000|
02  30303030 30303030 30303030 30303030 |0000000000000000|
03  30303030 30303030 30303030 30303030 |0000000000000000|
04  30303030 30303030 30303030 30303030 |0000000000000000|
05  30303030 30303030 30303030 30303030 |0000000000000000|
06  30303030 30303030 30303030 30303030 |0000000000000000|
07  30303030 30303030 30303030 30303030 |0000000000000000|
08  30303030 30303030 30303030 30303030 |0000000000000000|
09  30303030 30303030 30303030 30303030 |0000000000000000|
10  30303030 30303030 30303030 30303030 |0000000000000000|
11  30303030 30303030 30303030 30303030 |0000000000000000|
12  30303030 30303030 300300            |000000000..     |
2018-06-28 21:16:02.921-[Receive Data] len=1
    0-1-2-3- 4-5-6-7- 8-9-A-B- C-D-E-F-  0123456789ABCDEF
00  06                                  |.               |
2018-06-28 21:16:02.921-[	Info: 收到 ACK]
2018-06-28 21:16:03.234-[	Info: data received] len=203
    0-1-2-3- 4-5-6-7- 8-9-A-B- C-D-E-F-  0123456789ABCDEF
00  02303230 31202020 20202020 20202020 |.0201           |
01  20202020 20202020 20202020 20202020 |                |
02  20202020 20202020 20202020 20202020 |                |
03  20202020 20202020 20202020 20202020 |                |
04  20202020 20202020 20202020 20202030 |               0|
05  30303120 20202020 20202020 20202020 |001             |
06  20202020 20202020 20202020 20202020 |                |
07  20202020 20202020 20202020 20202020 |                |
08  20202020 20202020 20202020 20202020 |                |
09  20202020 20202020 20202020 20202020 |                |
10  20202020 20202020 20202020 20202020 |                |
11  20202020 20202020 20202020 20202020 |                |
12  20202020 20202020 200301            |         ..     |
2018-06-28 21:16:03.234-[Rx:] len=200
0201                                                                          0001                                                                                                                      
2018-06-28 21:16:03.500-[ecr_out.dat] len=200
0201                                                                          0001                                                                                                                      
2018-06-28 21:16:03.500-[**SYSTEX ECR END**]
2018-06-28 21:16:10.438-[**SYSTEX ECR START**]
2018-06-28 21:16:10.438-[SYSTEX ECR Interface v1.73U_WIN]
2018-06-28 21:16:11.782-[Tx:] len=200
02010000000000000000000000000000000000000050000000000000000000000000000000000000000000000000000000000000000000000000000000000000000000000000000000000000000000000000000000000000000000000000000000000000
2018-06-28 21:16:11.922-[	送出 request] len=203
    0-1-2-3- 4-5-6-7- 8-9-A-B- C-D-E-F-  0123456789ABCDEF
00  02303230 31303030 30303030 30303030 |.020100000000000|
01  30303030 30303030 30303030 30303030 |0000000000000000|
02  30303030 30303030 30303035 30303030 |0000000000050000|
03  30303030 30303030 30303030 30303030 |0000000000000000|
04  30303030 30303030 30303030 30303030 |0000000000000000|
05  30303030 30303030 30303030 30303030 |0000000000000000|
06  30303030 30303030 30303030 30303030 |0000000000000000|
07  30303030 30303030 30303030 30303030 |0000000000000000|
08  30303030 30303030 30303030 30303030 |0000000000000000|
09  30303030 30303030 30303030 30303030 |0000000000000000|
10  30303030 30303030 30303030 30303030 |0000000000000000|
11  30303030 30303030 30303030 30303030 |0000000000000000|
12  30303030 30303030 300305            |000000000..     |
2018-06-28 21:16:12.485-[Receive Data] len=1
    0-1-2-3- 4-5-6-7- 8-9-A-B- C-D-E-F-  0123456789ABCDEF
00  06                                  |.               |
2018-06-28 21:16:12.485-[	Info: 收到 ACK]
2018-06-28 21:16:18.839-[	Info: data received] len=203
    0-1-2-3- 4-5-6-7- 8-9-A-B- C-D-E-F-  0123456789ABCDEF
00  02303230 31303030 30313134 35363331 |.020100001145631|
01  392a2a2a 2a2a2a30 36323320 20202a2a |9******0623   **|
02  2a2a3030 30303030 30303035 30303138 |**00000000050018|
03  30363238 32313136 35395454 31363539 |0628211659TT1659|
04  20202030 30303030 30303030 30303030 |   0000000000000|
05  30303031 31323730 37353331 38303632 |0001127075318062|
06  38323131 36353930 30303030 30303030 |8211659000000000|
07  30303030 30303030 30303030 30303030 |0000000000000000|
08  30303030 30303030 30303030 30303030 |0000000000000000|
09  30303030 30303030 30303030 30303030 |0000000000000000|
10  30303030 30303030 30303030 30303030 |0000000000000000|
11  30303030 30303030 30303030 30303030 |0000000000000000|
12  30303030 30303030 300301            |000000000..     |
2018-06-28 21:16:18.839-[Rx:] len=200
0201000011456319******0623   ****000000000500180628211659TT1659   00000000000000001127075318062821165900000000000000000000000000000000000000000000000000000000000000000000000000000000000000000000000000
2018-06-28 21:16:19.104-[ecr_out.dat] len=200
0201000011456319******0623   ****000000000500180628211659TT1659   00000000000000001127075318062821165900000000000000000000000000000000000000000000000000000000000000000000000000000000000000000000000000
2018-06-28 21:16:19.104-[**SYSTEX ECR END**]
2018-06-28 21:16:31.936-[**SYSTEX ECR START**]
2018-06-28 21:16:31.936-[SYSTEX ECR Interface v1.73U_WIN]
2018-06-28 21:16:33.453-[Tx:] len=200
02010000000000000000000000000000000000000000000000000000000000000000000000000000000000000000000000000000000000000000000000000000000000000000000000000000000000000000000000000000000000000000000000000000
2018-06-28 21:16:33.585-[	送出 request] len=203
    0-1-2-3- 4-5-6-7- 8-9-A-B- C-D-E-F-  0123456789ABCDEF
00  02303230 31303030 30303030 30303030 |.020100000000000|
01  30303030 30303030 30303030 30303030 |0000000000000000|
02  30303030 30303030 30303030 30303030 |0000000000000000|
03  30303030 30303030 30303030 30303030 |0000000000000000|
04  30303030 30303030 30303030 30303030 |0000000000000000|
05  30303030 30303030 30303030 30303030 |0000000000000000|
06  30303030 30303030 30303030 30303030 |0000000000000000|
07  30303030 30303030 30303030 30303030 |0000000000000000|
08  30303030 30303030 30303030 30303030 |0000000000000000|
09  30303030 30303030 30303030 30303030 |0000000000000000|
10  30303030 30303030 30303030 30303030 |0000000000000000|
11  30303030 30303030 30303030 30303030 |0000000000000000|
12  30303030 30303030 300300            |000000000..     |
2018-06-28 21:16:34.163-[Receive Data] len=1
    0-1-2-3- 4-5-6-7- 8-9-A-B- C-D-E-F-  0123456789ABCDEF
00  06                                  |.               |
2018-06-28 21:16:34.163-[	Info: 收到 ACK]
2018-06-28 21:16:34.475-[	Info: data received] len=203
    0-1-2-3- 4-5-6-7- 8-9-A-B- C-D-E-F-  0123456789ABCDEF
00  02303230 31202020 20202020 20202020 |.0201           |
01  20202020 20202020 20202020 20202020 |                |
02  20202020 20202020 20202020 20202020 |                |
03  20202020 20202020 20202020 20202020 |                |
04  20202020 20202020 20202020 20202030 |               0|
05  30303120 20202020 20202020 20202020 |001             |
06  20202020 20202020 20202020 20202020 |                |
07  20202020 20202020 20202020 20202020 |                |
08  20202020 20202020 20202020 20202020 |                |
09  20202020 20202020 20202020 20202020 |                |
10  20202020 20202020 20202020 20202020 |                |
11  20202020 20202020 20202020 20202020 |                |
12  20202020 20202020 200301            |         ..     |
2018-06-28 21:16:34.475-[Rx:] len=200
0201                                                                          0001                                                                                                                      
2018-06-28 21:16:34.741-[ecr_out.dat] len=200
0201                                                                          0001                                                                                                                      
2018-06-28 21:16:34.741-[**SYSTEX ECR END**]
