14:15:46.974 ================================================================
14:15:46.974 #Airlink# ecr api version=[20160531-001]
14:15:46.974 ----------------------------------------------------------------
14:15:46.975 SET Serial Port   :[COM34]
14:15:46.975 SET Timeout       :[65]
14:15:46.975 SET Rate          :[115200]
14:15:46.975 SET Mode          :[8,None,One]
14:15:46.975 SET Input File    :[in.dat]
14:15:46.975 SET Output Fiel   :[out.dat]
14:15:46.976 SET Retry         :[3]
14:15:46.976 SET Data Length   :[600]
14:15:46.976 SET RespCode Idx  :[79]
14:15:46.976 ----------------------------------------------------------------
14:15:46.977 ReadInFile(600)=[0103                           00000000000500                                                                          Bonjays Hotel                                                                                                                                                                                                                                                                                                                                                                                                                                                                                    ]
14:15:47.317 Send Req to EDC(603)=[02 30 31 30 33 20 20 20 20 20 20 20 20 20 20 20 20 20 20 20 20 20 20 20 20 20 20 20 20 20 20 20 30 30 30 30 30 30 30 30 30 30 30 35 30 30 20 20 20 20 20 20 20 20 20 20 20 20 20 20 20 20 20 20 20 20 20 20 20 20 20 20 20 20 20 20 20 20 20 20 20 20 20 20 20 20 20 20 20 20 20 20 20 20 20 20 20 20 20 20 20 20 20 20 20 20 20 20 20 20 20 20 20 20 20 20 20 20 20 20 42 6F 6E 6A 61 79 73 20 48 6F 74 65 6C 20 20 20 20 20 20 20 20 20 20 20 20 20 20 20 20 20 20 20 20 20 20 20 20 20 20 20 20 20 20 20 20 20 20 20 20 20 20 20 20 20 20 20 20 20 20 20 20 20 20 20 20 20 20 20 20 20 20 20 20 20 20 20 20 20 20 20 20 20 20 20 20 20 20 20 20 20 20 20 20 20 20 20 20 20 20 20 20 20 20 20 20 20 20 20 20 20 20 20 20 20 20 20 20 20 20 20 20 20 20 20 20 20 20 20 20 20 20 20 20 20 20 20 20 20 20 20 20 20 20 20 20 20 20 20 20 20 20 20 20 20 20 20 20 20 20 20 20 20 20 20 20 20 20 20 20 20 20 20 20 20 20 20 20 20 20 20 20 20 20 20 20 20 20 20 20 20 20 20 20 20 20 20 20 20 20 20 20 20 20 20 20 20 20 20 20 20 20 20 20 20 20 20 20 20 20 20 20 20 20 20 20 20 20 20 20 20 20 20 20 20 20 20 20 20 20 20 20 20 20 20 20 20 20 20 20 20 20 20 20 20 20 20 20 20 20 20 20 20 20 20 20 20 20 20 20 20 20 20 20 20 20 20 20 20 20 20 20 20 20 20 20 20 20 20 20 20 20 20 20 20 20 20 20 20 20 20 20 20 20 20 20 20 20 20 20 20 20 20 20 20 20 20 20 20 20 20 20 20 20 20 20 20 20 20 20 20 20 20 20 20 20 20 20 20 20 20 20 20 20 20 20 20 20 20 20 20 20 20 20 20 20 20 20 20 20 20 20 20 20 20 20 20 20 20 20 20 20 20 20 20 20 20 20 20 20 20 20 20 20 20 20 20 20 20 20 20 20 20 20 20 20 20 20 20 20 20 20 20 20 20 20 20 20 20 20 20 20 20 20 20 20 20 20 20 20 20 20 20 20 20 20 20 20 20 20 20 20 20 20 20 20 20 20 20 20 20 20 20 20 20 20 20 20 20 20 20 20 20 20 20 20 20 20 20 20 20 20 20 20 20 20 20 20 20 20 20 20 20 20 20 20 20 20 20 20 20 20 03 1C]
14:15:47.371 Recv ACKNAK=[06]
14:15:54.582 Recv Data(603)=[02 30 31 30 33 30 30 30 30 38 36 34 37 30 35 33 38 30 31 37 2A 2A 2A 35 38 35 30 20 20 20 20 20 30 30 30 30 30 30 30 30 30 30 30 35 30 30 31 39 30 31 31 31 31 34 31 36 30 33 37 37 37 37 37 37 20 20 20 20 20 20 20 20 20 20 20 20 20 20 20 30 30 30 30 39 39 30 32 30 30 30 31 31 32 33 34 35 36 37 38 39 30 31 32 20 20 20 20 20 20 20 20 20 20 20 20 20 20 20 20 20 42 6F 6E 6A 61 79 73 20 48 6F 74 65 6C 20 20 20 20 20 20 20 20 20 20 20 20 30 30 20 20 20 20 20 20 20 20 20 20 20 20 20 20 20 20 20 20 20 20 20 20 20 20 20 20 20 20 20 20 20 20 20 20 20 20 20 20 20 20 20 20 20 20 20 20 20 20 20 20 20 20 20 20 20 20 34 37 30 35 33 38 37 49 35 50 42 58 62 70 66 76 6D 78 59 78 7A 4F 54 38 6B 4F 58 51 42 4A 6F 6D 6B 4A 6E 51 68 2B 32 61 41 44 64 73 64 61 79 39 38 3D 20 20 20 20 20 20 20 20 20 20 20 20 20 20 20 20 20 20 20 20 20 20 20 20 20 20 20 20 20 20 20 20 20 20 20 20 20 20 20 20 20 20 20 20 20 20 20 20 20 20 20 20 20 20 20 20 20 20 20 20 20 20 20 20 20 20 20 20 20 20 20 20 20 20 20 20 20 20 20 20 20 20 30 30 30 30 30 31 43 30 30 30 30 30 31 30 31 30 32 32 30 32 36 36 41 30 30 30 30 30 30 30 30 33 31 30 31 30 20 20 41 36 44 32 43 43 32 34 35 45 39 38 39 35 38 33 20 20 20 20 20 20 20 20 20 20 20 20 20 20 20 20 20 20 20 20 20 20 20 20 20 20 20 20 20 20 20 20 20 20 20 20 20 20 20 20 20 20 20 20 20 20 20 20 20 20 20 20 20 20 20 20 20 20 20 20 20 20 20 20 20 20 20 20 20 20 20 20 20 20 20 20 30 31 39 39 30 32 30 30 30 31 30 30 30 30 38 36 20 20 20 20 20 20 20 20 20 20 20 20 20 20 20 20 20 20 20 20 20 20 20 20 20 20 20 20 20 20 20 20 20 20 20 20 20 20 20 20 20 20 20 20 20 20 20 20 20 20 20 20 20 20 20 20 20 20 20 20 20 20 20 20 20 20 20 20 20 20 20 20 20 20 20 20 20 20 20 20 20 20 20 20 20 20 20 20 20 20 20 20 20 20 20 20 20 20 20 20 20 20 20 20 20 20 20 20 20 20 20 20 20 20 20 20 20 20 20 20 03 65]
14:15:54.582 Recv LRC=0x65, Calc LRC=0x65
14:15:54.583 SendACK
14:15:54.584 SaveResponseData code=[EDC_RESPONSE]
14:15:54.605 SaveResponseData(600)=[0103000086470538017***5850     00000000000500190111141603777777               000099020001123456789012                 Bonjays Hotel            00                                                        4705387I5PBXbpfvmxYxzOT8kOXQBJomkJnQh+2aADdsday98=                                                                                  000001C000001010220266A0000000031010  A6D2CC245E989583                                                                            0199020001000086                                                                                                                        ]
14:15:54.639 ================================================================
14:15:54.639 Program done!
14:15:54.639 ================================================================
14:23:21.348 ================================================================
14:23:21.349 #Airlink# ecr api version=[20160531-001]
14:23:21.349 ----------------------------------------------------------------
14:23:21.349 SET Serial Port   :[COM34]
14:23:21.349 SET Timeout       :[65]
14:23:21.349 SET Rate          :[115200]
14:23:21.349 SET Mode          :[8,None,One]
14:23:21.350 SET Input File    :[in.dat]
14:23:21.350 SET Output Fiel   :[out.dat]
14:23:21.350 SET Retry         :[3]
14:23:21.350 SET Data Length   :[600]
14:23:21.350 SET RespCode Idx  :[79]
14:23:21.350 ----------------------------------------------------------------
14:23:21.351 ReadInFile(600)=[0103                           00000000000500                                                                          Bonjays Hotel                                                                                                                                                                                                                                                                                                                                                                                                                                                                                    ]
14:23:21.655 Send Req to EDC(603)=[02 30 31 30 33 20 20 20 20 20 20 20 20 20 20 20 20 20 20 20 20 20 20 20 20 20 20 20 20 20 20 20 30 30 30 30 30 30 30 30 30 30 30 35 30 30 20 20 20 20 20 20 20 20 20 20 20 20 20 20 20 20 20 20 20 20 20 20 20 20 20 20 20 20 20 20 20 20 20 20 20 20 20 20 20 20 20 20 20 20 20 20 20 20 20 20 20 20 20 20 20 20 20 20 20 20 20 20 20 20 20 20 20 20 20 20 20 20 20 20 42 6F 6E 6A 61 79 73 20 48 6F 74 65 6C 20 20 20 20 20 20 20 20 20 20 20 20 20 20 20 20 20 20 20 20 20 20 20 20 20 20 20 20 20 20 20 20 20 20 20 20 20 20 20 20 20 20 20 20 20 20 20 20 20 20 20 20 20 20 20 20 20 20 20 20 20 20 20 20 20 20 20 20 20 20 20 20 20 20 20 20 20 20 20 20 20 20 20 20 20 20 20 20 20 20 20 20 20 20 20 20 20 20 20 20 20 20 20 20 20 20 20 20 20 20 20 20 20 20 20 20 20 20 20 20 20 20 20 20 20 20 20 20 20 20 20 20 20 20 20 20 20 20 20 20 20 20 20 20 20 20 20 20 20 20 20 20 20 20 20 20 20 20 20 20 20 20 20 20 20 20 20 20 20 20 20 20 20 20 20 20 20 20 20 20 20 20 20 20 20 20 20 20 20 20 20 20 20 20 20 20 20 20 20 20 20 20 20 20 20 20 20 20 20 20 20 20 20 20 20 20 20 20 20 20 20 20 20 20 20 20 20 20 20 20 20 20 20 20 20 20 20 20 20 20 20 20 20 20 20 20 20 20 20 20 20 20 20 20 20 20 20 20 20 20 20 20 20 20 20 20 20 20 20 20 20 20 20 20 20 20 20 20 20 20 20 20 20 20 20 20 20 20 20 20 20 20 20 20 20 20 20 20 20 20 20 20 20 20 20 20 20 20 20 20 20 20 20 20 20 20 20 20 20 20 20 20 20 20 20 20 20 20 20 20 20 20 20 20 20 20 20 20 20 20 20 20 20 20 20 20 20 20 20 20 20 20 20 20 20 20 20 20 20 20 20 20 20 20 20 20 20 20 20 20 20 20 20 20 20 20 20 20 20 20 20 20 20 20 20 20 20 20 20 20 20 20 20 20 20 20 20 20 20 20 20 20 20 20 20 20 20 20 20 20 20 20 20 20 20 20 20 20 20 20 20 20 20 20 20 20 20 20 20 20 20 20 20 20 20 20 20 20 20 20 20 20 20 20 20 20 20 20 20 20 20 20 20 20 20 20 20 20 20 20 20 20 20 20 20 20 20 20 03 1C]
14:23:21.710 Recv ACKNAK=[06]
14:23:23.372 Recv Data(603)=[02 30 31 30 33 30 30 30 30 38 37 34 31 34 37 36 33 35 30 31 2A 2A 2A 35 34 30 39 20 20 20 20 20 30 30 30 30 30 30 30 30 30 30 30 35 30 30 31 39 30 31 31 31 31 34 32 33 33 36 37 37 37 37 37 37 20 20 20 20 20 20 20 20 20 20 20 20 20 20 20 30 30 30 30 39 39 30 32 30 30 30 31 31 32 33 34 35 36 37 38 39 30 31 32 20 20 20 20 20 20 20 20 20 20 20 20 20 20 20 20 20 42 6F 6E 6A 61 79 73 20 48 6F 74 65 6C 20 20 20 20 20 20 20 20 20 20 20 20 30 30 20 20 20 20 20 20 20 20 20 20 20 20 20 20 20 20 20 20 20 20 20 20 20 20 20 20 20 20 20 20 20 20 20 20 20 20 20 20 20 20 20 20 20 20 20 20 20 20 20 20 20 20 20 20 20 20 34 31 34 37 36 33 4B 48 5A 45 56 74 34 52 4A 61 43 48 57 75 79 32 56 78 4F 72 6A 48 6D 57 36 7A 64 32 4F 57 44 41 47 33 33 6B 43 79 5A 68 59 42 51 3D 20 20 20 20 20 20 20 20 20 20 20 20 20 20 20 20 20 20 20 20 20 20 20 20 20 20 20 20 20 20 20 20 20 20 20 20 20 20 20 20 20 20 20 20 20 20 20 20 20 20 20 20 20 20 20 20 20 20 20 20 20 20 20 20 20 20 20 20 20 20 20 20 20 20 20 20 20 20 20 20 20 20 30 30 30 30 30 31 57 30 30 30 30 30 31 30 31 30 32 32 30 32 36 36 20 20 20 20 20 20 20 20 20 20 20 20 20 20 20 20 39 35 44 44 45 34 44 44 36 44 30 45 43 36 34 46 20 20 20 20 20 20 20 20 20 20 20 20 20 20 20 20 20 20 20 20 20 20 20 20 20 20 20 20 20 20 20 20 20 20 20 20 20 20 20 20 20 20 20 20 20 20 20 20 20 20 20 20 20 20 20 20 20 20 20 20 20 20 20 20 20 20 20 20 20 20 20 20 20 20 20 20 30 33 39 39 30 32 30 30 30 31 30 30 30 30 38 37 20 20 20 20 20 20 20 20 20 20 20 20 20 20 20 20 20 20 20 20 20 20 20 20 20 20 20 20 20 20 20 20 20 20 20 20 20 20 20 20 20 20 20 20 20 20 20 20 20 20 20 20 20 20 20 20 20 20 20 20 20 20 20 20 20 20 20 20 20 20 20 20 20 20 20 20 20 20 20 20 20 20 20 20 20 20 20 20 20 20 20 20 20 20 20 20 20 20 20 20 20 20 20 20 20 20 20 20 20 20 20 20 20 20 20 20 20 20 20 20 03 54]
14:23:23.373 Recv LRC=0x54, Calc LRC=0x54
14:23:23.373 SendACK
14:23:23.374 SaveResponseData code=[EDC_RESPONSE]
14:23:23.394 SaveResponseData(600)=[0103000087414763501***5409     00000000000500190111142336777777               000099020001123456789012                 Bonjays Hotel            00                                                        414763KHZEVt4RJaCHWuy2VxOrjHmW6zd2OWDAG33kCyZhYBQ=                                                                                  000001W000001010220266                95DDE4DD6D0EC64F                                                                            0399020001000087                                                                                                                        ]
14:23:23.429 ================================================================
14:23:23.429 Program done!
14:23:23.429 ================================================================
14:23:59.194 ================================================================
14:23:59.195 #Airlink# EDCFileTransferApi version=[20181129-001]
14:23:59.195 ----------------------------------------------------------------
14:23:59.195 SET Serial Port   :[COM34]
14:23:59.195 SET Timeout       :[10]
14:23:59.195 SET Rate          :[115200]
14:23:59.196 SET Mode          :[8,None,One]
14:23:59.196 SET Input File    :[in.dat]
14:23:59.196 SET Output File   :[out.dat]
14:23:59.196 SET Retry         :[3]
14:23:59.197 SET Data Length   :[600]
14:23:59.197 SET RespCode Idx  :[79]
14:23:59.197 ----------------------------------------------------------------
14:23:59.610 before lrc= 20 03
14:23:59.610 PackSendBuf(0), bpInDataLen=600, SendLen=603
14:23:59.611 Sequence No=0
14:23:59.611 Send Req to EDC(603)=[02 46 53 00 05 12 20 20 20 20 20 20 20 20 20 20 20 20 20 20 20 20 20 20 20 20 20 20 20 20 20 20 20 20 20 20 20 20 20 20 20 20 20 20 20 20 20 20 20 20 20 20 20 20 20 20 20 20 20 20 20 20 20 20 20 20 20 20 20 20 20 20 20 20 20 20 20 20 20 20 20 20 20 20 20 20 20 20 20 20 20 20 20 20 20 20 20 20 20 20 20 20 20 20 20 20 20 20 20 20 20 20 20 20 20 20 20 20 20 20 20 20 20 20 20 20 20 20 20 20 20 20 20 20 20 20 20 20 20 20 20 20 20 20 20 20 20 20 20 20 20 20 20 20 20 20 20 20 20 20 20 20 20 20 20 20 20 20 20 20 20 20 20 20 20 20 20 20 20 20 20 20 20 20 20 20 20 20 20 20 20 20 20 20 20 20 20 20 20 20 20 20 20 20 20 20 20 20 20 20 20 20 20 20 20 20 20 20 20 20 20 20 20 20 20 20 20 20 20 20 20 20 20 20 20 20 20 20 20 20 20 20 20 20 20 20 20 20 20 20 20 20 20 20 20 20 20 20 20 20 20 20 20 20 20 20 20 20 20 20 20 20 20 20 20 20 20 20 20 20 20 20 20 20 20 20 20 20 20 20 20 20 20 20 20 20 20 20 20 20 20 20 20 20 20 20 20 20 20 20 20 20 20 20 20 20 20 20 20 20 20 20 20 20 20 20 20 20 20 20 20 20 20 20 20 20 20 20 20 20 20 20 20 20 20 20 20 20 20 20 20 20 20 20 20 20 20 20 20 20 20 20 20 20 20 20 20 20 20 20 20 20 20 20 20 20 20 20 20 20 20 20 20 20 20 20 20 20 20 20 20 20 20 20 20 20 20 20 20 20 20 20 20 20 20 20 20 20 20 20 20 20 20 20 20 20 20 20 20 20 20 20 20 20 20 20 20 20 20 20 20 20 20 20 20 20 20 20 20 20 20 20 20 20 20 20 20 20 20 20 20 20 20 20 20 20 20 20 20 20 20 20 20 20 20 20 20 20 20 20 20 20 20 20 20 20 20 20 20 20 20 20 20 20 20 20 20 20 20 20 20 20 20 20 20 20 20 20 20 20 20 20 20 20 20 20 20 20 20 20 20 20 20 20 20 20 20 20 20 20 20 20 20 20 20 20 20 20 20 20 20 20 20 20 20 20 20 20 20 20 20 20 20 20 20 20 20 20 20 20 20 20 20 20 20 20 20 20 20 20 20 20 20 20 20 20 20 20 20 20 20 20 20 20 20 20 20 20 20 20 20 20 20 20 20 20 20 20 20 20 20 20 20 20 20 20 20 20 20 20 20 03 21]
14:23:59.665 Recv ACKNAK=[06]
14:23:59.933 Curren package data size=595)
14:23:59.983 Recv Data(603)=[02 46 53 00 05 95 39 39 30 32 30 30 30 31 30 30 30 30 38 36 1F 8B 08 00 00 00 00 00 00 03 ED DD CD 71 DB 30 14 46 51 A8 8B 94 90 0A BC CE 64 9F 9E 52 6A 3A 71 16 1A 73 64 49 FC 91 88 8F 04 C8 73 D6 E0 23 30 A3 4B 78 E7 DF 7F 3E FE 5D 4A 29 A5 7C 94 52 7E 96 52 7E 5D 4A F9 5B 4A B9 94 1F 65 CC 27 00 00 00 00 00 00 00 00 00 00 00 00 00 00 00 00 00 00 00 00 00 00 00 00 00 00 00 00 00 00 C0 51 8C FE 67 F7 C5 E6 DE 00 54 33 97 E3 2A 73 2F 07 5E 33 D7 DC AA E8 42 63 E1 CC 26 B2 CA 95 B5 F1 EB E0 60 DA 29 A8 9D 9D 40 FB 9A 2D A5 D9 8D 41 0B 3A AA A3 8B 4D C2 36 3A 2A 77 D0 D1 56 21 A1 3C 98 7B A2 21 3D EE 19 56 7A 6C B6 DF 0A FA DD 39 BC E4 48 D9 0E 8E 71 0A 18 73 BC 66 EF 1C EF 44 9C D6 D3 5A 0F 99 ED E0 C0 47 E3 54 4E 95 ED E0 0C 67 E4 0C CE D3 EC AD B3 9D 97 A3 3A 61 BC 9F FA E5 28 CE F9 4B 3E E7 A9 E1 18 F4 0B FD D2 2F F4 4B BF D0 2F FD 42 BF F4 0B FD D2 2F E4 A4 FB 4A CF 87 33 8B F6 55 BE CC 2D 04 DE 11 ED 2B 3A 1C 88 26 16 1D 0E 44 13 8B 0E 07 A2 89 45 87 03 B9 C4 CA 97 B9 85 C0 9B 72 89 E5 26 03 57 B9 CA 72 93 81 AB 50 65 FE 78 86 0D 84 2A 0B 8D 05 06 B9 5B 32 34 16 18 84 2A CB 7D 16 80 AB 5C 65 A1 B1 C0 20 57 59 6E 32 F0 99 BF 7C 13 93 81 AB 5C 62 B9 C9 C0 55 A8 32 97 2F A4 E5 2A 0B 8D 05 06 A1 CA 72 9F 05 60 10 AA 2C 34 16 B8 95 08 CD E5 0B 1B 08 85 96 98 09 DC 49 84 16 FA 26 00 77 12 A1 25 66 02 8F AA B7 E6 F2 85 6D 24 5A AB 3E 10 78 AA 7A 6B 89 0F 02 F0 54 F5 D6 AA 0F 04 C6 D4 CD CD E5 0B 9B A9 9E 5B DD 69 C0 84 BA B9 55 FF 1A 00 13 EA E6 56 77 1A 30 AD 62 71 2E 5F D8 58 AD E2 C4 0B 1B AB 15 5D AD 39 C0 72 55 A2 13 2F EC 62 7D 77 E2 85 BD AC 4C 4F BC B0 A3 35 F5 89 17 76 B4 26 C0 35 CF 02 EB BD 1D A0 78 61 77 EF 35 28 5E 68 C1 1B 19 8A 17 1A F1 6A 89 E2 85 76 BC 14 A3 78 A1 29 CB 7B 14 2F B4 66 79 92 CB 57 02 1B 78 E9 4A 5D BE 12 D8 C0 C2 24 CB 8D B9 B5 C0 46 A6 93 2C 03 63]
14:23:59.984 Recv LRC=0x63, Calc LRC=0x63
14:23:59.984 SendACK
14:23:59.985 FileName=[99020001000086]
14:23:59.985 Recv File Data(581)=[1F 8B 08 00 00 00 00 00 00 03 ED DD CD 71 DB 30 14 46 51 A8 8B 94 90 0A BC CE 64 9F 9E 52 6A 3A 71 16 1A 73 64 49 FC 91 88 8F 04 C8 73 D6 E0 23 30 A3 4B 78 E7 DF 7F 3E FE 5D 4A 29 A5 7C 94 52 7E 96 52 7E 5D 4A F9 5B 4A B9 94 1F 65 CC 27 00 00 00 00 00 00 00 00 00 00 00 00 00 00 00 00 00 00 00 00 00 00 00 00 00 00 00 00 00 00 C0 51 8C FE 67 F7 C5 E6 DE 00 54 33 97 E3 2A 73 2F 07 5E 33 D7 DC AA E8 42 63 E1 CC 26 B2 CA 95 B5 F1 EB E0 60 DA 29 A8 9D 9D 40 FB 9A 2D A5 D9 8D 41 0B 3A AA A3 8B 4D C2 36 3A 2A 77 D0 D1 56 21 A1 3C 98 7B A2 21 3D EE 19 56 7A 6C B6 DF 0A FA DD 39 BC E4 48 D9 0E 8E 71 0A 18 73 BC 66 EF 1C EF 44 9C D6 D3 5A 0F 99 ED E0 C0 47 E3 54 4E 95 ED E0 0C 67 E4 0C CE D3 EC AD B3 9D 97 A3 3A 61 BC 9F FA E5 28 CE F9 4B 3E E7 A9 E1 18 F4 0B FD D2 2F F4 4B BF D0 2F FD 42 BF F4 0B FD D2 2F E4 A4 FB 4A CF 87 33 8B F6 55 BE CC 2D 04 DE 11 ED 2B 3A 1C 88 26 16 1D 0E 44 13 8B 0E 07 A2 89 45 87 03 B9 C4 CA 97 B9 85 C0 9B 72 89 E5 26 03 57 B9 CA 72 93 81 AB 50 65 FE 78 86 0D 84 2A 0B 8D 05 06 B9 5B 32 34 16 18 84 2A CB 7D 16 80 AB 5C 65 A1 B1 C0 20 57 59 6E 32 F0 99 BF 7C 13 93 81 AB 5C 62 B9 C9 C0 55 A8 32 97 2F A4 E5 2A 0B 8D 05 06 A1 CA 72 9F 05 60 10 AA 2C 34 16 B8 95 08 CD E5 0B 1B 08 85 96 98 09 DC 49 84 16 FA 26 00 77 12 A1 25 66 02 8F AA B7 E6 F2 85 6D 24 5A AB 3E 10 78 AA 7A 6B 89 0F 02 F0 54 F5 D6 AA 0F 04 C6 D4 CD CD E5 0B 9B A9 9E 5B DD 69 C0 84 BA B9 55 FF 1A 00 13 EA E6 56 77 1A 30 AD 62 71 2E 5F D8 58 AD E2 C4 0B 1B AB 15 5D AD 39 C0 72 55 A2 13 2F EC 62 7D 77 E2 85 BD AC 4C 4F BC B0 A3 35 F5 89 17 76 B4 26 C0 35 CF 02 EB BD 1D A0 78 61 77 EF 35 28 5E 68 C1 1B 19 8A 17 1A F1 6A 89 E2 85 76 BC 14 A3 78 A1 29 CB 7B 14 2F B4 66 79 92 CB 57 02 1B 78 E9 4A 5D BE 12 D8 C0 C2 24 CB 8D B9 B5 C0 46 A6 93 2C]
14:23:59.985 RetrieveRecvFileData: total len=581
14:24:00.036 before lrc= 20 03
14:24:00.036 PackSendBuf(1), bpInDataLen=600, SendLen=603
14:24:00.036 Sequence No=1
14:24:00.036 Send Req to EDC(603)=[02 46 53 01 05 12 20 20 20 20 20 20 20 20 20 20 20 20 20 20 20 20 20 20 20 20 20 20 20 20 20 20 20 20 20 20 20 20 20 20 20 20 20 20 20 20 20 20 20 20 20 20 20 20 20 20 20 20 20 20 20 20 20 20 20 20 20 20 20 20 20 20 20 20 20 20 20 20 20 20 20 20 20 20 20 20 20 20 20 20 20 20 20 20 20 20 20 20 20 20 20 20 20 20 20 20 20 20 20 20 20 20 20 20 20 20 20 20 20 20 20 20 20 20 20 20 20 20 20 20 20 20 20 20 20 20 20 20 20 20 20 20 20 20 20 20 20 20 20 20 20 20 20 20 20 20 20 20 20 20 20 20 20 20 20 20 20 20 20 20 20 20 20 20 20 20 20 20 20 20 20 20 20 20 20 20 20 20 20 20 20 20 20 20 20 20 20 20 20 20 20 20 20 20 20 20 20 20 20 20 20 20 20 20 20 20 20 20 20 20 20 20 20 20 20 20 20 20 20 20 20 20 20 20 20 20 20 20 20 20 20 20 20 20 20 20 20 20 20 20 20 20 20 20 20 20 20 20 20 20 20 20 20 20 20 20 20 20 20 20 20 20 20 20 20 20 20 20 20 20 20 20 20 20 20 20 20 20 20 20 20 20 20 20 20 20 20 20 20 20 20 20 20 20 20 20 20 20 20 20 20 20 20 20 20 20 20 20 20 20 20 20 20 20 20 20 20 20 20 20 20 20 20 20 20 20 20 20 20 20 20 20 20 20 20 20 20 20 20 20 20 20 20 20 20 20 20 20 20 20 20 20 20 20 20 20 20 20 20 20 20 20 20 20 20 20 20 20 20 20 20 20 20 20 20 20 20 20 20 20 20 20 20 20 20 20 20 20 20 20 20 20 20 20 20 20 20 20 20 20 20 20 20 20 20 20 20 20 20 20 20 20 20 20 20 20 20 20 20 20 20 20 20 20 20 20 20 20 20 20 20 20 20 20 20 20 20 20 20 20 20 20 20 20 20 20 20 20 20 20 20 20 20 20 20 20 20 20 20 20 20 20 20 20 20 20 20 20 20 20 20 20 20 20 20 20 20 20 20 20 20 20 20 20 20 20 20 20 20 20 20 20 20 20 20 20 20 20 20 20 20 20 20 20 20 20 20 20 20 20 20 20 20 20 20 20 20 20 20 20 20 20 20 20 20 20 20 20 20 20 20 20 20 20 20 20 20 20 20 20 20 20 20 20 20 20 20 20 20 20 20 20 20 20 20 20 20 20 20 20 20 20 20 20 20 20 20 20 20 20 20 20 20 20 20 20 20 20 20 20 20 20 20 20 20 20 20 20 20 20 20 03 20]
14:24:00.102 Recv ACKNAK=[06]
14:24:00.350 Curren package data size=93)
14:24:00.401 Recv Data(603)=[02 46 45 01 00 93 39 39 30 32 30 30 30 31 30 30 30 30 38 36 0F C6 56 02 DB 5B DE EF D8 1A 60 2F 13 6D 2A 17 1A 37 56 A8 78 A1 7D 4F 23 15 2F 74 61 A2 DF A7 EB 81 76 DC A6 5A BE 9B 7E 10 D8 DD 90 6A 79 30 F7 28 B0 33 CD 42 D7 F4 0B 00 00 00 00 00 00 00 00 00 00 C0 66 FE 03 01 4E EE A9 36 E0 01 00 20 20 20 20 20 20 20 20 20 20 20 20 20 20 20 20 20 20 20 20 20 20 20 20 20 20 20 20 20 20 20 20 20 20 20 20 20 20 20 20 20 20 20 20 20 20 20 20 20 20 20 20 20 20 20 20 20 20 20 20 20 20 20 20 20 20 20 20 20 20 20 20 20 20 20 20 20 20 20 20 20 20 20 20 20 20 20 20 20 20 20 20 20 20 20 20 20 20 20 20 20 20 20 20 20 20 20 20 20 20 20 20 20 20 20 20 20 20 20 20 20 20 20 20 20 20 20 20 20 20 20 20 20 20 20 20 20 20 20 20 20 20 20 20 20 20 20 20 20 20 20 20 20 20 20 20 20 20 20 20 20 20 20 20 20 20 20 20 20 20 20 20 20 20 20 20 20 20 20 20 20 20 20 20 20 20 20 20 20 20 20 20 20 20 20 20 20 20 20 20 20 20 20 20 20 20 20 20 20 20 20 20 20 20 20 20 20 20 20 20 20 20 20 20 20 20 20 20 20 20 20 20 20 20 20 20 20 20 20 20 20 20 20 20 20 20 20 20 20 20 20 20 20 20 20 20 20 20 20 20 20 20 20 20 20 20 20 20 20 20 20 20 20 20 20 20 20 20 20 20 20 20 20 20 20 20 20 20 20 20 20 20 20 20 20 20 20 20 20 20 20 20 20 20 20 20 20 20 20 20 20 20 20 20 20 20 20 20 20 20 20 20 20 20 20 20 20 20 20 20 20 20 20 20 20 20 20 20 20 20 20 20 20 20 20 20 20 20 20 20 20 20 20 20 20 20 20 20 20 20 20 20 20 20 20 20 20 20 20 20 20 20 20 20 20 20 20 20 20 20 20 20 20 20 20 20 20 20 20 20 20 20 20 20 20 20 20 20 20 20 20 20 20 20 20 20 20 20 20 20 20 20 20 20 20 20 20 20 20 20 20 20 20 20 20 20 20 20 20 20 20 20 20 20 20 20 20 20 20 20 20 20 20 20 20 20 20 20 20 20 20 20 20 20 20 20 20 20 20 20 20 20 20 20 20 20 20 20 20 20 20 20 20 20 20 20 20 20 20 20 20 20 20 20 20 20 20 20 20 20 20 20 20 20 20 20 20 20 20 20 20 20 03 2D]
14:24:00.401 Recv LRC=0x2D, Calc LRC=0x2D
14:24:00.401 SendACK
14:24:00.401 FileName=[99020001000086]
14:24:00.402 Recv File Data(79)=[0F C6 56 02 DB 5B DE EF D8 1A 60 2F 13 6D 2A 17 1A 37 56 A8 78 A1 7D 4F 23 15 2F 74 61 A2 DF A7 EB 81 76 DC A6 5A BE 9B 7E 10 D8 DD 90 6A 79 30 F7 28 B0 33 CD 42 D7 F4 0B 00 00 00 00 00 00 00 00 00 00 C0 66 FE 03 01 4E EE A9 36 E0 01 00]
14:24:00.402 RetrieveRecvFileData: total len=660
14:24:00.402 SaveResponseData code=[EDC_RESPONSE]
14:24:00.423 SaveResponseData(18)=[000099020001000086]
14:24:00.445 SaveFileData(660)=[1F 8B 08 00 00 00 00 00 00 03 ED DD CD 71 DB 30 14 46 51 A8 8B 94 90 0A BC CE 64 9F 9E 52 6A 3A 71 16 1A 73 64 49 FC 91 88 8F 04 C8 73 D6 E0 23 30 A3 4B 78 E7 DF 7F 3E FE 5D 4A 29 A5 7C 94 52 7E 96 52 7E 5D 4A F9 5B 4A B9 94 1F 65 CC 27 00 00 00 00 00 00 00 00 00 00 00 00 00 00 00 00 00 00 00 00 00 00 00 00 00 00 00 00 00 00 C0 51 8C FE 67 F7 C5 E6 DE 00 54 33 97 E3 2A 73 2F 07 5E 33 D7 DC AA E8 42 63 E1 CC 26 B2 CA 95 B5 F1 EB E0 60 DA 29 A8 9D 9D 40 FB 9A 2D A5 D9 8D 41 0B 3A AA A3 8B 4D C2 36 3A 2A 77 D0 D1 56 21 A1 3C 98 7B A2 21 3D EE 19 56 7A 6C B6 DF 0A FA DD 39 BC E4 48 D9 0E 8E 71 0A 18 73 BC 66 EF 1C EF 44 9C D6 D3 5A 0F 99 ED E0 C0 47 E3 54 4E 95 ED E0 0C 67 E4 0C CE D3 EC AD B3 9D 97 A3 3A 61 BC 9F FA E5 28 CE F9 4B 3E E7 A9 E1 18 F4 0B FD D2 2F F4 4B BF D0 2F FD 42 BF F4 0B FD D2 2F E4 A4 FB 4A CF 87 33 8B F6 55 BE CC 2D 04 DE 11 ED 2B 3A 1C 88 26 16 1D 0E 44 13 8B 0E 07 A2 89 45 87 03 B9 C4 CA 97 B9 85 C0 9B 72 89 E5 26 03 57 B9 CA 72 93 81 AB 50 65 FE 78 86 0D 84 2A 0B 8D 05 06 B9 5B 32 34 16 18 84 2A CB 7D 16 80 AB 5C 65 A1 B1 C0 20 57 59 6E 32 F0 99 BF 7C 13 93 81 AB 5C 62 B9 C9 C0 55 A8 32 97 2F A4 E5 2A 0B 8D 05 06 A1 CA 72 9F 05 60 10 AA 2C 34 16 B8 95 08 CD E5 0B 1B 08 85 96 98 09 DC 49 84 16 FA 26 00 77 12 A1 25 66 02 8F AA B7 E6 F2 85 6D 24 5A AB 3E 10 78 AA 7A 6B 89 0F 02 F0 54 F5 D6 AA 0F 04 C6 D4 CD CD E5 0B 9B A9 9E 5B DD 69 C0 84 BA B9 55 FF 1A 00 13 EA E6 56 77 1A 30 AD 62 71 2E 5F D8 58 AD E2 C4 0B 1B AB 15 5D AD 39 C0 72 55 A2 13 2F EC 62 7D 77 E2 85 BD AC 4C 4F BC B0 A3 35 F5 89 17 76 B4 26 C0 35 CF 02 EB BD 1D A0 78 61 77 EF 35 28 5E 68 C1 1B 19 8A 17 1A F1 6A 89 E2 85 76 BC 14 A3 78 A1 29 CB 7B 14 2F B4 66 79 92 CB 57 02 1B 78 E9 4A 5D BE 12 D8 C0 C2 24 CB 8D B9 B5 C0 46 A6 93 2C 0F C6 56 02 DB 5B DE EF D8 1A 60 2F 13 6D 2A 17 1A 37 56 A8 78 A1 7D 4F 23 15 2F 74 61 A2 DF A7 EB 81 76 DC A6 5A BE 9B 7E 10 D8 DD 90 6A 79 30 F7 28 B0 33 CD 42 D7 F4 0B 00 00 00 00 00 00 00 00 00 00 C0 66 FE 03 01 4E EE A9 36 E0 01 00]
14:24:00.478 ----------------------------------------------------------------
14:24:00.478 Program done!
14:24:00.478 ================================================================
14:24:03.627 ================================================================
14:24:03.627 #Airlink# ecr api version=[20160531-001]
14:24:03.628 ----------------------------------------------------------------
14:24:03.628 SET Serial Port   :[COM34]
14:24:03.628 SET Timeout       :[65]
14:24:03.628 SET Rate          :[115200]
14:24:03.628 SET Mode          :[8,None,One]
14:24:03.629 SET Input File    :[in.dat]
14:24:03.629 SET Output Fiel   :[out.dat]
14:24:03.629 SET Retry         :[3]
14:24:03.629 SET Data Length   :[600]
14:24:03.629 SET RespCode Idx  :[79]
14:24:03.629 ----------------------------------------------------------------
14:24:03.631 ReadInFile(600)=[0103                           00000000000500                                                                          Bonjays Hotel                                                                                                                                                                                                                                                                                                                                                                                                                                                                                    ]
14:24:03.802 Send Req to EDC(603)=[02 30 31 30 33 20 20 20 20 20 20 20 20 20 20 20 20 20 20 20 20 20 20 20 20 20 20 20 20 20 20 20 30 30 30 30 30 30 30 30 30 30 30 35 30 30 20 20 20 20 20 20 20 20 20 20 20 20 20 20 20 20 20 20 20 20 20 20 20 20 20 20 20 20 20 20 20 20 20 20 20 20 20 20 20 20 20 20 20 20 20 20 20 20 20 20 20 20 20 20 20 20 20 20 20 20 20 20 20 20 20 20 20 20 20 20 20 20 20 20 42 6F 6E 6A 61 79 73 20 48 6F 74 65 6C 20 20 20 20 20 20 20 20 20 20 20 20 20 20 20 20 20 20 20 20 20 20 20 20 20 20 20 20 20 20 20 20 20 20 20 20 20 20 20 20 20 20 20 20 20 20 20 20 20 20 20 20 20 20 20 20 20 20 20 20 20 20 20 20 20 20 20 20 20 20 20 20 20 20 20 20 20 20 20 20 20 20 20 20 20 20 20 20 20 20 20 20 20 20 20 20 20 20 20 20 20 20 20 20 20 20 20 20 20 20 20 20 20 20 20 20 20 20 20 20 20 20 20 20 20 20 20 20 20 20 20 20 20 20 20 20 20 20 20 20 20 20 20 20 20 20 20 20 20 20 20 20 20 20 20 20 20 20 20 20 20 20 20 20 20 20 20 20 20 20 20 20 20 20 20 20 20 20 20 20 20 20 20 20 20 20 20 20 20 20 20 20 20 20 20 20 20 20 20 20 20 20 20 20 20 20 20 20 20 20 20 20 20 20 20 20 20 20 20 20 20 20 20 20 20 20 20 20 20 20 20 20 20 20 20 20 20 20 20 20 20 20 20 20 20 20 20 20 20 20 20 20 20 20 20 20 20 20 20 20 20 20 20 20 20 20 20 20 20 20 20 20 20 20 20 20 20 20 20 20 20 20 20 20 20 20 20 20 20 20 20 20 20 20 20 20 20 20 20 20 20 20 20 20 20 20 20 20 20 20 20 20 20 20 20 20 20 20 20 20 20 20 20 20 20 20 20 20 20 20 20 20 20 20 20 20 20 20 20 20 20 20 20 20 20 20 20 20 20 20 20 20 20 20 20 20 20 20 20 20 20 20 20 20 20 20 20 20 20 20 20 20 20 20 20 20 20 20 20 20 20 20 20 20 20 20 20 20 20 20 20 20 20 20 20 20 20 20 20 20 20 20 20 20 20 20 20 20 20 20 20 20 20 20 20 20 20 20 20 20 20 20 20 20 20 20 20 20 20 20 20 20 20 20 20 20 20 20 20 20 20 20 20 20 20 20 20 20 20 20 20 20 20 20 20 20 20 20 20 20 20 20 20 20 20 20 20 20 03 1C]
14:24:03.856 Recv ACKNAK=[06]
14:24:23.989 Recv Data(603)=[02 30 31 30 33 30 30 30 30 38 38 34 37 30 35 33 38 30 31 37 2A 2A 2A 35 38 35 30 20 20 20 20 20 30 30 30 30 30 30 30 30 30 30 30 35 30 30 31 39 30 31 31 31 31 34 32 34 32 30 37 37 37 37 37 37 20 20 20 20 20 20 20 20 20 20 20 20 20 20 20 30 30 30 30 39 39 30 32 30 30 30 31 31 32 33 34 35 36 37 38 39 30 31 32 20 20 20 20 20 20 20 20 20 20 20 20 20 20 20 20 20 42 6F 6E 6A 61 79 73 20 48 6F 74 65 6C 20 20 20 20 20 20 20 20 20 20 20 20 30 30 20 20 20 20 20 20 20 20 20 20 20 20 20 20 20 20 20 20 20 20 20 20 20 20 20 20 20 20 20 20 20 20 20 20 20 20 20 20 20 20 20 20 20 20 20 20 20 20 20 20 20 20 20 20 20 20 34 37 30 35 33 38 37 49 35 50 42 58 62 70 66 76 6D 78 59 78 7A 4F 54 38 6B 4F 58 51 42 4A 6F 6D 6B 4A 6E 51 68 2B 32 61 41 44 64 73 64 61 79 39 38 3D 20 20 20 20 20 20 20 20 20 20 20 20 20 20 20 20 20 20 20 20 20 20 20 20 20 20 20 20 20 20 20 20 20 20 20 20 20 20 20 20 20 20 20 20 20 20 20 20 20 20 20 20 20 20 20 20 20 20 20 20 20 20 20 20 20 20 20 20 20 20 20 20 20 20 20 20 20 20 20 20 20 20 30 30 30 30 30 31 43 30 30 30 30 30 31 30 31 30 32 32 30 32 36 36 41 30 30 30 30 30 30 30 30 33 31 30 31 30 20 20 30 30 33 31 30 30 36 37 31 36 45 44 31 45 37 46 20 20 20 20 20 20 20 20 20 20 20 20 20 20 20 20 20 20 20 20 20 20 20 20 20 20 20 20 20 20 20 20 20 20 20 20 20 20 20 20 20 20 20 20 20 20 20 20 20 20 20 20 20 20 20 20 20 20 20 20 20 20 20 20 20 20 20 20 20 20 20 20 20 20 20 20 30 31 39 39 30 32 30 30 30 31 30 30 30 30 38 38 20 20 20 20 20 20 20 20 20 20 20 20 20 20 20 20 20 20 20 20 20 20 20 20 20 20 20 20 20 20 20 20 20 20 20 20 20 20 20 20 20 20 20 20 20 20 20 20 20 20 20 20 20 20 20 20 20 20 20 20 20 20 20 20 20 20 20 20 20 20 20 20 20 20 20 20 20 20 20 20 20 20 20 20 20 20 20 20 20 20 20 20 20 20 20 20 20 20 20 20 20 20 20 20 20 20 20 20 20 20 20 20 20 20 20 20 20 20 20 20 03 14]
14:24:23.990 Recv LRC=0x14, Calc LRC=0x14
14:24:23.990 SendACK
14:24:23.991 SaveResponseData code=[EDC_RESPONSE]
14:24:24.011 SaveResponseData(600)=[0103000088470538017***5850     00000000000500190111142420777777               000099020001123456789012                 Bonjays Hotel            00                                                        4705387I5PBXbpfvmxYxzOT8kOXQBJomkJnQh+2aADdsday98=                                                                                  000001C000001010220266A0000000031010  0031006716ED1E7F                                                                            0199020001000088                                                                                                                        ]
14:24:24.046 ================================================================
14:24:24.046 Program done!
14:24:24.046 ================================================================
14:24:34.487 ================================================================
14:24:34.487 #Airlink# EDCFileTransferApi version=[20181129-001]
14:24:34.487 ----------------------------------------------------------------
14:24:34.487 SET Serial Port   :[COM34]
14:24:34.488 SET Timeout       :[10]
14:24:34.488 SET Rate          :[115200]
14:24:34.488 SET Mode          :[8,None,One]
14:24:34.488 SET Input File    :[in.dat]
14:24:34.488 SET Output File   :[out.dat]
14:24:34.488 SET Retry         :[3]
14:24:34.489 SET Data Length   :[600]
14:24:34.489 SET RespCode Idx  :[79]
14:24:34.489 ----------------------------------------------------------------
14:24:34.903 before lrc= 20 03
14:24:34.903 PackSendBuf(0), bpInDataLen=600, SendLen=603
14:24:34.904 Sequence No=0
14:24:34.904 Send Req to EDC(603)=[02 46 53 00 05 12 20 20 20 20 20 20 20 20 20 20 20 20 20 20 20 20 20 20 20 20 20 20 20 20 20 20 20 20 20 20 20 20 20 20 20 20 20 20 20 20 20 20 20 20 20 20 20 20 20 20 20 20 20 20 20 20 20 20 20 20 20 20 20 20 20 20 20 20 20 20 20 20 20 20 20 20 20 20 20 20 20 20 20 20 20 20 20 20 20 20 20 20 20 20 20 20 20 20 20 20 20 20 20 20 20 20 20 20 20 20 20 20 20 20 20 20 20 20 20 20 20 20 20 20 20 20 20 20 20 20 20 20 20 20 20 20 20 20 20 20 20 20 20 20 20 20 20 20 20 20 20 20 20 20 20 20 20 20 20 20 20 20 20 20 20 20 20 20 20 20 20 20 20 20 20 20 20 20 20 20 20 20 20 20 20 20 20 20 20 20 20 20 20 20 20 20 20 20 20 20 20 20 20 20 20 20 20 20 20 20 20 20 20 20 20 20 20 20 20 20 20 20 20 20 20 20 20 20 20 20 20 20 20 20 20 20 20 20 20 20 20 20 20 20 20 20 20 20 20 20 20 20 20 20 20 20 20 20 20 20 20 20 20 20 20 20 20 20 20 20 20 20 20 20 20 20 20 20 20 20 20 20 20 20 20 20 20 20 20 20 20 20 20 20 20 20 20 20 20 20 20 20 20 20 20 20 20 20 20 20 20 20 20 20 20 20 20 20 20 20 20 20 20 20 20 20 20 20 20 20 20 20 20 20 20 20 20 20 20 20 20 20 20 20 20 20 20 20 20 20 20 20 20 20 20 20 20 20 20 20 20 20 20 20 20 20 20 20 20 20 20 20 20 20 20 20 20 20 20 20 20 20 20 20 20 20 20 20 20 20 20 20 20 20 20 20 20 20 20 20 20 20 20 20 20 20 20 20 20 20 20 20 20 20 20 20 20 20 20 20 20 20 20 20 20 20 20 20 20 20 20 20 20 20 20 20 20 20 20 20 20 20 20 20 20 20 20 20 20 20 20 20 20 20 20 20 20 20 20 20 20 20 20 20 20 20 20 20 20 20 20 20 20 20 20 20 20 20 20 20 20 20 20 20 20 20 20 20 20 20 20 20 20 20 20 20 20 20 20 20 20 20 20 20 20 20 20 20 20 20 20 20 20 20 20 20 20 20 20 20 20 20 20 20 20 20 20 20 20 20 20 20 20 20 20 20 20 20 20 20 20 20 20 20 20 20 20 20 20 20 20 20 20 20 20 20 20 20 20 20 20 20 20 20 20 20 20 20 20 20 20 20 20 20 20 20 20 20 20 20 20 20 20 20 20 20 20 20 20 20 20 20 20 20 20 03 21]
14:24:34.958 Recv ACKNAK=[06]
14:24:35.258 Curren package data size=595)
14:24:35.308 Recv Data(603)=[02 46 45 00 05 95 39 39 30 32 30 30 30 31 30 30 30 30 38 38 1F 8B 08 00 00 00 00 00 00 03 ED D7 41 72 DB 30 0C 05 50 F8 16 3D 42 4F 90 75 A7 FB DC A9 47 ED 4D DC 5D 1A 59 94 20 C5 8E 44 88 EF 2D 3D 22 44 82 F8 F6 F8 F7 FB DB DF 5B 44 44 BC 45 C4 CF 88 F8 75 8B F8 13 11 B7 F8 11 4B EE 00 00 00 00 00 00 00 00 00 00 00 00 00 00 00 00 00 00 00 00 00 00 00 00 00 00 00 00 00 00 00 00 00 00 00 00 00 00 00 00 00 00 00 1C 2B 3E C9 9E 05 3A 12 1B 64 35 E0 EB B2 E9 5B 94 15 1E C2 E7 56 AC B7 6B 8B F5 77 C1 83 6C A0 76 C8 5E 35 A8 AC 6D 0D 59 49 78 FC D7 B6 77 72 5A 73 37 29 C8 5E 1A C8 46 2F 1F 95 58 95 AD E6 3F 7D 63 DD 77 8F C7 2C BE 8F B2 02 A3 D3 2B 9A 4E 19 8C 98 C9 56 70 BF 9F 74 59 74 AB 87 79 38 7D 03 B5 C4 54 F6 38 D7 D4 CF 0C C4 4C B6 02 5F 7A A3 EB 6D 00 A4 78 2F 5D 1A 59 B7 B7 2F C8 1B 69 CE B0 FA 8F C6 3C C5 9D 6F F8 78 1A 32 AC 42 57 BF 14 E4 42 47 F8 26 3A 30 A6 BA C3 BF 10 E2 92 67 79 DE B0 07 1F DC 65 EE 7D F0 14 0F 78 64 EE 95 7F 7F 97 CC 83 7C A5 D3 35 0D 72 4C 9A 2E 79 FB AD 10 4F 64 05 2A B9 DE 89 D8 E5 92 53 FD 61 21 C1 13 59 8D AE 5D E0 08 3C E9 1A 93 BC D1 42 88 27 B2 1A 87 5A D9 61 9F 1B E6 78 CD F1 18 41 EC 97 95 7C 4A F6 F2 45 59 61 AE CC 48 7C 68 B6 E2 5C 1B B7 B7 74 22 86 62 2A 56 34 83 F3 5A DB DF FE F0 C9 CA 42 46 33 1F 15 4E B4 74 1D EE 88 15 66 E3 74 F3 E4 C6 4C 56 83 71 99 90 B3 34 43 3A CB AE AB 61 8D 39 39 DE 4A 42 DD 05 7B 45 4B B6 88 7D B6 34 59 F3 F9 9A 2D D3 C5 33 D2 DE EA 3C AF 62 8A 8E 24 B9 50 51 4C 65 8F 03 5D 90 5C 28 4A 72 A1 22 C9 85 5A A2 25 5B 04 9C 4F 72 A1 28 99 85 BA 84 17 8A F2 E3 0B 15 F9 C3 0B 45 49 2E 54 24 B9 50 94 F0 42 45 92 0B 15 C5 54 F6 38 D0 05 C9 85 A2 24 17 2A 92 5C 28 21 56 65 AB 81 33 49 2E D4 25 B3 00 00 00 00 00 00 00 00 00 00 00 00 00 00 00 00 00 00 00 00 00 00 00 00 00 00 00 00 C0 98 FE 01 58 56 10 3D 36 E0 01 00 03 1B]
14:24:35.309 Recv LRC=0x1B, Calc LRC=0x1B
14:24:35.309 SendACK
14:24:35.310 FileName=[99020001000088]
14:24:35.310 Recv File Data(581)=[1F 8B 08 00 00 00 00 00 00 03 ED D7 41 72 DB 30 0C 05 50 F8 16 3D 42 4F 90 75 A7 FB DC A9 47 ED 4D DC 5D 1A 59 94 20 C5 8E 44 88 EF 2D 3D 22 44 82 F8 F6 F8 F7 FB DB DF 5B 44 44 BC 45 C4 CF 88 F8 75 8B F8 13 11 B7 F8 11 4B EE 00 00 00 00 00 00 00 00 00 00 00 00 00 00 00 00 00 00 00 00 00 00 00 00 00 00 00 00 00 00 00 00 00 00 00 00 00 00 00 00 00 00 00 1C 2B 3E C9 9E 05 3A 12 1B 64 35 E0 EB B2 E9 5B 94 15 1E C2 E7 56 AC B7 6B 8B F5 77 C1 83 6C A0 76 C8 5E 35 A8 AC 6D 0D 59 49 78 FC D7 B6 77 72 5A 73 37 29 C8 5E 1A C8 46 2F 1F 95 58 95 AD E6 3F 7D 63 DD 77 8F C7 2C BE 8F B2 02 A3 D3 2B 9A 4E 19 8C 98 C9 56 70 BF 9F 74 59 74 AB 87 79 38 7D 03 B5 C4 54 F6 38 D7 D4 CF 0C C4 4C B6 02 5F 7A A3 EB 6D 00 A4 78 2F 5D 1A 59 B7 B7 2F C8 1B 69 CE B0 FA 8F C6 3C C5 9D 6F F8 78 1A 32 AC 42 57 BF 14 E4 42 47 F8 26 3A 30 A6 BA C3 BF 10 E2 92 67 79 DE B0 07 1F DC 65 EE 7D F0 14 0F 78 64 EE 95 7F 7F 97 CC 83 7C A5 D3 35 0D 72 4C 9A 2E 79 FB AD 10 4F 64 05 2A B9 DE 89 D8 E5 92 53 FD 61 21 C1 13 59 8D AE 5D E0 08 3C E9 1A 93 BC D1 42 88 27 B2 1A 87 5A D9 61 9F 1B E6 78 CD F1 18 41 EC 97 95 7C 4A F6 F2 45 59 61 AE CC 48 7C 68 B6 E2 5C 1B B7 B7 74 22 86 62 2A 56 34 83 F3 5A DB DF FE F0 C9 CA 42 46 33 1F 15 4E B4 74 1D EE 88 15 66 E3 74 F3 E4 C6 4C 56 83 71 99 90 B3 34 43 3A CB AE AB 61 8D 39 39 DE 4A 42 DD 05 7B 45 4B B6 88 7D B6 34 59 F3 F9 9A 2D D3 C5 33 D2 DE EA 3C AF 62 8A 8E 24 B9 50 51 4C 65 8F 03 5D 90 5C 28 4A 72 A1 22 C9 85 5A A2 25 5B 04 9C 4F 72 A1 28 99 85 BA 84 17 8A F2 E3 0B 15 F9 C3 0B 45 49 2E 54 24 B9 50 94 F0 42 45 92 0B 15 C5 54 F6 38 D0 05 C9 85 A2 24 17 2A 92 5C 28 21 56 65 AB 81 33 49 2E D4 25 B3 00 00 00 00 00 00 00 00 00 00 00 00 00 00 00 00 00 00 00 00 00 00 00 00 00 00 00 00 C0 98 FE 01 58 56 10 3D 36 E0 01 00]
14:24:35.310 RetrieveRecvFileData: total len=581
14:24:35.311 SaveResponseData code=[EDC_RESPONSE]
14:24:35.332 SaveResponseData(18)=[000099020001000088]
14:24:35.353 SaveFileData(581)=[1F 8B 08 00 00 00 00 00 00 03 ED D7 41 72 DB 30 0C 05 50 F8 16 3D 42 4F 90 75 A7 FB DC A9 47 ED 4D DC 5D 1A 59 94 20 C5 8E 44 88 EF 2D 3D 22 44 82 F8 F6 F8 F7 FB DB DF 5B 44 44 BC 45 C4 CF 88 F8 75 8B F8 13 11 B7 F8 11 4B EE 00 00 00 00 00 00 00 00 00 00 00 00 00 00 00 00 00 00 00 00 00 00 00 00 00 00 00 00 00 00 00 00 00 00 00 00 00 00 00 00 00 00 00 1C 2B 3E C9 9E 05 3A 12 1B 64 35 E0 EB B2 E9 5B 94 15 1E C2 E7 56 AC B7 6B 8B F5 77 C1 83 6C A0 76 C8 5E 35 A8 AC 6D 0D 59 49 78 FC D7 B6 77 72 5A 73 37 29 C8 5E 1A C8 46 2F 1F 95 58 95 AD E6 3F 7D 63 DD 77 8F C7 2C BE 8F B2 02 A3 D3 2B 9A 4E 19 8C 98 C9 56 70 BF 9F 74 59 74 AB 87 79 38 7D 03 B5 C4 54 F6 38 D7 D4 CF 0C C4 4C B6 02 5F 7A A3 EB 6D 00 A4 78 2F 5D 1A 59 B7 B7 2F C8 1B 69 CE B0 FA 8F C6 3C C5 9D 6F F8 78 1A 32 AC 42 57 BF 14 E4 42 47 F8 26 3A 30 A6 BA C3 BF 10 E2 92 67 79 DE B0 07 1F DC 65 EE 7D F0 14 0F 78 64 EE 95 7F 7F 97 CC 83 7C A5 D3 35 0D 72 4C 9A 2E 79 FB AD 10 4F 64 05 2A B9 DE 89 D8 E5 92 53 FD 61 21 C1 13 59 8D AE 5D E0 08 3C E9 1A 93 BC D1 42 88 27 B2 1A 87 5A D9 61 9F 1B E6 78 CD F1 18 41 EC 97 95 7C 4A F6 F2 45 59 61 AE CC 48 7C 68 B6 E2 5C 1B B7 B7 74 22 86 62 2A 56 34 83 F3 5A DB DF FE F0 C9 CA 42 46 33 1F 15 4E B4 74 1D EE 88 15 66 E3 74 F3 E4 C6 4C 56 83 71 99 90 B3 34 43 3A CB AE AB 61 8D 39 39 DE 4A 42 DD 05 7B 45 4B B6 88 7D B6 34 59 F3 F9 9A 2D D3 C5 33 D2 DE EA 3C AF 62 8A 8E 24 B9 50 51 4C 65 8F 03 5D 90 5C 28 4A 72 A1 22 C9 85 5A A2 25 5B 04 9C 4F 72 A1 28 99 85 BA 84 17 8A F2 E3 0B 15 F9 C3 0B 45 49 2E 54 24 B9 50 94 F0 42 45 92 0B 15 C5 54 F6 38 D0 05 C9 85 A2 24 17 2A 92 5C 28 21 56 65 AB 81 33 49 2E D4 25 B3 00 00 00 00 00 00 00 00 00 00 00 00 00 00 00 00 00 00 00 00 00 00 00 00 00 00 00 00 C0 98 FE 01 58 56 10 3D 36 E0 01 00]
14:24:35.387 ----------------------------------------------------------------
14:24:35.387 Program done!
14:24:35.387 ================================================================
14:25:00.676 ================================================================
14:25:00.676 #Airlink# ecr api version=[20160531-001]
14:25:00.677 ----------------------------------------------------------------
14:25:00.677 SET Serial Port   :[COM34]
14:25:00.677 SET Timeout       :[65]
14:25:00.677 SET Rate          :[115200]
14:25:00.677 SET Mode          :[8,None,One]
14:25:00.678 SET Input File    :[in.dat]
14:25:00.678 SET Output Fiel   :[out.dat]
14:25:00.678 SET Retry         :[3]
14:25:00.678 SET Data Length   :[600]
14:25:00.678 SET RespCode Idx  :[79]
14:25:00.678 ----------------------------------------------------------------
14:25:00.679 ReadInFile(600)=[0103                           00000000000500                                                                          Bonjays Hotel                                                                                                                                                                                                                                                                                                                                                                                                                                                                                    ]
14:25:00.985 Send Req to EDC(603)=[02 30 31 30 33 20 20 20 20 20 20 20 20 20 20 20 20 20 20 20 20 20 20 20 20 20 20 20 20 20 20 20 30 30 30 30 30 30 30 30 30 30 30 35 30 30 20 20 20 20 20 20 20 20 20 20 20 20 20 20 20 20 20 20 20 20 20 20 20 20 20 20 20 20 20 20 20 20 20 20 20 20 20 20 20 20 20 20 20 20 20 20 20 20 20 20 20 20 20 20 20 20 20 20 20 20 20 20 20 20 20 20 20 20 20 20 20 20 20 20 42 6F 6E 6A 61 79 73 20 48 6F 74 65 6C 20 20 20 20 20 20 20 20 20 20 20 20 20 20 20 20 20 20 20 20 20 20 20 20 20 20 20 20 20 20 20 20 20 20 20 20 20 20 20 20 20 20 20 20 20 20 20 20 20 20 20 20 20 20 20 20 20 20 20 20 20 20 20 20 20 20 20 20 20 20 20 20 20 20 20 20 20 20 20 20 20 20 20 20 20 20 20 20 20 20 20 20 20 20 20 20 20 20 20 20 20 20 20 20 20 20 20 20 20 20 20 20 20 20 20 20 20 20 20 20 20 20 20 20 20 20 20 20 20 20 20 20 20 20 20 20 20 20 20 20 20 20 20 20 20 20 20 20 20 20 20 20 20 20 20 20 20 20 20 20 20 20 20 20 20 20 20 20 20 20 20 20 20 20 20 20 20 20 20 20 20 20 20 20 20 20 20 20 20 20 20 20 20 20 20 20 20 20 20 20 20 20 20 20 20 20 20 20 20 20 20 20 20 20 20 20 20 20 20 20 20 20 20 20 20 20 20 20 20 20 20 20 20 20 20 20 20 20 20 20 20 20 20 20 20 20 20 20 20 20 20 20 20 20 20 20 20 20 20 20 20 20 20 20 20 20 20 20 20 20 20 20 20 20 20 20 20 20 20 20 20 20 20 20 20 20 20 20 20 20 20 20 20 20 20 20 20 20 20 20 20 20 20 20 20 20 20 20 20 20 20 20 20 20 20 20 20 20 20 20 20 20 20 20 20 20 20 20 20 20 20 20 20 20 20 20 20 20 20 20 20 20 20 20 20 20 20 20 20 20 20 20 20 20 20 20 20 20 20 20 20 20 20 20 20 20 20 20 20 20 20 20 20 20 20 20 20 20 20 20 20 20 20 20 20 20 20 20 20 20 20 20 20 20 20 20 20 20 20 20 20 20 20 20 20 20 20 20 20 20 20 20 20 20 20 20 20 20 20 20 20 20 20 20 20 20 20 20 20 20 20 20 20 20 20 20 20 20 20 20 20 20 20 20 20 20 20 20 20 20 20 20 20 20 20 20 20 20 20 20 20 20 20 20 20 20 20 20 03 1C]
14:25:01.040 Recv ACKNAK=[06]
14:25:02.613 Recv Data(603)=[02 30 31 30 33 20 20 20 20 20 20 20 20 20 20 20 20 20 20 20 20 20 20 20 20 20 20 20 20 20 20 20 30 30 30 30 30 30 30 30 30 30 30 35 30 30 31 39 30 30 30 30 30 30 30 30 30 30 20 20 20 20 20 20 20 20 20 20 20 20 20 20 20 20 20 20 20 20 20 30 30 31 39 20 20 20 20 20 20 20 20 20 20 20 20 20 20 20 20 20 20 20 20 20 20 20 20 20 20 20 20 20 20 20 20 20 20 20 20 20 42 6F 6E 6A 61 79 73 20 48 6F 74 65 6C 20 20 20 20 20 20 20 20 20 20 20 20 20 20 20 20 20 20 20 20 20 20 20 20 20 20 20 20 20 20 20 20 20 20 20 20 20 20 20 20 20 20 20 20 20 20 20 20 20 20 20 20 20 20 20 20 20 20 20 20 20 20 20 20 20 20 20 20 20 20 20 20 20 20 20 20 20 20 20 20 20 20 20 20 20 20 20 20 20 20 20 20 20 20 20 20 20 20 20 20 20 20 20 20 20 20 20 20 20 20 20 20 20 20 20 20 20 20 20 20 20 20 20 20 20 20 20 20 20 20 20 20 20 20 20 20 20 20 20 20 20 20 20 20 20 20 20 20 20 20 20 20 20 20 20 20 20 20 20 20 20 20 20 20 20 20 20 20 20 20 20 20 20 20 20 20 20 20 20 20 20 20 20 20 20 20 20 20 20 20 20 20 20 20 20 20 20 20 20 20 20 20 20 20 20 20 20 20 20 20 20 20 20 20 20 20 20 20 20 20 20 20 20 20 20 20 20 20 20 20 20 20 20 20 20 20 20 20 20 20 20 20 20 20 20 20 20 20 20 20 20 20 20 20 20 20 20 20 20 20 20 20 20 20 20 20 20 20 20 20 20 20 20 20 20 20 20 20 20 20 20 20 20 20 20 20 20 20 20 20 20 20 20 20 20 20 20 20 20 20 20 20 20 20 20 20 20 20 20 20 20 20 20 20 20 20 20 20 20 20 20 20 20 20 20 20 20 20 20 20 20 20 20 20 20 20 20 20 20 20 20 20 20 20 20 20 20 20 20 20 20 20 20 20 20 20 20 20 20 20 20 20 20 20 20 20 20 20 20 20 20 20 20 20 20 20 20 20 20 20 20 20 20 20 20 20 20 20 20 20 20 20 20 20 20 20 20 20 20 20 20 20 20 20 20 20 20 20 20 20 20 20 20 20 20 20 20 20 20 20 20 20 20 20 20 20 20 20 20 20 20 20 20 20 20 20 20 20 20 20 20 20 20 20 20 20 20 20 20 20 20 20 20 20 20 20 20 20 20 20 20 20 20 20 20 20 20 20 03 1C]
14:25:02.613 Recv LRC=0x1C, Calc LRC=0x1C
14:25:02.614 SendACK
14:25:02.614 SaveResponseData code=[EDC_RESPONSE]
14:25:02.635 SaveResponseData(600)=[0103                           00000000000500190000000000                     0019                                     Bonjays Hotel                                                                                                                                                                                                                                                                                                                                                                                                                                                                                    ]
14:25:02.667 ================================================================
14:25:02.669 Program done!
14:25:02.669 ================================================================
14:25:11.777 ================================================================
14:25:11.778 #Airlink# ecr api version=[20160531-001]
14:25:11.778 ----------------------------------------------------------------
14:25:11.778 SET Serial Port   :[COM34]
14:25:11.778 SET Timeout       :[65]
14:25:11.778 SET Rate          :[115200]
14:25:11.779 SET Mode          :[8,None,One]
14:25:11.779 SET Input File    :[in.dat]
14:25:11.779 SET Output Fiel   :[out.dat]
14:25:11.779 SET Retry         :[3]
14:25:11.779 SET Data Length   :[600]
14:25:11.779 SET RespCode Idx  :[79]
14:25:11.780 ----------------------------------------------------------------
14:25:11.781 ReadInFile(600)=[0103                           00000000000500                                                                          Bonjays Hotel                                                                                                                                                                                                                                                                                                                                                                                                                                                                                    ]
14:25:11.953 Send Req to EDC(603)=[02 30 31 30 33 20 20 20 20 20 20 20 20 20 20 20 20 20 20 20 20 20 20 20 20 20 20 20 20 20 20 20 30 30 30 30 30 30 30 30 30 30 30 35 30 30 20 20 20 20 20 20 20 20 20 20 20 20 20 20 20 20 20 20 20 20 20 20 20 20 20 20 20 20 20 20 20 20 20 20 20 20 20 20 20 20 20 20 20 20 20 20 20 20 20 20 20 20 20 20 20 20 20 20 20 20 20 20 20 20 20 20 20 20 20 20 20 20 20 20 42 6F 6E 6A 61 79 73 20 48 6F 74 65 6C 20 20 20 20 20 20 20 20 20 20 20 20 20 20 20 20 20 20 20 20 20 20 20 20 20 20 20 20 20 20 20 20 20 20 20 20 20 20 20 20 20 20 20 20 20 20 20 20 20 20 20 20 20 20 20 20 20 20 20 20 20 20 20 20 20 20 20 20 20 20 20 20 20 20 20 20 20 20 20 20 20 20 20 20 20 20 20 20 20 20 20 20 20 20 20 20 20 20 20 20 20 20 20 20 20 20 20 20 20 20 20 20 20 20 20 20 20 20 20 20 20 20 20 20 20 20 20 20 20 20 20 20 20 20 20 20 20 20 20 20 20 20 20 20 20 20 20 20 20 20 20 20 20 20 20 20 20 20 20 20 20 20 20 20 20 20 20 20 20 20 20 20 20 20 20 20 20 20 20 20 20 20 20 20 20 20 20 20 20 20 20 20 20 20 20 20 20 20 20 20 20 20 20 20 20 20 20 20 20 20 20 20 20 20 20 20 20 20 20 20 20 20 20 20 20 20 20 20 20 20 20 20 20 20 20 20 20 20 20 20 20 20 20 20 20 20 20 20 20 20 20 20 20 20 20 20 20 20 20 20 20 20 20 20 20 20 20 20 20 20 20 20 20 20 20 20 20 20 20 20 20 20 20 20 20 20 20 20 20 20 20 20 20 20 20 20 20 20 20 20 20 20 20 20 20 20 20 20 20 20 20 20 20 20 20 20 20 20 20 20 20 20 20 20 20 20 20 20 20 20 20 20 20 20 20 20 20 20 20 20 20 20 20 20 20 20 20 20 20 20 20 20 20 20 20 20 20 20 20 20 20 20 20 20 20 20 20 20 20 20 20 20 20 20 20 20 20 20 20 20 20 20 20 20 20 20 20 20 20 20 20 20 20 20 20 20 20 20 20 20 20 20 20 20 20 20 20 20 20 20 20 20 20 20 20 20 20 20 20 20 20 20 20 20 20 20 20 20 20 20 20 20 20 20 20 20 20 20 20 20 20 20 20 20 20 20 20 20 20 20 20 20 20 20 20 20 20 20 20 20 20 20 20 20 20 20 20 20 03 1C]
14:25:12.007 Recv ACKNAK=[06]
14:25:13.400 Recv Data(603)=[02 30 31 30 33 30 30 30 30 38 39 34 31 34 37 36 33 35 30 31 2A 2A 2A 35 34 30 39 20 20 20 20 20 30 30 30 30 30 30 30 30 30 30 30 35 30 30 31 39 30 31 31 31 31 34 32 35 32 36 37 37 37 37 37 37 20 20 20 20 20 20 20 20 20 20 20 20 20 20 20 30 30 30 30 39 39 30 32 30 30 30 31 31 32 33 34 35 36 37 38 39 30 31 32 20 20 20 20 20 20 20 20 20 20 20 20 20 20 20 20 20 42 6F 6E 6A 61 79 73 20 48 6F 74 65 6C 20 20 20 20 20 20 20 20 20 20 20 20 30 30 20 20 20 20 20 20 20 20 20 20 20 20 20 20 20 20 20 20 20 20 20 20 20 20 20 20 20 20 20 20 20 20 20 20 20 20 20 20 20 20 20 20 20 20 20 20 20 20 20 20 20 20 20 20 20 20 34 31 34 37 36 33 4B 48 5A 45 56 74 34 52 4A 61 43 48 57 75 79 32 56 78 4F 72 6A 48 6D 57 36 7A 64 32 4F 57 44 41 47 33 33 6B 43 79 5A 68 59 42 51 3D 20 20 20 20 20 20 20 20 20 20 20 20 20 20 20 20 20 20 20 20 20 20 20 20 20 20 20 20 20 20 20 20 20 20 20 20 20 20 20 20 20 20 20 20 20 20 20 20 20 20 20 20 20 20 20 20 20 20 20 20 20 20 20 20 20 20 20 20 20 20 20 20 20 20 20 20 20 20 20 20 20 20 30 30 30 30 30 31 57 30 30 30 30 30 31 30 31 30 32 32 30 32 36 36 20 20 20 20 20 20 20 20 20 20 20 20 20 20 20 20 33 45 33 42 35 45 37 30 44 46 32 39 38 46 41 31 20 20 20 20 20 20 20 20 20 20 20 20 20 20 20 20 20 20 20 20 20 20 20 20 20 20 20 20 20 20 20 20 20 20 20 20 20 20 20 20 20 20 20 20 20 20 20 20 20 20 20 20 20 20 20 20 20 20 20 20 20 20 20 20 20 20 20 20 20 20 20 20 20 20 20 20 30 33 39 39 30 32 30 30 30 31 30 30 30 30 38 39 20 20 20 20 20 20 20 20 20 20 20 20 20 20 20 20 20 20 20 20 20 20 20 20 20 20 20 20 20 20 20 20 20 20 20 20 20 20 20 20 20 20 20 20 20 20 20 20 20 20 20 20 20 20 20 20 20 20 20 20 20 20 20 20 20 20 20 20 20 20 20 20 20 20 20 20 20 20 20 20 20 20 20 20 20 20 20 20 20 20 20 20 20 20 20 20 20 20 20 20 20 20 20 20 20 20 20 20 20 20 20 20 20 20 20 20 20 20 20 20 03 59]
14:25:13.401 Recv LRC=0x59, Calc LRC=0x59
14:25:13.401 SendACK
14:25:13.402 SaveResponseData code=[EDC_RESPONSE]
14:25:13.424 SaveResponseData(600)=[0103000089414763501***5409     00000000000500190111142526777777               000099020001123456789012                 Bonjays Hotel            00                                                        414763KHZEVt4RJaCHWuy2VxOrjHmW6zd2OWDAG33kCyZhYBQ=                                                                                  000001W000001010220266                3E3B5E70DF298FA1                                                                            0399020001000089                                                                                                                        ]
14:25:13.458 ================================================================
14:25:13.458 Program done!
14:25:13.458 ================================================================
14:25:21.211 ================================================================
14:25:21.211 #Airlink# EDCFileTransferApi version=[20181129-001]
14:25:21.212 ----------------------------------------------------------------
14:25:21.212 SET Serial Port   :[COM34]
14:25:21.212 SET Timeout       :[10]
14:25:21.212 SET Rate          :[115200]
14:25:21.212 SET Mode          :[8,None,One]
14:25:21.212 SET Input File    :[in.dat]
14:25:21.213 SET Output File   :[out.dat]
14:25:21.213 SET Retry         :[3]
14:25:21.213 SET Data Length   :[600]
14:25:21.213 SET RespCode Idx  :[79]
14:25:21.213 ----------------------------------------------------------------
14:25:21.491 before lrc= 20 03
14:25:21.491 PackSendBuf(0), bpInDataLen=600, SendLen=603
14:25:21.492 Sequence No=0
14:25:21.492 Send Req to EDC(603)=[02 46 53 00 05 12 20 20 20 20 20 20 20 20 20 20 20 20 20 20 20 20 20 20 20 20 20 20 20 20 20 20 20 20 20 20 20 20 20 20 20 20 20 20 20 20 20 20 20 20 20 20 20 20 20 20 20 20 20 20 20 20 20 20 20 20 20 20 20 20 20 20 20 20 20 20 20 20 20 20 20 20 20 20 20 20 20 20 20 20 20 20 20 20 20 20 20 20 20 20 20 20 20 20 20 20 20 20 20 20 20 20 20 20 20 20 20 20 20 20 20 20 20 20 20 20 20 20 20 20 20 20 20 20 20 20 20 20 20 20 20 20 20 20 20 20 20 20 20 20 20 20 20 20 20 20 20 20 20 20 20 20 20 20 20 20 20 20 20 20 20 20 20 20 20 20 20 20 20 20 20 20 20 20 20 20 20 20 20 20 20 20 20 20 20 20 20 20 20 20 20 20 20 20 20 20 20 20 20 20 20 20 20 20 20 20 20 20 20 20 20 20 20 20 20 20 20 20 20 20 20 20 20 20 20 20 20 20 20 20 20 20 20 20 20 20 20 20 20 20 20 20 20 20 20 20 20 20 20 20 20 20 20 20 20 20 20 20 20 20 20 20 20 20 20 20 20 20 20 20 20 20 20 20 20 20 20 20 20 20 20 20 20 20 20 20 20 20 20 20 20 20 20 20 20 20 20 20 20 20 20 20 20 20 20 20 20 20 20 20 20 20 20 20 20 20 20 20 20 20 20 20 20 20 20 20 20 20 20 20 20 20 20 20 20 20 20 20 20 20 20 20 20 20 20 20 20 20 20 20 20 20 20 20 20 20 20 20 20 20 20 20 20 20 20 20 20 20 20 20 20 20 20 20 20 20 20 20 20 20 20 20 20 20 20 20 20 20 20 20 20 20 20 20 20 20 20 20 20 20 20 20 20 20 20 20 20 20 20 20 20 20 20 20 20 20 20 20 20 20 20 20 20 20 20 20 20 20 20 20 20 20 20 20 20 20 20 20 20 20 20 20 20 20 20 20 20 20 20 20 20 20 20 20 20 20 20 20 20 20 20 20 20 20 20 20 20 20 20 20 20 20 20 20 20 20 20 20 20 20 20 20 20 20 20 20 20 20 20 20 20 20 20 20 20 20 20 20 20 20 20 20 20 20 20 20 20 20 20 20 20 20 20 20 20 20 20 20 20 20 20 20 20 20 20 20 20 20 20 20 20 20 20 20 20 20 20 20 20 20 20 20 20 20 20 20 20 20 20 20 20 20 20 20 20 20 20 20 20 20 20 20 20 20 20 20 20 20 20 20 20 20 20 20 20 20 20 20 20 20 20 20 20 20 20 20 20 20 20 20 20 03 21]
14:25:21.547 Recv ACKNAK=[06]
14:25:21.851 Curren package data size=595)
14:25:21.901 Recv Data(603)=[02 46 45 00 05 95 39 39 30 32 30 30 30 31 30 30 30 30 38 38 1F 8B 08 00 00 00 00 00 00 03 ED D7 41 72 DB 30 0C 05 50 F8 16 3D 42 4F 90 75 A7 FB DC A9 47 ED 4D DC 5D 1A 59 94 20 C5 8E 44 88 EF 2D 3D 22 44 82 F8 F6 F8 F7 FB DB DF 5B 44 44 BC 45 C4 CF 88 F8 75 8B F8 13 11 B7 F8 11 4B EE 00 00 00 00 00 00 00 00 00 00 00 00 00 00 00 00 00 00 00 00 00 00 00 00 00 00 00 00 00 00 00 00 00 00 00 00 00 00 00 00 00 00 00 1C 2B 3E C9 9E 05 3A 12 1B 64 35 E0 EB B2 E9 5B 94 15 1E C2 E7 56 AC B7 6B 8B F5 77 C1 83 6C A0 76 C8 5E 35 A8 AC 6D 0D 59 49 78 FC D7 B6 77 72 5A 73 37 29 C8 5E 1A C8 46 2F 1F 95 58 95 AD E6 3F 7D 63 DD 77 8F C7 2C BE 8F B2 02 A3 D3 2B 9A 4E 19 8C 98 C9 56 70 BF 9F 74 59 74 AB 87 79 38 7D 03 B5 C4 54 F6 38 D7 D4 CF 0C C4 4C B6 02 5F 7A A3 EB 6D 00 A4 78 2F 5D 1A 59 B7 B7 2F C8 1B 69 CE B0 FA 8F C6 3C C5 9D 6F F8 78 1A 32 AC 42 57 BF 14 E4 42 47 F8 26 3A 30 A6 BA C3 BF 10 E2 92 67 79 DE B0 07 1F DC 65 EE 7D F0 14 0F 78 64 EE 95 7F 7F 97 CC 83 7C A5 D3 35 0D 72 4C 9A 2E 79 FB AD 10 4F 64 05 2A B9 DE 89 D8 E5 92 53 FD 61 21 C1 13 59 8D AE 5D E0 08 3C E9 1A 93 BC D1 42 88 27 B2 1A 87 5A D9 61 9F 1B E6 78 CD F1 18 41 EC 97 95 7C 4A F6 F2 45 59 61 AE CC 48 7C 68 B6 E2 5C 1B B7 B7 74 22 86 62 2A 56 34 83 F3 5A DB DF FE F0 C9 CA 42 46 33 1F 15 4E B4 74 1D EE 88 15 66 E3 74 F3 E4 C6 4C 56 83 71 99 90 B3 34 43 3A CB AE AB 61 8D 39 39 DE 4A 42 DD 05 7B 45 4B B6 88 7D B6 34 59 F3 F9 9A 2D D3 C5 33 D2 DE EA 3C AF 62 8A 8E 24 B9 50 51 4C 65 8F 03 5D 90 5C 28 4A 72 A1 22 C9 85 5A A2 25 5B 04 9C 4F 72 A1 28 99 85 BA 84 17 8A F2 E3 0B 15 F9 C3 0B 45 49 2E 54 24 B9 50 94 F0 42 45 92 0B 15 C5 54 F6 38 D0 05 C9 85 A2 24 17 2A 92 5C 28 21 56 65 AB 81 33 49 2E D4 25 B3 00 00 00 00 00 00 00 00 00 00 00 00 00 00 00 00 00 00 00 00 00 00 00 00 00 00 00 00 C0 98 FE 01 58 56 10 3D 36 E0 01 00 03 1B]
14:25:21.901 Recv LRC=0x1B, Calc LRC=0x1B
14:25:21.902 SendACK
14:25:21.902 FileName=[99020001000088]
14:25:21.903 Recv File Data(581)=[1F 8B 08 00 00 00 00 00 00 03 ED D7 41 72 DB 30 0C 05 50 F8 16 3D 42 4F 90 75 A7 FB DC A9 47 ED 4D DC 5D 1A 59 94 20 C5 8E 44 88 EF 2D 3D 22 44 82 F8 F6 F8 F7 FB DB DF 5B 44 44 BC 45 C4 CF 88 F8 75 8B F8 13 11 B7 F8 11 4B EE 00 00 00 00 00 00 00 00 00 00 00 00 00 00 00 00 00 00 00 00 00 00 00 00 00 00 00 00 00 00 00 00 00 00 00 00 00 00 00 00 00 00 00 1C 2B 3E C9 9E 05 3A 12 1B 64 35 E0 EB B2 E9 5B 94 15 1E C2 E7 56 AC B7 6B 8B F5 77 C1 83 6C A0 76 C8 5E 35 A8 AC 6D 0D 59 49 78 FC D7 B6 77 72 5A 73 37 29 C8 5E 1A C8 46 2F 1F 95 58 95 AD E6 3F 7D 63 DD 77 8F C7 2C BE 8F B2 02 A3 D3 2B 9A 4E 19 8C 98 C9 56 70 BF 9F 74 59 74 AB 87 79 38 7D 03 B5 C4 54 F6 38 D7 D4 CF 0C C4 4C B6 02 5F 7A A3 EB 6D 00 A4 78 2F 5D 1A 59 B7 B7 2F C8 1B 69 CE B0 FA 8F C6 3C C5 9D 6F F8 78 1A 32 AC 42 57 BF 14 E4 42 47 F8 26 3A 30 A6 BA C3 BF 10 E2 92 67 79 DE B0 07 1F DC 65 EE 7D F0 14 0F 78 64 EE 95 7F 7F 97 CC 83 7C A5 D3 35 0D 72 4C 9A 2E 79 FB AD 10 4F 64 05 2A B9 DE 89 D8 E5 92 53 FD 61 21 C1 13 59 8D AE 5D E0 08 3C E9 1A 93 BC D1 42 88 27 B2 1A 87 5A D9 61 9F 1B E6 78 CD F1 18 41 EC 97 95 7C 4A F6 F2 45 59 61 AE CC 48 7C 68 B6 E2 5C 1B B7 B7 74 22 86 62 2A 56 34 83 F3 5A DB DF FE F0 C9 CA 42 46 33 1F 15 4E B4 74 1D EE 88 15 66 E3 74 F3 E4 C6 4C 56 83 71 99 90 B3 34 43 3A CB AE AB 61 8D 39 39 DE 4A 42 DD 05 7B 45 4B B6 88 7D B6 34 59 F3 F9 9A 2D D3 C5 33 D2 DE EA 3C AF 62 8A 8E 24 B9 50 51 4C 65 8F 03 5D 90 5C 28 4A 72 A1 22 C9 85 5A A2 25 5B 04 9C 4F 72 A1 28 99 85 BA 84 17 8A F2 E3 0B 15 F9 C3 0B 45 49 2E 54 24 B9 50 94 F0 42 45 92 0B 15 C5 54 F6 38 D0 05 C9 85 A2 24 17 2A 92 5C 28 21 56 65 AB 81 33 49 2E D4 25 B3 00 00 00 00 00 00 00 00 00 00 00 00 00 00 00 00 00 00 00 00 00 00 00 00 00 00 00 00 C0 98 FE 01 58 56 10 3D 36 E0 01 00]
14:25:21.903 RetrieveRecvFileData: total len=581
14:25:21.903 SaveResponseData code=[EDC_RESPONSE]
14:25:21.924 SaveResponseData(18)=[000099020001000088]
14:25:21.945 SaveFileData(581)=[1F 8B 08 00 00 00 00 00 00 03 ED D7 41 72 DB 30 0C 05 50 F8 16 3D 42 4F 90 75 A7 FB DC A9 47 ED 4D DC 5D 1A 59 94 20 C5 8E 44 88 EF 2D 3D 22 44 82 F8 F6 F8 F7 FB DB DF 5B 44 44 BC 45 C4 CF 88 F8 75 8B F8 13 11 B7 F8 11 4B EE 00 00 00 00 00 00 00 00 00 00 00 00 00 00 00 00 00 00 00 00 00 00 00 00 00 00 00 00 00 00 00 00 00 00 00 00 00 00 00 00 00 00 00 1C 2B 3E C9 9E 05 3A 12 1B 64 35 E0 EB B2 E9 5B 94 15 1E C2 E7 56 AC B7 6B 8B F5 77 C1 83 6C A0 76 C8 5E 35 A8 AC 6D 0D 59 49 78 FC D7 B6 77 72 5A 73 37 29 C8 5E 1A C8 46 2F 1F 95 58 95 AD E6 3F 7D 63 DD 77 8F C7 2C BE 8F B2 02 A3 D3 2B 9A 4E 19 8C 98 C9 56 70 BF 9F 74 59 74 AB 87 79 38 7D 03 B5 C4 54 F6 38 D7 D4 CF 0C C4 4C B6 02 5F 7A A3 EB 6D 00 A4 78 2F 5D 1A 59 B7 B7 2F C8 1B 69 CE B0 FA 8F C6 3C C5 9D 6F F8 78 1A 32 AC 42 57 BF 14 E4 42 47 F8 26 3A 30 A6 BA C3 BF 10 E2 92 67 79 DE B0 07 1F DC 65 EE 7D F0 14 0F 78 64 EE 95 7F 7F 97 CC 83 7C A5 D3 35 0D 72 4C 9A 2E 79 FB AD 10 4F 64 05 2A B9 DE 89 D8 E5 92 53 FD 61 21 C1 13 59 8D AE 5D E0 08 3C E9 1A 93 BC D1 42 88 27 B2 1A 87 5A D9 61 9F 1B E6 78 CD F1 18 41 EC 97 95 7C 4A F6 F2 45 59 61 AE CC 48 7C 68 B6 E2 5C 1B B7 B7 74 22 86 62 2A 56 34 83 F3 5A DB DF FE F0 C9 CA 42 46 33 1F 15 4E B4 74 1D EE 88 15 66 E3 74 F3 E4 C6 4C 56 83 71 99 90 B3 34 43 3A CB AE AB 61 8D 39 39 DE 4A 42 DD 05 7B 45 4B B6 88 7D B6 34 59 F3 F9 9A 2D D3 C5 33 D2 DE EA 3C AF 62 8A 8E 24 B9 50 51 4C 65 8F 03 5D 90 5C 28 4A 72 A1 22 C9 85 5A A2 25 5B 04 9C 4F 72 A1 28 99 85 BA 84 17 8A F2 E3 0B 15 F9 C3 0B 45 49 2E 54 24 B9 50 94 F0 42 45 92 0B 15 C5 54 F6 38 D0 05 C9 85 A2 24 17 2A 92 5C 28 21 56 65 AB 81 33 49 2E D4 25 B3 00 00 00 00 00 00 00 00 00 00 00 00 00 00 00 00 00 00 00 00 00 00 00 00 00 00 00 00 C0 98 FE 01 58 56 10 3D 36 E0 01 00]
14:25:21.979 ----------------------------------------------------------------
14:25:21.979 Program done!
14:25:21.979 ================================================================
14:48:10.527 ================================================================
14:48:10.528 #Airlink# ecr api version=[20160531-001]
14:48:10.528 ----------------------------------------------------------------
14:48:10.528 SET Serial Port   :[COM34]
14:48:10.529 SET Timeout       :[65]
14:48:10.529 SET Rate          :[115200]
14:48:10.529 SET Mode          :[8,None,One]
14:48:10.529 SET Input File    :[in.dat]
14:48:10.529 SET Output Fiel   :[out.dat]
14:48:10.530 SET Retry         :[3]
14:48:10.530 SET Data Length   :[600]
14:48:10.530 SET RespCode Idx  :[79]
14:48:10.530 ----------------------------------------------------------------
14:48:10.531 ReadInFile(600)=[0103                           01000000150000                                                                          Bonjays Hotel                                                                                                                                                                                                                                                                                                                                                                                                                                                                                    ]
14:48:10.838 Send Req to EDC(603)=[02 30 31 30 33 20 20 20 20 20 20 20 20 20 20 20 20 20 20 20 20 20 20 20 20 20 20 20 20 20 20 20 30 31 30 30 30 30 30 30 31 35 30 30 30 30 20 20 20 20 20 20 20 20 20 20 20 20 20 20 20 20 20 20 20 20 20 20 20 20 20 20 20 20 20 20 20 20 20 20 20 20 20 20 20 20 20 20 20 20 20 20 20 20 20 20 20 20 20 20 20 20 20 20 20 20 20 20 20 20 20 20 20 20 20 20 20 20 20 20 42 6F 6E 6A 61 79 73 20 48 6F 74 65 6C 20 20 20 20 20 20 20 20 20 20 20 20 20 20 20 20 20 20 20 20 20 20 20 20 20 20 20 20 20 20 20 20 20 20 20 20 20 20 20 20 20 20 20 20 20 20 20 20 20 20 20 20 20 20 20 20 20 20 20 20 20 20 20 20 20 20 20 20 20 20 20 20 20 20 20 20 20 20 20 20 20 20 20 20 20 20 20 20 20 20 20 20 20 20 20 20 20 20 20 20 20 20 20 20 20 20 20 20 20 20 20 20 20 20 20 20 20 20 20 20 20 20 20 20 20 20 20 20 20 20 20 20 20 20 20 20 20 20 20 20 20 20 20 20 20 20 20 20 20 20 20 20 20 20 20 20 20 20 20 20 20 20 20 20 20 20 20 20 20 20 20 20 20 20 20 20 20 20 20 20 20 20 20 20 20 20 20 20 20 20 20 20 20 20 20 20 20 20 20 20 20 20 20 20 20 20 20 20 20 20 20 20 20 20 20 20 20 20 20 20 20 20 20 20 20 20 20 20 20 20 20 20 20 20 20 20 20 20 20 20 20 20 20 20 20 20 20 20 20 20 20 20 20 20 20 20 20 20 20 20 20 20 20 20 20 20 20 20 20 20 20 20 20 20 20 20 20 20 20 20 20 20 20 20 20 20 20 20 20 20 20 20 20 20 20 20 20 20 20 20 20 20 20 20 20 20 20 20 20 20 20 20 20 20 20 20 20 20 20 20 20 20 20 20 20 20 20 20 20 20 20 20 20 20 20 20 20 20 20 20 20 20 20 20 20 20 20 20 20 20 20 20 20 20 20 20 20 20 20 20 20 20 20 20 20 20 20 20 20 20 20 20 20 20 20 20 20 20 20 20 20 20 20 20 20 20 20 20 20 20 20 20 20 20 20 20 20 20 20 20 20 20 20 20 20 20 20 20 20 20 20 20 20 20 20 20 20 20 20 20 20 20 20 20 20 20 20 20 20 20 20 20 20 20 20 20 20 20 20 20 20 20 20 20 20 20 20 20 20 20 20 20 20 20 20 20 20 20 20 20 20 20 20 20 20 20 20 20 03 1C]
14:48:10.893 Recv ACKNAK=[06]
14:48:22.094 Recv Data(603)=[02 30 31 30 33 30 30 30 30 39 30 34 37 30 35 33 38 30 31 37 2A 2A 2A 35 38 35 30 20 20 20 20 20 30 30 30 30 30 30 30 30 31 35 30 30 30 30 31 39 30 31 31 31 31 34 34 38 32 37 37 37 37 37 37 37 20 20 20 20 20 20 20 20 20 20 20 20 20 20 20 30 30 30 30 39 39 30 32 30 30 30 31 31 32 33 34 35 36 37 38 39 30 31 32 20 20 20 20 20 20 20 20 20 20 20 20 20 20 20 20 20 42 6F 6E 6A 61 79 73 20 48 6F 74 65 6C 20 20 20 20 20 20 20 20 20 20 20 20 30 30 20 20 20 20 20 20 20 20 20 20 20 20 20 20 20 20 20 20 20 20 20 20 20 20 20 20 20 20 20 20 20 20 20 20 20 20 20 20 20 20 20 20 20 20 20 20 20 20 20 20 20 20 20 20 20 20 34 37 30 35 33 38 37 49 35 50 42 58 62 70 66 76 6D 78 59 78 7A 4F 54 38 6B 4F 58 51 42 4A 6F 6D 6B 4A 6E 51 68 2B 32 61 41 44 64 73 64 61 79 39 38 3D 20 20 20 20 20 20 20 20 20 20 20 20 20 20 20 20 20 20 20 20 20 20 20 20 20 20 20 20 20 20 20 20 20 20 20 20 20 20 20 20 20 20 20 20 20 20 20 20 20 20 20 20 20 20 20 20 20 20 20 20 20 20 20 20 20 20 20 20 20 20 20 20 20 20 20 20 20 20 20 20 20 20 30 30 30 30 30 31 43 30 30 30 30 30 31 30 31 30 32 32 30 32 36 36 41 30 30 30 30 30 30 30 30 33 31 30 31 30 20 20 30 31 44 35 41 46 36 42 30 33 33 44 44 33 33 31 20 20 20 20 20 20 20 20 20 20 20 20 20 20 20 20 20 20 20 20 20 20 20 20 20 20 20 20 20 20 20 20 20 20 20 20 20 20 20 20 20 20 20 20 20 20 20 20 20 20 20 20 20 20 20 20 20 20 20 20 20 20 20 20 20 20 20 20 20 20 20 20 20 20 20 20 30 35 39 39 30 32 30 30 30 31 30 30 30 30 39 30 20 20 20 20 20 20 20 20 20 20 20 20 20 20 20 20 20 20 20 20 20 20 20 20 20 20 20 20 20 20 20 20 20 20 20 20 20 20 20 20 20 20 20 20 20 20 20 20 20 20 20 20 20 20 20 20 20 20 20 20 20 20 20 20 20 20 20 20 20 20 20 20 20 20 20 20 20 20 20 20 20 20 20 20 20 20 20 20 20 20 20 20 20 20 20 20 20 20 20 20 20 20 20 20 20 20 20 20 20 20 20 20 20 20 20 20 20 20 20 20 03 1E]
14:48:22.095 Recv LRC=0x1E, Calc LRC=0x1E
14:48:22.095 SendACK
14:48:22.096 SaveResponseData code=[EDC_RESPONSE]
14:48:22.116 SaveResponseData(600)=[0103000090470538017***5850     00000000150000190111144827777777               000099020001123456789012                 Bonjays Hotel            00                                                        4705387I5PBXbpfvmxYxzOT8kOXQBJomkJnQh+2aADdsday98=                                                                                  000001C000001010220266A0000000031010  01D5AF6B033DD331                                                                            0599020001000090                                                                                                                        ]
14:48:22.151 ================================================================
14:48:22.151 Program done!
14:48:22.151 ================================================================
14:48:25.848 ================================================================
14:48:25.849 #Airlink# EDCFileTransferApi version=[20181129-001]
14:48:25.849 ----------------------------------------------------------------
14:48:25.849 SET Serial Port   :[COM34]
14:48:25.849 SET Timeout       :[10]
14:48:25.850 SET Rate          :[115200]
14:48:25.850 SET Mode          :[8,None,One]
14:48:25.850 SET Input File    :[in.dat]
14:48:25.850 SET Output File   :[out.dat]
14:48:25.851 SET Retry         :[3]
14:48:25.851 SET Data Length   :[600]
14:48:25.851 SET RespCode Idx  :[79]
14:48:25.851 ----------------------------------------------------------------
14:48:26.130 before lrc= 20 03
14:48:26.130 PackSendBuf(0), bpInDataLen=600, SendLen=603
14:48:26.131 Sequence No=0
14:48:26.131 Send Req to EDC(603)=[02 46 53 00 05 12 20 20 20 20 20 20 20 20 20 20 20 20 20 20 20 20 20 20 20 20 20 20 20 20 20 20 20 20 20 20 20 20 20 20 20 20 20 20 20 20 20 20 20 20 20 20 20 20 20 20 20 20 20 20 20 20 20 20 20 20 20 20 20 20 20 20 20 20 20 20 20 20 20 20 20 20 20 20 20 20 20 20 20 20 20 20 20 20 20 20 20 20 20 20 20 20 20 20 20 20 20 20 20 20 20 20 20 20 20 20 20 20 20 20 20 20 20 20 20 20 20 20 20 20 20 20 20 20 20 20 20 20 20 20 20 20 20 20 20 20 20 20 20 20 20 20 20 20 20 20 20 20 20 20 20 20 20 20 20 20 20 20 20 20 20 20 20 20 20 20 20 20 20 20 20 20 20 20 20 20 20 20 20 20 20 20 20 20 20 20 20 20 20 20 20 20 20 20 20 20 20 20 20 20 20 20 20 20 20 20 20 20 20 20 20 20 20 20 20 20 20 20 20 20 20 20 20 20 20 20 20 20 20 20 20 20 20 20 20 20 20 20 20 20 20 20 20 20 20 20 20 20 20 20 20 20 20 20 20 20 20 20 20 20 20 20 20 20 20 20 20 20 20 20 20 20 20 20 20 20 20 20 20 20 20 20 20 20 20 20 20 20 20 20 20 20 20 20 20 20 20 20 20 20 20 20 20 20 20 20 20 20 20 20 20 20 20 20 20 20 20 20 20 20 20 20 20 20 20 20 20 20 20 20 20 20 20 20 20 20 20 20 20 20 20 20 20 20 20 20 20 20 20 20 20 20 20 20 20 20 20 20 20 20 20 20 20 20 20 20 20 20 20 20 20 20 20 20 20 20 20 20 20 20 20 20 20 20 20 20 20 20 20 20 20 20 20 20 20 20 20 20 20 20 20 20 20 20 20 20 20 20 20 20 20 20 20 20 20 20 20 20 20 20 20 20 20 20 20 20 20 20 20 20 20 20 20 20 20 20 20 20 20 20 20 20 20 20 20 20 20 20 20 20 20 20 20 20 20 20 20 20 20 20 20 20 20 20 20 20 20 20 20 20 20 20 20 20 20 20 20 20 20 20 20 20 20 20 20 20 20 20 20 20 20 20 20 20 20 20 20 20 20 20 20 20 20 20 20 20 20 20 20 20 20 20 20 20 20 20 20 20 20 20 20 20 20 20 20 20 20 20 20 20 20 20 20 20 20 20 20 20 20 20 20 20 20 20 20 20 20 20 20 20 20 20 20 20 20 20 20 20 20 20 20 20 20 20 20 20 20 20 20 20 20 20 20 20 20 20 20 20 20 20 20 20 20 20 20 20 20 20 20 20 20 03 21]
14:48:26.186 Recv ACKNAK=[06]
14:48:26.492 Curren package data size=595)
14:48:26.542 Recv Data(603)=[02 46 45 00 05 95 39 39 30 32 30 30 30 31 30 30 30 30 38 38 1F 8B 08 00 00 00 00 00 00 03 ED D7 41 72 DB 30 0C 05 50 F8 16 3D 42 4F 90 75 A7 FB DC A9 47 ED 4D DC 5D 1A 59 94 20 C5 8E 44 88 EF 2D 3D 22 44 82 F8 F6 F8 F7 FB DB DF 5B 44 44 BC 45 C4 CF 88 F8 75 8B F8 13 11 B7 F8 11 4B EE 00 00 00 00 00 00 00 00 00 00 00 00 00 00 00 00 00 00 00 00 00 00 00 00 00 00 00 00 00 00 00 00 00 00 00 00 00 00 00 00 00 00 00 1C 2B 3E C9 9E 05 3A 12 1B 64 35 E0 EB B2 E9 5B 94 15 1E C2 E7 56 AC B7 6B 8B F5 77 C1 83 6C A0 76 C8 5E 35 A8 AC 6D 0D 59 49 78 FC D7 B6 77 72 5A 73 37 29 C8 5E 1A C8 46 2F 1F 95 58 95 AD E6 3F 7D 63 DD 77 8F C7 2C BE 8F B2 02 A3 D3 2B 9A 4E 19 8C 98 C9 56 70 BF 9F 74 59 74 AB 87 79 38 7D 03 B5 C4 54 F6 38 D7 D4 CF 0C C4 4C B6 02 5F 7A A3 EB 6D 00 A4 78 2F 5D 1A 59 B7 B7 2F C8 1B 69 CE B0 FA 8F C6 3C C5 9D 6F F8 78 1A 32 AC 42 57 BF 14 E4 42 47 F8 26 3A 30 A6 BA C3 BF 10 E2 92 67 79 DE B0 07 1F DC 65 EE 7D F0 14 0F 78 64 EE 95 7F 7F 97 CC 83 7C A5 D3 35 0D 72 4C 9A 2E 79 FB AD 10 4F 64 05 2A B9 DE 89 D8 E5 92 53 FD 61 21 C1 13 59 8D AE 5D E0 08 3C E9 1A 93 BC D1 42 88 27 B2 1A 87 5A D9 61 9F 1B E6 78 CD F1 18 41 EC 97 95 7C 4A F6 F2 45 59 61 AE CC 48 7C 68 B6 E2 5C 1B B7 B7 74 22 86 62 2A 56 34 83 F3 5A DB DF FE F0 C9 CA 42 46 33 1F 15 4E B4 74 1D EE 88 15 66 E3 74 F3 E4 C6 4C 56 83 71 99 90 B3 34 43 3A CB AE AB 61 8D 39 39 DE 4A 42 DD 05 7B 45 4B B6 88 7D B6 34 59 F3 F9 9A 2D D3 C5 33 D2 DE EA 3C AF 62 8A 8E 24 B9 50 51 4C 65 8F 03 5D 90 5C 28 4A 72 A1 22 C9 85 5A A2 25 5B 04 9C 4F 72 A1 28 99 85 BA 84 17 8A F2 E3 0B 15 F9 C3 0B 45 49 2E 54 24 B9 50 94 F0 42 45 92 0B 15 C5 54 F6 38 D0 05 C9 85 A2 24 17 2A 92 5C 28 21 56 65 AB 81 33 49 2E D4 25 B3 00 00 00 00 00 00 00 00 00 00 00 00 00 00 00 00 00 00 00 00 00 00 00 00 00 00 00 00 C0 98 FE 01 58 56 10 3D 36 E0 01 00 03 1B]
14:48:26.543 Recv LRC=0x1B, Calc LRC=0x1B
14:48:26.543 SendACK
14:48:26.544 FileName=[99020001000088]
14:48:26.544 Recv File Data(581)=[1F 8B 08 00 00 00 00 00 00 03 ED D7 41 72 DB 30 0C 05 50 F8 16 3D 42 4F 90 75 A7 FB DC A9 47 ED 4D DC 5D 1A 59 94 20 C5 8E 44 88 EF 2D 3D 22 44 82 F8 F6 F8 F7 FB DB DF 5B 44 44 BC 45 C4 CF 88 F8 75 8B F8 13 11 B7 F8 11 4B EE 00 00 00 00 00 00 00 00 00 00 00 00 00 00 00 00 00 00 00 00 00 00 00 00 00 00 00 00 00 00 00 00 00 00 00 00 00 00 00 00 00 00 00 1C 2B 3E C9 9E 05 3A 12 1B 64 35 E0 EB B2 E9 5B 94 15 1E C2 E7 56 AC B7 6B 8B F5 77 C1 83 6C A0 76 C8 5E 35 A8 AC 6D 0D 59 49 78 FC D7 B6 77 72 5A 73 37 29 C8 5E 1A C8 46 2F 1F 95 58 95 AD E6 3F 7D 63 DD 77 8F C7 2C BE 8F B2 02 A3 D3 2B 9A 4E 19 8C 98 C9 56 70 BF 9F 74 59 74 AB 87 79 38 7D 03 B5 C4 54 F6 38 D7 D4 CF 0C C4 4C B6 02 5F 7A A3 EB 6D 00 A4 78 2F 5D 1A 59 B7 B7 2F C8 1B 69 CE B0 FA 8F C6 3C C5 9D 6F F8 78 1A 32 AC 42 57 BF 14 E4 42 47 F8 26 3A 30 A6 BA C3 BF 10 E2 92 67 79 DE B0 07 1F DC 65 EE 7D F0 14 0F 78 64 EE 95 7F 7F 97 CC 83 7C A5 D3 35 0D 72 4C 9A 2E 79 FB AD 10 4F 64 05 2A B9 DE 89 D8 E5 92 53 FD 61 21 C1 13 59 8D AE 5D E0 08 3C E9 1A 93 BC D1 42 88 27 B2 1A 87 5A D9 61 9F 1B E6 78 CD F1 18 41 EC 97 95 7C 4A F6 F2 45 59 61 AE CC 48 7C 68 B6 E2 5C 1B B7 B7 74 22 86 62 2A 56 34 83 F3 5A DB DF FE F0 C9 CA 42 46 33 1F 15 4E B4 74 1D EE 88 15 66 E3 74 F3 E4 C6 4C 56 83 71 99 90 B3 34 43 3A CB AE AB 61 8D 39 39 DE 4A 42 DD 05 7B 45 4B B6 88 7D B6 34 59 F3 F9 9A 2D D3 C5 33 D2 DE EA 3C AF 62 8A 8E 24 B9 50 51 4C 65 8F 03 5D 90 5C 28 4A 72 A1 22 C9 85 5A A2 25 5B 04 9C 4F 72 A1 28 99 85 BA 84 17 8A F2 E3 0B 15 F9 C3 0B 45 49 2E 54 24 B9 50 94 F0 42 45 92 0B 15 C5 54 F6 38 D0 05 C9 85 A2 24 17 2A 92 5C 28 21 56 65 AB 81 33 49 2E D4 25 B3 00 00 00 00 00 00 00 00 00 00 00 00 00 00 00 00 00 00 00 00 00 00 00 00 00 00 00 00 C0 98 FE 01 58 56 10 3D 36 E0 01 00]
14:48:26.544 RetrieveRecvFileData: total len=581
14:48:26.545 SaveResponseData code=[EDC_RESPONSE]
14:48:26.567 SaveResponseData(18)=[000099020001000088]
14:48:26.588 SaveFileData(581)=[1F 8B 08 00 00 00 00 00 00 03 ED D7 41 72 DB 30 0C 05 50 F8 16 3D 42 4F 90 75 A7 FB DC A9 47 ED 4D DC 5D 1A 59 94 20 C5 8E 44 88 EF 2D 3D 22 44 82 F8 F6 F8 F7 FB DB DF 5B 44 44 BC 45 C4 CF 88 F8 75 8B F8 13 11 B7 F8 11 4B EE 00 00 00 00 00 00 00 00 00 00 00 00 00 00 00 00 00 00 00 00 00 00 00 00 00 00 00 00 00 00 00 00 00 00 00 00 00 00 00 00 00 00 00 1C 2B 3E C9 9E 05 3A 12 1B 64 35 E0 EB B2 E9 5B 94 15 1E C2 E7 56 AC B7 6B 8B F5 77 C1 83 6C A0 76 C8 5E 35 A8 AC 6D 0D 59 49 78 FC D7 B6 77 72 5A 73 37 29 C8 5E 1A C8 46 2F 1F 95 58 95 AD E6 3F 7D 63 DD 77 8F C7 2C BE 8F B2 02 A3 D3 2B 9A 4E 19 8C 98 C9 56 70 BF 9F 74 59 74 AB 87 79 38 7D 03 B5 C4 54 F6 38 D7 D4 CF 0C C4 4C B6 02 5F 7A A3 EB 6D 00 A4 78 2F 5D 1A 59 B7 B7 2F C8 1B 69 CE B0 FA 8F C6 3C C5 9D 6F F8 78 1A 32 AC 42 57 BF 14 E4 42 47 F8 26 3A 30 A6 BA C3 BF 10 E2 92 67 79 DE B0 07 1F DC 65 EE 7D F0 14 0F 78 64 EE 95 7F 7F 97 CC 83 7C A5 D3 35 0D 72 4C 9A 2E 79 FB AD 10 4F 64 05 2A B9 DE 89 D8 E5 92 53 FD 61 21 C1 13 59 8D AE 5D E0 08 3C E9 1A 93 BC D1 42 88 27 B2 1A 87 5A D9 61 9F 1B E6 78 CD F1 18 41 EC 97 95 7C 4A F6 F2 45 59 61 AE CC 48 7C 68 B6 E2 5C 1B B7 B7 74 22 86 62 2A 56 34 83 F3 5A DB DF FE F0 C9 CA 42 46 33 1F 15 4E B4 74 1D EE 88 15 66 E3 74 F3 E4 C6 4C 56 83 71 99 90 B3 34 43 3A CB AE AB 61 8D 39 39 DE 4A 42 DD 05 7B 45 4B B6 88 7D B6 34 59 F3 F9 9A 2D D3 C5 33 D2 DE EA 3C AF 62 8A 8E 24 B9 50 51 4C 65 8F 03 5D 90 5C 28 4A 72 A1 22 C9 85 5A A2 25 5B 04 9C 4F 72 A1 28 99 85 BA 84 17 8A F2 E3 0B 15 F9 C3 0B 45 49 2E 54 24 B9 50 94 F0 42 45 92 0B 15 C5 54 F6 38 D0 05 C9 85 A2 24 17 2A 92 5C 28 21 56 65 AB 81 33 49 2E D4 25 B3 00 00 00 00 00 00 00 00 00 00 00 00 00 00 00 00 00 00 00 00 00 00 00 00 00 00 00 00 C0 98 FE 01 58 56 10 3D 36 E0 01 00]
14:48:26.622 ----------------------------------------------------------------
14:48:26.622 Program done!
14:48:26.622 ================================================================
