14:12:52.477 ================================================================
14:12:52.478 #Airlink# ecr api version=[20160531-001]
14:12:52.478 ----------------------------------------------------------------
14:12:52.478 SET Serial Port   :[COM39]
14:12:52.479 SET Timeout       :[65]
14:12:52.479 SET Rate          :[115200]
14:12:52.479 SET Mode          :[8,None,One]
14:12:52.479 SET Input File    :[in.dat]
14:12:52.479 SET Output Fiel   :[out.dat]
14:12:52.480 SET Retry         :[3]
14:12:52.480 SET Data Length   :[600]
14:12:52.480 SET RespCode Idx  :[79]
14:12:52.480 ----------------------------------------------------------------
14:12:52.481 ReadInFile(600)=[0103                           00000000120000                                                                          Bonjays Hotel                                                                                                                                                                                                                                                                                                                                                                                                                                                                                    ]
14:12:52.806 Send Req to EDC(603)=[02 30 31 30 33 20 20 20 20 20 20 20 20 20 20 20 20 20 20 20 20 20 20 20 20 20 20 20 20 20 20 20 30 30 30 30 30 30 30 30 31 32 30 30 30 30 20 20 20 20 20 20 20 20 20 20 20 20 20 20 20 20 20 20 20 20 20 20 20 20 20 20 20 20 20 20 20 20 20 20 20 20 20 20 20 20 20 20 20 20 20 20 20 20 20 20 20 20 20 20 20 20 20 20 20 20 20 20 20 20 20 20 20 20 20 20 20 20 20 20 42 6F 6E 6A 61 79 73 20 48 6F 74 65 6C 20 20 20 20 20 20 20 20 20 20 20 20 20 20 20 20 20 20 20 20 20 20 20 20 20 20 20 20 20 20 20 20 20 20 20 20 20 20 20 20 20 20 20 20 20 20 20 20 20 20 20 20 20 20 20 20 20 20 20 20 20 20 20 20 20 20 20 20 20 20 20 20 20 20 20 20 20 20 20 20 20 20 20 20 20 20 20 20 20 20 20 20 20 20 20 20 20 20 20 20 20 20 20 20 20 20 20 20 20 20 20 20 20 20 20 20 20 20 20 20 20 20 20 20 20 20 20 20 20 20 20 20 20 20 20 20 20 20 20 20 20 20 20 20 20 20 20 20 20 20 20 20 20 20 20 20 20 20 20 20 20 20 20 20 20 20 20 20 20 20 20 20 20 20 20 20 20 20 20 20 20 20 20 20 20 20 20 20 20 20 20 20 20 20 20 20 20 20 20 20 20 20 20 20 20 20 20 20 20 20 20 20 20 20 20 20 20 20 20 20 20 20 20 20 20 20 20 20 20 20 20 20 20 20 20 20 20 20 20 20 20 20 20 20 20 20 20 20 20 20 20 20 20 20 20 20 20 20 20 20 20 20 20 20 20 20 20 20 20 20 20 20 20 20 20 20 20 20 20 20 20 20 20 20 20 20 20 20 20 20 20 20 20 20 20 20 20 20 20 20 20 20 20 20 20 20 20 20 20 20 20 20 20 20 20 20 20 20 20 20 20 20 20 20 20 20 20 20 20 20 20 20 20 20 20 20 20 20 20 20 20 20 20 20 20 20 20 20 20 20 20 20 20 20 20 20 20 20 20 20 20 20 20 20 20 20 20 20 20 20 20 20 20 20 20 20 20 20 20 20 20 20 20 20 20 20 20 20 20 20 20 20 20 20 20 20 20 20 20 20 20 20 20 20 20 20 20 20 20 20 20 20 20 20 20 20 20 20 20 20 20 20 20 20 20 20 20 20 20 20 20 20 20 20 20 20 20 20 20 20 20 20 20 20 20 20 20 20 20 20 20 20 20 20 20 20 20 20 20 20 20 20 20 20 20 20 20 20 03 1A]
14:12:52.861 Recv ACKNAK=[06]
14:13:00.980 Recv Data(603)=[02 30 31 30 33 30 30 30 30 30 35 34 32 38 33 36 38 32 30 31 2A 2A 2A 34 32 35 31 20 20 20 20 20 30 30 30 30 30 30 30 30 31 32 30 30 30 30 31 39 30 31 33 31 31 34 31 33 34 34 37 37 37 37 37 37 20 20 20 20 20 20 20 20 20 20 20 20 20 20 20 30 30 30 30 39 39 30 32 30 30 30 31 31 32 33 34 35 36 37 38 39 30 31 32 20 20 20 20 20 20 20 20 20 20 20 20 20 20 20 20 20 42 6F 6E 6A 61 79 73 20 48 6F 74 65 6C 20 20 20 20 20 20 20 20 20 20 20 20 30 30 20 20 20 20 20 20 20 20 20 20 20 20 20 20 20 20 20 20 20 20 20 20 20 20 20 20 20 20 20 20 20 20 20 20 20 20 20 20 20 20 20 20 20 20 20 20 20 20 20 20 20 20 20 20 20 20 34 32 38 33 36 38 4A 58 4A 63 39 71 48 47 35 75 7A 6D 43 42 68 64 49 63 6A 76 56 35 75 47 65 50 76 55 56 51 32 79 6C 71 38 69 76 41 6D 75 6F 67 63 3D 20 20 20 20 20 20 20 20 20 20 20 20 20 20 20 20 20 20 20 20 20 20 20 20 20 20 20 20 20 20 20 20 20 20 20 20 20 20 20 20 20 20 20 20 20 20 20 20 20 20 20 20 20 20 20 20 20 20 20 20 20 20 20 20 20 20 20 20 20 20 20 20 20 20 20 20 20 20 20 20 20 20 30 30 30 30 30 33 57 30 30 30 30 30 31 30 31 30 32 32 30 32 36 36 20 20 20 20 20 20 20 20 20 20 20 20 20 20 20 20 33 37 35 34 30 43 32 30 33 31 36 46 42 43 35 36 20 20 20 20 20 20 20 20 20 20 20 20 20 20 20 20 20 20 20 20 20 20 20 20 20 20 20 20 20 20 20 20 20 20 20 20 20 20 20 20 20 20 20 20 20 20 20 20 20 20 20 20 20 20 20 20 20 20 20 20 20 20 20 20 20 20 20 20 20 20 20 20 20 20 20 20 30 33 39 39 30 32 30 30 30 31 30 30 30 30 30 35 20 20 20 20 20 20 20 20 20 20 20 20 20 20 20 20 20 20 20 20 20 20 20 20 20 20 20 20 20 20 20 20 20 20 20 20 20 20 20 20 20 20 20 20 20 20 20 20 20 20 20 20 20 20 20 20 20 20 20 20 20 20 20 20 20 20 20 20 20 20 20 20 20 20 20 20 20 20 20 20 20 20 20 20 20 20 20 20 20 20 20 20 20 20 20 20 20 20 20 20 20 20 20 20 20 20 20 20 20 20 20 20 20 20 20 20 20 20 20 20 03 40]
14:13:00.981 Recv LRC=0x40, Calc LRC=0x40
14:13:00.981 SendACK
14:13:00.982 SaveResponseData code=[EDC_RESPONSE]
14:13:01.003 SaveResponseData(600)=[0103000005428368201***4251     00000000120000190131141344777777               000099020001123456789012                 Bonjays Hotel            00                                                        428368JXJc9qHG5uzmCBhdIcjvV5uGePvUVQ2ylq8ivAmuogc=                                                                                  000003W000001010220266                37540C20316FBC56                                                                            0399020001000005                                                                                                                        ]
14:13:01.038 ================================================================
14:13:01.038 Program done!
14:13:01.038 ================================================================
