18:32:41.445 ================================================================
18:32:41.446 #Airlink# ecr api version=[20160531-001]
18:32:41.447 ----------------------------------------------------------------
18:32:41.447 SET Serial Port   :[COM40]
18:32:41.447 SET Timeout       :[120]
18:32:41.447 SET Rate          :[115200]
18:32:41.448 SET Mode          :[8,None,One]
18:32:41.448 SET Input File    :[in.dat]
18:32:41.448 SET Output Fiel   :[out.dat]
18:32:41.448 SET Retry         :[3]
18:32:41.449 SET Data Length   :[600]
18:32:41.449 SET RespCode Idx  :[79]
18:32:41.449 ----------------------------------------------------------------
18:32:41.450 ReadInFile(600)=[0103                           00000000010000                                                                          Bonjays Hotel                                                                                                                                                                                                                                                                                                                                                                                                                                                                                    ]
18:32:41.766 Send Req to EDC(603)=[02 30 31 30 33 20 20 20 20 20 20 20 20 20 20 20 20 20 20 20 20 20 20 20 20 20 20 20 20 20 20 20 30 30 30 30 30 30 30 30 30 31 30 30 30 30 20 20 20 20 20 20 20 20 20 20 20 20 20 20 20 20 20 20 20 20 20 20 20 20 20 20 20 20 20 20 20 20 20 20 20 20 20 20 20 20 20 20 20 20 20 20 20 20 20 20 20 20 20 20 20 20 20 20 20 20 20 20 20 20 20 20 20 20 20 20 20 20 20 20 42 6F 6E 6A 61 79 73 20 48 6F 74 65 6C 20 20 20 20 20 20 20 20 20 20 20 20 20 20 20 20 20 20 20 20 20 20 20 20 20 20 20 20 20 20 20 20 20 20 20 20 20 20 20 20 20 20 20 20 20 20 20 20 20 20 20 20 20 20 20 20 20 20 20 20 20 20 20 20 20 20 20 20 20 20 20 20 20 20 20 20 20 20 20 20 20 20 20 20 20 20 20 20 20 20 20 20 20 20 20 20 20 20 20 20 20 20 20 20 20 20 20 20 20 20 20 20 20 20 20 20 20 20 20 20 20 20 20 20 20 20 20 20 20 20 20 20 20 20 20 20 20 20 20 20 20 20 20 20 20 20 20 20 20 20 20 20 20 20 20 20 20 20 20 20 20 20 20 20 20 20 20 20 20 20 20 20 20 20 20 20 20 20 20 20 20 20 20 20 20 20 20 20 20 20 20 20 20 20 20 20 20 20 20 20 20 20 20 20 20 20 20 20 20 20 20 20 20 20 20 20 20 20 20 20 20 20 20 20 20 20 20 20 20 20 20 20 20 20 20 20 20 20 20 20 20 20 20 20 20 20 20 20 20 20 20 20 20 20 20 20 20 20 20 20 20 20 20 20 20 20 20 20 20 20 20 20 20 20 20 20 20 20 20 20 20 20 20 20 20 20 20 20 20 20 20 20 20 20 20 20 20 20 20 20 20 20 20 20 20 20 20 20 20 20 20 20 20 20 20 20 20 20 20 20 20 20 20 20 20 20 20 20 20 20 20 20 20 20 20 20 20 20 20 20 20 20 20 20 20 20 20 20 20 20 20 20 20 20 20 20 20 20 20 20 20 20 20 20 20 20 20 20 20 20 20 20 20 20 20 20 20 20 20 20 20 20 20 20 20 20 20 20 20 20 20 20 20 20 20 20 20 20 20 20 20 20 20 20 20 20 20 20 20 20 20 20 20 20 20 20 20 20 20 20 20 20 20 20 20 20 20 20 20 20 20 20 20 20 20 20 20 20 20 20 20 20 20 20 20 20 20 20 20 20 20 20 20 20 20 20 20 20 20 20 20 20 20 20 20 20 20 20 03 18]
18:32:41.809 Recv ACKNAK=[BF BF]
18:32:41.809 Recv ACKNAK=[BF BF]
18:32:41.810 Recv ACKNAK=[BF BF]
18:32:41.810 Recv ACKNAK=[BF BF]
18:32:41.810 Recv ACKNAK=[BF BF]
18:32:41.811 Recv ACKNAK=[BF BF]
18:32:41.811 Recv ACKNAK=[6F BF]
18:32:41.811 Recv ACKNAK=[BF BF]
18:32:41.811 Recv ACKNAK=[BF BF]
18:32:41.812 Recv ACKNAK=[BF BF]
18:32:41.812 Recv ACKNAK=[BF BF]
18:32:41.812 Recv ACKNAK=[BF BF]
18:32:41.813 Recv ACKNAK=[BF BF]
18:32:41.813 Recv ACKNAK=[BF BF]
18:32:41.813 Recv ACKNAK=[BF BF]
18:32:41.814 Recv ACKNAK=[BF BF]
18:32:41.814 Recv ACKNAK=[BF BF]
18:32:41.814 Recv ACKNAK=[BF BF]
18:32:41.815 Recv ACKNAK=[BF BF]
18:32:41.815 Recv ACKNAK=[BF BF]
18:32:41.815 Recv ACKNAK=[BF BF]
18:32:41.815 Recv ACKNAK=[BF BF]
18:32:41.816 Recv ACKNAK=[BF BF]
18:32:41.816 Recv ACKNAK=[BF BF]
18:32:41.816 Recv ACKNAK=[BF BF]
18:32:41.817 Recv ACKNAK=[BF BF]
18:32:41.817 Recv ACKNAK=[BF BF]
18:32:41.817 Recv ACKNAK=[BF BF]
18:32:41.817 Recv ACKNAK=[BF]
18:32:41.818 Recv ACKNAK=[BF]
18:32:41.819 Recv ACKNAK=[BF]
18:32:41.820 Recv ACKNAK=[BF]
18:32:43.439 Recv ACKNAK Timeout
18:32:43.439 Send Req to EDC(603)=[02 30 31 30 33 20 20 20 20 20 20 20 20 20 20 20 20 20 20 20 20 20 20 20 20 20 20 20 20 20 20 20 30 30 30 30 30 30 30 30 30 31 30 30 30 30 20 20 20 20 20 20 20 20 20 20 20 20 20 20 20 20 20 20 20 20 20 20 20 20 20 20 20 20 20 20 20 20 20 20 20 20 20 20 20 20 20 20 20 20 20 20 20 20 20 20 20 20 20 20 20 20 20 20 20 20 20 20 20 20 20 20 20 20 20 20 20 20 20 20 42 6F 6E 6A 61 79 73 20 48 6F 74 65 6C 20 20 20 20 20 20 20 20 20 20 20 20 20 20 20 20 20 20 20 20 20 20 20 20 20 20 20 20 20 20 20 20 20 20 20 20 20 20 20 20 20 20 20 20 20 20 20 20 20 20 20 20 20 20 20 20 20 20 20 20 20 20 20 20 20 20 20 20 20 20 20 20 20 20 20 20 20 20 20 20 20 20 20 20 20 20 20 20 20 20 20 20 20 20 20 20 20 20 20 20 20 20 20 20 20 20 20 20 20 20 20 20 20 20 20 20 20 20 20 20 20 20 20 20 20 20 20 20 20 20 20 20 20 20 20 20 20 20 20 20 20 20 20 20 20 20 20 20 20 20 20 20 20 20 20 20 20 20 20 20 20 20 20 20 20 20 20 20 20 20 20 20 20 20 20 20 20 20 20 20 20 20 20 20 20 20 20 20 20 20 20 20 20 20 20 20 20 20 20 20 20 20 20 20 20 20 20 20 20 20 20 20 20 20 20 20 20 20 20 20 20 20 20 20 20 20 20 20 20 20 20 20 20 20 20 20 20 20 20 20 20 20 20 20 20 20 20 20 20 20 20 20 20 20 20 20 20 20 20 20 20 20 20 20 20 20 20 20 20 20 20 20 20 20 20 20 20 20 20 20 20 20 20 20 20 20 20 20 20 20 20 20 20 20 20 20 20 20 20 20 20 20 20 20 20 20 20 20 20 20 20 20 20 20 20 20 20 20 20 20 20 20 20 20 20 20 20 20 20 20 20 20 20 20 20 20 20 20 20 20 20 20 20 20 20 20 20 20 20 20 20 20 20 20 20 20 20 20 20 20 20 20 20 20 20 20 20 20 20 20 20 20 20 20 20 20 20 20 20 20 20 20 20 20 20 20 20 20 20 20 20 20 20 20 20 20 20 20 20 20 20 20 20 20 20 20 20 20 20 20 20 20 20 20 20 20 20 20 20 20 20 20 20 20 20 20 20 20 20 20 20 20 20 20 20 20 20 20 20 20 20 20 20 20 20 20 20 20 20 20 20 20 20 20 20 20 20 20 20 20 20 20 20 20 20 20 20 20 03 18]
18:32:43.482 Recv ACKNAK=[BF BF]
18:32:43.482 Recv ACKNAK=[BF BF]
18:32:43.483 Recv ACKNAK=[BF BF]
18:32:43.483 Recv ACKNAK=[BF BF]
18:32:43.483 Recv ACKNAK=[BF BF]
18:32:43.484 Recv ACKNAK=[BF BF]
18:32:43.484 Recv ACKNAK=[7B BF]
18:32:43.484 Recv ACKNAK=[BF BF]
18:32:43.485 Recv ACKNAK=[BF BF]
18:32:43.485 Recv ACKNAK=[BF BF]
18:32:43.485 Recv ACKNAK=[BF BF]
18:32:43.486 Recv ACKNAK=[BF BF]
18:32:43.486 Recv ACKNAK=[BF BF]
18:32:43.486 Recv ACKNAK=[BF BF]
18:32:43.487 Recv ACKNAK=[BF BF]
18:32:43.487 Recv ACKNAK=[BF BF]
18:32:43.487 Recv ACKNAK=[BF BF]
18:32:43.488 Recv ACKNAK=[BF BF]
18:32:43.488 Recv ACKNAK=[BF BF]
18:32:43.488 Recv ACKNAK=[BF BF]
18:32:43.489 Recv ACKNAK=[BF BF]
18:32:43.489 Recv ACKNAK=[BF BF]
18:32:43.489 Recv ACKNAK=[BF BF]
18:32:43.490 Recv ACKNAK=[BF BF]
18:32:43.490 Recv ACKNAK=[BF BF]
18:32:43.490 Recv ACKNAK=[BF BF]
18:32:43.491 Recv ACKNAK=[BF BF]
18:32:43.491 Recv ACKNAK=[BF BF]
18:32:43.491 Recv ACKNAK=[BF BF]
18:32:43.492 Recv ACKNAK=[BF]
18:32:43.493 Recv ACKNAK=[BF]
18:32:45.096 Recv ACKNAK Timeout
18:32:45.096 Send Req to EDC(603)=[02 30 31 30 33 20 20 20 20 20 20 20 20 20 20 20 20 20 20 20 20 20 20 20 20 20 20 20 20 20 20 20 30 30 30 30 30 30 30 30 30 31 30 30 30 30 20 20 20 20 20 20 20 20 20 20 20 20 20 20 20 20 20 20 20 20 20 20 20 20 20 20 20 20 20 20 20 20 20 20 20 20 20 20 20 20 20 20 20 20 20 20 20 20 20 20 20 20 20 20 20 20 20 20 20 20 20 20 20 20 20 20 20 20 20 20 20 20 20 20 42 6F 6E 6A 61 79 73 20 48 6F 74 65 6C 20 20 20 20 20 20 20 20 20 20 20 20 20 20 20 20 20 20 20 20 20 20 20 20 20 20 20 20 20 20 20 20 20 20 20 20 20 20 20 20 20 20 20 20 20 20 20 20 20 20 20 20 20 20 20 20 20 20 20 20 20 20 20 20 20 20 20 20 20 20 20 20 20 20 20 20 20 20 20 20 20 20 20 20 20 20 20 20 20 20 20 20 20 20 20 20 20 20 20 20 20 20 20 20 20 20 20 20 20 20 20 20 20 20 20 20 20 20 20 20 20 20 20 20 20 20 20 20 20 20 20 20 20 20 20 20 20 20 20 20 20 20 20 20 20 20 20 20 20 20 20 20 20 20 20 20 20 20 20 20 20 20 20 20 20 20 20 20 20 20 20 20 20 20 20 20 20 20 20 20 20 20 20 20 20 20 20 20 20 20 20 20 20 20 20 20 20 20 20 20 20 20 20 20 20 20 20 20 20 20 20 20 20 20 20 20 20 20 20 20 20 20 20 20 20 20 20 20 20 20 20 20 20 20 20 20 20 20 20 20 20 20 20 20 20 20 20 20 20 20 20 20 20 20 20 20 20 20 20 20 20 20 20 20 20 20 20 20 20 20 20 20 20 20 20 20 20 20 20 20 20 20 20 20 20 20 20 20 20 20 20 20 20 20 20 20 20 20 20 20 20 20 20 20 20 20 20 20 20 20 20 20 20 20 20 20 20 20 20 20 20 20 20 20 20 20 20 20 20 20 20 20 20 20 20 20 20 20 20 20 20 20 20 20 20 20 20 20 20 20 20 20 20 20 20 20 20 20 20 20 20 20 20 20 20 20 20 20 20 20 20 20 20 20 20 20 20 20 20 20 20 20 20 20 20 20 20 20 20 20 20 20 20 20 20 20 20 20 20 20 20 20 20 20 20 20 20 20 20 20 20 20 20 20 20 20 20 20 20 20 20 20 20 20 20 20 20 20 20 20 20 20 20 20 20 20 20 20 20 20 20 20 20 20 20 20 20 20 20 20 20 20 20 20 20 20 20 20 20 20 20 20 20 20 20 20 20 20 03 18]
18:32:45.139 Recv ACKNAK=[BF BF]
18:32:45.139 Recv ACKNAK=[BF BF]
18:32:45.140 Recv ACKNAK=[BF BF]
18:32:45.140 Recv ACKNAK=[BF BF]
18:32:45.140 Recv ACKNAK=[BF BF]
18:32:45.141 Recv ACKNAK=[BF BF]
18:32:45.141 Recv ACKNAK=[BF BF]
18:32:45.141 Recv ACKNAK=[BF BF]
18:32:45.142 Recv ACKNAK=[BF BF]
18:32:45.142 Recv ACKNAK=[BF BF]
18:32:45.142 Recv ACKNAK=[BF BF]
18:32:45.143 Recv ACKNAK=[BF BF]
18:32:45.143 Recv ACKNAK=[BF BF]
18:32:45.143 Recv ACKNAK=[BF BF]
18:32:45.144 Recv ACKNAK=[BF BF]
18:32:45.144 Recv ACKNAK=[BF BF]
18:32:45.145 Recv ACKNAK=[BF BF]
18:32:45.145 Recv ACKNAK=[BF BF]
18:32:45.145 Recv ACKNAK=[BF BF]
18:32:45.146 Recv ACKNAK=[BF BF]
18:32:45.146 Recv ACKNAK=[BF BF]
18:32:45.146 Recv ACKNAK=[BF BF]
18:32:45.147 Recv ACKNAK=[BF BF]
18:32:45.147 Recv ACKNAK=[BF BF]
18:32:45.147 Recv ACKNAK=[BF BF]
18:32:45.148 Recv ACKNAK=[BF BF]
18:32:45.148 Recv ACKNAK=[BF BF]
18:32:45.149 Recv ACKNAK=[BF BF]
18:32:45.149 Recv ACKNAK=[BF BF]
18:32:45.149 Recv ACKNAK=[BF]
18:32:45.150 Recv ACKNAK=[BF]
18:32:46.753 Recv ACKNAK Timeout
18:32:46.753 SaveResponseData code=[ERR_COMM]
18:32:46.775 SaveResponseData(600)=[xxxxxxxxxxxxxxxxxxxxxxxxxxxxxxxxxxxxxxxxxxxxxxxxxxxxxxxxxxxxxxxxxxxxxxxxxxxxxx0005xxxxxxxxxxxxxxxxxxxxxxxxxxxxxxxxxxxxxxxxxxxxxxxxxxxxxxxxxxxxxxxxxxxxxxxxxxxxxxxxxxxxxxxxxxxxxxxxxxxxxxxxxxxxxxxxxxxxxxxxxxxxxxxxxxxxxxxxxxxxxxxxxxxxxxxxxxxxxxxxxxxxxxxxxxxxxxxxxxxxxxxxxxxxxxxxxxxxxxxxxxxxxxxxxxxxxxxxxxxxxxxxxxxxxxxxxxxxxxxxxxxxxxxxxxxxxxxxxxxxxxxxxxxxxxxxxxxxxxxxxxxxxxxxxxxxxxxxxxxxxxxxxxxxxxxxxxxxxxxxxxxxxxxxxxxxxxxxxxxxxxxxxxxxxxxxxxxxxxxxxxxxxxxxxxxxxxxxxxxxxxxxxxxxxxxxxxxxxxxxxxxxxxxxxxxxxxxxxxxxxxxxxxxxxxxxxxxxxxxxxxxxxxxxxxxxxxxxxxxxxxxxxxxxxxxxxxxxxxxxxxxxxxxxxxxxxxxxxxxxxxxxxxxxxxxxxxxxxx]
18:32:46.811 ================================================================
18:32:46.812 Program done!
18:32:46.812 ================================================================
