09:39:23.176 ================================================================
09:39:23.177 #Airlink# ecr api version=[20160531-001]
09:39:23.177 ----------------------------------------------------------------
09:39:23.177 SET Serial Port   :[COM40]
09:39:23.177 SET Timeout       :[120]
09:39:23.178 SET Rate          :[115200]
09:39:23.178 SET Mode          :[8,None,One]
09:39:23.178 SET Input File    :[in.dat]
09:39:23.178 SET Output Fiel   :[out.dat]
09:39:23.178 SET Retry         :[3]
09:39:23.178 SET Data Length   :[600]
09:39:23.179 SET RespCode Idx  :[79]
09:39:23.179 ----------------------------------------------------------------
09:39:23.180 ReadInFile(600)=[0103                           00000000150000                                                                          Bonjays Hotel                                                                                                                                                                                                                                                                                                                                                                                                                                                                                    ]
09:39:23.497 Send Req to EDC(603)=[02 30 31 30 33 20 20 20 20 20 20 20 20 20 20 20 20 20 20 20 20 20 20 20 20 20 20 20 20 20 20 20 30 30 30 30 30 30 30 30 31 35 30 30 30 30 20 20 20 20 20 20 20 20 20 20 20 20 20 20 20 20 20 20 20 20 20 20 20 20 20 20 20 20 20 20 20 20 20 20 20 20 20 20 20 20 20 20 20 20 20 20 20 20 20 20 20 20 20 20 20 20 20 20 20 20 20 20 20 20 20 20 20 20 20 20 20 20 20 20 42 6F 6E 6A 61 79 73 20 48 6F 74 65 6C 20 20 20 20 20 20 20 20 20 20 20 20 20 20 20 20 20 20 20 20 20 20 20 20 20 20 20 20 20 20 20 20 20 20 20 20 20 20 20 20 20 20 20 20 20 20 20 20 20 20 20 20 20 20 20 20 20 20 20 20 20 20 20 20 20 20 20 20 20 20 20 20 20 20 20 20 20 20 20 20 20 20 20 20 20 20 20 20 20 20 20 20 20 20 20 20 20 20 20 20 20 20 20 20 20 20 20 20 20 20 20 20 20 20 20 20 20 20 20 20 20 20 20 20 20 20 20 20 20 20 20 20 20 20 20 20 20 20 20 20 20 20 20 20 20 20 20 20 20 20 20 20 20 20 20 20 20 20 20 20 20 20 20 20 20 20 20 20 20 20 20 20 20 20 20 20 20 20 20 20 20 20 20 20 20 20 20 20 20 20 20 20 20 20 20 20 20 20 20 20 20 20 20 20 20 20 20 20 20 20 20 20 20 20 20 20 20 20 20 20 20 20 20 20 20 20 20 20 20 20 20 20 20 20 20 20 20 20 20 20 20 20 20 20 20 20 20 20 20 20 20 20 20 20 20 20 20 20 20 20 20 20 20 20 20 20 20 20 20 20 20 20 20 20 20 20 20 20 20 20 20 20 20 20 20 20 20 20 20 20 20 20 20 20 20 20 20 20 20 20 20 20 20 20 20 20 20 20 20 20 20 20 20 20 20 20 20 20 20 20 20 20 20 20 20 20 20 20 20 20 20 20 20 20 20 20 20 20 20 20 20 20 20 20 20 20 20 20 20 20 20 20 20 20 20 20 20 20 20 20 20 20 20 20 20 20 20 20 20 20 20 20 20 20 20 20 20 20 20 20 20 20 20 20 20 20 20 20 20 20 20 20 20 20 20 20 20 20 20 20 20 20 20 20 20 20 20 20 20 20 20 20 20 20 20 20 20 20 20 20 20 20 20 20 20 20 20 20 20 20 20 20 20 20 20 20 20 20 20 20 20 20 20 20 20 20 20 20 20 20 20 20 20 20 20 20 20 20 20 20 20 20 20 20 20 20 20 20 03 1D]
09:39:23.553 Recv ACKNAK=[06]
09:39:29.670 Recv Data(603)=[02 30 31 30 33 30 30 30 30 30 31 34 32 38 33 36 38 32 30 31 2A 2A 2A 34 32 35 31 20 20 20 20 20 30 30 30 30 30 30 30 30 31 35 30 30 30 30 31 39 30 32 32 31 30 39 33 39 35 37 37 37 37 37 37 37 20 20 20 20 20 20 20 20 20 20 20 20 20 20 20 30 30 30 30 39 39 30 32 30 30 30 31 31 32 33 34 35 36 37 38 39 30 31 32 20 20 20 20 20 20 20 20 20 20 20 20 20 20 20 20 20 42 6F 6E 6A 61 79 73 20 48 6F 74 65 6C 20 20 20 20 20 20 20 20 20 20 20 20 30 30 20 20 20 20 20 20 20 20 20 20 20 20 20 20 20 20 20 20 20 20 20 20 20 20 20 20 20 20 20 20 20 20 20 20 20 20 20 20 20 20 20 20 20 20 20 20 20 20 20 20 20 20 20 20 20 20 34 32 38 33 36 38 4A 58 4A 63 39 71 48 47 35 75 7A 6D 43 42 68 64 49 63 6A 76 56 35 75 47 65 50 76 55 56 51 32 79 6C 71 38 69 76 41 6D 75 6F 67 63 3D 20 20 20 20 20 20 20 20 20 20 20 20 20 20 20 20 20 20 20 20 20 20 20 20 20 20 20 20 20 20 20 20 20 20 20 20 20 20 20 20 20 20 20 20 20 20 20 20 20 20 20 20 20 20 20 20 20 20 20 20 20 20 20 20 20 20 20 20 20 20 20 20 20 20 20 20 20 20 20 20 20 20 30 30 30 30 33 36 57 30 30 30 30 30 31 30 31 30 32 32 30 32 36 36 20 20 20 20 20 20 20 20 20 20 20 20 20 20 20 20 45 44 45 32 35 33 45 36 30 42 34 46 37 44 34 46 20 20 20 20 20 20 20 20 20 20 20 20 20 20 20 20 20 20 20 20 20 20 20 20 20 20 20 20 20 20 20 20 20 20 20 20 20 20 20 20 20 20 20 20 20 20 20 20 20 20 20 20 20 20 20 20 20 20 20 20 20 20 20 20 20 20 20 20 20 20 20 20 20 20 20 20 30 33 39 39 30 32 30 30 30 31 30 30 30 30 30 31 20 20 20 20 20 20 20 20 20 20 20 20 20 20 20 20 20 20 20 20 20 20 20 20 20 20 20 20 20 20 20 20 20 20 20 20 20 20 20 20 20 20 20 20 20 20 20 20 20 20 20 20 20 20 20 20 20 20 20 20 20 20 20 20 20 20 20 20 20 20 20 20 20 20 20 20 20 20 20 20 20 20 20 20 20 20 20 20 20 20 20 20 20 20 20 20 20 20 20 20 20 20 20 20 20 20 20 20 20 20 20 20 20 20 20 20 20 20 20 20 03 43]
09:39:29.670 Recv LRC=0x43, Calc LRC=0x43
09:39:29.670 SendACK
09:39:29.671 SaveResponseData code=[EDC_RESPONSE]
09:39:29.693 SaveResponseData(600)=[0103000001428368201***4251     00000000150000190221093957777777               000099020001123456789012                 Bonjays Hotel            00                                                        428368JXJc9qHG5uzmCBhdIcjvV5uGePvUVQ2ylq8ivAmuogc=                                                                                  000036W000001010220266                EDE253E60B4F7D4F                                                                            0399020001000001                                                                                                                        ]
09:39:29.728 ================================================================
09:39:29.729 Program done!
09:39:29.729 ================================================================
10:00:26.442 ================================================================
10:00:26.443 #Airlink# ecr api version=[20160531-001]
10:00:26.443 ----------------------------------------------------------------
10:00:26.443 SET Serial Port   :[COM40]
10:00:26.443 SET Timeout       :[120]
10:00:26.444 SET Rate          :[115200]
10:00:26.444 SET Mode          :[8,None,One]
10:00:26.444 SET Input File    :[in.dat]
10:00:26.444 SET Output Fiel   :[out.dat]
10:00:26.444 SET Retry         :[3]
10:00:26.444 SET Data Length   :[600]
10:00:26.445 SET RespCode Idx  :[79]
10:00:26.445 ----------------------------------------------------------------
10:00:26.446 ReadInFile(600)=[0103                           00000000120000                                                                          Bonjays Hotel                                                                                                                                                                                                                                                                                                                                                                                                                                                                                    ]
10:00:26.726 Send Req to EDC(603)=[02 30 31 30 33 20 20 20 20 20 20 20 20 20 20 20 20 20 20 20 20 20 20 20 20 20 20 20 20 20 20 20 30 30 30 30 30 30 30 30 31 32 30 30 30 30 20 20 20 20 20 20 20 20 20 20 20 20 20 20 20 20 20 20 20 20 20 20 20 20 20 20 20 20 20 20 20 20 20 20 20 20 20 20 20 20 20 20 20 20 20 20 20 20 20 20 20 20 20 20 20 20 20 20 20 20 20 20 20 20 20 20 20 20 20 20 20 20 20 20 42 6F 6E 6A 61 79 73 20 48 6F 74 65 6C 20 20 20 20 20 20 20 20 20 20 20 20 20 20 20 20 20 20 20 20 20 20 20 20 20 20 20 20 20 20 20 20 20 20 20 20 20 20 20 20 20 20 20 20 20 20 20 20 20 20 20 20 20 20 20 20 20 20 20 20 20 20 20 20 20 20 20 20 20 20 20 20 20 20 20 20 20 20 20 20 20 20 20 20 20 20 20 20 20 20 20 20 20 20 20 20 20 20 20 20 20 20 20 20 20 20 20 20 20 20 20 20 20 20 20 20 20 20 20 20 20 20 20 20 20 20 20 20 20 20 20 20 20 20 20 20 20 20 20 20 20 20 20 20 20 20 20 20 20 20 20 20 20 20 20 20 20 20 20 20 20 20 20 20 20 20 20 20 20 20 20 20 20 20 20 20 20 20 20 20 20 20 20 20 20 20 20 20 20 20 20 20 20 20 20 20 20 20 20 20 20 20 20 20 20 20 20 20 20 20 20 20 20 20 20 20 20 20 20 20 20 20 20 20 20 20 20 20 20 20 20 20 20 20 20 20 20 20 20 20 20 20 20 20 20 20 20 20 20 20 20 20 20 20 20 20 20 20 20 20 20 20 20 20 20 20 20 20 20 20 20 20 20 20 20 20 20 20 20 20 20 20 20 20 20 20 20 20 20 20 20 20 20 20 20 20 20 20 20 20 20 20 20 20 20 20 20 20 20 20 20 20 20 20 20 20 20 20 20 20 20 20 20 20 20 20 20 20 20 20 20 20 20 20 20 20 20 20 20 20 20 20 20 20 20 20 20 20 20 20 20 20 20 20 20 20 20 20 20 20 20 20 20 20 20 20 20 20 20 20 20 20 20 20 20 20 20 20 20 20 20 20 20 20 20 20 20 20 20 20 20 20 20 20 20 20 20 20 20 20 20 20 20 20 20 20 20 20 20 20 20 20 20 20 20 20 20 20 20 20 20 20 20 20 20 20 20 20 20 20 20 20 20 20 20 20 20 20 20 20 20 20 20 20 20 20 20 20 20 20 20 20 20 20 20 20 20 20 20 20 20 20 20 20 20 20 20 20 03 1A]
10:00:26.781 Recv ACKNAK=[06]
10:00:36.322 Recv Data(603)=[02 30 31 30 33 30 30 30 30 30 32 34 32 38 33 36 38 32 30 31 2A 2A 2A 34 32 35 31 20 20 20 20 20 30 30 30 30 30 30 30 30 31 32 30 30 30 30 31 39 30 32 32 31 31 30 30 31 30 34 37 37 37 37 37 37 20 20 20 20 20 20 20 20 20 20 20 20 20 20 20 30 30 30 30 39 39 30 32 30 30 30 31 31 32 33 34 35 36 37 38 39 30 31 32 20 20 20 20 20 20 20 20 20 20 20 20 20 20 20 20 20 42 6F 6E 6A 61 79 73 20 48 6F 74 65 6C 20 20 20 20 20 20 20 20 20 20 20 20 30 30 20 20 20 20 20 20 20 20 20 20 20 20 20 20 20 20 20 20 20 20 20 20 20 20 20 20 20 20 20 20 20 20 20 20 20 20 20 20 20 20 20 20 20 20 20 20 20 20 20 20 20 20 20 20 20 20 34 32 38 33 36 38 4A 58 4A 63 39 71 48 47 35 75 7A 6D 43 42 68 64 49 63 6A 76 56 35 75 47 65 50 76 55 56 51 32 79 6C 71 38 69 76 41 6D 75 6F 67 63 3D 20 20 20 20 20 20 20 20 20 20 20 20 20 20 20 20 20 20 20 20 20 20 20 20 20 20 20 20 20 20 20 20 20 20 20 20 20 20 20 20 20 20 20 20 20 20 20 20 20 20 20 20 20 20 20 20 20 20 20 20 20 20 20 20 20 20 20 20 20 20 20 20 20 20 20 20 20 20 20 20 20 20 30 30 30 30 33 36 57 30 30 30 30 30 31 30 31 30 32 32 30 32 36 36 20 20 20 20 20 20 20 20 20 20 20 20 20 20 20 20 35 46 38 32 41 30 41 31 44 41 30 38 31 37 31 43 20 20 20 20 20 20 20 20 20 20 20 20 20 20 20 20 20 20 20 20 20 20 20 20 20 20 20 20 20 20 20 20 20 20 20 20 20 20 20 20 20 20 20 20 20 20 20 20 20 20 20 20 20 20 20 20 20 20 20 20 20 20 20 20 20 20 20 20 20 20 20 20 20 20 20 20 30 33 39 39 30 32 30 30 30 31 30 30 30 30 30 32 20 20 20 20 20 20 20 20 20 20 20 20 20 20 20 20 20 20 20 20 20 20 20 20 20 20 20 20 20 20 20 20 20 20 20 20 20 20 20 20 20 20 20 20 20 20 20 20 20 20 20 20 20 20 20 20 20 20 20 20 20 20 20 20 20 20 20 20 20 20 20 20 20 20 20 20 20 20 20 20 20 20 20 20 20 20 20 20 20 20 20 20 20 20 20 20 20 20 20 20 20 20 20 20 20 20 20 20 20 20 20 20 20 20 20 20 20 20 20 20 03 42]
10:00:36.323 Recv LRC=0x42, Calc LRC=0x42
10:00:36.323 SendACK
10:00:36.323 SaveResponseData code=[EDC_RESPONSE]
10:00:36.345 SaveResponseData(600)=[0103000002428368201***4251     00000000120000190221100104777777               000099020001123456789012                 Bonjays Hotel            00                                                        428368JXJc9qHG5uzmCBhdIcjvV5uGePvUVQ2ylq8ivAmuogc=                                                                                  000036W000001010220266                5F82A0A1DA08171C                                                                            0399020001000002                                                                                                                        ]
10:00:36.381 ================================================================
10:00:36.381 Program done!
10:00:36.381 ================================================================
10:20:54.313 ================================================================
10:20:54.314 #Airlink# ecr api version=[20160531-001]
10:20:54.314 ----------------------------------------------------------------
10:20:54.314 SET Serial Port   :[COM40]
10:20:54.314 SET Timeout       :[120]
10:20:54.314 SET Rate          :[115200]
10:20:54.315 SET Mode          :[8,None,One]
10:20:54.315 SET Input File    :[in.dat]
10:20:54.315 SET Output Fiel   :[out.dat]
10:20:54.315 SET Retry         :[3]
10:20:54.315 SET Data Length   :[600]
10:20:54.316 SET RespCode Idx  :[79]
10:20:54.316 ----------------------------------------------------------------
10:20:54.317 ReadInFile(600)=[0103                           00000000120000                                                                          Bonjays Hotel                                                                                                                                                                                                                                                                                                                                                                                                                                                                                    ]
10:20:54.600 Send Req to EDC(603)=[02 30 31 30 33 20 20 20 20 20 20 20 20 20 20 20 20 20 20 20 20 20 20 20 20 20 20 20 20 20 20 20 30 30 30 30 30 30 30 30 31 32 30 30 30 30 20 20 20 20 20 20 20 20 20 20 20 20 20 20 20 20 20 20 20 20 20 20 20 20 20 20 20 20 20 20 20 20 20 20 20 20 20 20 20 20 20 20 20 20 20 20 20 20 20 20 20 20 20 20 20 20 20 20 20 20 20 20 20 20 20 20 20 20 20 20 20 20 20 20 42 6F 6E 6A 61 79 73 20 48 6F 74 65 6C 20 20 20 20 20 20 20 20 20 20 20 20 20 20 20 20 20 20 20 20 20 20 20 20 20 20 20 20 20 20 20 20 20 20 20 20 20 20 20 20 20 20 20 20 20 20 20 20 20 20 20 20 20 20 20 20 20 20 20 20 20 20 20 20 20 20 20 20 20 20 20 20 20 20 20 20 20 20 20 20 20 20 20 20 20 20 20 20 20 20 20 20 20 20 20 20 20 20 20 20 20 20 20 20 20 20 20 20 20 20 20 20 20 20 20 20 20 20 20 20 20 20 20 20 20 20 20 20 20 20 20 20 20 20 20 20 20 20 20 20 20 20 20 20 20 20 20 20 20 20 20 20 20 20 20 20 20 20 20 20 20 20 20 20 20 20 20 20 20 20 20 20 20 20 20 20 20 20 20 20 20 20 20 20 20 20 20 20 20 20 20 20 20 20 20 20 20 20 20 20 20 20 20 20 20 20 20 20 20 20 20 20 20 20 20 20 20 20 20 20 20 20 20 20 20 20 20 20 20 20 20 20 20 20 20 20 20 20 20 20 20 20 20 20 20 20 20 20 20 20 20 20 20 20 20 20 20 20 20 20 20 20 20 20 20 20 20 20 20 20 20 20 20 20 20 20 20 20 20 20 20 20 20 20 20 20 20 20 20 20 20 20 20 20 20 20 20 20 20 20 20 20 20 20 20 20 20 20 20 20 20 20 20 20 20 20 20 20 20 20 20 20 20 20 20 20 20 20 20 20 20 20 20 20 20 20 20 20 20 20 20 20 20 20 20 20 20 20 20 20 20 20 20 20 20 20 20 20 20 20 20 20 20 20 20 20 20 20 20 20 20 20 20 20 20 20 20 20 20 20 20 20 20 20 20 20 20 20 20 20 20 20 20 20 20 20 20 20 20 20 20 20 20 20 20 20 20 20 20 20 20 20 20 20 20 20 20 20 20 20 20 20 20 20 20 20 20 20 20 20 20 20 20 20 20 20 20 20 20 20 20 20 20 20 20 20 20 20 20 20 20 20 20 20 20 20 20 20 20 20 20 20 20 20 20 20 20 20 03 1A]
10:20:54.655 Recv ACKNAK=[06]
10:20:59.197 Recv Data(603)=[02 30 31 30 33 30 30 30 30 30 33 34 32 38 33 36 38 32 30 31 2A 2A 2A 34 32 35 31 20 20 20 20 20 30 30 30 30 30 30 30 30 31 32 30 30 30 30 31 39 30 32 32 31 31 30 32 31 32 36 37 37 37 37 37 37 20 20 20 20 20 20 20 20 20 20 20 20 20 20 20 30 30 30 30 39 39 30 32 30 30 30 31 31 32 33 34 35 36 37 38 39 30 31 32 20 20 20 20 20 20 20 20 20 20 20 20 20 20 20 20 20 42 6F 6E 6A 61 79 73 20 48 6F 74 65 6C 20 20 20 20 20 20 20 20 20 20 20 20 30 30 20 20 20 20 20 20 20 20 20 20 20 20 20 20 20 20 20 20 20 20 20 20 20 20 20 20 20 20 20 20 20 20 20 20 20 20 20 20 20 20 20 20 20 20 20 20 20 20 20 20 20 20 20 20 20 20 34 32 38 33 36 38 4A 58 4A 63 39 71 48 47 35 75 7A 6D 43 42 68 64 49 63 6A 76 56 35 75 47 65 50 76 55 56 51 32 79 6C 71 38 69 76 41 6D 75 6F 67 63 3D 20 20 20 20 20 20 20 20 20 20 20 20 20 20 20 20 20 20 20 20 20 20 20 20 20 20 20 20 20 20 20 20 20 20 20 20 20 20 20 20 20 20 20 20 20 20 20 20 20 20 20 20 20 20 20 20 20 20 20 20 20 20 20 20 20 20 20 20 20 20 20 20 20 20 20 20 20 20 20 20 20 20 30 30 30 30 33 36 57 30 30 30 30 30 31 30 31 30 32 32 30 32 36 36 20 20 20 20 20 20 20 20 20 20 20 20 20 20 20 20 46 36 30 32 41 43 43 42 37 46 32 42 32 32 30 36 20 20 20 20 20 20 20 20 20 20 20 20 20 20 20 20 20 20 20 20 20 20 20 20 20 20 20 20 20 20 20 20 20 20 20 20 20 20 20 20 20 20 20 20 20 20 20 20 20 20 20 20 20 20 20 20 20 20 20 20 20 20 20 20 20 20 20 20 20 20 20 20 20 20 20 20 30 33 39 39 30 32 30 30 30 31 30 30 30 30 30 33 20 20 20 20 20 20 20 20 20 20 20 20 20 20 20 20 20 20 20 20 20 20 20 20 20 20 20 20 20 20 20 20 20 20 20 20 20 20 20 20 20 20 20 20 20 20 20 20 20 20 20 20 20 20 20 20 20 20 20 20 20 20 20 20 20 20 20 20 20 20 20 20 20 20 20 20 20 20 20 20 20 20 20 20 20 20 20 20 20 20 20 20 20 20 20 20 20 20 20 20 20 20 20 20 20 20 20 20 20 20 20 20 20 20 20 20 20 20 20 20 03 37]
10:20:59.197 Recv LRC=0x37, Calc LRC=0x37
10:20:59.197 SendACK
10:20:59.198 SaveResponseData code=[EDC_RESPONSE]
10:20:59.219 SaveResponseData(600)=[0103000003428368201***4251     00000000120000190221102126777777               000099020001123456789012                 Bonjays Hotel            00                                                        428368JXJc9qHG5uzmCBhdIcjvV5uGePvUVQ2ylq8ivAmuogc=                                                                                  000036W000001010220266                F602ACCB7F2B2206                                                                            0399020001000003                                                                                                                        ]
10:20:59.253 ================================================================
10:20:59.253 Program done!
10:20:59.253 ================================================================
10:51:43.466 ================================================================
10:51:43.467 #Airlink# ecr api version=[20160531-001]
10:51:43.467 ----------------------------------------------------------------
10:51:43.467 SET Serial Port   :[COM40]
10:51:43.467 SET Timeout       :[120]
10:51:43.467 SET Rate          :[115200]
10:51:43.468 SET Mode          :[8,None,One]
10:51:43.468 SET Input File    :[in.dat]
10:51:43.468 SET Output Fiel   :[out.dat]
10:51:43.468 SET Retry         :[3]
10:51:43.468 SET Data Length   :[600]
10:51:43.469 SET RespCode Idx  :[79]
10:51:43.469 ----------------------------------------------------------------
10:51:43.470 ReadInFile(600)=[0103                           00000000120000                                                                          Bonjays Hotel                                                                                                                                                                                                                                                                                                                                                                                                                                                                                    ]
10:51:43.750 Send Req to EDC(603)=[02 30 31 30 33 20 20 20 20 20 20 20 20 20 20 20 20 20 20 20 20 20 20 20 20 20 20 20 20 20 20 20 30 30 30 30 30 30 30 30 31 32 30 30 30 30 20 20 20 20 20 20 20 20 20 20 20 20 20 20 20 20 20 20 20 20 20 20 20 20 20 20 20 20 20 20 20 20 20 20 20 20 20 20 20 20 20 20 20 20 20 20 20 20 20 20 20 20 20 20 20 20 20 20 20 20 20 20 20 20 20 20 20 20 20 20 20 20 20 20 42 6F 6E 6A 61 79 73 20 48 6F 74 65 6C 20 20 20 20 20 20 20 20 20 20 20 20 20 20 20 20 20 20 20 20 20 20 20 20 20 20 20 20 20 20 20 20 20 20 20 20 20 20 20 20 20 20 20 20 20 20 20 20 20 20 20 20 20 20 20 20 20 20 20 20 20 20 20 20 20 20 20 20 20 20 20 20 20 20 20 20 20 20 20 20 20 20 20 20 20 20 20 20 20 20 20 20 20 20 20 20 20 20 20 20 20 20 20 20 20 20 20 20 20 20 20 20 20 20 20 20 20 20 20 20 20 20 20 20 20 20 20 20 20 20 20 20 20 20 20 20 20 20 20 20 20 20 20 20 20 20 20 20 20 20 20 20 20 20 20 20 20 20 20 20 20 20 20 20 20 20 20 20 20 20 20 20 20 20 20 20 20 20 20 20 20 20 20 20 20 20 20 20 20 20 20 20 20 20 20 20 20 20 20 20 20 20 20 20 20 20 20 20 20 20 20 20 20 20 20 20 20 20 20 20 20 20 20 20 20 20 20 20 20 20 20 20 20 20 20 20 20 20 20 20 20 20 20 20 20 20 20 20 20 20 20 20 20 20 20 20 20 20 20 20 20 20 20 20 20 20 20 20 20 20 20 20 20 20 20 20 20 20 20 20 20 20 20 20 20 20 20 20 20 20 20 20 20 20 20 20 20 20 20 20 20 20 20 20 20 20 20 20 20 20 20 20 20 20 20 20 20 20 20 20 20 20 20 20 20 20 20 20 20 20 20 20 20 20 20 20 20 20 20 20 20 20 20 20 20 20 20 20 20 20 20 20 20 20 20 20 20 20 20 20 20 20 20 20 20 20 20 20 20 20 20 20 20 20 20 20 20 20 20 20 20 20 20 20 20 20 20 20 20 20 20 20 20 20 20 20 20 20 20 20 20 20 20 20 20 20 20 20 20 20 20 20 20 20 20 20 20 20 20 20 20 20 20 20 20 20 20 20 20 20 20 20 20 20 20 20 20 20 20 20 20 20 20 20 20 20 20 20 20 20 20 20 20 20 20 20 20 20 20 20 20 20 20 20 20 20 20 20 03 1A]
10:51:43.805 Recv ACKNAK=[06]
10:51:45.850 Recv Data(603)=[02 30 31 30 33 30 30 30 30 30 34 34 32 38 33 36 38 32 30 31 2A 2A 2A 34 32 35 31 20 20 20 20 20 30 30 30 30 30 30 30 30 31 32 30 30 30 30 31 39 30 32 32 31 31 30 35 32 31 33 37 37 37 37 37 37 20 20 20 20 20 20 20 20 20 20 20 20 20 20 20 30 30 30 30 39 39 30 32 30 30 30 31 31 32 33 34 35 36 37 38 39 30 31 32 20 20 20 20 20 20 20 20 20 20 20 20 20 20 20 20 20 42 6F 6E 6A 61 79 73 20 48 6F 74 65 6C 20 20 20 20 20 20 20 20 20 20 20 20 30 30 20 20 20 20 20 20 20 20 20 20 20 20 20 20 20 20 20 20 20 20 20 20 20 20 20 20 20 20 20 20 20 20 20 20 20 20 20 20 20 20 20 20 20 20 20 20 20 20 20 20 20 20 20 20 20 20 34 32 38 33 36 38 4A 58 4A 63 39 71 48 47 35 75 7A 6D 43 42 68 64 49 63 6A 76 56 35 75 47 65 50 76 55 56 51 32 79 6C 71 38 69 76 41 6D 75 6F 67 63 3D 20 20 20 20 20 20 20 20 20 20 20 20 20 20 20 20 20 20 20 20 20 20 20 20 20 20 20 20 20 20 20 20 20 20 20 20 20 20 20 20 20 20 20 20 20 20 20 20 20 20 20 20 20 20 20 20 20 20 20 20 20 20 20 20 20 20 20 20 20 20 20 20 20 20 20 20 20 20 20 20 20 20 30 30 30 30 33 36 57 30 30 30 30 30 31 30 31 30 32 32 30 32 36 36 20 20 20 20 20 20 20 20 20 20 20 20 20 20 20 20 37 36 43 32 43 37 34 31 46 30 31 33 33 41 44 33 20 20 20 20 20 20 20 20 20 20 20 20 20 20 20 20 20 20 20 20 20 20 20 20 20 20 20 20 20 20 20 20 20 20 20 20 20 20 20 20 20 20 20 20 20 20 20 20 20 20 20 20 20 20 20 20 20 20 20 20 20 20 20 20 20 20 20 20 20 20 20 20 20 20 20 20 30 33 39 39 30 32 30 30 30 31 30 30 30 30 30 34 20 20 20 20 20 20 20 20 20 20 20 20 20 20 20 20 20 20 20 20 20 20 20 20 20 20 20 20 20 20 20 20 20 20 20 20 20 20 20 20 20 20 20 20 20 20 20 20 20 20 20 20 20 20 20 20 20 20 20 20 20 20 20 20 20 20 20 20 20 20 20 20 20 20 20 20 20 20 20 20 20 20 20 20 20 20 20 20 20 20 20 20 20 20 20 20 20 20 20 20 20 20 20 20 20 20 20 20 20 20 20 20 20 20 20 20 20 20 20 20 03 33]
10:51:45.850 Recv LRC=0x33, Calc LRC=0x33
10:51:45.851 SendACK
10:51:45.851 SaveResponseData code=[EDC_RESPONSE]
10:51:45.873 SaveResponseData(600)=[0103000004428368201***4251     00000000120000190221105213777777               000099020001123456789012                 Bonjays Hotel            00                                                        428368JXJc9qHG5uzmCBhdIcjvV5uGePvUVQ2ylq8ivAmuogc=                                                                                  000036W000001010220266                76C2C741F0133AD3                                                                            0399020001000004                                                                                                                        ]
10:51:45.908 ================================================================
10:51:45.908 Program done!
10:51:45.908 ================================================================
10:56:07.995 ================================================================
10:56:07.996 #Airlink# ecr api version=[20160531-001]
10:56:07.996 ----------------------------------------------------------------
10:56:07.996 SET Serial Port   :[COM40]
10:56:07.996 SET Timeout       :[120]
10:56:07.996 SET Rate          :[115200]
10:56:07.997 SET Mode          :[8,None,One]
10:56:07.997 SET Input File    :[in.dat]
10:56:07.997 SET Output Fiel   :[out.dat]
10:56:07.997 SET Retry         :[3]
10:56:07.997 SET Data Length   :[600]
10:56:07.998 SET RespCode Idx  :[79]
10:56:07.998 ----------------------------------------------------------------
10:56:07.999 ReadInFile(600)=[0103                           00000000120000                                                                          Bonjays Hotel                                                                                                                                                                                                                                                                                                                                                                                                                                                                                    ]
10:56:08.283 Send Req to EDC(603)=[02 30 31 30 33 20 20 20 20 20 20 20 20 20 20 20 20 20 20 20 20 20 20 20 20 20 20 20 20 20 20 20 30 30 30 30 30 30 30 30 31 32 30 30 30 30 20 20 20 20 20 20 20 20 20 20 20 20 20 20 20 20 20 20 20 20 20 20 20 20 20 20 20 20 20 20 20 20 20 20 20 20 20 20 20 20 20 20 20 20 20 20 20 20 20 20 20 20 20 20 20 20 20 20 20 20 20 20 20 20 20 20 20 20 20 20 20 20 20 20 42 6F 6E 6A 61 79 73 20 48 6F 74 65 6C 20 20 20 20 20 20 20 20 20 20 20 20 20 20 20 20 20 20 20 20 20 20 20 20 20 20 20 20 20 20 20 20 20 20 20 20 20 20 20 20 20 20 20 20 20 20 20 20 20 20 20 20 20 20 20 20 20 20 20 20 20 20 20 20 20 20 20 20 20 20 20 20 20 20 20 20 20 20 20 20 20 20 20 20 20 20 20 20 20 20 20 20 20 20 20 20 20 20 20 20 20 20 20 20 20 20 20 20 20 20 20 20 20 20 20 20 20 20 20 20 20 20 20 20 20 20 20 20 20 20 20 20 20 20 20 20 20 20 20 20 20 20 20 20 20 20 20 20 20 20 20 20 20 20 20 20 20 20 20 20 20 20 20 20 20 20 20 20 20 20 20 20 20 20 20 20 20 20 20 20 20 20 20 20 20 20 20 20 20 20 20 20 20 20 20 20 20 20 20 20 20 20 20 20 20 20 20 20 20 20 20 20 20 20 20 20 20 20 20 20 20 20 20 20 20 20 20 20 20 20 20 20 20 20 20 20 20 20 20 20 20 20 20 20 20 20 20 20 20 20 20 20 20 20 20 20 20 20 20 20 20 20 20 20 20 20 20 20 20 20 20 20 20 20 20 20 20 20 20 20 20 20 20 20 20 20 20 20 20 20 20 20 20 20 20 20 20 20 20 20 20 20 20 20 20 20 20 20 20 20 20 20 20 20 20 20 20 20 20 20 20 20 20 20 20 20 20 20 20 20 20 20 20 20 20 20 20 20 20 20 20 20 20 20 20 20 20 20 20 20 20 20 20 20 20 20 20 20 20 20 20 20 20 20 20 20 20 20 20 20 20 20 20 20 20 20 20 20 20 20 20 20 20 20 20 20 20 20 20 20 20 20 20 20 20 20 20 20 20 20 20 20 20 20 20 20 20 20 20 20 20 20 20 20 20 20 20 20 20 20 20 20 20 20 20 20 20 20 20 20 20 20 20 20 20 20 20 20 20 20 20 20 20 20 20 20 20 20 20 20 20 20 20 20 20 20 20 20 20 20 20 20 20 20 20 20 20 20 03 1A]
10:56:08.338 Recv ACKNAK=[06]
10:57:49.083 Recv Data(603)=[02 30 31 30 33 30 30 30 30 30 35 34 32 38 33 36 38 32 30 31 2A 2A 2A 34 32 35 31 20 20 20 20 20 30 30 30 30 30 30 30 30 31 32 30 30 30 30 31 39 30 32 32 31 31 30 35 36 33 39 37 37 37 37 37 37 20 20 20 20 20 20 20 20 20 20 20 20 20 20 20 30 30 30 30 39 39 30 32 30 30 30 31 31 32 33 34 35 36 37 38 39 30 31 32 20 20 20 20 20 20 20 20 20 20 20 20 20 20 20 20 20 42 6F 6E 6A 61 79 73 20 48 6F 74 65 6C 20 20 20 20 20 20 20 20 20 20 20 20 30 30 20 20 20 20 20 20 20 20 20 20 20 20 20 20 20 20 20 20 20 20 20 20 20 20 20 20 20 20 20 20 20 20 20 20 20 20 20 20 20 20 20 20 20 20 20 20 20 20 20 20 20 20 20 20 20 20 34 32 38 33 36 38 4A 58 4A 63 39 71 48 47 35 75 7A 6D 43 42 68 64 49 63 6A 76 56 35 75 47 65 50 76 55 56 51 32 79 6C 71 38 69 76 41 6D 75 6F 67 63 3D 20 20 20 20 20 20 20 20 20 20 20 20 20 20 20 20 20 20 20 20 20 20 20 20 20 20 20 20 20 20 20 20 20 20 20 20 20 20 20 20 20 20 20 20 20 20 20 20 20 20 20 20 20 20 20 20 20 20 20 20 20 20 20 20 20 20 20 20 20 20 20 20 20 20 20 20 20 20 20 20 20 20 30 30 30 30 33 36 43 30 30 30 30 30 31 30 31 30 32 32 30 32 36 36 41 30 30 30 30 30 30 30 30 33 31 30 31 30 20 20 34 38 41 38 46 44 34 45 41 46 39 34 41 32 46 34 20 20 20 20 20 20 20 20 20 20 20 20 20 20 20 20 20 20 20 20 20 20 20 20 20 20 20 20 20 20 20 20 20 20 20 20 20 20 20 20 20 20 20 20 20 20 20 20 20 20 20 20 20 20 20 20 20 20 20 20 20 20 20 20 20 20 20 20 20 20 20 20 20 20 20 20 30 35 39 39 30 32 30 30 30 31 30 30 30 30 30 35 20 20 20 20 20 20 20 20 20 20 20 20 20 20 20 20 20 20 20 20 20 20 20 20 20 20 20 20 20 20 20 20 20 20 20 20 20 20 20 20 20 20 20 20 20 20 20 20 20 20 20 20 20 20 20 20 20 20 20 20 20 20 20 20 20 20 20 20 20 20 20 20 20 20 20 20 20 20 20 20 20 20 20 20 20 20 20 20 20 20 20 20 20 20 20 20 20 20 20 20 20 20 20 20 20 20 20 20 20 20 20 20 20 20 20 20 20 20 20 20 03 22]
10:57:49.083 Recv LRC=0x22, Calc LRC=0x22
10:57:49.083 SendACK
10:57:49.084 SaveResponseData code=[EDC_RESPONSE]
10:57:49.105 SaveResponseData(600)=[0103000005428368201***4251     00000000120000190221105639777777               000099020001123456789012                 Bonjays Hotel            00                                                        428368JXJc9qHG5uzmCBhdIcjvV5uGePvUVQ2ylq8ivAmuogc=                                                                                  000036C000001010220266A0000000031010  48A8FD4EAF94A2F4                                                                            0599020001000005                                                                                                                        ]
10:57:49.141 ================================================================
10:57:49.141 Program done!
10:57:49.141 ================================================================
10:57:49.665 ================================================================
10:57:49.665 #Airlink# EDCFileTransferApi version=[20181129-001]
10:57:49.665 ----------------------------------------------------------------
10:57:49.666 SET Serial Port   :[COM40]
10:57:49.666 SET Timeout       :[10]
10:57:49.666 SET Rate          :[115200]
10:57:49.667 SET Mode          :[8,None,One]
10:57:49.667 SET Input File    :[in.dat]
10:57:49.667 SET Output File   :[out.dat]
10:57:49.667 SET Retry         :[3]
10:57:49.667 SET Data Length   :[600]
10:57:49.667 SET RespCode Idx  :[79]
10:57:49.668 ----------------------------------------------------------------
10:57:49.948 before lrc= 20 03
10:57:49.948 PackSendBuf(0), bpInDataLen=600, SendLen=603
10:57:49.949 Sequence No=0
10:57:49.949 Send Req to EDC(603)=[02 46 53 00 05 12 20 20 20 20 20 20 20 20 20 20 20 20 20 20 20 20 20 20 20 20 20 20 20 20 20 20 20 20 20 20 20 20 20 20 20 20 20 20 20 20 20 20 20 20 20 20 20 20 20 20 20 20 20 20 20 20 20 20 20 20 20 20 20 20 20 20 20 20 20 20 20 20 20 20 20 20 20 20 20 20 20 20 20 20 20 20 20 20 20 20 20 20 20 20 20 20 20 20 20 20 20 20 20 20 20 20 20 20 20 20 20 20 20 20 20 20 20 20 20 20 20 20 20 20 20 20 20 20 20 20 20 20 20 20 20 20 20 20 20 20 20 20 20 20 20 20 20 20 20 20 20 20 20 20 20 20 20 20 20 20 20 20 20 20 20 20 20 20 20 20 20 20 20 20 20 20 20 20 20 20 20 20 20 20 20 20 20 20 20 20 20 20 20 20 20 20 20 20 20 20 20 20 20 20 20 20 20 20 20 20 20 20 20 20 20 20 20 20 20 20 20 20 20 20 20 20 20 20 20 20 20 20 20 20 20 20 20 20 20 20 20 20 20 20 20 20 20 20 20 20 20 20 20 20 20 20 20 20 20 20 20 20 20 20 20 20 20 20 20 20 20 20 20 20 20 20 20 20 20 20 20 20 20 20 20 20 20 20 20 20 20 20 20 20 20 20 20 20 20 20 20 20 20 20 20 20 20 20 20 20 20 20 20 20 20 20 20 20 20 20 20 20 20 20 20 20 20 20 20 20 20 20 20 20 20 20 20 20 20 20 20 20 20 20 20 20 20 20 20 20 20 20 20 20 20 20 20 20 20 20 20 20 20 20 20 20 20 20 20 20 20 20 20 20 20 20 20 20 20 20 20 20 20 20 20 20 20 20 20 20 20 20 20 20 20 20 20 20 20 20 20 20 20 20 20 20 20 20 20 20 20 20 20 20 20 20 20 20 20 20 20 20 20 20 20 20 20 20 20 20 20 20 20 20 20 20 20 20 20 20 20 20 20 20 20 20 20 20 20 20 20 20 20 20 20 20 20 20 20 20 20 20 20 20 20 20 20 20 20 20 20 20 20 20 20 20 20 20 20 20 20 20 20 20 20 20 20 20 20 20 20 20 20 20 20 20 20 20 20 20 20 20 20 20 20 20 20 20 20 20 20 20 20 20 20 20 20 20 20 20 20 20 20 20 20 20 20 20 20 20 20 20 20 20 20 20 20 20 20 20 20 20 20 20 20 20 20 20 20 20 20 20 20 20 20 20 20 20 20 20 20 20 20 20 20 20 20 20 20 20 20 20 20 20 20 20 20 20 20 20 20 20 20 20 20 20 20 20 20 20 20 20 20 20 20 03 21]
10:57:50.480 Recv ACKNAK=[06]
10:57:50.757 Curren package data size=595)
10:57:50.807 Recv Data(603)=[02 46 53 00 05 95 39 39 30 32 30 30 30 31 30 30 30 30 30 33 1F 8B 08 00 00 00 00 00 00 03 ED D6 CD B5 EE B6 0D 05 50 BC 2E 52 42 2A F0 D8 2B F3 F4 94 52 D3 89 3C B8 6F E9 49 02 09 80 20 48 42 D4 D9 A3 E4 7E C0 21 F8 23 DB FF F9 EF 5F FF FF 45 44 44 7F 11 D1 BF 89 E8 EF 5F 44 FF 23 A2 5F F4 2F AA 39 00 00 00 40 84 7F 63 02 14 C9 FF 49 99 E4 3F 3B 17 2E 0D 90 59 EB F7 2B 14 8F 33 7F 45 80 CC 8C 1F 23 FB 6A AB 6A 09 21 26 2C 01 F0 22 AD 5F DF A3 8C 2A 84 84 1E A3 F3 01 DE A5 F5 73 90 EB 27 7C 5F A3 F3 61 63 54 A1 F5 E5 D5 3A FF F2 2D 2F 1F 00 26 7B 7E 6C 17 5A EB 93 10 75 D2 32 12 F1 CD EC EB 92 35 65 DA 2B 61 03 64 63 0F 11 7E 32 A6 19 05 46 71 3D A3 F6 F4 72 AD E7 D6 54 0C AF 26 DC 35 95 F0 32 5E 5C AB 39 2A 99 6A 57 91 BB D1 A2 3F BC 73 77 3F DC 09 8E 96 AF 71 9F 6D 1E C6 F9 2D 3B B5 E4 9C A8 42 EB BB E9 E9 95 45 65 12 A3 75 DC B8 1B 8F B8 2D 6C 8C 5D CE CB CE AA 75 6C B9 B8 29 8A 73 B4 53 89 D6 A4 0B 8C 3A B5 66 86 EC A8 B3 7D 6F 54 A7 B5 A6 E0 98 56 DE 63 6B DA 83 63 9E 23 E8 DF E3 3F FA 13 64 4D B1 21 63 84 84 EC 8A 1F 0E 31 42 FB 72 BE 09 85 DD F5 EF DA 97 70 ED A2 12 2D 60 E0 C5 5D D3 9A C2 ED 95 B2 A8 9C FD D4 4E 86 4A 78 D9 72 3D 83 D5 F6 D5 93 F9 C3 77 62 8F 16 BA 13 1A 1F C5 72 A5 43 71 30 A1 FE 64 AF 94 45 E5 7C 10 31 5A 87 87 3B DC D7 75 2A EE AB 33 F3 87 23 A4 76 08 B5 BF F3 1A A1 A0 47 F1 7C D4 E5 8C 65 16 81 51 9F 45 77 5A 79 1B 77 AC AF EB 8A 6F AA 35 93 EA B4 D6 A7 62 A3 90 FF 50 8B ED C4 C3 2D EB AA 05 4D A2 72 3E CE 72 71 0E EE B4 FE 49 F8 8E 5A 33 A9 4E 6B 2D A8 35 0A AB D4 5A 42 D4 F2 D5 01 84 9F 1C A2 72 E0 88 BE 9A A3 EF 76 7C BD 54 71 FD 55 4E 38 D5 A2 AE B4 8C 3F 1C 2D 43 A9 C3 C8 03 FB 0E 81 EB 4F 80 87 D8 AB 71 84 50 45 7F BD 9C C3 15 03 D9 3A D6 CC A6 E2 4E F2 5A C6 49 2C 09 C6 A8 9A CE 76 28 0A BC 1A AD EA 86 0C D4 62 7B 20 5B BF AD 5E 2D E0 EC 03 F9]
10:57:50.808 Recv LRC=0xF9, Calc LRC=0xF9
10:57:50.808 SendACK
10:57:50.809 FileName=[99020001000003]
10:57:50.809 Recv File Data(581)=[1F 8B 08 00 00 00 00 00 00 03 ED D6 CD B5 EE B6 0D 05 50 BC 2E 52 42 2A F0 D8 2B F3 F4 94 52 D3 89 3C B8 6F E9 49 02 09 80 20 48 42 D4 D9 A3 E4 7E C0 21 F8 23 DB FF F9 EF 5F FF FF 45 44 44 7F 11 D1 BF 89 E8 EF 5F 44 FF 23 A2 5F F4 2F AA 39 00 00 00 40 84 7F 63 02 14 C9 FF 49 99 E4 3F 3B 17 2E 0D 90 59 EB F7 2B 14 8F 33 7F 45 80 CC 8C 1F 23 FB 6A AB 6A 09 21 26 2C 01 F0 22 AD 5F DF A3 8C 2A 84 84 1E A3 F3 01 DE A5 F5 73 90 EB 27 7C 5F A3 F3 61 63 54 A1 F5 E5 D5 3A FF F2 2D 2F 1F 00 26 7B 7E 6C 17 5A EB 93 10 75 D2 32 12 F1 CD EC EB 92 35 65 DA 2B 61 03 64 63 0F 11 7E 32 A6 19 05 46 71 3D A3 F6 F4 72 AD E7 D6 54 0C AF 26 DC 35 95 F0 32 5E 5C AB 39 2A 99 6A 57 91 BB D1 A2 3F BC 73 77 3F DC 09 8E 96 AF 71 9F 6D 1E C6 F9 2D 3B B5 E4 9C A8 42 EB BB E9 E9 95 45 65 12 A3 75 DC B8 1B 8F B8 2D 6C 8C 5D CE CB CE AA 75 6C B9 B8 29 8A 73 B4 53 89 D6 A4 0B 8C 3A B5 66 86 EC A8 B3 7D 6F 54 A7 B5 A6 E0 98 56 DE 63 6B DA 83 63 9E 23 E8 DF E3 3F FA 13 64 4D B1 21 63 84 84 EC 8A 1F 0E 31 42 FB 72 BE 09 85 DD F5 EF DA 97 70 ED A2 12 2D 60 E0 C5 5D D3 9A C2 ED 95 B2 A8 9C FD D4 4E 86 4A 78 D9 72 3D 83 D5 F6 D5 93 F9 C3 77 62 8F 16 BA 13 1A 1F C5 72 A5 43 71 30 A1 FE 64 AF 94 45 E5 7C 10 31 5A 87 87 3B DC D7 75 2A EE AB 33 F3 87 23 A4 76 08 B5 BF F3 1A A1 A0 47 F1 7C D4 E5 8C 65 16 81 51 9F 45 77 5A 79 1B 77 AC AF EB 8A 6F AA 35 93 EA B4 D6 A7 62 A3 90 FF 50 8B ED C4 C3 2D EB AA 05 4D A2 72 3E CE 72 71 0E EE B4 FE 49 F8 8E 5A 33 A9 4E 6B 2D A8 35 0A AB D4 5A 42 D4 F2 D5 01 84 9F 1C A2 72 E0 88 BE 9A A3 EF 76 7C BD 54 71 FD 55 4E 38 D5 A2 AE B4 8C 3F 1C 2D 43 A9 C3 C8 03 FB 0E 81 EB 4F 80 87 D8 AB 71 84 50 45 7F BD 9C C3 15 03 D9 3A D6 CC A6 E2 4E F2 5A C6 49 2C 09 C6 A8 9A CE 76 28 0A BC 1A AD EA 86 0C D4 62 7B 20 5B BF AD 5E 2D E0 EC]
10:57:50.809 RetrieveRecvFileData: total len=581
10:57:50.860 before lrc= 20 03
10:57:50.860 PackSendBuf(1), bpInDataLen=600, SendLen=603
10:57:50.860 Sequence No=1
10:57:50.860 Send Req to EDC(603)=[02 46 53 01 05 12 20 20 20 20 20 20 20 20 20 20 20 20 20 20 20 20 20 20 20 20 20 20 20 20 20 20 20 20 20 20 20 20 20 20 20 20 20 20 20 20 20 20 20 20 20 20 20 20 20 20 20 20 20 20 20 20 20 20 20 20 20 20 20 20 20 20 20 20 20 20 20 20 20 20 20 20 20 20 20 20 20 20 20 20 20 20 20 20 20 20 20 20 20 20 20 20 20 20 20 20 20 20 20 20 20 20 20 20 20 20 20 20 20 20 20 20 20 20 20 20 20 20 20 20 20 20 20 20 20 20 20 20 20 20 20 20 20 20 20 20 20 20 20 20 20 20 20 20 20 20 20 20 20 20 20 20 20 20 20 20 20 20 20 20 20 20 20 20 20 20 20 20 20 20 20 20 20 20 20 20 20 20 20 20 20 20 20 20 20 20 20 20 20 20 20 20 20 20 20 20 20 20 20 20 20 20 20 20 20 20 20 20 20 20 20 20 20 20 20 20 20 20 20 20 20 20 20 20 20 20 20 20 20 20 20 20 20 20 20 20 20 20 20 20 20 20 20 20 20 20 20 20 20 20 20 20 20 20 20 20 20 20 20 20 20 20 20 20 20 20 20 20 20 20 20 20 20 20 20 20 20 20 20 20 20 20 20 20 20 20 20 20 20 20 20 20 20 20 20 20 20 20 20 20 20 20 20 20 20 20 20 20 20 20 20 20 20 20 20 20 20 20 20 20 20 20 20 20 20 20 20 20 20 20 20 20 20 20 20 20 20 20 20 20 20 20 20 20 20 20 20 20 20 20 20 20 20 20 20 20 20 20 20 20 20 20 20 20 20 20 20 20 20 20 20 20 20 20 20 20 20 20 20 20 20 20 20 20 20 20 20 20 20 20 20 20 20 20 20 20 20 20 20 20 20 20 20 20 20 20 20 20 20 20 20 20 20 20 20 20 20 20 20 20 20 20 20 20 20 20 20 20 20 20 20 20 20 20 20 20 20 20 20 20 20 20 20 20 20 20 20 20 20 20 20 20 20 20 20 20 20 20 20 20 20 20 20 20 20 20 20 20 20 20 20 20 20 20 20 20 20 20 20 20 20 20 20 20 20 20 20 20 20 20 20 20 20 20 20 20 20 20 20 20 20 20 20 20 20 20 20 20 20 20 20 20 20 20 20 20 20 20 20 20 20 20 20 20 20 20 20 20 20 20 20 20 20 20 20 20 20 20 20 20 20 20 20 20 20 20 20 20 20 20 20 20 20 20 20 20 20 20 20 20 20 20 20 20 20 20 20 20 20 20 20 20 20 20 20 20 20 20 20 20 20 20 20 20 20 20 20 20 20 20 20 03 20]
10:57:50.927 Recv ACKNAK=[06]
10:57:51.134 Curren package data size=595)
10:57:51.184 Recv Data(603)=[02 46 53 01 05 95 39 39 30 32 30 30 30 31 30 30 30 30 30 33 95 6E 96 91 8C 33 10 23 D4 F0 9F 8C 3A DB A1 46 BD 3B 99 A3 8B BC 62 D3 04 96 85 8A 35 8F 62 B9 C6 88 4D 67 1D 43 2D B8 96 19 33 DD 86 86 83 EF FA 1C 2D 87 F6 20 B9 D8 34 4E 4E 53 97 3B 4A E4 5F 9B F0 15 2D C9 C6 B2 AB D6 FA 56 A3 F3 A1 F5 D2 9B 8A 05 AD EB 0A C8 4B 48 B0 AC 52 AB E1 7F 6F 25 AF 52 D3 5A 3F 41 C2 91 F6 D3 F4 5A 8C 65 16 81 51 47 CB 3F 10 A8 E4 F1 AB B1 BD F8 53 B1 6B B4 DA 48 6B E5 9C 6A 3F 74 67 A9 14 6A 8C 02 A3 7E 34 A5 91 C6 DE CE FF 28 34 0E B2 6A 5D 55 DA C1 F6 43 77 72 59 ED D7 47 99 9C A9 AE D5 C4 1D 65 19 D5 D8 65 EC 0D B7 6A 5D 55 DA C1 76 A5 3E 42 E3 8D 50 23 2D 4F D7 9F E3 18 AC D8 A2 76 85 5B B2 A8 C5 AA 03 81 1A C7 8D 3C 1F 77 3B 6D 85 E3 88 7B C3 EE 31 EC 95 E1 96 2C 6A 94 79 B6 6F EA B9 11 BA E3 7F 91 3D 72 78 F2 73 BD 3E F2 0C 79 A4 1D EC C8 3D DB 37 F5 DF 48 F1 BB 38 09 C5 FC 8F C2 5F 62 8D CE EF 91 76 B0 23 F7 6C DF 14 75 23 54 A7 B5 1E 47 FD 13 16 5A 76 D5 74 6E 93 65 9E ED 9B 46 5C 07 55 58 BA 6A FF 37 15 61 B6 D6 5D 17 B9 1B 27 C8 3C DB 07 F5 3C 33 55 D3 63 E6 C5 72 FD 42 C2 6C C5 5D 14 15 DB AF 21 42 C1 42 99 67 FB A6 09 37 62 7F B4 0F 42 FD 42 F2 6C C5 8D A8 EC F9 6B 65 9E ED 9B 8A 4F 68 A1 DA AB CE 43 9E CD 32 3F 19 D4 7A 7B F4 27 F7 27 40 B8 84 97 12 32 52 48 08 17 1E 4B 22 AD BB 2A 3C F0 C8 F7 4F 7B 38 F6 BD 94 D2 E3 2D D0 62 9E 7C 5D 46 21 A3 F6 27 08 A2 72 20 50 E0 FD E6 51 79 C2 56 72 6C ED D7 10 E7 12 4D 83 F1 7A A1 D2 6D 5C 32 F4 D8 EF 5E 2C CF 98 EA E4 96 DA AF 21 8A 33 58 C6 53 87 EF 37 3A 1F 7C 26 5C FD 64 83 B6 33 28 F6 A1 B6 8A 7C 4D 13 66 9B B0 44 38 BA D0 6A 5F 6C B3 3D 0E DA CE 88 4C CE 37 BC A3 A5 95 6F B0 B5 A8 91 96 97 D7 06 5B B8 1A B1 97 11 99 45 D3 16 6A 95 76 30 15 79 69 C1 89 BC 71 E6 9A 11 1B 99 76 3E D3 16 6A 95 73 AA 28 54 A2 35 E5 F2 D2 B1 B9 41 03 47]
10:57:51.185 Recv LRC=0x47, Calc LRC=0x47
10:57:51.185 SendACK
10:57:51.185 FileName=[99020001000003]
10:57:51.185 Recv File Data(581)=[95 6E 96 91 8C 33 10 23 D4 F0 9F 8C 3A DB A1 46 BD 3B 99 A3 8B BC 62 D3 04 96 85 8A 35 8F 62 B9 C6 88 4D 67 1D 43 2D B8 96 19 33 DD 86 86 83 EF FA 1C 2D 87 F6 20 B9 D8 34 4E 4E 53 97 3B 4A E4 5F 9B F0 15 2D C9 C6 B2 AB D6 FA 56 A3 F3 A1 F5 D2 9B 8A 05 AD EB 0A C8 4B 48 B0 AC 52 AB E1 7F 6F 25 AF 52 D3 5A 3F 41 C2 91 F6 D3 F4 5A 8C 65 16 81 51 47 CB 3F 10 A8 E4 F1 AB B1 BD F8 53 B1 6B B4 DA 48 6B E5 9C 6A 3F 74 67 A9 14 6A 8C 02 A3 7E 34 A5 91 C6 DE CE FF 28 34 0E B2 6A 5D 55 DA C1 F6 43 77 72 59 ED D7 47 99 9C A9 AE D5 C4 1D 65 19 D5 D8 65 EC 0D B7 6A 5D 55 DA C1 76 A5 3E 42 E3 8D 50 23 2D 4F D7 9F E3 18 AC D8 A2 76 85 5B B2 A8 C5 AA 03 81 1A C7 8D 3C 1F 77 3B 6D 85 E3 88 7B C3 EE 31 EC 95 E1 96 2C 6A 94 79 B6 6F EA B9 11 BA E3 7F 91 3D 72 78 F2 73 BD 3E F2 0C 79 A4 1D EC C8 3D DB 37 F5 DF 48 F1 BB 38 09 C5 FC 8F C2 5F 62 8D CE EF 91 76 B0 23 F7 6C DF 14 75 23 54 A7 B5 1E 47 FD 13 16 5A 76 D5 74 6E 93 65 9E ED 9B 46 5C 07 55 58 BA 6A FF 37 15 61 B6 D6 5D 17 B9 1B 27 C8 3C DB 07 F5 3C 33 55 D3 63 E6 C5 72 FD 42 C2 6C C5 5D 14 15 DB AF 21 42 C1 42 99 67 FB A6 09 37 62 7F B4 0F 42 FD 42 F2 6C C5 8D A8 EC F9 6B 65 9E ED 9B 8A 4F 68 A1 DA AB CE 43 9E CD 32 3F 19 D4 7A 7B F4 27 F7 27 40 B8 84 97 12 32 52 48 08 17 1E 4B 22 AD BB 2A 3C F0 C8 F7 4F 7B 38 F6 BD 94 D2 E3 2D D0 62 9E 7C 5D 46 21 A3 F6 27 08 A2 72 20 50 E0 FD E6 51 79 C2 56 72 6C ED D7 10 E7 12 4D 83 F1 7A A1 D2 6D 5C 32 F4 D8 EF 5E 2C CF 98 EA E4 96 DA AF 21 8A 33 58 C6 53 87 EF 37 3A 1F 7C 26 5C FD 64 83 B6 33 28 F6 A1 B6 8A 7C 4D 13 66 9B B0 44 38 BA D0 6A 5F 6C B3 3D 0E DA CE 88 4C CE 37 BC A3 A5 95 6F B0 B5 A8 91 96 97 D7 06 5B B8 1A B1 97 11 99 45 D3 16 6A 95 76 30 15 79 69 C1 89 BC 71 E6 9A 11 1B 99 76 3E D3 16 6A 95 73 AA 28 54 A2 35 E5 F2 D2 B1 B9 41]
10:57:51.186 RetrieveRecvFileData: total len=1162
10:57:51.237 before lrc= 20 03
10:57:51.237 PackSendBuf(2), bpInDataLen=600, SendLen=603
10:57:51.237 Sequence No=2
10:57:51.237 Send Req to EDC(603)=[02 46 53 02 05 12 20 20 20 20 20 20 20 20 20 20 20 20 20 20 20 20 20 20 20 20 20 20 20 20 20 20 20 20 20 20 20 20 20 20 20 20 20 20 20 20 20 20 20 20 20 20 20 20 20 20 20 20 20 20 20 20 20 20 20 20 20 20 20 20 20 20 20 20 20 20 20 20 20 20 20 20 20 20 20 20 20 20 20 20 20 20 20 20 20 20 20 20 20 20 20 20 20 20 20 20 20 20 20 20 20 20 20 20 20 20 20 20 20 20 20 20 20 20 20 20 20 20 20 20 20 20 20 20 20 20 20 20 20 20 20 20 20 20 20 20 20 20 20 20 20 20 20 20 20 20 20 20 20 20 20 20 20 20 20 20 20 20 20 20 20 20 20 20 20 20 20 20 20 20 20 20 20 20 20 20 20 20 20 20 20 20 20 20 20 20 20 20 20 20 20 20 20 20 20 20 20 20 20 20 20 20 20 20 20 20 20 20 20 20 20 20 20 20 20 20 20 20 20 20 20 20 20 20 20 20 20 20 20 20 20 20 20 20 20 20 20 20 20 20 20 20 20 20 20 20 20 20 20 20 20 20 20 20 20 20 20 20 20 20 20 20 20 20 20 20 20 20 20 20 20 20 20 20 20 20 20 20 20 20 20 20 20 20 20 20 20 20 20 20 20 20 20 20 20 20 20 20 20 20 20 20 20 20 20 20 20 20 20 20 20 20 20 20 20 20 20 20 20 20 20 20 20 20 20 20 20 20 20 20 20 20 20 20 20 20 20 20 20 20 20 20 20 20 20 20 20 20 20 20 20 20 20 20 20 20 20 20 20 20 20 20 20 20 20 20 20 20 20 20 20 20 20 20 20 20 20 20 20 20 20 20 20 20 20 20 20 20 20 20 20 20 20 20 20 20 20 20 20 20 20 20 20 20 20 20 20 20 20 20 20 20 20 20 20 20 20 20 20 20 20 20 20 20 20 20 20 20 20 20 20 20 20 20 20 20 20 20 20 20 20 20 20 20 20 20 20 20 20 20 20 20 20 20 20 20 20 20 20 20 20 20 20 20 20 20 20 20 20 20 20 20 20 20 20 20 20 20 20 20 20 20 20 20 20 20 20 20 20 20 20 20 20 20 20 20 20 20 20 20 20 20 20 20 20 20 20 20 20 20 20 20 20 20 20 20 20 20 20 20 20 20 20 20 20 20 20 20 20 20 20 20 20 20 20 20 20 20 20 20 20 20 20 20 20 20 20 20 20 20 20 20 20 20 20 20 20 20 20 20 20 20 20 20 20 20 20 20 20 20 20 20 20 20 20 20 20 20 20 20 20 20 20 20 20 20 20 20 20 20 20 03 23]
10:57:51.302 Recv ACKNAK=[06]
10:57:51.504 Curren package data size=595)
10:57:51.554 Recv Data(603)=[02 46 53 02 05 95 39 39 30 32 30 30 30 31 30 30 30 30 30 33 BB 18 14 CB E5 7C 45 A9 86 81 A2 97 DE D1 63 6C 2A 11 DA 8D A2 72 54 C5 F9 E7 2C 2D C8 30 03 C8 92 3C 95 56 95 F7 6E A5 C5 FF D6 54 1C A5 67 E0 58 6B 57 07 A3 37 5E 53 E9 8D DF B6 50 2B 78 94 C9 84 E2 A6 1C 1F F7 D8 81 56 AD 0B 4D 16 BE 90 10 83 E6 17 32 07 AD 58 34 73 AD 87 55 EB 42 AB B7 DF D4 88 F9 E5 CC 85 9F D5 34 DB 6F 70 0F 74 A1 D5 26 35 62 78 35 53 2D 78 BB ED 37 B8 07 BA D3 CA 33 1A 31 BC 9A A9 16 BC DD DE BB DB 06 55 68 7D B9 F0 99 FB 77 A1 26 BC F4 AC 8C 36 DE DA 96 C8 40 CB F8 AD B5 BE 1F 5F AE 7F 00 4B C2 FC 9D 4E B3 EB BE F6 46 5E C5 90 DA 2A E1 6A 33 D4 EA 2D 8C 09 F3 37 3B C7 96 9B FA 02 62 6A 7F 37 92 97 0B C1 D7 EA 5F DA 98 50 D8 B0 97 B6 D4 54 09 47 82 26 EA D3 3A 7F 7A 3E 44 51 31 AA 5F F8 5A C6 84 E2 BA E1 B4 29 E2 AD 5A 17 62 09 4F E8 FA F7 DA 7B 23 11 CF F4 19 11 6E 0F 09 59 B4 B4 83 80 58 B7 55 EB 2E B4 EB 96 6B 0F E9 F9 C8 0C 7B E7 2D F6 DE 9A 90 10 CE 1E 18 B5 91 54 76 DA 8B D1 C6 5B 2E BE 4F 62 84 04 8E B7 DB D3 1C 2D AD 1C 81 8E 96 9C 46 9C 67 7E DB 6F F9 71 AD E7 FF EE DF 38 05 D1 D6 69 E0 08 1C 31 C6 12 7B EC A2 D5 36 D7 27 20 46 EB 70 E2 0B C9 EB 16 FF D8 C3 17 E8 EB 32 AA ED 3D DC 9C 55 12 DA 7E E3 74 A7 95 CF 13 3E 8F 2F 70 E8 C9 0C 0D 3F CD 59 25 A7 ED F7 4E 8C D6 31 49 F8 30 EE C0 71 27 33 28 F6 61 CE 2A 69 7D 67 FB 74 A1 D5 0E 17 3E 46 4F 60 4F 6F CD B4 A3 9E B3 0A 64 70 F9 82 17 DF 78 F8 0C 3D 81 E1 67 12 1E 28 98 B6 10 24 31 F3 75 D5 84 0F D0 19 18 78 26 81 51 AA 99 6B 41 1E 74 A1 D5 56 51 04 6D 11 AB FE B4 90 91 06 ED AE 66 CE 2A 90 50 FF 33 A3 F1 B4 11 FE 68 AD 2F 72 AC FB E0 9E DF 67 CE 2A 90 D6 CC C7 76 3A 97 23 1B 2D EF 38 E2 5E 72 4F CE 75 E0 A6 E1 7D 26 2C 01 F9 D1 9D 56 DE CB BE 90 BD F2 E8 FB EE AE 9A 16 BD 7A 34 D2 9D DC EB 33 2E 19 5E 67 C2 7B FB 31 28 3F 30 D6 71 03 31]
10:57:51.555 Recv LRC=0x31, Calc LRC=0x31
10:57:51.555 SendACK
10:57:51.555 FileName=[99020001000003]
10:57:51.555 Recv File Data(581)=[BB 18 14 CB E5 7C 45 A9 86 81 A2 97 DE D1 63 6C 2A 11 DA 8D A2 72 54 C5 F9 E7 2C 2D C8 30 03 C8 92 3C 95 56 95 F7 6E A5 C5 FF D6 54 1C A5 67 E0 58 6B 57 07 A3 37 5E 53 E9 8D DF B6 50 2B 78 94 C9 84 E2 A6 1C 1F F7 D8 81 56 AD 0B 4D 16 BE 90 10 83 E6 17 32 07 AD 58 34 73 AD 87 55 EB 42 AB B7 DF D4 88 F9 E5 CC 85 9F D5 34 DB 6F 70 0F 74 A1 D5 26 35 62 78 35 53 2D 78 BB ED 37 B8 07 BA D3 CA 33 1A 31 BC 9A A9 16 BC DD DE BB DB 06 55 68 7D B9 F0 99 FB 77 A1 26 BC F4 AC 8C 36 DE DA 96 C8 40 CB F8 AD B5 BE 1F 5F AE 7F 00 4B C2 FC 9D 4E B3 EB BE F6 46 5E C5 90 DA 2A E1 6A 33 D4 EA 2D 8C 09 F3 37 3B C7 96 9B FA 02 62 6A 7F 37 92 97 0B C1 D7 EA 5F DA 98 50 D8 B0 97 B6 D4 54 09 47 82 26 EA D3 3A 7F 7A 3E 44 51 31 AA 5F F8 5A C6 84 E2 BA E1 B4 29 E2 AD 5A 17 62 09 4F E8 FA F7 DA 7B 23 11 CF F4 19 11 6E 0F 09 59 B4 B4 83 80 58 B7 55 EB 2E B4 EB 96 6B 0F E9 F9 C8 0C 7B E7 2D F6 DE 9A 90 10 CE 1E 18 B5 91 54 76 DA 8B D1 C6 5B 2E BE 4F 62 84 04 8E B7 DB D3 1C 2D AD 1C 81 8E 96 9C 46 9C 67 7E DB 6F F9 71 AD E7 FF EE DF 38 05 D1 D6 69 E0 08 1C 31 C6 12 7B EC A2 D5 36 D7 27 20 46 EB 70 E2 0B C9 EB 16 FF D8 C3 17 E8 EB 32 AA ED 3D DC 9C 55 12 DA 7E E3 74 A7 95 CF 13 3E 8F 2F 70 E8 C9 0C 0D 3F CD 59 25 A7 ED F7 4E 8C D6 31 49 F8 30 EE C0 71 27 33 28 F6 61 CE 2A 69 7D 67 FB 74 A1 D5 0E 17 3E 46 4F 60 4F 6F CD B4 A3 9E B3 0A 64 70 F9 82 17 DF 78 F8 0C 3D 81 E1 67 12 1E 28 98 B6 10 24 31 F3 75 D5 84 0F D0 19 18 78 26 81 51 AA 99 6B 41 1E 74 A1 D5 56 51 04 6D 11 AB FE B4 90 91 06 ED AE 66 CE 2A 90 50 FF 33 A3 F1 B4 11 FE 68 AD 2F 72 AC FB E0 9E DF 67 CE 2A 90 D6 CC C7 76 3A 97 23 1B 2D EF 38 E2 5E 72 4F CE 75 E0 A6 E1 7D 26 2C 01 F9 D1 9D 56 DE CB BE 90 BD F2 E8 FB EE AE 9A 16 BD 7A 34 D2 9D DC EB 33 2E 19 5E 67 C2 7B FB 31 28 3F 30 D6 71]
10:57:51.555 RetrieveRecvFileData: total len=1743
10:57:51.606 before lrc= 20 03
10:57:51.606 PackSendBuf(3), bpInDataLen=600, SendLen=603
10:57:51.606 Sequence No=3
10:57:51.606 Send Req to EDC(603)=[02 46 53 03 05 12 20 20 20 20 20 20 20 20 20 20 20 20 20 20 20 20 20 20 20 20 20 20 20 20 20 20 20 20 20 20 20 20 20 20 20 20 20 20 20 20 20 20 20 20 20 20 20 20 20 20 20 20 20 20 20 20 20 20 20 20 20 20 20 20 20 20 20 20 20 20 20 20 20 20 20 20 20 20 20 20 20 20 20 20 20 20 20 20 20 20 20 20 20 20 20 20 20 20 20 20 20 20 20 20 20 20 20 20 20 20 20 20 20 20 20 20 20 20 20 20 20 20 20 20 20 20 20 20 20 20 20 20 20 20 20 20 20 20 20 20 20 20 20 20 20 20 20 20 20 20 20 20 20 20 20 20 20 20 20 20 20 20 20 20 20 20 20 20 20 20 20 20 20 20 20 20 20 20 20 20 20 20 20 20 20 20 20 20 20 20 20 20 20 20 20 20 20 20 20 20 20 20 20 20 20 20 20 20 20 20 20 20 20 20 20 20 20 20 20 20 20 20 20 20 20 20 20 20 20 20 20 20 20 20 20 20 20 20 20 20 20 20 20 20 20 20 20 20 20 20 20 20 20 20 20 20 20 20 20 20 20 20 20 20 20 20 20 20 20 20 20 20 20 20 20 20 20 20 20 20 20 20 20 20 20 20 20 20 20 20 20 20 20 20 20 20 20 20 20 20 20 20 20 20 20 20 20 20 20 20 20 20 20 20 20 20 20 20 20 20 20 20 20 20 20 20 20 20 20 20 20 20 20 20 20 20 20 20 20 20 20 20 20 20 20 20 20 20 20 20 20 20 20 20 20 20 20 20 20 20 20 20 20 20 20 20 20 20 20 20 20 20 20 20 20 20 20 20 20 20 20 20 20 20 20 20 20 20 20 20 20 20 20 20 20 20 20 20 20 20 20 20 20 20 20 20 20 20 20 20 20 20 20 20 20 20 20 20 20 20 20 20 20 20 20 20 20 20 20 20 20 20 20 20 20 20 20 20 20 20 20 20 20 20 20 20 20 20 20 20 20 20 20 20 20 20 20 20 20 20 20 20 20 20 20 20 20 20 20 20 20 20 20 20 20 20 20 20 20 20 20 20 20 20 20 20 20 20 20 20 20 20 20 20 20 20 20 20 20 20 20 20 20 20 20 20 20 20 20 20 20 20 20 20 20 20 20 20 20 20 20 20 20 20 20 20 20 20 20 20 20 20 20 20 20 20 20 20 20 20 20 20 20 20 20 20 20 20 20 20 20 20 20 20 20 20 20 20 20 20 20 20 20 20 20 20 20 20 20 20 20 20 20 20 20 20 20 20 20 20 20 20 20 20 20 20 20 20 20 20 20 20 20 20 20 03 22]
10:57:51.674 Recv ACKNAK=[06]
10:57:51.924 Curren package data size=572)
10:57:51.975 Recv Data(603)=[02 46 45 03 05 72 39 39 30 32 30 30 30 31 30 30 30 30 30 33 08 B5 16 BA 2B F6 FA 8C C8 84 C9 C8 46 8B F9 C3 DD 68 37 28 39 36 B6 F5 04 E4 E2 A8 23 25 46 EB 80 A4 F8 55 B6 B2 87 0B 95 0E 23 32 8F 01 B1 F6 40 E3 41 F5 9C 2A 95 68 4D 90 97 FD 1E 8B 57 5F 24 34 16 93 7D C2 03 7F 84 C7 DA F7 6E 2C 3B C4 BB 30 56 16 63 E1 75 3A 6F B3 F6 3C 4E 8F 4A 21 AA 55 78 E0 8F 11 B1 FC 34 84 32 FB DF 0F C3 F9 73 C5 1C 78 A9 F0 3B 95 1F CF 95 96 24 89 CA E1 46 64 1E 86 58 61 3B 6A EF 89 4A B4 26 58 20 EA 6A 86 DE 72 F1 39 85 AC 18 95 C3 8D C8 3C B4 73 EE F9 15 5E 27 F6 42 03 A3 36 30 EE 34 D4 2F B4 F8 D3 B5 60 D0 60 30 59 EC 6D 12 A3 75 EC 6C DC 09 D4 8E D7 78 EC 96 1A 48 88 2A B4 BE 06 E3 92 5F 67 E8 09 14 C3 8D 2B 1A CB 20 09 12 69 DD 4E 13 96 48 6E E8 DE 79 B8 FD B4 71 35 F9 51 85 D6 17 66 E1 D2 49 0C DD 35 3F 55 FB 72 5F BE 94 B4 48 A4 75 0F 94 64 8C F9 46 6F F9 9A EF 38 E1 D6 7A 08 44 06 5A C6 54 69 07 1B 67 F4 66 93 DF 38 3C F0 FB 7A D7 F5 BD 68 D4 10 13 36 FB B5 23 7D 1D AA D3 5A 93 DA 60 0B 46 13 B6 39 61 09 68 45 75 5A EB 3B 6C B9 A9 55 70 86 49 B0 8F 75 F3 E7 FD 91 6D 8E 86 03 5C 8E 18 AD 63 1F 9F DD 78 20 9C DE 12 C4 68 1D DB C2 39 74 C2 B9 CD C4 3E 5C 9C FC 71 E0 2B EE 80 43 9B 03 4F 54 85 23 F2 C1 71 0D 85 67 D9 04 C7 D5 0A 67 35 08 9E A2 1B 8E AE 09 4E 69 04 3C BF 4E 54 A7 B5 7E 0B CE 64 04 9C 6A 88 FA 47 8C E3 FD 0D A7 11 05 0F 6C 02 1C 32 87 D3 E8 C4 1F 15 4E 72 34 1C F5 09 47 D1 09 A7 B7 0A 8E FD 84 A3 70 C3 D1 01 BC 0E DD 69 E5 00 90 02 31 5A 07 00 A4 80 CF 16 E0 8D F0 E5 F6 C0 D1 C1 2A 74 A7 95 C3 0D 4E 0F 56 C1 DB EB 87 D3 83 F9 F0 E5 F6 C3 01 C2 2A 78 78 FD F0 FD C2 2A 78 75 00 00 00 00 00 00 00 00 00 00 00 00 00 00 00 00 00 00 00 00 00 00 00 00 00 00 00 00 00 00 00 00 90 D6 3F 6D D0 1A 6B 36 E0 01 00 20 20 20 20 20 20 20 20 20 20 20 20 20 20 20 20 20 20 20 20 20 20 20 03 C5]
10:57:51.975 Recv LRC=0xC5, Calc LRC=0xC5
10:57:51.975 SendACK
10:57:51.975 FileName=[99020001000003]
10:57:51.976 Recv File Data(558)=[08 B5 16 BA 2B F6 FA 8C C8 84 C9 C8 46 8B F9 C3 DD 68 37 28 39 36 B6 F5 04 E4 E2 A8 23 25 46 EB 80 A4 F8 55 B6 B2 87 0B 95 0E 23 32 8F 01 B1 F6 40 E3 41 F5 9C 2A 95 68 4D 90 97 FD 1E 8B 57 5F 24 34 16 93 7D C2 03 7F 84 C7 DA F7 6E 2C 3B C4 BB 30 56 16 63 E1 75 3A 6F B3 F6 3C 4E 8F 4A 21 AA 55 78 E0 8F 11 B1 FC 34 84 32 FB DF 0F C3 F9 73 C5 1C 78 A9 F0 3B 95 1F CF 95 96 24 89 CA E1 46 64 1E 86 58 61 3B 6A EF 89 4A B4 26 58 20 EA 6A 86 DE 72 F1 39 85 AC 18 95 C3 8D C8 3C B4 73 EE F9 15 5E 27 F6 42 03 A3 36 30 EE 34 D4 2F B4 F8 D3 B5 60 D0 60 30 59 EC 6D 12 A3 75 EC 6C DC 09 D4 8E D7 78 EC 96 1A 48 88 2A B4 BE 06 E3 92 5F 67 E8 09 14 C3 8D 2B 1A CB 20 09 12 69 DD 4E 13 96 48 6E E8 DE 79 B8 FD B4 71 35 F9 51 85 D6 17 66 E1 D2 49 0C DD 35 3F 55 FB 72 5F BE 94 B4 48 A4 75 0F 94 64 8C F9 46 6F F9 9A EF 38 E1 D6 7A 08 44 06 5A C6 54 69 07 1B 67 F4 66 93 DF 38 3C F0 FB 7A D7 F5 BD 68 D4 10 13 36 FB B5 23 7D 1D AA D3 5A 93 DA 60 0B 46 13 B6 39 61 09 68 45 75 5A EB 3B 6C B9 A9 55 70 86 49 B0 8F 75 F3 E7 FD 91 6D 8E 86 03 5C 8E 18 AD 63 1F 9F DD 78 20 9C DE 12 C4 68 1D DB C2 39 74 C2 B9 CD C4 3E 5C 9C FC 71 E0 2B EE 80 43 9B 03 4F 54 85 23 F2 C1 71 0D 85 67 D9 04 C7 D5 0A 67 35 08 9E A2 1B 8E AE 09 4E 69 04 3C BF 4E 54 A7 B5 7E 0B CE 64 04 9C 6A 88 FA 47 8C E3 FD 0D A7 11 05 0F 6C 02 1C 32 87 D3 E8 C4 1F 15 4E 72 34 1C F5 09 47 D1 09 A7 B7 0A 8E FD 84 A3 70 C3 D1 01 BC 0E DD 69 E5 00 90 02 31 5A 07 00 A4 80 CF 16 E0 8D F0 E5 F6 C0 D1 C1 2A 74 A7 95 C3 0D 4E 0F 56 C1 DB EB 87 D3 83 F9 F0 E5 F6 C3 01 C2 2A 78 78 FD F0 FD C2 2A 78 75 00 00 00 00 00 00 00 00 00 00 00 00 00 00 00 00 00 00 00 00 00 00 00 00 00 00 00 00 00 00 00 00 90 D6 3F 6D D0 1A 6B 36 E0 01 00]
10:57:51.976 RetrieveRecvFileData: total len=2301
10:57:51.976 SaveResponseData code=[EDC_RESPONSE]
10:57:51.998 SaveResponseData(18)=[000099020001000003]
10:57:52.019 SaveFileData(2301)=[1F 8B 08 00 00 00 00 00 00 03 ED D6 CD B5 EE B6 0D 05 50 BC 2E 52 42 2A F0 D8 2B F3 F4 94 52 D3 89 3C B8 6F E9 49 02 09 80 20 48 42 D4 D9 A3 E4 7E C0 21 F8 23 DB FF F9 EF 5F FF FF 45 44 44 7F 11 D1 BF 89 E8 EF 5F 44 FF 23 A2 5F F4 2F AA 39 00 00 00 40 84 7F 63 02 14 C9 FF 49 99 E4 3F 3B 17 2E 0D 90 59 EB F7 2B 14 8F 33 7F 45 80 CC 8C 1F 23 FB 6A AB 6A 09 21 26 2C 01 F0 22 AD 5F DF A3 8C 2A 84 84 1E A3 F3 01 DE A5 F5 73 90 EB 27 7C 5F A3 F3 61 63 54 A1 F5 E5 D5 3A FF F2 2D 2F 1F 00 26 7B 7E 6C 17 5A EB 93 10 75 D2 32 12 F1 CD EC EB 92 35 65 DA 2B 61 03 64 63 0F 11 7E 32 A6 19 05 46 71 3D A3 F6 F4 72 AD E7 D6 54 0C AF 26 DC 35 95 F0 32 5E 5C AB 39 2A 99 6A 57 91 BB D1 A2 3F BC 73 77 3F DC 09 8E 96 AF 71 9F 6D 1E C6 F9 2D 3B B5 E4 9C A8 42 EB BB E9 E9 95 45 65 12 A3 75 DC B8 1B 8F B8 2D 6C 8C 5D CE CB CE AA 75 6C B9 B8 29 8A 73 B4 53 89 D6 A4 0B 8C 3A B5 66 86 EC A8 B3 7D 6F 54 A7 B5 A6 E0 98 56 DE 63 6B DA 83 63 9E 23 E8 DF E3 3F FA 13 64 4D B1 21 63 84 84 EC 8A 1F 0E 31 42 FB 72 BE 09 85 DD F5 EF DA 97 70 ED A2 12 2D 60 E0 C5 5D D3 9A C2 ED 95 B2 A8 9C FD D4 4E 86 4A 78 D9 72 3D 83 D5 F6 D5 93 F9 C3 77 62 8F 16 BA 13 1A 1F C5 72 A5 43 71 30 A1 FE 64 AF 94 45 E5 7C 10 31 5A 87 87 3B DC D7 75 2A EE AB 33 F3 87 23 A4 76 08 B5 BF F3 1A A1 A0 47 F1 7C D4 E5 8C 65 16 81 51 9F 45 77 5A 79 1B 77 AC AF EB 8A 6F AA 35 93 EA B4 D6 A7 62 A3 90 FF 50 8B ED C4 C3 2D EB AA 05 4D A2 72 3E CE 72 71 0E EE B4 FE 49 F8 8E 5A 33 A9 4E 6B 2D A8 35 0A AB D4 5A 42 D4 F2 D5 01 84 9F 1C A2 72 E0 88 BE 9A A3 EF 76 7C BD 54 71 FD 55 4E 38 D5 A2 AE B4 8C 3F 1C 2D 43 A9 C3 C8 03 FB 0E 81 EB 4F 80 87 D8 AB 71 84 50 45 7F BD 9C C3 15 03 D9 3A D6 CC A6 E2 4E F2 5A C6 49 2C 09 C6 A8 9A CE 76 28 0A BC 1A AD EA 86 0C D4 62 7B 20 5B BF AD 5E 2D E0 EC 95 6E 96 91 8C 33 10 23 D4 F0 9F 8C 3A DB A1 46 BD 3B 99 A3 8B BC 62 D3 04 96 85 8A 35 8F 62 B9 C6 88 4D 67 1D 43 2D B8 96 19 33 DD 86 86 83 EF FA 1C 2D 87 F6 20 B9 D8 34 4E 4E 53 97 3B 4A E4 5F 9B F0 15 2D C9 C6 B2 AB D6 FA 56 A3 F3 A1 F5 D2 9B 8A 05 AD EB 0A C8 4B 48 B0 AC 52 AB E1 7F 6F 25 AF 52 D3 5A 3F 41 C2 91 F6 D3 F4 5A 8C 65 16 81 51 47 CB 3F 10 A8 E4 F1 AB B1 BD F8 53 B1 6B B4 DA 48 6B E5 9C 6A 3F 74 67 A9 14 6A 8C 02 A3 7E 34 A5 91 C6 DE CE FF 28 34 0E B2 6A 5D 55 DA C1 F6 43 77 72 59 ED D7 47 99 9C A9 AE D5 C4 1D 65 19 D5 D8 65 EC 0D B7 6A 5D 55 DA C1 76 A5 3E 42 E3 8D 50 23 2D 4F D7 9F E3 18 AC D8 A2 76 85 5B B2 A8 C5 AA 03 81 1A C7 8D 3C 1F 77 3B 6D 85 E3 88 7B C3 EE 31 EC 95 E1 96 2C 6A 94 79 B6 6F EA B9 11 BA E3 7F 91 3D 72 78 F2 73 BD 3E F2 0C 79 A4 1D EC C8 3D DB 37 F5 DF 48 F1 BB 38 09 C5 FC 8F C2 5F 62 8D CE EF 91 76 B0 23 F7 6C DF 14 75 23 54 A7 B5 1E 47 FD 13 16 5A 76 D5 74 6E 93 65 9E ED 9B 46 5C 07 55 58 BA 6A FF 37 15 61 B6 D6 5D 17 B9 1B 27 C8 3C DB 07 F5 3C 33 55 D3 63 E6 C5 72 FD 42 C2 6C C5 5D 14 15 DB AF 21 42 C1 42 99 67 FB A6 09 37 62 7F B4 0F 42 FD 42 F2 6C C5 8D A8 EC F9 6B 65 9E ED 9B 8A 4F 68 A1 DA AB CE 43 9E CD 32 3F 19 D4 7A 7B F4 27 F7 27 40 B8 84 97 12 32 52 48 08 17 1E 4B 22 AD BB 2A 3C F0 C8 F7 4F 7B 38 F6 BD 94 D2 E3 2D D0 62 9E 7C 5D 46 21 A3 F6 27 08 A2 72 20 50 E0 FD E6 51 79 C2 56 72 6C ED D7 10 E7 12 4D 83 F1 7A A1 D2 6D 5C 32 F4 D8 EF 5E 2C CF 98 EA E4 96 DA AF 21 8A 33 58 C6 53 87 EF 37 3A 1F 7C 26 5C FD 64 83 B6 33 28 F6 A1 B6 8A 7C 4D 13 66 9B B0 44 38 BA D0 6A 5F 6C B3 3D 0E DA CE 88 4C CE 37 BC A3 A5 95 6F B0 B5 A8 91 96 97 D7 06 5B B8 1A B1 97 11 99 45 D3 16 6A 95 76 30 15 79 69 C1 89 BC 71 E6 9A 11 1B 99 76 3E D3 16 6A 95 73 AA 28 54 A2 35 E5 F2 D2 B1 B9 41 BB 18 14 CB E5 7C 45 A9 86 81 A2 97 DE D1 63 6C 2A 11 DA 8D A2 72 54 C5 F9 E7 2C 2D C8 30 03 C8 92 3C 95 56 95 F7 6E A5 C5 FF D6 54 1C A5 67 E0 58 6B 57 07 A3 37 5E 53 E9 8D DF B6 50 2B 78 94 C9 84 E2 A6 1C 1F F7 D8 81 56 AD 0B 4D 16 BE 90 10 83 E6 17 32 07 AD 58 34 73 AD 87 55 EB 42 AB B7 DF D4 88 F9 E5 CC 85 9F D5 34 DB 6F 70 0F 74 A1 D5 26 35 62 78 35 53 2D 78 BB ED 37 B8 07 BA D3 CA 33 1A 31 BC 9A A9 16 BC DD DE BB DB 06 55 68 7D B9 F0 99 FB 77 A1 26 BC F4 AC 8C 36 DE DA 96 C8 40 CB F8 AD B5 BE 1F 5F AE 7F 00 4B C2 FC 9D 4E B3 EB BE F6 46 5E C5 90 DA 2A E1 6A 33 D4 EA 2D 8C 09 F3 37 3B C7 96 9B FA 02 62 6A 7F 37 92 97 0B C1 D7 EA 5F DA 98 50 D8 B0 97 B6 D4 54 09 47 82 26 EA D3 3A 7F 7A 3E 44 51 31 AA 5F F8 5A C6 84 E2 BA E1 B4 29 E2 AD 5A 17 62 09 4F E8 FA F7 DA 7B 23 11 CF F4 19 11 6E 0F 09 59 B4 B4 83 80 58 B7 55 EB 2E B4 EB 96 6B 0F E9 F9 C8 0C 7B E7 2D F6 DE 9A 90 10 CE 1E 18 B5 91 54 76 DA 8B D1 C6 5B 2E BE 4F 62 84 04 8E B7 DB D3 1C 2D AD 1C 81 8E 96 9C 46 9C 67 7E DB 6F F9 71 AD E7 FF EE DF 38 05 D1 D6 69 E0 08 1C 31 C6 12 7B EC A2 D5 36 D7 27 20 46 EB 70 E2 0B C9 EB 16 FF D8 C3 17 E8 EB 32 AA ED 3D DC 9C 55 12 DA 7E E3 74 A7 95 CF 13 3E 8F 2F 70 E8 C9 0C 0D 3F CD 59 25 A7 ED F7 4E 8C D6 31 49 F8 30 EE C0 71 27 33 28 F6 61 CE 2A 69 7D 67 FB 74 A1 D5 0E 17 3E 46 4F 60 4F 6F CD B4 A3 9E B3 0A 64 70 F9 82 17 DF 78 F8 0C 3D 81 E1 67 12 1E 28 98 B6 10 24 31 F3 75 D5 84 0F D0 19 18 78 26 81 51 AA 99 6B 41 1E 74 A1 D5 56 51 04 6D 11 AB FE B4 90 91 06 ED AE 66 CE 2A 90 50 FF 33 A3 F1 B4 11 FE 68 AD 2F 72 AC FB E0 9E DF 67 CE 2A 90 D6 CC C7 76 3A 97 23 1B 2D EF 38 E2 5E 72 4F CE 75 E0 A6 E1 7D 26 2C 01 F9 D1 9D 56 DE CB BE 90 BD F2 E8 FB EE AE 9A 16 BD 7A 34 D2 9D DC EB 33 2E 19 5E 67 C2 7B FB 31 28 3F 30 D6 71 08 B5 16 BA 2B F6 FA 8C C8 84 C9 C8 46 8B F9 C3 DD 68 37 28 39 36 B6 F5 04 E4 E2 A8 23 25 46 EB 80 A4 F8 55 B6 B2 87 0B 95 0E 23 32 8F 01 B1 F6 40 E3 41 F5 9C 2A 95 68 4D 90 97 FD 1E 8B 57 5F 24 34 16 93 7D C2 03 7F 84 C7 DA F7 6E 2C 3B C4 BB 30 56 16 63 E1 75 3A 6F B3 F6 3C 4E 8F 4A 21 AA 55 78 E0 8F 11 B1 FC 34 84 32 FB DF 0F C3 F9 73 C5 1C 78 A9 F0 3B 95 1F CF 95 96 24 89 CA E1 46 64 1E 86 58 61 3B 6A EF 89 4A B4 26 58 20 EA 6A 86 DE 72 F1 39 85 AC 18 95 C3 8D C8 3C B4 73 EE F9 15 5E 27 F6 42 03 A3 36 30 EE 34 D4 2F B4 F8 D3 B5 60 D0 60 30 59 EC 6D 12 A3 75 EC 6C DC 09 D4 8E D7 78 EC 96 1A 48 88 2A B4 BE 06 E3 92 5F 67 E8 09 14 C3 8D 2B 1A CB 20 09 12 69 DD 4E 13 96 48 6E E8 DE 79 B8 FD B4 71 35 F9 51 85 D6 17 66 E1 D2 49 0C DD 35 3F 55 FB 72 5F BE 94 B4 48 A4 75 0F 94 64 8C F9 46 6F F9 9A EF 38 E1 D6 7A 08 44 06 5A C6 54 69 07 1B 67 F4 66 93 DF 38 3C F0 FB 7A D7 F5 BD 68 D4 10 13 36 FB B5 23 7D 1D AA D3 5A 93 DA 60 0B 46 13 B6 39 61 09 68 45 75 5A EB 3B 6C B9 A9 55 70 86 49 B0 8F 75 F3 E7 FD 91 6D 8E 86 03 5C 8E 18 AD 63 1F 9F DD 78 20 9C DE 12 C4 68 1D DB C2 39 74 C2 B9 CD C4 3E 5C 9C FC 71 E0 2B EE 80 43 9B 03 4F 54 85 23 F2 C1 71 0D 85 67 D9 04 C7 D5 0A 67 35 08 9E A2 1B 8E AE 09 4E 69 04 3C BF 4E 54 A7 B5 7E 0B CE 64 04 9C 6A 88 FA 47 8C E3 FD 0D A7 11 05 0F 6C 02 1C 32 87 D3 E8 C4 1F 15 4E 72 34 1C F5 09 47 D1 09 A7 B7 0A 8E FD 84 A3 70 C3 D1 01 BC 0E DD 69 E5 00 90 02 31 5A 07 00 A4 80 CF 16 E0 8D F0 E5 F6 C0 D1 C1 2A 74 A7 95 C3 0D 4E 0F 56 C1 DB EB 87 D3 83 F9 F0 E5 F6 C3 01 C2 2A 78 78 FD F0 FD C2 2A 78 75 00 00 00 00 00 00 00 00 00 00 00 00 00 00 00 00 00 00 00 00 00 00 00 00 00 00 00 00 00 00 00 00 90 D6 3F 6D D0 1A 6B 36 E0 01 00]
10:57:52.053 ----------------------------------------------------------------
10:57:52.053 Program done!
10:57:52.054 ================================================================
