11:25:15.178 ================================================================
11:25:15.186 #Airlink# ecr api version=[20160531-001]
11:25:15.186 ----------------------------------------------------------------
11:25:15.186 SET Serial Port   :[COM39]
11:25:15.186 SET Timeout       :[65]
11:25:15.187 SET Rate          :[115200]
11:25:15.187 SET Mode          :[8,None,One]
11:25:15.187 SET Input File    :[in.dat]
11:25:15.187 SET Output Fiel   :[out.dat]
11:25:15.188 SET Retry         :[3]
11:25:15.188 SET Data Length   :[600]
11:25:15.188 SET RespCode Idx  :[79]
11:25:15.188 ----------------------------------------------------------------
11:25:15.189 ReadInFile(600)=[0103                           00000000000500                                                                          Bonjays Hotel                                                                                                                                                                                                                                                                                                                                                                                                                                                                                    ]
11:25:15.506 Send Req to EDC(603)=[02 30 31 30 33 20 20 20 20 20 20 20 20 20 20 20 20 20 20 20 20 20 20 20 20 20 20 20 20 20 20 20 30 30 30 30 30 30 30 30 30 30 30 35 30 30 20 20 20 20 20 20 20 20 20 20 20 20 20 20 20 20 20 20 20 20 20 20 20 20 20 20 20 20 20 20 20 20 20 20 20 20 20 20 20 20 20 20 20 20 20 20 20 20 20 20 20 20 20 20 20 20 20 20 20 20 20 20 20 20 20 20 20 20 20 20 20 20 20 20 42 6F 6E 6A 61 79 73 20 48 6F 74 65 6C 20 20 20 20 20 20 20 20 20 20 20 20 20 20 20 20 20 20 20 20 20 20 20 20 20 20 20 20 20 20 20 20 20 20 20 20 20 20 20 20 20 20 20 20 20 20 20 20 20 20 20 20 20 20 20 20 20 20 20 20 20 20 20 20 20 20 20 20 20 20 20 20 20 20 20 20 20 20 20 20 20 20 20 20 20 20 20 20 20 20 20 20 20 20 20 20 20 20 20 20 20 20 20 20 20 20 20 20 20 20 20 20 20 20 20 20 20 20 20 20 20 20 20 20 20 20 20 20 20 20 20 20 20 20 20 20 20 20 20 20 20 20 20 20 20 20 20 20 20 20 20 20 20 20 20 20 20 20 20 20 20 20 20 20 20 20 20 20 20 20 20 20 20 20 20 20 20 20 20 20 20 20 20 20 20 20 20 20 20 20 20 20 20 20 20 20 20 20 20 20 20 20 20 20 20 20 20 20 20 20 20 20 20 20 20 20 20 20 20 20 20 20 20 20 20 20 20 20 20 20 20 20 20 20 20 20 20 20 20 20 20 20 20 20 20 20 20 20 20 20 20 20 20 20 20 20 20 20 20 20 20 20 20 20 20 20 20 20 20 20 20 20 20 20 20 20 20 20 20 20 20 20 20 20 20 20 20 20 20 20 20 20 20 20 20 20 20 20 20 20 20 20 20 20 20 20 20 20 20 20 20 20 20 20 20 20 20 20 20 20 20 20 20 20 20 20 20 20 20 20 20 20 20 20 20 20 20 20 20 20 20 20 20 20 20 20 20 20 20 20 20 20 20 20 20 20 20 20 20 20 20 20 20 20 20 20 20 20 20 20 20 20 20 20 20 20 20 20 20 20 20 20 20 20 20 20 20 20 20 20 20 20 20 20 20 20 20 20 20 20 20 20 20 20 20 20 20 20 20 20 20 20 20 20 20 20 20 20 20 20 20 20 20 20 20 20 20 20 20 20 20 20 20 20 20 20 20 20 20 20 20 20 20 20 20 20 20 20 20 20 20 20 20 20 20 20 20 20 20 20 20 20 20 20 20 20 20 20 03 1C]
11:25:15.548 Recv ACKNAK=[BD BF]
11:25:15.548 Recv ACKNAK=[BF BF]
11:25:15.548 Recv ACKNAK=[BF BF]
11:25:15.549 Recv ACKNAK=[BF BF]
11:25:15.549 Recv ACKNAK=[BF BF]
11:25:15.549 Recv ACKNAK=[BF BF]
11:25:15.549 Recv ACKNAK=[BF BF]
11:25:15.550 Recv ACKNAK=[BF BF]
11:25:15.550 Recv ACKNAK=[BF BF]
11:25:15.550 Recv ACKNAK=[BF BF]
11:25:15.551 Recv ACKNAK=[BF BF]
11:25:15.551 Recv ACKNAK=[BF BF]
11:25:15.551 Recv ACKNAK=[BF BF]
11:25:15.551 Recv ACKNAK=[BF BF]
11:25:15.552 Recv ACKNAK=[BF BF]
11:25:15.552 Recv ACKNAK=[BF BF]
11:25:15.552 Recv ACKNAK=[BF BF]
11:25:15.552 Recv ACKNAK=[BF BF]
11:25:15.553 Recv ACKNAK=[BF BF]
11:25:15.553 Recv ACKNAK=[BF BF]
11:25:15.553 Recv ACKNAK=[6F 7D]
11:25:15.553 Recv ACKNAK=[6F 75]
11:25:15.553 Recv ACKNAK=[BF BF]
11:25:15.554 Recv ACKNAK=[BF BF]
11:25:15.554 Recv ACKNAK=[BF BF]
11:25:15.554 Recv ACKNAK=[BF BF]
11:25:15.554 Recv ACKNAK=[BF BF]
11:25:15.555 Recv ACKNAK=[BF BF]
11:25:15.555 Recv ACKNAK=[BF BF]
11:25:15.555 Recv ACKNAK=[BF BF]
11:25:15.555 Recv ACKNAK=[BF BF]
11:25:15.556 Recv ACKNAK=[BF BF]
11:25:15.556 Recv ACKNAK=[BF BF]
11:25:15.556 Recv ACKNAK=[BF BF]
11:25:15.556 Recv ACKNAK=[BF BF]
11:25:15.557 Recv ACKNAK=[BF BF]
11:25:15.557 Recv ACKNAK=[BF BF]
11:25:15.557 Recv ACKNAK=[BF BF]
11:25:15.557 Recv ACKNAK=[BF BF]
11:25:15.557 Recv ACKNAK=[BF BF]
11:25:15.558 Recv ACKNAK=[BF BF]
11:25:15.558 Recv ACKNAK=[BF BF]
11:25:15.558 Recv ACKNAK=[BF BF]
11:25:15.558 Recv ACKNAK=[BF BF]
11:25:15.559 Recv ACKNAK=[BF BF]
11:25:15.559 Recv ACKNAK=[BF BF]
11:25:15.559 Recv ACKNAK=[BF BF]
11:25:15.559 Recv ACKNAK=[BF BF]
11:25:15.560 Recv ACKNAK=[BF BF]
11:25:15.560 Recv ACKNAK=[BF BF]
11:25:15.560 Recv ACKNAK=[BF BF]
11:25:15.560 Recv ACKNAK=[BF BF]
11:25:15.560 Recv ACKNAK=[BF BF]
11:25:15.561 Recv ACKNAK=[BF BF]
11:25:15.561 Recv ACKNAK=[BF BF]
11:25:15.561 Recv ACKNAK=[BF BF]
11:25:15.561 Recv ACKNAK=[BF BF]
11:25:15.562 Recv ACKNAK=[BF BF]
11:25:15.562 Recv ACKNAK=[BF BF]
11:25:15.562 Recv ACKNAK=[BF BF]
11:25:15.562 Recv ACKNAK=[BF BF]
11:25:15.562 Recv ACKNAK=[BF BF]
11:25:15.563 Recv ACKNAK=[BF BF]
11:25:15.563 Recv ACKNAK=[BF BF]
11:25:15.563 Recv ACKNAK=[BF BF]
11:25:15.563 Recv ACKNAK=[BF BF]
11:25:15.564 Recv ACKNAK=[BF BF]
11:25:15.564 Recv ACKNAK=[BF BF]
11:25:15.564 Recv ACKNAK=[BF BF]
11:25:15.564 Recv ACKNAK=[BF BF]
11:25:15.564 Recv ACKNAK=[BF BF]
11:25:15.565 Recv ACKNAK=[BF BF]
11:25:15.565 Recv ACKNAK=[BF BF]
11:25:15.565 Recv ACKNAK=[BF BF]
11:25:15.565 Recv ACKNAK=[BF BF]
11:25:15.565 Recv ACKNAK=[BF BF]
11:25:15.566 Recv ACKNAK=[BF BF]
11:25:15.566 Recv ACKNAK=[BF BF]
11:25:15.566 Recv ACKNAK=[BF BF]
11:25:15.566 Recv ACKNAK=[BF BF]
11:25:15.567 Recv ACKNAK=[BF BF]
11:25:15.567 Recv ACKNAK=[BF BF]
11:25:15.567 Recv ACKNAK=[BF BF]
11:25:15.567 Recv ACKNAK=[BF BF]
11:25:15.567 Recv ACKNAK=[BF BF]
11:25:15.568 Recv ACKNAK=[BF BF]
11:25:15.568 Recv ACKNAK=[BF BF]
11:25:15.568 Recv ACKNAK=[BF BF]
11:25:15.568 Recv ACKNAK=[BF BF]
11:25:15.568 Recv ACKNAK=[BF BF]
11:25:15.569 Recv ACKNAK=[BF BF]
11:25:15.569 Recv ACKNAK=[BF BF]
11:25:15.569 Recv ACKNAK=[BF BF]
11:25:15.569 Recv ACKNAK=[BF BF]
11:25:15.570 Recv ACKNAK=[BF BF]
11:25:15.570 Recv ACKNAK=[BF BF]
11:25:15.570 Recv ACKNAK=[BF BF]
11:25:15.570 Recv ACKNAK=[BF BF]
11:25:15.570 Recv ACKNAK=[BF BF]
11:25:15.571 Recv ACKNAK=[BF BF]
11:25:15.571 Recv ACKNAK=[DF]
11:25:17.179 Recv ACKNAK Timeout
11:25:17.180 Send Req to EDC(603)=[02 30 31 30 33 20 20 20 20 20 20 20 20 20 20 20 20 20 20 20 20 20 20 20 20 20 20 20 20 20 20 20 30 30 30 30 30 30 30 30 30 30 30 35 30 30 20 20 20 20 20 20 20 20 20 20 20 20 20 20 20 20 20 20 20 20 20 20 20 20 20 20 20 20 20 20 20 20 20 20 20 20 20 20 20 20 20 20 20 20 20 20 20 20 20 20 20 20 20 20 20 20 20 20 20 20 20 20 20 20 20 20 20 20 20 20 20 20 20 20 42 6F 6E 6A 61 79 73 20 48 6F 74 65 6C 20 20 20 20 20 20 20 20 20 20 20 20 20 20 20 20 20 20 20 20 20 20 20 20 20 20 20 20 20 20 20 20 20 20 20 20 20 20 20 20 20 20 20 20 20 20 20 20 20 20 20 20 20 20 20 20 20 20 20 20 20 20 20 20 20 20 20 20 20 20 20 20 20 20 20 20 20 20 20 20 20 20 20 20 20 20 20 20 20 20 20 20 20 20 20 20 20 20 20 20 20 20 20 20 20 20 20 20 20 20 20 20 20 20 20 20 20 20 20 20 20 20 20 20 20 20 20 20 20 20 20 20 20 20 20 20 20 20 20 20 20 20 20 20 20 20 20 20 20 20 20 20 20 20 20 20 20 20 20 20 20 20 20 20 20 20 20 20 20 20 20 20 20 20 20 20 20 20 20 20 20 20 20 20 20 20 20 20 20 20 20 20 20 20 20 20 20 20 20 20 20 20 20 20 20 20 20 20 20 20 20 20 20 20 20 20 20 20 20 20 20 20 20 20 20 20 20 20 20 20 20 20 20 20 20 20 20 20 20 20 20 20 20 20 20 20 20 20 20 20 20 20 20 20 20 20 20 20 20 20 20 20 20 20 20 20 20 20 20 20 20 20 20 20 20 20 20 20 20 20 20 20 20 20 20 20 20 20 20 20 20 20 20 20 20 20 20 20 20 20 20 20 20 20 20 20 20 20 20 20 20 20 20 20 20 20 20 20 20 20 20 20 20 20 20 20 20 20 20 20 20 20 20 20 20 20 20 20 20 20 20 20 20 20 20 20 20 20 20 20 20 20 20 20 20 20 20 20 20 20 20 20 20 20 20 20 20 20 20 20 20 20 20 20 20 20 20 20 20 20 20 20 20 20 20 20 20 20 20 20 20 20 20 20 20 20 20 20 20 20 20 20 20 20 20 20 20 20 20 20 20 20 20 20 20 20 20 20 20 20 20 20 20 20 20 20 20 20 20 20 20 20 20 20 20 20 20 20 20 20 20 20 20 20 20 20 20 20 20 20 20 20 20 20 20 20 20 20 20 20 20 20 20 20 20 20 20 20 03 1C]
11:25:17.222 Recv ACKNAK=[BD BF]
11:25:17.223 Recv ACKNAK=[BF BF]
11:25:17.223 Recv ACKNAK=[BF BF]
11:25:17.223 Recv ACKNAK=[BF BF]
11:25:17.223 Recv ACKNAK=[BF BF]
11:25:17.224 Recv ACKNAK=[BF BF]
11:25:17.224 Recv ACKNAK=[BF BF]
11:25:17.224 Recv ACKNAK=[BF BF]
11:25:17.224 Recv ACKNAK=[BF BF]
11:25:17.225 Recv ACKNAK=[BF BF]
11:25:17.225 Recv ACKNAK=[BF BF]
11:25:17.225 Recv ACKNAK=[BF BF]
11:25:17.226 Recv ACKNAK=[BF BF]
11:25:17.226 Recv ACKNAK=[BF BF]
11:25:17.226 Recv ACKNAK=[BF BF]
11:25:17.226 Recv ACKNAK=[BF BF]
11:25:17.227 Recv ACKNAK=[BF BF]
11:25:17.227 Recv ACKNAK=[BF BF]
11:25:17.227 Recv ACKNAK=[BF BF]
11:25:17.227 Recv ACKNAK=[BF BF]
11:25:17.227 Recv ACKNAK=[6F 7D]
11:25:17.228 Recv ACKNAK=[6F 75]
11:25:17.228 Recv ACKNAK=[BF BF]
11:25:17.228 Recv ACKNAK=[BF BF]
11:25:17.228 Recv ACKNAK=[BF BF]
11:25:17.229 Recv ACKNAK=[BF BF]
11:25:17.229 Recv ACKNAK=[BF BF]
11:25:17.229 Recv ACKNAK=[BF BF]
11:25:17.229 Recv ACKNAK=[BF BF]
11:25:17.230 Recv ACKNAK=[BF BF]
11:25:17.230 Recv ACKNAK=[BF BF]
11:25:17.230 Recv ACKNAK=[BF BF]
11:25:17.230 Recv ACKNAK=[BF BF]
11:25:17.230 Recv ACKNAK=[BF BF]
11:25:17.231 Recv ACKNAK=[BF BF]
11:25:17.231 Recv ACKNAK=[BF BF]
11:25:17.231 Recv ACKNAK=[BF BF]
11:25:17.231 Recv ACKNAK=[BF BF]
11:25:17.232 Recv ACKNAK=[BF BF]
11:25:17.232 Recv ACKNAK=[BF BF]
11:25:17.232 Recv ACKNAK=[BF BF]
11:25:17.232 Recv ACKNAK=[BF BF]
11:25:17.233 Recv ACKNAK=[BF BF]
11:25:17.233 Recv ACKNAK=[BF BF]
11:25:17.233 Recv ACKNAK=[BF BF]
11:25:17.233 Recv ACKNAK=[BF BF]
11:25:17.233 Recv ACKNAK=[BF BF]
11:25:17.234 Recv ACKNAK=[BF BF]
11:25:17.234 Recv ACKNAK=[BF BF]
11:25:17.234 Recv ACKNAK=[BF BF]
11:25:17.234 Recv ACKNAK=[BF BF]
11:25:17.235 Recv ACKNAK=[BF BF]
11:25:17.235 Recv ACKNAK=[BF BF]
11:25:17.235 Recv ACKNAK=[BF BF]
11:25:17.235 Recv ACKNAK=[BF BF]
11:25:17.235 Recv ACKNAK=[BF BF]
11:25:17.236 Recv ACKNAK=[BF BF]
11:25:17.236 Recv ACKNAK=[BF BF]
11:25:17.236 Recv ACKNAK=[BF BF]
11:25:17.236 Recv ACKNAK=[BF BF]
11:25:17.237 Recv ACKNAK=[BF BF]
11:25:17.237 Recv ACKNAK=[BF BF]
11:25:17.237 Recv ACKNAK=[BF BF]
11:25:17.237 Recv ACKNAK=[BF BF]
11:25:17.237 Recv ACKNAK=[BF BF]
11:25:17.238 Recv ACKNAK=[BF BF]
11:25:17.238 Recv ACKNAK=[BF BF]
11:25:17.238 Recv ACKNAK=[BF BF]
11:25:17.238 Recv ACKNAK=[BF BF]
11:25:17.239 Recv ACKNAK=[BF BF]
11:25:17.239 Recv ACKNAK=[BF BF]
11:25:17.239 Recv ACKNAK=[BF BF]
11:25:17.239 Recv ACKNAK=[BF BF]
11:25:17.239 Recv ACKNAK=[BF BF]
11:25:17.240 Recv ACKNAK=[BF BF]
11:25:17.240 Recv ACKNAK=[BF BF]
11:25:17.240 Recv ACKNAK=[BF BF]
11:25:17.240 Recv ACKNAK=[BF BF]
11:25:17.240 Recv ACKNAK=[BF BF]
11:25:17.241 Recv ACKNAK=[BF BF]
11:25:17.241 Recv ACKNAK=[BF BF]
11:25:17.241 Recv ACKNAK=[BF BF]
11:25:17.241 Recv ACKNAK=[BF BF]
11:25:17.242 Recv ACKNAK=[BF BF]
11:25:17.242 Recv ACKNAK=[BF BF]
11:25:17.242 Recv ACKNAK=[BF BF]
11:25:17.242 Recv ACKNAK=[BF BF]
11:25:17.242 Recv ACKNAK=[BF BF]
11:25:17.243 Recv ACKNAK=[BF BF]
11:25:17.243 Recv ACKNAK=[BF BF]
11:25:17.243 Recv ACKNAK=[BF BF]
11:25:17.243 Recv ACKNAK=[BF BF]
11:25:17.243 Recv ACKNAK=[BF BF]
11:25:17.244 Recv ACKNAK=[BF BF]
11:25:17.244 Recv ACKNAK=[BF BF]
11:25:17.244 Recv ACKNAK=[BF BF]
11:25:17.244 Recv ACKNAK=[BF BF]
11:25:17.245 Recv ACKNAK=[BF BF]
11:25:17.245 Recv ACKNAK=[BF BF]
11:25:17.245 Recv ACKNAK=[BF BF]
11:25:17.245 Recv ACKNAK=[DF]
11:25:18.850 Recv ACKNAK Timeout
11:25:18.850 Send Req to EDC(603)=[02 30 31 30 33 20 20 20 20 20 20 20 20 20 20 20 20 20 20 20 20 20 20 20 20 20 20 20 20 20 20 20 30 30 30 30 30 30 30 30 30 30 30 35 30 30 20 20 20 20 20 20 20 20 20 20 20 20 20 20 20 20 20 20 20 20 20 20 20 20 20 20 20 20 20 20 20 20 20 20 20 20 20 20 20 20 20 20 20 20 20 20 20 20 20 20 20 20 20 20 20 20 20 20 20 20 20 20 20 20 20 20 20 20 20 20 20 20 20 20 42 6F 6E 6A 61 79 73 20 48 6F 74 65 6C 20 20 20 20 20 20 20 20 20 20 20 20 20 20 20 20 20 20 20 20 20 20 20 20 20 20 20 20 20 20 20 20 20 20 20 20 20 20 20 20 20 20 20 20 20 20 20 20 20 20 20 20 20 20 20 20 20 20 20 20 20 20 20 20 20 20 20 20 20 20 20 20 20 20 20 20 20 20 20 20 20 20 20 20 20 20 20 20 20 20 20 20 20 20 20 20 20 20 20 20 20 20 20 20 20 20 20 20 20 20 20 20 20 20 20 20 20 20 20 20 20 20 20 20 20 20 20 20 20 20 20 20 20 20 20 20 20 20 20 20 20 20 20 20 20 20 20 20 20 20 20 20 20 20 20 20 20 20 20 20 20 20 20 20 20 20 20 20 20 20 20 20 20 20 20 20 20 20 20 20 20 20 20 20 20 20 20 20 20 20 20 20 20 20 20 20 20 20 20 20 20 20 20 20 20 20 20 20 20 20 20 20 20 20 20 20 20 20 20 20 20 20 20 20 20 20 20 20 20 20 20 20 20 20 20 20 20 20 20 20 20 20 20 20 20 20 20 20 20 20 20 20 20 20 20 20 20 20 20 20 20 20 20 20 20 20 20 20 20 20 20 20 20 20 20 20 20 20 20 20 20 20 20 20 20 20 20 20 20 20 20 20 20 20 20 20 20 20 20 20 20 20 20 20 20 20 20 20 20 20 20 20 20 20 20 20 20 20 20 20 20 20 20 20 20 20 20 20 20 20 20 20 20 20 20 20 20 20 20 20 20 20 20 20 20 20 20 20 20 20 20 20 20 20 20 20 20 20 20 20 20 20 20 20 20 20 20 20 20 20 20 20 20 20 20 20 20 20 20 20 20 20 20 20 20 20 20 20 20 20 20 20 20 20 20 20 20 20 20 20 20 20 20 20 20 20 20 20 20 20 20 20 20 20 20 20 20 20 20 20 20 20 20 20 20 20 20 20 20 20 20 20 20 20 20 20 20 20 20 20 20 20 20 20 20 20 20 20 20 20 20 20 20 20 20 20 20 20 20 20 20 20 20 20 20 20 20 20 03 1C]
11:25:18.892 Recv ACKNAK=[BD BF]
11:25:18.893 Recv ACKNAK=[BF BF]
11:25:18.893 Recv ACKNAK=[BF BF]
11:25:18.893 Recv ACKNAK=[BF BF]
11:25:18.894 Recv ACKNAK=[BF BF]
11:25:18.894 Recv ACKNAK=[BF BF]
11:25:18.894 Recv ACKNAK=[BF BF]
11:25:18.894 Recv ACKNAK=[BF BF]
11:25:18.895 Recv ACKNAK=[BF BF]
11:25:18.895 Recv ACKNAK=[BF BF]
11:25:18.895 Recv ACKNAK=[BF BF]
11:25:18.895 Recv ACKNAK=[BF BF]
11:25:18.896 Recv ACKNAK=[BF BF]
11:25:18.896 Recv ACKNAK=[BF BF]
11:25:18.896 Recv ACKNAK=[BF BF]
11:25:18.897 Recv ACKNAK=[BF BF]
11:25:18.897 Recv ACKNAK=[BF BF]
11:25:18.897 Recv ACKNAK=[BF BF]
11:25:18.897 Recv ACKNAK=[BF BF]
11:25:18.898 Recv ACKNAK=[BF BF]
11:25:18.898 Recv ACKNAK=[6F 7D]
11:25:18.898 Recv ACKNAK=[6F 75]
11:25:18.898 Recv ACKNAK=[BF BF]
11:25:18.899 Recv ACKNAK=[BF BF]
11:25:18.899 Recv ACKNAK=[BF BF]
11:25:18.899 Recv ACKNAK=[BF BF]
11:25:18.899 Recv ACKNAK=[BF BF]
11:25:18.899 Recv ACKNAK=[BF BF]
11:25:18.900 Recv ACKNAK=[BF BF]
11:25:18.900 Recv ACKNAK=[BF BF]
11:25:18.900 Recv ACKNAK=[BF BF]
11:25:18.900 Recv ACKNAK=[BF BF]
11:25:18.901 Recv ACKNAK=[BF BF]
11:25:18.901 Recv ACKNAK=[BF BF]
11:25:18.901 Recv ACKNAK=[BF BF]
11:25:18.901 Recv ACKNAK=[BF BF]
11:25:18.902 Recv ACKNAK=[BF BF]
11:25:18.902 Recv ACKNAK=[BF BF]
11:25:18.902 Recv ACKNAK=[BF BF]
11:25:18.902 Recv ACKNAK=[BF BF]
11:25:18.902 Recv ACKNAK=[BF BF]
11:25:18.903 Recv ACKNAK=[BF BF]
11:25:18.903 Recv ACKNAK=[BF BF]
11:25:18.903 Recv ACKNAK=[BF BF]
11:25:18.903 Recv ACKNAK=[BF BF]
11:25:18.903 Recv ACKNAK=[BF BF]
11:25:18.904 Recv ACKNAK=[BF BF]
11:25:18.904 Recv ACKNAK=[BF BF]
11:25:18.904 Recv ACKNAK=[BF BF]
11:25:18.904 Recv ACKNAK=[BF BF]
11:25:18.905 Recv ACKNAK=[BF BF]
11:25:18.905 Recv ACKNAK=[BF BF]
11:25:18.905 Recv ACKNAK=[BF BF]
11:25:18.905 Recv ACKNAK=[BF BF]
11:25:18.906 Recv ACKNAK=[BF BF]
11:25:18.906 Recv ACKNAK=[BF BF]
11:25:18.906 Recv ACKNAK=[BF BF]
11:25:18.906 Recv ACKNAK=[BF BF]
11:25:18.906 Recv ACKNAK=[BF BF]
11:25:18.907 Recv ACKNAK=[BF BF]
11:25:18.907 Recv ACKNAK=[BF BF]
11:25:18.907 Recv ACKNAK=[BF BF]
11:25:18.907 Recv ACKNAK=[BF BF]
11:25:18.908 Recv ACKNAK=[BF BF]
11:25:18.908 Recv ACKNAK=[BF BF]
11:25:18.908 Recv ACKNAK=[BF BF]
11:25:18.908 Recv ACKNAK=[BF BF]
11:25:18.908 Recv ACKNAK=[BF BF]
11:25:18.909 Recv ACKNAK=[BF BF]
11:25:18.909 Recv ACKNAK=[BF BF]
11:25:18.909 Recv ACKNAK=[BF BF]
11:25:18.909 Recv ACKNAK=[BF BF]
11:25:18.910 Recv ACKNAK=[BF BF]
11:25:18.910 Recv ACKNAK=[BF BF]
11:25:18.910 Recv ACKNAK=[BF BF]
11:25:18.910 Recv ACKNAK=[BF BF]
11:25:18.910 Recv ACKNAK=[BF BF]
11:25:18.911 Recv ACKNAK=[BF BF]
11:25:18.911 Recv ACKNAK=[BF BF]
11:25:18.911 Recv ACKNAK=[BF BF]
11:25:18.911 Recv ACKNAK=[BF BF]
11:25:18.912 Recv ACKNAK=[BF BF]
11:25:18.912 Recv ACKNAK=[BF BF]
11:25:18.912 Recv ACKNAK=[BF BF]
11:25:18.912 Recv ACKNAK=[BF BF]
11:25:18.913 Recv ACKNAK=[BF BF]
11:25:18.913 Recv ACKNAK=[BF BF]
11:25:18.913 Recv ACKNAK=[BF BF]
11:25:18.913 Recv ACKNAK=[BF BF]
11:25:18.913 Recv ACKNAK=[BF BF]
11:25:18.914 Recv ACKNAK=[BF BF]
11:25:18.914 Recv ACKNAK=[BF BF]
11:25:18.914 Recv ACKNAK=[BF BF]
11:25:18.914 Recv ACKNAK=[BF BF]
11:25:18.914 Recv ACKNAK=[BF BF]
11:25:18.915 Recv ACKNAK=[BF BF]
11:25:18.915 Recv ACKNAK=[BF BF]
11:25:18.915 Recv ACKNAK=[BF BF]
11:25:18.915 Recv ACKNAK=[BF BF]
11:25:18.916 Recv ACKNAK=[BF BF]
11:25:18.916 Recv ACKNAK=[DF]
11:25:20.520 Recv ACKNAK Timeout
11:25:20.520 SaveResponseData code=[ERR_COMM]
11:25:20.542 SaveResponseData(600)=[xxxxxxxxxxxxxxxxxxxxxxxxxxxxxxxxxxxxxxxxxxxxxxxxxxxxxxxxxxxxxxxxxxxxxxxxxxxxxx0005xxxxxxxxxxxxxxxxxxxxxxxxxxxxxxxxxxxxxxxxxxxxxxxxxxxxxxxxxxxxxxxxxxxxxxxxxxxxxxxxxxxxxxxxxxxxxxxxxxxxxxxxxxxxxxxxxxxxxxxxxxxxxxxxxxxxxxxxxxxxxxxxxxxxxxxxxxxxxxxxxxxxxxxxxxxxxxxxxxxxxxxxxxxxxxxxxxxxxxxxxxxxxxxxxxxxxxxxxxxxxxxxxxxxxxxxxxxxxxxxxxxxxxxxxxxxxxxxxxxxxxxxxxxxxxxxxxxxxxxxxxxxxxxxxxxxxxxxxxxxxxxxxxxxxxxxxxxxxxxxxxxxxxxxxxxxxxxxxxxxxxxxxxxxxxxxxxxxxxxxxxxxxxxxxxxxxxxxxxxxxxxxxxxxxxxxxxxxxxxxxxxxxxxxxxxxxxxxxxxxxxxxxxxxxxxxxxxxxxxxxxxxxxxxxxxxxxxxxxxxxxxxxxxxxxxxxxxxxxxxxxxxxxxxxxxxxxxxxxxxxxxxxxxxxxxxxxxxxx]
11:25:20.576 ================================================================
11:25:20.576 Program done!
11:25:20.576 ================================================================
11:27:03.123 ================================================================
11:27:03.124 #Airlink# ecr api version=[20160531-001]
11:27:03.124 ----------------------------------------------------------------
11:27:03.124 SET Serial Port   :[COM39]
11:27:03.124 SET Timeout       :[65]
11:27:03.124 SET Rate          :[115200]
11:27:03.125 SET Mode          :[8,None,One]
11:27:03.125 SET Input File    :[in.dat]
11:27:03.125 SET Output Fiel   :[out.dat]
11:27:03.125 SET Retry         :[3]
11:27:03.126 SET Data Length   :[600]
11:27:03.126 SET RespCode Idx  :[79]
11:27:03.126 ----------------------------------------------------------------
11:27:03.127 ReadInFile(600)=[0103                           00000000000500                                                                          Bonjays Hotel                                                                                                                                                                                                                                                                                                                                                                                                                                                                                    ]
11:27:03.408 Send Req to EDC(603)=[02 30 31 30 33 20 20 20 20 20 20 20 20 20 20 20 20 20 20 20 20 20 20 20 20 20 20 20 20 20 20 20 30 30 30 30 30 30 30 30 30 30 30 35 30 30 20 20 20 20 20 20 20 20 20 20 20 20 20 20 20 20 20 20 20 20 20 20 20 20 20 20 20 20 20 20 20 20 20 20 20 20 20 20 20 20 20 20 20 20 20 20 20 20 20 20 20 20 20 20 20 20 20 20 20 20 20 20 20 20 20 20 20 20 20 20 20 20 20 20 42 6F 6E 6A 61 79 73 20 48 6F 74 65 6C 20 20 20 20 20 20 20 20 20 20 20 20 20 20 20 20 20 20 20 20 20 20 20 20 20 20 20 20 20 20 20 20 20 20 20 20 20 20 20 20 20 20 20 20 20 20 20 20 20 20 20 20 20 20 20 20 20 20 20 20 20 20 20 20 20 20 20 20 20 20 20 20 20 20 20 20 20 20 20 20 20 20 20 20 20 20 20 20 20 20 20 20 20 20 20 20 20 20 20 20 20 20 20 20 20 20 20 20 20 20 20 20 20 20 20 20 20 20 20 20 20 20 20 20 20 20 20 20 20 20 20 20 20 20 20 20 20 20 20 20 20 20 20 20 20 20 20 20 20 20 20 20 20 20 20 20 20 20 20 20 20 20 20 20 20 20 20 20 20 20 20 20 20 20 20 20 20 20 20 20 20 20 20 20 20 20 20 20 20 20 20 20 20 20 20 20 20 20 20 20 20 20 20 20 20 20 20 20 20 20 20 20 20 20 20 20 20 20 20 20 20 20 20 20 20 20 20 20 20 20 20 20 20 20 20 20 20 20 20 20 20 20 20 20 20 20 20 20 20 20 20 20 20 20 20 20 20 20 20 20 20 20 20 20 20 20 20 20 20 20 20 20 20 20 20 20 20 20 20 20 20 20 20 20 20 20 20 20 20 20 20 20 20 20 20 20 20 20 20 20 20 20 20 20 20 20 20 20 20 20 20 20 20 20 20 20 20 20 20 20 20 20 20 20 20 20 20 20 20 20 20 20 20 20 20 20 20 20 20 20 20 20 20 20 20 20 20 20 20 20 20 20 20 20 20 20 20 20 20 20 20 20 20 20 20 20 20 20 20 20 20 20 20 20 20 20 20 20 20 20 20 20 20 20 20 20 20 20 20 20 20 20 20 20 20 20 20 20 20 20 20 20 20 20 20 20 20 20 20 20 20 20 20 20 20 20 20 20 20 20 20 20 20 20 20 20 20 20 20 20 20 20 20 20 20 20 20 20 20 20 20 20 20 20 20 20 20 20 20 20 20 20 20 20 20 20 20 20 20 20 20 20 20 20 20 20 20 20 03 1C]
11:27:03.463 Recv ACKNAK=[06]
11:27:11.848 Recv Data(603)=[02 30 31 30 33 20 20 20 20 20 20 20 20 20 20 20 20 20 20 20 20 20 20 20 20 20 20 20 20 20 20 20 30 30 30 30 30 30 30 30 30 30 30 35 30 30 31 39 30 30 30 30 30 30 30 30 30 30 20 20 20 20 20 20 20 20 20 20 20 20 20 20 20 20 20 20 20 20 20 30 30 31 39 20 20 20 20 20 20 20 20 20 20 20 20 20 20 20 20 20 20 20 20 20 20 20 20 20 20 20 20 20 20 20 20 20 20 20 20 20 42 6F 6E 6A 61 79 73 20 48 6F 74 65 6C 20 20 20 20 20 20 20 20 20 20 20 20 20 20 20 20 20 20 20 20 20 20 20 20 20 20 20 20 20 20 20 20 20 20 20 20 20 20 20 20 20 20 20 20 20 20 20 20 20 20 20 20 20 20 20 20 20 20 20 20 20 20 20 20 20 20 20 20 20 20 20 20 20 20 20 20 20 20 20 20 20 20 20 20 20 20 20 20 20 20 20 20 20 20 20 20 20 20 20 20 20 20 20 20 20 20 20 20 20 20 20 20 20 20 20 20 20 20 20 20 20 20 20 20 20 20 20 20 20 20 20 20 20 20 20 20 20 20 20 20 20 20 20 20 20 20 20 20 20 20 20 20 20 20 20 20 20 20 20 20 20 20 20 20 20 20 20 20 20 20 20 20 20 20 20 20 20 20 20 20 20 20 20 20 20 20 20 20 20 20 20 20 20 20 20 20 20 20 20 20 20 20 20 20 20 20 20 20 20 20 20 20 20 20 20 20 20 20 20 20 20 20 20 20 20 20 20 20 20 20 20 20 20 20 20 20 20 20 20 20 20 20 20 20 20 20 20 20 20 20 20 20 20 20 20 20 20 20 20 20 20 20 20 20 20 20 20 20 20 20 20 20 20 20 20 20 20 20 20 20 20 20 20 20 20 20 20 20 20 20 20 20 20 20 20 20 20 20 20 20 20 20 20 20 20 20 20 20 20 20 20 20 20 20 20 20 20 20 20 20 20 20 20 20 20 20 20 20 20 20 20 20 20 20 20 20 20 20 20 20 20 20 20 20 20 20 20 20 20 20 20 20 20 20 20 20 20 20 20 20 20 20 20 20 20 20 20 20 20 20 20 20 20 20 20 20 20 20 20 20 20 20 20 20 20 20 20 20 20 20 20 20 20 20 20 20 20 20 20 20 20 20 20 20 20 20 20 20 20 20 20 20 20 20 20 20 20 20 20 20 20 20 20 20 20 20 20 20 20 20 20 20 20 20 20 20 20 20 20 20 20 20 20 20 20 20 20 20 20 20 20 20 20 20 20 20 20 20 20 20 20 20 20 20 20 20 20 20 03 1C]
11:27:11.848 Recv LRC=0x1C, Calc LRC=0x1C
11:27:11.848 SendACK
11:27:11.849 SaveResponseData code=[EDC_RESPONSE]
11:27:11.871 SaveResponseData(600)=[0103                           00000000000500190000000000                     0019                                     Bonjays Hotel                                                                                                                                                                                                                                                                                                                                                                                                                                                                                    ]
11:27:11.906 ================================================================
11:27:11.906 Program done!
11:27:11.906 ================================================================
11:27:24.494 ================================================================
11:27:24.495 #Airlink# ecr api version=[20160531-001]
11:27:24.495 ----------------------------------------------------------------
11:27:24.495 SET Serial Port   :[COM39]
11:27:24.495 SET Timeout       :[65]
11:27:24.496 SET Rate          :[115200]
11:27:24.496 SET Mode          :[8,None,One]
11:27:24.496 SET Input File    :[in.dat]
11:27:24.496 SET Output Fiel   :[out.dat]
11:27:24.497 SET Retry         :[3]
11:27:24.497 SET Data Length   :[600]
11:27:24.497 SET RespCode Idx  :[79]
11:27:24.497 ----------------------------------------------------------------
11:27:24.498 ReadInFile(600)=[0103                           00000000000500                                                                          Bonjays Hotel                                                                                                                                                                                                                                                                                                                                                                                                                                                                                    ]
11:27:24.781 Send Req to EDC(603)=[02 30 31 30 33 20 20 20 20 20 20 20 20 20 20 20 20 20 20 20 20 20 20 20 20 20 20 20 20 20 20 20 30 30 30 30 30 30 30 30 30 30 30 35 30 30 20 20 20 20 20 20 20 20 20 20 20 20 20 20 20 20 20 20 20 20 20 20 20 20 20 20 20 20 20 20 20 20 20 20 20 20 20 20 20 20 20 20 20 20 20 20 20 20 20 20 20 20 20 20 20 20 20 20 20 20 20 20 20 20 20 20 20 20 20 20 20 20 20 20 42 6F 6E 6A 61 79 73 20 48 6F 74 65 6C 20 20 20 20 20 20 20 20 20 20 20 20 20 20 20 20 20 20 20 20 20 20 20 20 20 20 20 20 20 20 20 20 20 20 20 20 20 20 20 20 20 20 20 20 20 20 20 20 20 20 20 20 20 20 20 20 20 20 20 20 20 20 20 20 20 20 20 20 20 20 20 20 20 20 20 20 20 20 20 20 20 20 20 20 20 20 20 20 20 20 20 20 20 20 20 20 20 20 20 20 20 20 20 20 20 20 20 20 20 20 20 20 20 20 20 20 20 20 20 20 20 20 20 20 20 20 20 20 20 20 20 20 20 20 20 20 20 20 20 20 20 20 20 20 20 20 20 20 20 20 20 20 20 20 20 20 20 20 20 20 20 20 20 20 20 20 20 20 20 20 20 20 20 20 20 20 20 20 20 20 20 20 20 20 20 20 20 20 20 20 20 20 20 20 20 20 20 20 20 20 20 20 20 20 20 20 20 20 20 20 20 20 20 20 20 20 20 20 20 20 20 20 20 20 20 20 20 20 20 20 20 20 20 20 20 20 20 20 20 20 20 20 20 20 20 20 20 20 20 20 20 20 20 20 20 20 20 20 20 20 20 20 20 20 20 20 20 20 20 20 20 20 20 20 20 20 20 20 20 20 20 20 20 20 20 20 20 20 20 20 20 20 20 20 20 20 20 20 20 20 20 20 20 20 20 20 20 20 20 20 20 20 20 20 20 20 20 20 20 20 20 20 20 20 20 20 20 20 20 20 20 20 20 20 20 20 20 20 20 20 20 20 20 20 20 20 20 20 20 20 20 20 20 20 20 20 20 20 20 20 20 20 20 20 20 20 20 20 20 20 20 20 20 20 20 20 20 20 20 20 20 20 20 20 20 20 20 20 20 20 20 20 20 20 20 20 20 20 20 20 20 20 20 20 20 20 20 20 20 20 20 20 20 20 20 20 20 20 20 20 20 20 20 20 20 20 20 20 20 20 20 20 20 20 20 20 20 20 20 20 20 20 20 20 20 20 20 20 20 20 20 20 20 20 20 20 20 20 20 20 20 20 20 20 20 20 20 20 03 1C]
11:27:24.836 Recv ACKNAK=[06]
11:27:26.808 Recv Data(603)=[02 30 31 30 33 30 30 30 30 30 36 34 32 38 33 36 38 32 30 31 2A 2A 2A 34 32 35 31 20 20 20 20 20 30 30 30 30 30 30 30 30 30 30 30 35 30 30 31 39 30 32 31 34 31 31 32 37 35 39 37 37 37 37 37 37 20 20 20 20 20 20 20 20 20 20 20 20 20 20 20 30 30 30 30 39 39 30 32 30 30 30 31 31 32 33 34 35 36 37 38 39 30 31 32 20 20 20 20 20 20 20 20 20 20 20 20 20 20 20 20 20 42 6F 6E 6A 61 79 73 20 48 6F 74 65 6C 20 20 20 20 20 20 20 20 20 20 20 20 30 30 20 20 20 20 20 20 20 20 20 20 20 20 20 20 20 20 20 20 20 20 20 20 20 20 20 20 20 20 20 20 20 20 20 20 20 20 20 20 20 20 20 20 20 20 20 20 20 20 20 20 20 20 20 20 20 20 34 32 38 33 36 38 4A 58 4A 63 39 71 48 47 35 75 7A 6D 43 42 68 64 49 63 6A 76 56 35 75 47 65 50 76 55 56 51 32 79 6C 71 38 69 76 41 6D 75 6F 67 63 3D 20 20 20 20 20 20 20 20 20 20 20 20 20 20 20 20 20 20 20 20 20 20 20 20 20 20 20 20 20 20 20 20 20 20 20 20 20 20 20 20 20 20 20 20 20 20 20 20 20 20 20 20 20 20 20 20 20 20 20 20 20 20 20 20 20 20 20 20 20 20 20 20 20 20 20 20 20 20 20 20 20 20 30 30 30 30 30 33 57 30 30 30 30 30 31 30 31 30 32 32 30 32 36 36 20 20 20 20 20 20 20 20 20 20 20 20 20 20 20 20 30 35 41 45 44 43 38 44 37 30 36 34 39 38 44 33 20 20 20 20 20 20 20 20 20 20 20 20 20 20 20 20 20 20 20 20 20 20 20 20 20 20 20 20 20 20 20 20 20 20 20 20 20 20 20 20 20 20 20 20 20 20 20 20 20 20 20 20 20 20 20 20 20 20 20 20 20 20 20 20 20 20 20 20 20 20 20 20 20 20 20 20 30 33 39 39 30 32 30 30 30 31 30 30 30 30 30 36 20 20 20 20 20 20 20 20 20 20 20 20 20 20 20 20 20 20 20 20 20 20 20 20 20 20 20 20 20 20 20 20 20 20 20 20 20 20 20 20 20 20 20 20 20 20 20 20 20 20 20 20 20 20 20 20 20 20 20 20 20 20 20 20 20 20 20 20 20 20 20 20 20 20 20 20 20 20 20 20 20 20 20 20 20 20 20 20 20 20 20 20 20 20 20 20 20 20 20 20 20 20 20 20 20 20 20 20 20 20 20 20 20 20 20 20 20 20 20 20 03 41]
11:27:26.808 Recv LRC=0x41, Calc LRC=0x41
11:27:26.809 SendACK
11:27:26.809 SaveResponseData code=[EDC_RESPONSE]
11:27:26.831 SaveResponseData(600)=[0103000006428368201***4251     00000000000500190214112759777777               000099020001123456789012                 Bonjays Hotel            00                                                        428368JXJc9qHG5uzmCBhdIcjvV5uGePvUVQ2ylq8ivAmuogc=                                                                                  000003W000001010220266                05AEDC8D706498D3                                                                            0399020001000006                                                                                                                        ]
11:27:26.866 ================================================================
11:27:26.866 Program done!
11:27:26.867 ================================================================
11:27:39.576 ================================================================
11:27:39.577 #Airlink# ecr api version=[20160531-001]
11:27:39.577 ----------------------------------------------------------------
11:27:39.577 SET Serial Port   :[COM39]
11:27:39.577 SET Timeout       :[65]
11:27:39.577 SET Rate          :[115200]
11:27:39.578 SET Mode          :[8,None,One]
11:27:39.578 SET Input File    :[in.dat]
11:27:39.578 SET Output Fiel   :[out.dat]
11:27:39.578 SET Retry         :[3]
11:27:39.579 SET Data Length   :[600]
11:27:39.579 SET RespCode Idx  :[79]
11:27:39.579 ----------------------------------------------------------------
11:27:39.580 ReadInFile(600)=[3103                           00000000000000                                                                                BJID123                                                                                                                                                                                                                                                                                                                                                                                                                                                                                    ]
11:27:39.860 Send Req to EDC(603)=[02 33 31 30 33 20 20 20 20 20 20 20 20 20 20 20 20 20 20 20 20 20 20 20 20 20 20 20 20 20 20 20 30 30 30 30 30 30 30 30 30 30 30 30 30 30 20 20 20 20 20 20 20 20 20 20 20 20 20 20 20 20 20 20 20 20 20 20 20 20 20 20 20 20 20 20 20 20 20 20 20 20 20 20 20 20 20 20 20 20 20 20 20 20 20 20 20 20 20 20 20 20 20 20 20 20 20 20 20 20 20 20 20 20 20 20 20 20 20 20 20 20 20 20 20 20 42 4A 49 44 31 32 33 20 20 20 20 20 20 20 20 20 20 20 20 20 20 20 20 20 20 20 20 20 20 20 20 20 20 20 20 20 20 20 20 20 20 20 20 20 20 20 20 20 20 20 20 20 20 20 20 20 20 20 20 20 20 20 20 20 20 20 20 20 20 20 20 20 20 20 20 20 20 20 20 20 20 20 20 20 20 20 20 20 20 20 20 20 20 20 20 20 20 20 20 20 20 20 20 20 20 20 20 20 20 20 20 20 20 20 20 20 20 20 20 20 20 20 20 20 20 20 20 20 20 20 20 20 20 20 20 20 20 20 20 20 20 20 20 20 20 20 20 20 20 20 20 20 20 20 20 20 20 20 20 20 20 20 20 20 20 20 20 20 20 20 20 20 20 20 20 20 20 20 20 20 20 20 20 20 20 20 20 20 20 20 20 20 20 20 20 20 20 20 20 20 20 20 20 20 20 20 20 20 20 20 20 20 20 20 20 20 20 20 20 20 20 20 20 20 20 20 20 20 20 20 20 20 20 20 20 20 20 20 20 20 20 20 20 20 20 20 20 20 20 20 20 20 20 20 20 20 20 20 20 20 20 20 20 20 20 20 20 20 20 20 20 20 20 20 20 20 20 20 20 20 20 20 20 20 20 20 20 20 20 20 20 20 20 20 20 20 20 20 20 20 20 20 20 20 20 20 20 20 20 20 20 20 20 20 20 20 20 20 20 20 20 20 20 20 20 20 20 20 20 20 20 20 20 20 20 20 20 20 20 20 20 20 20 20 20 20 20 20 20 20 20 20 20 20 20 20 20 20 20 20 20 20 20 20 20 20 20 20 20 20 20 20 20 20 20 20 20 20 20 20 20 20 20 20 20 20 20 20 20 20 20 20 20 20 20 20 20 20 20 20 20 20 20 20 20 20 20 20 20 20 20 20 20 20 20 20 20 20 20 20 20 20 20 20 20 20 20 20 20 20 20 20 20 20 20 20 20 20 20 20 20 20 20 20 20 20 20 20 20 20 20 20 20 20 20 20 20 20 20 20 20 20 20 20 20 20 20 20 20 20 20 20 20 20 20 03 17]
11:27:39.915 Recv ACKNAK=[06]
11:27:40.271 Recv Data(603)=[02 33 31 30 33 20 20 20 20 20 20 20 20 20 20 20 20 20 20 20 20 20 20 20 20 20 20 20 20 20 20 20 30 30 30 30 30 30 30 30 30 30 30 30 30 30 31 39 30 32 31 34 31 31 32 38 31 32 20 20 20 20 20 20 20 20 20 20 20 20 20 20 20 20 20 20 20 20 20 30 30 30 30 39 39 30 32 30 30 30 31 20 20 20 20 20 20 20 20 20 20 20 20 20 20 20 20 20 20 20 20 20 20 20 20 20 20 20 20 20 20 20 20 20 20 20 42 4A 49 44 31 32 33 20 20 20 20 20 20 20 20 20 20 20 20 20 20 20 20 20 20 20 20 20 20 20 20 20 20 20 20 20 20 20 20 20 20 20 20 20 20 20 20 20 20 20 20 20 20 20 20 20 20 20 20 20 20 20 20 20 20 20 20 20 20 20 20 20 20 20 20 20 20 20 20 20 20 20 20 20 20 20 20 20 20 20 20 20 20 20 20 20 20 20 20 20 20 20 20 20 20 20 20 20 20 20 20 20 20 20 20 20 20 20 20 20 20 20 20 20 20 20 20 20 20 20 20 20 20 20 20 20 20 20 20 20 20 20 20 20 20 20 20 20 20 20 20 20 20 20 20 20 20 20 20 20 20 20 20 20 20 20 20 20 20 20 20 20 20 20 20 20 20 20 20 20 20 20 20 20 20 20 20 20 20 20 20 20 20 20 20 20 20 20 20 20 20 20 20 20 20 20 20 20 20 30 30 30 30 30 33 20 30 30 30 30 30 31 30 31 30 32 32 30 32 36 36 20 20 20 20 20 20 20 20 20 20 20 20 20 20 20 20 20 20 20 20 20 20 20 20 20 20 20 20 20 20 20 20 20 20 36 20 20 20 20 20 20 37 36 31 35 30 30 20 20 20 20 20 20 20 20 20 20 20 20 20 20 20 20 20 20 20 20 20 20 20 20 20 20 20 20 20 20 20 20 20 20 20 20 20 20 20 20 20 20 20 20 20 20 20 20 20 20 20 20 20 20 20 20 20 20 20 20 20 20 20 20 20 20 20 20 20 20 20 20 20 20 20 20 20 20 20 20 20 20 20 20 20 20 20 20 20 20 20 20 20 20 20 20 20 20 20 20 20 20 20 20 20 20 20 20 20 20 20 20 20 20 20 20 20 20 20 20 20 20 20 20 20 20 20 20 20 20 20 20 20 20 20 20 20 20 20 20 20 20 20 20 20 20 20 20 20 20 20 20 20 20 20 20 20 20 20 20 20 20 20 20 20 20 20 20 20 20 20 20 20 20 20 20 20 20 20 20 20 20 20 20 20 20 20 20 20 20 20 20 20 20 20 20 20 03 10]
11:27:40.271 Recv LRC=0x10, Calc LRC=0x10
11:27:40.271 SendACK
11:27:40.272 SaveResponseData code=[EDC_RESPONSE]
11:27:40.293 SaveResponseData(600)=[3103                           00000000000000190214112812                     000099020001                                   BJID123                                                                                                                                                                                                          000003 000001010220266                                  6      761500                                                                                                                                                                                                     ]
11:27:40.328 ================================================================
11:27:40.328 Program done!
11:27:40.329 ================================================================
12:01:33.164 ================================================================
12:01:33.165 #Airlink# ecr api version=[20160531-001]
12:01:33.165 ----------------------------------------------------------------
12:01:33.165 SET Serial Port   :[COM39]
12:01:33.165 SET Timeout       :[65]
12:01:33.165 SET Rate          :[115200]
12:01:33.165 SET Mode          :[8,None,One]
12:01:33.165 SET Input File    :[in.dat]
12:01:33.165 SET Output Fiel   :[out.dat]
12:01:33.165 SET Retry         :[3]
12:01:33.166 SET Data Length   :[600]
12:01:33.166 SET RespCode Idx  :[79]
12:01:33.166 ----------------------------------------------------------------
12:01:33.167 ReadInFile(600)=[3103                           00000000000000                                                                          Bonjays Hotel                                                                                                                                                                                                                                                                                                                                                                                                                                                                                    ]
12:01:33.447 Send Req to EDC(603)=[02 33 31 30 33 20 20 20 20 20 20 20 20 20 20 20 20 20 20 20 20 20 20 20 20 20 20 20 20 20 20 20 30 30 30 30 30 30 30 30 30 30 30 30 30 30 20 20 20 20 20 20 20 20 20 20 20 20 20 20 20 20 20 20 20 20 20 20 20 20 20 20 20 20 20 20 20 20 20 20 20 20 20 20 20 20 20 20 20 20 20 20 20 20 20 20 20 20 20 20 20 20 20 20 20 20 20 20 20 20 20 20 20 20 20 20 20 20 20 20 42 6F 6E 6A 61 79 73 20 48 6F 74 65 6C 20 20 20 20 20 20 20 20 20 20 20 20 20 20 20 20 20 20 20 20 20 20 20 20 20 20 20 20 20 20 20 20 20 20 20 20 20 20 20 20 20 20 20 20 20 20 20 20 20 20 20 20 20 20 20 20 20 20 20 20 20 20 20 20 20 20 20 20 20 20 20 20 20 20 20 20 20 20 20 20 20 20 20 20 20 20 20 20 20 20 20 20 20 20 20 20 20 20 20 20 20 20 20 20 20 20 20 20 20 20 20 20 20 20 20 20 20 20 20 20 20 20 20 20 20 20 20 20 20 20 20 20 20 20 20 20 20 20 20 20 20 20 20 20 20 20 20 20 20 20 20 20 20 20 20 20 20 20 20 20 20 20 20 20 20 20 20 20 20 20 20 20 20 20 20 20 20 20 20 20 20 20 20 20 20 20 20 20 20 20 20 20 20 20 20 20 20 20 20 20 20 20 20 20 20 20 20 20 20 20 20 20 20 20 20 20 20 20 20 20 20 20 20 20 20 20 20 20 20 20 20 20 20 20 20 20 20 20 20 20 20 20 20 20 20 20 20 20 20 20 20 20 20 20 20 20 20 20 20 20 20 20 20 20 20 20 20 20 20 20 20 20 20 20 20 20 20 20 20 20 20 20 20 20 20 20 20 20 20 20 20 20 20 20 20 20 20 20 20 20 20 20 20 20 20 20 20 20 20 20 20 20 20 20 20 20 20 20 20 20 20 20 20 20 20 20 20 20 20 20 20 20 20 20 20 20 20 20 20 20 20 20 20 20 20 20 20 20 20 20 20 20 20 20 20 20 20 20 20 20 20 20 20 20 20 20 20 20 20 20 20 20 20 20 20 20 20 20 20 20 20 20 20 20 20 20 20 20 20 20 20 20 20 20 20 20 20 20 20 20 20 20 20 20 20 20 20 20 20 20 20 20 20 20 20 20 20 20 20 20 20 20 20 20 20 20 20 20 20 20 20 20 20 20 20 20 20 20 20 20 20 20 20 20 20 20 20 20 20 20 20 20 20 20 20 20 20 20 20 20 20 20 20 20 20 20 20 20 03 1A]
12:01:33.502 Recv ACKNAK=[06]
12:01:33.850 Recv Data(603)=[02 33 31 30 33 20 20 20 20 20 20 20 20 20 20 20 20 20 20 20 20 20 20 20 20 20 20 20 20 20 20 20 30 30 30 30 30 30 30 30 30 30 30 30 30 30 31 39 30 32 31 34 31 32 30 32 30 36 20 20 20 20 20 20 20 20 20 20 20 20 20 20 20 20 20 20 20 20 20 30 30 30 30 39 39 30 32 30 30 30 31 20 20 20 20 20 20 20 20 20 20 20 20 20 20 20 20 20 20 20 20 20 20 20 20 20 20 20 20 20 42 6F 6E 6A 61 79 73 20 48 6F 74 65 6C 20 20 20 20 20 20 20 20 20 20 20 20 20 20 20 20 20 20 20 20 20 20 20 20 20 20 20 20 20 20 20 20 20 20 20 20 20 20 20 20 20 20 20 20 20 20 20 20 20 20 20 20 20 20 20 20 20 20 20 20 20 20 20 20 20 20 20 20 20 20 20 20 20 20 20 20 20 20 20 20 20 20 20 20 20 20 20 20 20 20 20 20 20 20 20 20 20 20 20 20 20 20 20 20 20 20 20 20 20 20 20 20 20 20 20 20 20 20 20 20 20 20 20 20 20 20 20 20 20 20 20 20 20 20 20 20 20 20 20 20 20 20 20 20 20 20 20 20 20 20 20 20 20 20 20 20 20 20 20 20 20 20 20 20 20 20 20 20 20 20 20 20 20 20 20 20 20 20 20 20 20 20 20 20 20 20 20 20 20 20 20 20 20 20 20 20 20 20 20 20 20 20 30 30 30 30 30 34 20 30 30 30 30 30 31 30 31 30 32 32 30 32 36 36 20 20 20 20 20 20 20 20 20 20 20 20 20 20 20 20 20 20 20 20 20 20 20 20 20 20 20 20 20 20 20 20 20 20 30 20 20 20 20 20 20 20 20 20 30 30 30 20 20 20 20 20 20 20 20 20 20 20 20 20 20 20 20 20 20 20 20 20 20 20 20 20 20 20 20 20 20 20 20 20 20 20 20 20 20 20 20 20 20 20 20 20 20 20 20 20 20 20 20 20 20 20 20 20 20 20 20 20 20 20 20 20 20 20 20 20 20 20 20 20 20 20 20 20 20 20 20 20 20 20 20 20 20 20 20 20 20 20 20 20 20 20 20 20 20 20 20 20 20 20 20 20 20 20 20 20 20 20 20 20 20 20 20 20 20 20 20 20 20 20 20 20 20 20 20 20 20 20 20 20 20 20 20 20 20 20 20 20 20 20 20 20 20 20 20 20 20 20 20 20 20 20 20 20 20 20 20 20 20 20 20 20 20 20 20 20 20 20 20 20 20 20 20 20 20 20 20 20 20 20 20 20 20 20 20 20 20 20 20 20 20 20 20 20 03 07]
12:01:33.851 Recv LRC=0x07, Calc LRC=0x07
12:01:33.851 SendACK
12:01:33.852 SaveResponseData code=[EDC_RESPONSE]
12:01:33.873 SaveResponseData(600)=[3103                           00000000000000190214120206                     000099020001                             Bonjays Hotel                                                                                                                                                                                                          000004 000001010220266                                  0         000                                                                                                                                                                                                     ]
12:01:33.908 ================================================================
12:01:33.908 Program done!
12:01:33.908 ================================================================
