16:08:22.519 ================================================================
16:08:22.520 #Airlink# ecr api version=[20160531-001]
16:08:22.520 ----------------------------------------------------------------
16:08:22.520 SET Serial Port   :[COM40]
16:08:22.520 SET Timeout       :[120]
16:08:22.521 SET Rate          :[115200]
16:08:22.521 SET Mode          :[8,None,One]
16:08:22.521 SET Input File    :[in.dat]
16:08:22.521 SET Output Fiel   :[out.dat]
16:08:22.522 SET Retry         :[3]
16:08:22.522 SET Data Length   :[600]
16:08:22.522 SET RespCode Idx  :[79]
16:08:22.522 ----------------------------------------------------------------
16:08:22.524 ReadInFile(600)=[0103                           01000000010000                                                                          Bonjays Hotel                                                                                                                                                                                                                                                                                                                                                                                                                                                                                    ]
16:08:22.841 Send Req to EDC(603)=[02 30 31 30 33 20 20 20 20 20 20 20 20 20 20 20 20 20 20 20 20 20 20 20 20 20 20 20 20 20 20 20 30 31 30 30 30 30 30 30 30 31 30 30 30 30 20 20 20 20 20 20 20 20 20 20 20 20 20 20 20 20 20 20 20 20 20 20 20 20 20 20 20 20 20 20 20 20 20 20 20 20 20 20 20 20 20 20 20 20 20 20 20 20 20 20 20 20 20 20 20 20 20 20 20 20 20 20 20 20 20 20 20 20 20 20 20 20 20 20 42 6F 6E 6A 61 79 73 20 48 6F 74 65 6C 20 20 20 20 20 20 20 20 20 20 20 20 20 20 20 20 20 20 20 20 20 20 20 20 20 20 20 20 20 20 20 20 20 20 20 20 20 20 20 20 20 20 20 20 20 20 20 20 20 20 20 20 20 20 20 20 20 20 20 20 20 20 20 20 20 20 20 20 20 20 20 20 20 20 20 20 20 20 20 20 20 20 20 20 20 20 20 20 20 20 20 20 20 20 20 20 20 20 20 20 20 20 20 20 20 20 20 20 20 20 20 20 20 20 20 20 20 20 20 20 20 20 20 20 20 20 20 20 20 20 20 20 20 20 20 20 20 20 20 20 20 20 20 20 20 20 20 20 20 20 20 20 20 20 20 20 20 20 20 20 20 20 20 20 20 20 20 20 20 20 20 20 20 20 20 20 20 20 20 20 20 20 20 20 20 20 20 20 20 20 20 20 20 20 20 20 20 20 20 20 20 20 20 20 20 20 20 20 20 20 20 20 20 20 20 20 20 20 20 20 20 20 20 20 20 20 20 20 20 20 20 20 20 20 20 20 20 20 20 20 20 20 20 20 20 20 20 20 20 20 20 20 20 20 20 20 20 20 20 20 20 20 20 20 20 20 20 20 20 20 20 20 20 20 20 20 20 20 20 20 20 20 20 20 20 20 20 20 20 20 20 20 20 20 20 20 20 20 20 20 20 20 20 20 20 20 20 20 20 20 20 20 20 20 20 20 20 20 20 20 20 20 20 20 20 20 20 20 20 20 20 20 20 20 20 20 20 20 20 20 20 20 20 20 20 20 20 20 20 20 20 20 20 20 20 20 20 20 20 20 20 20 20 20 20 20 20 20 20 20 20 20 20 20 20 20 20 20 20 20 20 20 20 20 20 20 20 20 20 20 20 20 20 20 20 20 20 20 20 20 20 20 20 20 20 20 20 20 20 20 20 20 20 20 20 20 20 20 20 20 20 20 20 20 20 20 20 20 20 20 20 20 20 20 20 20 20 20 20 20 20 20 20 20 20 20 20 20 20 20 20 20 20 20 20 20 20 20 20 20 20 20 20 20 20 20 20 20 03 19]
16:08:22.884 Recv ACKNAK=[BF BF]
16:08:22.884 Recv ACKNAK=[BF BF]
16:08:22.885 Recv ACKNAK=[BF BF]
16:08:22.885 Recv ACKNAK=[BF BF]
16:08:22.886 Recv ACKNAK=[BF BF]
16:08:22.886 Recv ACKNAK=[BF BF]
16:08:22.886 Recv ACKNAK=[6F BF]
16:08:22.887 Recv ACKNAK=[BF BF]
16:08:22.887 Recv ACKNAK=[BF BF]
16:08:22.887 Recv ACKNAK=[BF BF]
16:08:22.888 Recv ACKNAK=[BF BF]
16:08:22.888 Recv ACKNAK=[BF BF]
16:08:22.888 Recv ACKNAK=[BF BF]
16:08:22.889 Recv ACKNAK=[BF BF]
16:08:22.889 Recv ACKNAK=[BF BF]
16:08:22.889 Recv ACKNAK=[BF BF]
16:08:22.889 Recv ACKNAK=[BF BF]
16:08:22.890 Recv ACKNAK=[BF BF]
16:08:22.890 Recv ACKNAK=[BF BF]
16:08:22.890 Recv ACKNAK=[BF BF]
16:08:22.890 Recv ACKNAK=[BF BF]
16:08:22.891 Recv ACKNAK=[BF BF]
16:08:22.891 Recv ACKNAK=[BF BF]
16:08:22.891 Recv ACKNAK=[BF BF]
16:08:22.892 Recv ACKNAK=[BF BF]
16:08:22.892 Recv ACKNAK=[BF BF]
16:08:22.892 Recv ACKNAK=[BF BF]
16:08:22.892 Recv ACKNAK=[BF BF]
16:08:22.893 Recv ACKNAK=[BF]
16:08:22.893 Recv ACKNAK=[BF]
16:08:22.894 Recv ACKNAK=[BF]
16:08:22.895 Recv ACKNAK=[BF]
16:08:24.504 Recv ACKNAK Timeout
16:08:24.504 Send Req to EDC(603)=[02 30 31 30 33 20 20 20 20 20 20 20 20 20 20 20 20 20 20 20 20 20 20 20 20 20 20 20 20 20 20 20 30 31 30 30 30 30 30 30 30 31 30 30 30 30 20 20 20 20 20 20 20 20 20 20 20 20 20 20 20 20 20 20 20 20 20 20 20 20 20 20 20 20 20 20 20 20 20 20 20 20 20 20 20 20 20 20 20 20 20 20 20 20 20 20 20 20 20 20 20 20 20 20 20 20 20 20 20 20 20 20 20 20 20 20 20 20 20 20 42 6F 6E 6A 61 79 73 20 48 6F 74 65 6C 20 20 20 20 20 20 20 20 20 20 20 20 20 20 20 20 20 20 20 20 20 20 20 20 20 20 20 20 20 20 20 20 20 20 20 20 20 20 20 20 20 20 20 20 20 20 20 20 20 20 20 20 20 20 20 20 20 20 20 20 20 20 20 20 20 20 20 20 20 20 20 20 20 20 20 20 20 20 20 20 20 20 20 20 20 20 20 20 20 20 20 20 20 20 20 20 20 20 20 20 20 20 20 20 20 20 20 20 20 20 20 20 20 20 20 20 20 20 20 20 20 20 20 20 20 20 20 20 20 20 20 20 20 20 20 20 20 20 20 20 20 20 20 20 20 20 20 20 20 20 20 20 20 20 20 20 20 20 20 20 20 20 20 20 20 20 20 20 20 20 20 20 20 20 20 20 20 20 20 20 20 20 20 20 20 20 20 20 20 20 20 20 20 20 20 20 20 20 20 20 20 20 20 20 20 20 20 20 20 20 20 20 20 20 20 20 20 20 20 20 20 20 20 20 20 20 20 20 20 20 20 20 20 20 20 20 20 20 20 20 20 20 20 20 20 20 20 20 20 20 20 20 20 20 20 20 20 20 20 20 20 20 20 20 20 20 20 20 20 20 20 20 20 20 20 20 20 20 20 20 20 20 20 20 20 20 20 20 20 20 20 20 20 20 20 20 20 20 20 20 20 20 20 20 20 20 20 20 20 20 20 20 20 20 20 20 20 20 20 20 20 20 20 20 20 20 20 20 20 20 20 20 20 20 20 20 20 20 20 20 20 20 20 20 20 20 20 20 20 20 20 20 20 20 20 20 20 20 20 20 20 20 20 20 20 20 20 20 20 20 20 20 20 20 20 20 20 20 20 20 20 20 20 20 20 20 20 20 20 20 20 20 20 20 20 20 20 20 20 20 20 20 20 20 20 20 20 20 20 20 20 20 20 20 20 20 20 20 20 20 20 20 20 20 20 20 20 20 20 20 20 20 20 20 20 20 20 20 20 20 20 20 20 20 20 20 20 20 20 20 20 20 20 20 20 20 20 20 20 20 20 20 20 20 20 20 20 20 03 19]
16:08:24.547 Recv ACKNAK=[BF BF]
16:08:24.547 Recv ACKNAK=[BF BF]
16:08:24.548 Recv ACKNAK=[BF BF]
16:08:24.548 Recv ACKNAK=[BF BF]
16:08:24.548 Recv ACKNAK=[BF BF]
16:08:24.549 Recv ACKNAK=[BF BF]
16:08:24.549 Recv ACKNAK=[7D BF]
16:08:24.549 Recv ACKNAK=[BF BF]
16:08:24.549 Recv ACKNAK=[BF BF]
16:08:24.549 Recv ACKNAK=[BF BF]
16:08:24.549 Recv ACKNAK=[BF BF]
16:08:24.550 Recv ACKNAK=[BF BF]
16:08:24.550 Recv ACKNAK=[BF BF]
16:08:24.551 Recv ACKNAK=[BF BF]
16:08:24.551 Recv ACKNAK=[BF BF]
16:08:24.551 Recv ACKNAK=[BF BF]
16:08:24.551 Recv ACKNAK=[BF BF]
16:08:24.552 Recv ACKNAK=[BF BF]
16:08:24.552 Recv ACKNAK=[BF BF]
16:08:24.552 Recv ACKNAK=[BF BF]
16:08:24.553 Recv ACKNAK=[BF BF]
16:08:24.553 Recv ACKNAK=[BF BF]
16:08:24.553 Recv ACKNAK=[BF BF]
16:08:24.554 Recv ACKNAK=[BF BF]
16:08:24.554 Recv ACKNAK=[BF BF]
16:08:24.554 Recv ACKNAK=[BF BF]
16:08:24.554 Recv ACKNAK=[BF BF]
16:08:24.555 Recv ACKNAK=[BF BF]
16:08:24.555 Recv ACKNAK=[BF BF]
16:08:24.556 Recv ACKNAK=[BF]
16:08:24.556 Recv ACKNAK=[BF]
16:08:26.161 Recv ACKNAK Timeout
16:08:26.161 Send Req to EDC(603)=[02 30 31 30 33 20 20 20 20 20 20 20 20 20 20 20 20 20 20 20 20 20 20 20 20 20 20 20 20 20 20 20 30 31 30 30 30 30 30 30 30 31 30 30 30 30 20 20 20 20 20 20 20 20 20 20 20 20 20 20 20 20 20 20 20 20 20 20 20 20 20 20 20 20 20 20 20 20 20 20 20 20 20 20 20 20 20 20 20 20 20 20 20 20 20 20 20 20 20 20 20 20 20 20 20 20 20 20 20 20 20 20 20 20 20 20 20 20 20 20 42 6F 6E 6A 61 79 73 20 48 6F 74 65 6C 20 20 20 20 20 20 20 20 20 20 20 20 20 20 20 20 20 20 20 20 20 20 20 20 20 20 20 20 20 20 20 20 20 20 20 20 20 20 20 20 20 20 20 20 20 20 20 20 20 20 20 20 20 20 20 20 20 20 20 20 20 20 20 20 20 20 20 20 20 20 20 20 20 20 20 20 20 20 20 20 20 20 20 20 20 20 20 20 20 20 20 20 20 20 20 20 20 20 20 20 20 20 20 20 20 20 20 20 20 20 20 20 20 20 20 20 20 20 20 20 20 20 20 20 20 20 20 20 20 20 20 20 20 20 20 20 20 20 20 20 20 20 20 20 20 20 20 20 20 20 20 20 20 20 20 20 20 20 20 20 20 20 20 20 20 20 20 20 20 20 20 20 20 20 20 20 20 20 20 20 20 20 20 20 20 20 20 20 20 20 20 20 20 20 20 20 20 20 20 20 20 20 20 20 20 20 20 20 20 20 20 20 20 20 20 20 20 20 20 20 20 20 20 20 20 20 20 20 20 20 20 20 20 20 20 20 20 20 20 20 20 20 20 20 20 20 20 20 20 20 20 20 20 20 20 20 20 20 20 20 20 20 20 20 20 20 20 20 20 20 20 20 20 20 20 20 20 20 20 20 20 20 20 20 20 20 20 20 20 20 20 20 20 20 20 20 20 20 20 20 20 20 20 20 20 20 20 20 20 20 20 20 20 20 20 20 20 20 20 20 20 20 20 20 20 20 20 20 20 20 20 20 20 20 20 20 20 20 20 20 20 20 20 20 20 20 20 20 20 20 20 20 20 20 20 20 20 20 20 20 20 20 20 20 20 20 20 20 20 20 20 20 20 20 20 20 20 20 20 20 20 20 20 20 20 20 20 20 20 20 20 20 20 20 20 20 20 20 20 20 20 20 20 20 20 20 20 20 20 20 20 20 20 20 20 20 20 20 20 20 20 20 20 20 20 20 20 20 20 20 20 20 20 20 20 20 20 20 20 20 20 20 20 20 20 20 20 20 20 20 20 20 20 20 20 20 20 20 20 20 20 20 20 20 20 20 20 20 03 19]
16:08:26.204 Recv ACKNAK=[BF BF]
16:08:26.204 Recv ACKNAK=[BF BD]
16:08:26.204 Recv ACKNAK=[BF BF]
16:08:26.205 Recv ACKNAK=[BF BF]
16:08:26.205 Recv ACKNAK=[BF BF]
16:08:26.205 Recv ACKNAK=[BF 6F]
16:08:26.206 Recv ACKNAK=[75 BF]
16:08:26.206 Recv ACKNAK=[BF BF]
16:08:26.206 Recv ACKNAK=[BF BF]
16:08:26.207 Recv ACKNAK=[BF BF]
16:08:26.207 Recv ACKNAK=[BF BF]
16:08:26.207 Recv ACKNAK=[BF BF]
16:08:26.208 Recv ACKNAK=[BF BF]
16:08:26.208 Recv ACKNAK=[BF BF]
16:08:26.208 Recv ACKNAK=[BF BF]
16:08:26.208 Recv ACKNAK=[BF BF]
16:08:26.209 Recv ACKNAK=[BF BF]
16:08:26.209 Recv ACKNAK=[BF BF]
16:08:26.209 Recv ACKNAK=[BF BF]
16:08:26.209 Recv ACKNAK=[BF BF]
16:08:26.210 Recv ACKNAK=[BF BF]
16:08:26.210 Recv ACKNAK=[BF BF]
16:08:26.210 Recv ACKNAK=[BF BF]
16:08:26.211 Recv ACKNAK=[BF BF]
16:08:26.211 Recv ACKNAK=[BF BF]
16:08:26.211 Recv ACKNAK=[BF BF]
16:08:26.212 Recv ACKNAK=[BF BF]
16:08:26.212 Recv ACKNAK=[BF BF]
16:08:26.212 Recv ACKNAK=[BF]
16:08:26.213 Recv ACKNAK=[BF]
16:08:26.214 Recv ACKNAK=[BF]
16:08:26.215 Recv ACKNAK=[FB]
16:08:27.819 Recv ACKNAK Timeout
16:08:27.819 SaveResponseData code=[ERR_COMM]
16:08:27.840 SaveResponseData(600)=[xxxxxxxxxxxxxxxxxxxxxxxxxxxxxxxxxxxxxxxxxxxxxxxxxxxxxxxxxxxxxxxxxxxxxxxxxxxxxx0005xxxxxxxxxxxxxxxxxxxxxxxxxxxxxxxxxxxxxxxxxxxxxxxxxxxxxxxxxxxxxxxxxxxxxxxxxxxxxxxxxxxxxxxxxxxxxxxxxxxxxxxxxxxxxxxxxxxxxxxxxxxxxxxxxxxxxxxxxxxxxxxxxxxxxxxxxxxxxxxxxxxxxxxxxxxxxxxxxxxxxxxxxxxxxxxxxxxxxxxxxxxxxxxxxxxxxxxxxxxxxxxxxxxxxxxxxxxxxxxxxxxxxxxxxxxxxxxxxxxxxxxxxxxxxxxxxxxxxxxxxxxxxxxxxxxxxxxxxxxxxxxxxxxxxxxxxxxxxxxxxxxxxxxxxxxxxxxxxxxxxxxxxxxxxxxxxxxxxxxxxxxxxxxxxxxxxxxxxxxxxxxxxxxxxxxxxxxxxxxxxxxxxxxxxxxxxxxxxxxxxxxxxxxxxxxxxxxxxxxxxxxxxxxxxxxxxxxxxxxxxxxxxxxxxxxxxxxxxxxxxxxxxxxxxxxxxxxxxxxxxxxxxxxxxxxxxxxxxx]
16:08:27.876 ================================================================
16:08:27.878 Program done!
16:08:27.878 ================================================================
