2023-03-27 08:11:10,393 [7] ERROR [SignalRLib.SignalRClient][MoveNext] 
SignalR ?? Exception : System.Net.WebException: The operation has timed out
   at System.Net.HttpWebRequest.GetRequestStream(TransportContext& context)
   at System.Net.HttpWebRequest.GetRequestStream()
   at SignalRLib.SignalRClient.ClientSingOn() in D:\OTHER\BONJAY\ITKiosk\KioskPlatform\SignalRLib\SignalRClient.cs:line 335
   at SignalRLib.SignalRClient.<Start>d__63.MoveNext() in D:\OTHER\BONJAY\ITKiosk\KioskPlatform\SignalRLib\SignalRClient.cs:line 241 
2023-03-27 08:11:45,437 [7] ERROR [SignalRLib.SignalRClient][MoveNext] 
SignalR ?? Exception : System.Net.WebException: The operation has timed out
   at System.Net.HttpWebRequest.GetRequestStream(TransportContext& context)
   at System.Net.HttpWebRequest.GetRequestStream()
   at SignalRLib.SignalRClient.ClientSingOn() in D:\OTHER\BONJAY\ITKiosk\KioskPlatform\SignalRLib\SignalRClient.cs:line 335
   at SignalRLib.SignalRClient.<Start>d__63.MoveNext() in D:\OTHER\BONJAY\ITKiosk\KioskPlatform\SignalRLib\SignalRClient.cs:line 241 
2023-03-27 08:12:20,471 [7] ERROR [SignalRLib.SignalRClient][MoveNext] 
SignalR ?? Exception : System.Net.WebException: The operation has timed out
   at System.Net.HttpWebRequest.GetRequestStream(TransportContext& context)
   at System.Net.HttpWebRequest.GetRequestStream()
   at SignalRLib.SignalRClient.ClientSingOn() in D:\OTHER\BONJAY\ITKiosk\KioskPlatform\SignalRLib\SignalRClient.cs:line 335
   at SignalRLib.SignalRClient.<Start>d__63.MoveNext() in D:\OTHER\BONJAY\ITKiosk\KioskPlatform\SignalRLib\SignalRClient.cs:line 241 
2023-03-27 08:12:55,498 [7] ERROR [SignalRLib.SignalRClient][MoveNext] 
SignalR ?? Exception : System.Net.WebException: The operation has timed out
   at System.Net.HttpWebRequest.GetRequestStream(TransportContext& context)
   at System.Net.HttpWebRequest.GetRequestStream()
   at SignalRLib.SignalRClient.ClientSingOn() in D:\OTHER\BONJAY\ITKiosk\KioskPlatform\SignalRLib\SignalRClient.cs:line 335
   at SignalRLib.SignalRClient.<Start>d__63.MoveNext() in D:\OTHER\BONJAY\ITKiosk\KioskPlatform\SignalRLib\SignalRClient.cs:line 241 
2023-03-27 08:13:30,531 [7] ERROR [SignalRLib.SignalRClient][MoveNext] 
SignalR ?? Exception : System.Net.WebException: The operation has timed out
   at System.Net.HttpWebRequest.GetRequestStream(TransportContext& context)
   at System.Net.HttpWebRequest.GetRequestStream()
   at SignalRLib.SignalRClient.ClientSingOn() in D:\OTHER\BONJAY\ITKiosk\KioskPlatform\SignalRLib\SignalRClient.cs:line 335
   at SignalRLib.SignalRClient.<Start>d__63.MoveNext() in D:\OTHER\BONJAY\ITKiosk\KioskPlatform\SignalRLib\SignalRClient.cs:line 241 
2023-03-27 08:14:05,570 [7] ERROR [SignalRLib.SignalRClient][MoveNext] 
SignalR ?? Exception : System.Net.WebException: The operation has timed out
   at System.Net.HttpWebRequest.GetRequestStream(TransportContext& context)
   at System.Net.HttpWebRequest.GetRequestStream()
   at SignalRLib.SignalRClient.ClientSingOn() in D:\OTHER\BONJAY\ITKiosk\KioskPlatform\SignalRLib\SignalRClient.cs:line 335
   at SignalRLib.SignalRClient.<Start>d__63.MoveNext() in D:\OTHER\BONJAY\ITKiosk\KioskPlatform\SignalRLib\SignalRClient.cs:line 241 
2023-03-27 08:17:09,869 [7] ERROR [SignalRLib.SignalRClient][MoveNext] 
SignalR ?? Exception : System.Net.WebException: The operation has timed out
   at System.Net.HttpWebRequest.GetRequestStream(TransportContext& context)
   at System.Net.HttpWebRequest.GetRequestStream()
   at SignalRLib.SignalRClient.ClientSingOn() in D:\OTHER\BONJAY\ITKiosk\KioskPlatform\SignalRLib\SignalRClient.cs:line 335
   at SignalRLib.SignalRClient.<Start>d__63.MoveNext() in D:\OTHER\BONJAY\ITKiosk\KioskPlatform\SignalRLib\SignalRClient.cs:line 241 
2023-03-27 08:17:44,915 [7] ERROR [SignalRLib.SignalRClient][MoveNext] 
SignalR ?? Exception : System.Net.WebException: The operation has timed out
   at System.Net.HttpWebRequest.GetRequestStream(TransportContext& context)
   at System.Net.HttpWebRequest.GetRequestStream()
   at SignalRLib.SignalRClient.ClientSingOn() in D:\OTHER\BONJAY\ITKiosk\KioskPlatform\SignalRLib\SignalRClient.cs:line 335
   at SignalRLib.SignalRClient.<Start>d__63.MoveNext() in D:\OTHER\BONJAY\ITKiosk\KioskPlatform\SignalRLib\SignalRClient.cs:line 241 
2023-03-27 08:18:19,955 [7] ERROR [SignalRLib.SignalRClient][MoveNext] 
SignalR ?? Exception : System.Net.WebException: The operation has timed out
   at System.Net.HttpWebRequest.GetRequestStream(TransportContext& context)
   at System.Net.HttpWebRequest.GetRequestStream()
   at SignalRLib.SignalRClient.ClientSingOn() in D:\OTHER\BONJAY\ITKiosk\KioskPlatform\SignalRLib\SignalRClient.cs:line 335
   at SignalRLib.SignalRClient.<Start>d__63.MoveNext() in D:\OTHER\BONJAY\ITKiosk\KioskPlatform\SignalRLib\SignalRClient.cs:line 241 
2023-03-27 08:18:54,980 [7] ERROR [SignalRLib.SignalRClient][MoveNext] 
SignalR ?? Exception : System.Net.WebException: The operation has timed out
   at System.Net.HttpWebRequest.GetRequestStream(TransportContext& context)
   at System.Net.HttpWebRequest.GetRequestStream()
   at SignalRLib.SignalRClient.ClientSingOn() in D:\OTHER\BONJAY\ITKiosk\KioskPlatform\SignalRLib\SignalRClient.cs:line 335
   at SignalRLib.SignalRClient.<Start>d__63.MoveNext() in D:\OTHER\BONJAY\ITKiosk\KioskPlatform\SignalRLib\SignalRClient.cs:line 241 
2023-03-27 08:19:33,170 [7] ERROR [SignalRLib.SignalRClient][MoveNext] 
SignalR ?? Exception : System.Net.WebException: The operation has timed out
   at System.Net.HttpWebRequest.GetRequestStream(TransportContext& context)
   at System.Net.HttpWebRequest.GetRequestStream()
   at SignalRLib.SignalRClient.ClientSingOn() in D:\OTHER\BONJAY\ITKiosk\KioskPlatform\SignalRLib\SignalRClient.cs:line 335
   at SignalRLib.SignalRClient.<Start>d__63.MoveNext() in D:\OTHER\BONJAY\ITKiosk\KioskPlatform\SignalRLib\SignalRClient.cs:line 241 
2023-03-27 08:20:08,198 [7] ERROR [SignalRLib.SignalRClient][MoveNext] 
SignalR ?? Exception : System.Net.WebException: The operation has timed out
   at System.Net.HttpWebRequest.GetRequestStream(TransportContext& context)
   at System.Net.HttpWebRequest.GetRequestStream()
   at SignalRLib.SignalRClient.ClientSingOn() in D:\OTHER\BONJAY\ITKiosk\KioskPlatform\SignalRLib\SignalRClient.cs:line 335
   at SignalRLib.SignalRClient.<Start>d__63.MoveNext() in D:\OTHER\BONJAY\ITKiosk\KioskPlatform\SignalRLib\SignalRClient.cs:line 241 
2023-03-27 08:20:43,236 [7] ERROR [SignalRLib.SignalRClient][MoveNext] 
SignalR ?? Exception : System.Net.WebException: The operation has timed out
   at System.Net.HttpWebRequest.GetRequestStream(TransportContext& context)
   at System.Net.HttpWebRequest.GetRequestStream()
   at SignalRLib.SignalRClient.ClientSingOn() in D:\OTHER\BONJAY\ITKiosk\KioskPlatform\SignalRLib\SignalRClient.cs:line 335
   at SignalRLib.SignalRClient.<Start>d__63.MoveNext() in D:\OTHER\BONJAY\ITKiosk\KioskPlatform\SignalRLib\SignalRClient.cs:line 241 
2023-03-27 08:21:18,270 [7] ERROR [SignalRLib.SignalRClient][MoveNext] 
SignalR ?? Exception : System.Net.WebException: The operation has timed out
   at System.Net.HttpWebRequest.GetRequestStream(TransportContext& context)
   at System.Net.HttpWebRequest.GetRequestStream()
   at SignalRLib.SignalRClient.ClientSingOn() in D:\OTHER\BONJAY\ITKiosk\KioskPlatform\SignalRLib\SignalRClient.cs:line 335
   at SignalRLib.SignalRClient.<Start>d__63.MoveNext() in D:\OTHER\BONJAY\ITKiosk\KioskPlatform\SignalRLib\SignalRClient.cs:line 241 
2023-03-27 08:21:53,308 [7] ERROR [SignalRLib.SignalRClient][MoveNext] 
SignalR ?? Exception : System.Net.WebException: The operation has timed out
   at System.Net.HttpWebRequest.GetRequestStream(TransportContext& context)
   at System.Net.HttpWebRequest.GetRequestStream()
   at SignalRLib.SignalRClient.ClientSingOn() in D:\OTHER\BONJAY\ITKiosk\KioskPlatform\SignalRLib\SignalRClient.cs:line 335
   at SignalRLib.SignalRClient.<Start>d__63.MoveNext() in D:\OTHER\BONJAY\ITKiosk\KioskPlatform\SignalRLib\SignalRClient.cs:line 241 
2023-03-27 08:22:28,364 [7] ERROR [SignalRLib.SignalRClient][MoveNext] 
SignalR ?? Exception : System.Net.WebException: The operation has timed out
   at System.Net.HttpWebRequest.GetRequestStream(TransportContext& context)
   at System.Net.HttpWebRequest.GetRequestStream()
   at SignalRLib.SignalRClient.ClientSingOn() in D:\OTHER\BONJAY\ITKiosk\KioskPlatform\SignalRLib\SignalRClient.cs:line 335
   at SignalRLib.SignalRClient.<Start>d__63.MoveNext() in D:\OTHER\BONJAY\ITKiosk\KioskPlatform\SignalRLib\SignalRClient.cs:line 241 
2023-03-27 08:23:03,385 [7] ERROR [SignalRLib.SignalRClient][MoveNext] 
SignalR ?? Exception : System.Net.WebException: The operation has timed out
   at System.Net.HttpWebRequest.GetRequestStream(TransportContext& context)
   at System.Net.HttpWebRequest.GetRequestStream()
   at SignalRLib.SignalRClient.ClientSingOn() in D:\OTHER\BONJAY\ITKiosk\KioskPlatform\SignalRLib\SignalRClient.cs:line 335
   at SignalRLib.SignalRClient.<Start>d__63.MoveNext() in D:\OTHER\BONJAY\ITKiosk\KioskPlatform\SignalRLib\SignalRClient.cs:line 241 
2023-03-27 08:23:38,430 [7] ERROR [SignalRLib.SignalRClient][MoveNext] 
SignalR ?? Exception : System.Net.WebException: The operation has timed out
   at System.Net.HttpWebRequest.GetRequestStream(TransportContext& context)
   at System.Net.HttpWebRequest.GetRequestStream()
   at SignalRLib.SignalRClient.ClientSingOn() in D:\OTHER\BONJAY\ITKiosk\KioskPlatform\SignalRLib\SignalRClient.cs:line 335
   at SignalRLib.SignalRClient.<Start>d__63.MoveNext() in D:\OTHER\BONJAY\ITKiosk\KioskPlatform\SignalRLib\SignalRClient.cs:line 241 
2023-03-27 08:24:13,479 [7] ERROR [SignalRLib.SignalRClient][MoveNext] 
SignalR ?? Exception : System.Net.WebException: The operation has timed out
   at System.Net.HttpWebRequest.GetRequestStream(TransportContext& context)
   at System.Net.HttpWebRequest.GetRequestStream()
   at SignalRLib.SignalRClient.ClientSingOn() in D:\OTHER\BONJAY\ITKiosk\KioskPlatform\SignalRLib\SignalRClient.cs:line 335
   at SignalRLib.SignalRClient.<Start>d__63.MoveNext() in D:\OTHER\BONJAY\ITKiosk\KioskPlatform\SignalRLib\SignalRClient.cs:line 241 
2023-03-27 08:24:48,510 [7] ERROR [SignalRLib.SignalRClient][MoveNext] 
SignalR ?? Exception : System.Net.WebException: The operation has timed out
   at System.Net.HttpWebRequest.GetRequestStream(TransportContext& context)
   at System.Net.HttpWebRequest.GetRequestStream()
   at SignalRLib.SignalRClient.ClientSingOn() in D:\OTHER\BONJAY\ITKiosk\KioskPlatform\SignalRLib\SignalRClient.cs:line 335
   at SignalRLib.SignalRClient.<Start>d__63.MoveNext() in D:\OTHER\BONJAY\ITKiosk\KioskPlatform\SignalRLib\SignalRClient.cs:line 241 
2023-03-27 08:25:23,547 [7] ERROR [SignalRLib.SignalRClient][MoveNext] 
SignalR ?? Exception : System.Net.WebException: The operation has timed out
   at System.Net.HttpWebRequest.GetRequestStream(TransportContext& context)
   at System.Net.HttpWebRequest.GetRequestStream()
   at SignalRLib.SignalRClient.ClientSingOn() in D:\OTHER\BONJAY\ITKiosk\KioskPlatform\SignalRLib\SignalRClient.cs:line 335
   at SignalRLib.SignalRClient.<Start>d__63.MoveNext() in D:\OTHER\BONJAY\ITKiosk\KioskPlatform\SignalRLib\SignalRClient.cs:line 241 
2023-03-27 08:25:58,588 [7] ERROR [SignalRLib.SignalRClient][MoveNext] 
SignalR ?? Exception : System.Net.WebException: The operation has timed out
   at System.Net.HttpWebRequest.GetRequestStream(TransportContext& context)
   at System.Net.HttpWebRequest.GetRequestStream()
   at SignalRLib.SignalRClient.ClientSingOn() in D:\OTHER\BONJAY\ITKiosk\KioskPlatform\SignalRLib\SignalRClient.cs:line 335
   at SignalRLib.SignalRClient.<Start>d__63.MoveNext() in D:\OTHER\BONJAY\ITKiosk\KioskPlatform\SignalRLib\SignalRClient.cs:line 241 
2023-03-27 08:26:33,616 [7] ERROR [SignalRLib.SignalRClient][MoveNext] 
SignalR ?? Exception : System.Net.WebException: The operation has timed out
   at System.Net.HttpWebRequest.GetRequestStream(TransportContext& context)
   at System.Net.HttpWebRequest.GetRequestStream()
   at SignalRLib.SignalRClient.ClientSingOn() in D:\OTHER\BONJAY\ITKiosk\KioskPlatform\SignalRLib\SignalRClient.cs:line 335
   at SignalRLib.SignalRClient.<Start>d__63.MoveNext() in D:\OTHER\BONJAY\ITKiosk\KioskPlatform\SignalRLib\SignalRClient.cs:line 241 
2023-03-27 08:27:08,653 [7] ERROR [SignalRLib.SignalRClient][MoveNext] 
SignalR ?? Exception : System.Net.WebException: The operation has timed out
   at System.Net.HttpWebRequest.GetRequestStream(TransportContext& context)
   at System.Net.HttpWebRequest.GetRequestStream()
   at SignalRLib.SignalRClient.ClientSingOn() in D:\OTHER\BONJAY\ITKiosk\KioskPlatform\SignalRLib\SignalRClient.cs:line 335
   at SignalRLib.SignalRClient.<Start>d__63.MoveNext() in D:\OTHER\BONJAY\ITKiosk\KioskPlatform\SignalRLib\SignalRClient.cs:line 241 
2023-03-27 08:27:43,696 [7] ERROR [SignalRLib.SignalRClient][MoveNext] 
SignalR ?? Exception : System.Net.WebException: The operation has timed out
   at System.Net.HttpWebRequest.GetRequestStream(TransportContext& context)
   at System.Net.HttpWebRequest.GetRequestStream()
   at SignalRLib.SignalRClient.ClientSingOn() in D:\OTHER\BONJAY\ITKiosk\KioskPlatform\SignalRLib\SignalRClient.cs:line 335
   at SignalRLib.SignalRClient.<Start>d__63.MoveNext() in D:\OTHER\BONJAY\ITKiosk\KioskPlatform\SignalRLib\SignalRClient.cs:line 241 
2023-03-27 08:28:18,731 [7] ERROR [SignalRLib.SignalRClient][MoveNext] 
SignalR ?? Exception : System.Net.WebException: The operation has timed out
   at System.Net.HttpWebRequest.GetRequestStream(TransportContext& context)
   at System.Net.HttpWebRequest.GetRequestStream()
   at SignalRLib.SignalRClient.ClientSingOn() in D:\OTHER\BONJAY\ITKiosk\KioskPlatform\SignalRLib\SignalRClient.cs:line 335
   at SignalRLib.SignalRClient.<Start>d__63.MoveNext() in D:\OTHER\BONJAY\ITKiosk\KioskPlatform\SignalRLib\SignalRClient.cs:line 241 
2023-03-27 08:28:53,760 [7] ERROR [SignalRLib.SignalRClient][MoveNext] 
SignalR ?? Exception : System.Net.WebException: The operation has timed out
   at System.Net.HttpWebRequest.GetRequestStream(TransportContext& context)
   at System.Net.HttpWebRequest.GetRequestStream()
   at SignalRLib.SignalRClient.ClientSingOn() in D:\OTHER\BONJAY\ITKiosk\KioskPlatform\SignalRLib\SignalRClient.cs:line 335
   at SignalRLib.SignalRClient.<Start>d__63.MoveNext() in D:\OTHER\BONJAY\ITKiosk\KioskPlatform\SignalRLib\SignalRClient.cs:line 241 
2023-03-27 08:29:28,792 [7] ERROR [SignalRLib.SignalRClient][MoveNext] 
SignalR ?? Exception : System.Net.WebException: The operation has timed out
   at System.Net.HttpWebRequest.GetRequestStream(TransportContext& context)
   at System.Net.HttpWebRequest.GetRequestStream()
   at SignalRLib.SignalRClient.ClientSingOn() in D:\OTHER\BONJAY\ITKiosk\KioskPlatform\SignalRLib\SignalRClient.cs:line 335
   at SignalRLib.SignalRClient.<Start>d__63.MoveNext() in D:\OTHER\BONJAY\ITKiosk\KioskPlatform\SignalRLib\SignalRClient.cs:line 241 
2023-03-27 08:30:03,825 [7] ERROR [SignalRLib.SignalRClient][MoveNext] 
SignalR ?? Exception : System.Net.WebException: The operation has timed out
   at System.Net.HttpWebRequest.GetRequestStream(TransportContext& context)
   at System.Net.HttpWebRequest.GetRequestStream()
   at SignalRLib.SignalRClient.ClientSingOn() in D:\OTHER\BONJAY\ITKiosk\KioskPlatform\SignalRLib\SignalRClient.cs:line 335
   at SignalRLib.SignalRClient.<Start>d__63.MoveNext() in D:\OTHER\BONJAY\ITKiosk\KioskPlatform\SignalRLib\SignalRClient.cs:line 241 
2023-03-27 08:30:38,872 [7] ERROR [SignalRLib.SignalRClient][MoveNext] 
SignalR ?? Exception : System.Net.WebException: The operation has timed out
   at System.Net.HttpWebRequest.GetRequestStream(TransportContext& context)
   at System.Net.HttpWebRequest.GetRequestStream()
   at SignalRLib.SignalRClient.ClientSingOn() in D:\OTHER\BONJAY\ITKiosk\KioskPlatform\SignalRLib\SignalRClient.cs:line 335
   at SignalRLib.SignalRClient.<Start>d__63.MoveNext() in D:\OTHER\BONJAY\ITKiosk\KioskPlatform\SignalRLib\SignalRClient.cs:line 241 
2023-03-27 08:31:13,914 [7] ERROR [SignalRLib.SignalRClient][MoveNext] 
SignalR ?? Exception : System.Net.WebException: The operation has timed out
   at System.Net.HttpWebRequest.GetRequestStream(TransportContext& context)
   at System.Net.HttpWebRequest.GetRequestStream()
   at SignalRLib.SignalRClient.ClientSingOn() in D:\OTHER\BONJAY\ITKiosk\KioskPlatform\SignalRLib\SignalRClient.cs:line 335
   at SignalRLib.SignalRClient.<Start>d__63.MoveNext() in D:\OTHER\BONJAY\ITKiosk\KioskPlatform\SignalRLib\SignalRClient.cs:line 241 
2023-03-27 08:31:48,962 [7] ERROR [SignalRLib.SignalRClient][MoveNext] 
SignalR ?? Exception : System.Net.WebException: The operation has timed out
   at System.Net.HttpWebRequest.GetRequestStream(TransportContext& context)
   at System.Net.HttpWebRequest.GetRequestStream()
   at SignalRLib.SignalRClient.ClientSingOn() in D:\OTHER\BONJAY\ITKiosk\KioskPlatform\SignalRLib\SignalRClient.cs:line 335
   at SignalRLib.SignalRClient.<Start>d__63.MoveNext() in D:\OTHER\BONJAY\ITKiosk\KioskPlatform\SignalRLib\SignalRClient.cs:line 241 
2023-03-27 08:32:23,997 [7] ERROR [SignalRLib.SignalRClient][MoveNext] 
SignalR ?? Exception : System.Net.WebException: The operation has timed out
   at System.Net.HttpWebRequest.GetRequestStream(TransportContext& context)
   at System.Net.HttpWebRequest.GetRequestStream()
   at SignalRLib.SignalRClient.ClientSingOn() in D:\OTHER\BONJAY\ITKiosk\KioskPlatform\SignalRLib\SignalRClient.cs:line 335
   at SignalRLib.SignalRClient.<Start>d__63.MoveNext() in D:\OTHER\BONJAY\ITKiosk\KioskPlatform\SignalRLib\SignalRClient.cs:line 241 
2023-03-27 08:32:59,038 [7] ERROR [SignalRLib.SignalRClient][MoveNext] 
SignalR ?? Exception : System.Net.WebException: The operation has timed out
   at System.Net.HttpWebRequest.GetRequestStream(TransportContext& context)
   at System.Net.HttpWebRequest.GetRequestStream()
   at SignalRLib.SignalRClient.ClientSingOn() in D:\OTHER\BONJAY\ITKiosk\KioskPlatform\SignalRLib\SignalRClient.cs:line 335
   at SignalRLib.SignalRClient.<Start>d__63.MoveNext() in D:\OTHER\BONJAY\ITKiosk\KioskPlatform\SignalRLib\SignalRClient.cs:line 241 
2023-03-27 08:33:34,069 [7] ERROR [SignalRLib.SignalRClient][MoveNext] 
SignalR ?? Exception : System.Net.WebException: The operation has timed out
   at System.Net.HttpWebRequest.GetRequestStream(TransportContext& context)
   at System.Net.HttpWebRequest.GetRequestStream()
   at SignalRLib.SignalRClient.ClientSingOn() in D:\OTHER\BONJAY\ITKiosk\KioskPlatform\SignalRLib\SignalRClient.cs:line 335
   at SignalRLib.SignalRClient.<Start>d__63.MoveNext() in D:\OTHER\BONJAY\ITKiosk\KioskPlatform\SignalRLib\SignalRClient.cs:line 241 
2023-03-27 08:34:09,122 [7] ERROR [SignalRLib.SignalRClient][MoveNext] 
SignalR ?? Exception : System.Net.WebException: The operation has timed out
   at System.Net.HttpWebRequest.GetRequestStream(TransportContext& context)
   at System.Net.HttpWebRequest.GetRequestStream()
   at SignalRLib.SignalRClient.ClientSingOn() in D:\OTHER\BONJAY\ITKiosk\KioskPlatform\SignalRLib\SignalRClient.cs:line 335
   at SignalRLib.SignalRClient.<Start>d__63.MoveNext() in D:\OTHER\BONJAY\ITKiosk\KioskPlatform\SignalRLib\SignalRClient.cs:line 241 
2023-03-27 08:34:44,162 [7] ERROR [SignalRLib.SignalRClient][MoveNext] 
SignalR ?? Exception : System.Net.WebException: The operation has timed out
   at System.Net.HttpWebRequest.GetRequestStream(TransportContext& context)
   at System.Net.HttpWebRequest.GetRequestStream()
   at SignalRLib.SignalRClient.ClientSingOn() in D:\OTHER\BONJAY\ITKiosk\KioskPlatform\SignalRLib\SignalRClient.cs:line 335
   at SignalRLib.SignalRClient.<Start>d__63.MoveNext() in D:\OTHER\BONJAY\ITKiosk\KioskPlatform\SignalRLib\SignalRClient.cs:line 241 
2023-03-27 08:35:19,209 [7] ERROR [SignalRLib.SignalRClient][MoveNext] 
SignalR ?? Exception : System.Net.WebException: The operation has timed out
   at System.Net.HttpWebRequest.GetRequestStream(TransportContext& context)
   at System.Net.HttpWebRequest.GetRequestStream()
   at SignalRLib.SignalRClient.ClientSingOn() in D:\OTHER\BONJAY\ITKiosk\KioskPlatform\SignalRLib\SignalRClient.cs:line 335
   at SignalRLib.SignalRClient.<Start>d__63.MoveNext() in D:\OTHER\BONJAY\ITKiosk\KioskPlatform\SignalRLib\SignalRClient.cs:line 241 
