2023-03-27 08:16:42,097 [6] INFO  [MonitorModule.MonitorManager][LogInfo]  [Monitor StartupMonitor ]
2023-03-27 08:16:42,097 [9] INFO  [MonitorModule.DeviceManager][.ctor]  [Device Manager InitDevice]
2023-03-27 08:16:42,303 [9] INFO  [MonitorModule.DeviceManager][.ctor]  [Device Manager StartupMonitor]
2023-03-27 08:16:42,303 [9] INFO  [MonitorModule.DeviceManager][StartupMonitor]  [Device StartupMonitor Now]
2023-03-27 08:16:42,303 [9] INFO  [MonitorModule.DeviceManager][<StartupMonitor>b__29_0]  [Device StartupMonitor Task.Factory.StartNew]
2023-03-27 08:16:42,303 [7] INFO  [MonitorModule.DeviceManager][GetDevice]  [Start Load Device FIN]
2023-03-27 08:16:42,303 [11] INFO  [MonitorModule.DeviceManager][GetDevice]  [Start Load Device ControlBox]
2023-03-27 08:16:42,303 [10] INFO  [MonitorModule.DeviceManager][GetDevice]  [Start Load Device Thermal]
2023-03-27 08:16:42,303 [13] INFO  [MonitorModule.DeviceManager][GetDevice]  [Start Load Device ICASHAPI]
2023-03-27 08:16:42,303 [13] INFO  [MonitorModule.DeviceManager][<GetDevice>b__0]  [Start Load Device DepenceyDLL C:\Users\96021\OneDrive\Desktop\ITKiosk\DeviceExternal\Tools.dll]
2023-03-27 08:16:42,303 [10] INFO  [MonitorModule.DeviceManager][<GetDevice>b__0]  [Start Load Device DepenceyDLL C:\Users\96021\OneDrive\Desktop\ITKiosk\DeviceExternal\Microsoft.PointOfService.dll]
2023-03-27 08:16:42,303 [7] INFO  [MonitorModule.DeviceManager][<GetDevice>b__0]  [Start Load Device DepenceyDLL C:\Users\96021\OneDrive\Desktop\ITKiosk\DeviceExternal\Newtonsoft.Json.dll]
2023-03-27 08:16:42,303 [18] INFO  [MonitorModule.DeviceManager][GetDevice]  [Start Load Device EWTKLIB]
2023-03-27 08:16:42,303 [16] INFO  [MonitorModule.DeviceManager][GetDevice]  [Start Load Device HSENSOR]
2023-03-27 08:16:42,303 [17] INFO  [MonitorModule.DeviceManager][GetDevice]  [Start Load Device HONEYWELLSCANNER]
2023-03-27 08:16:42,303 [14] INFO  [MonitorModule.DeviceManager][GetDevice]  [Start Load Device CashBox]
2023-03-27 08:16:42,321 [17] INFO  [MonitorModule.DeviceManager][<GetDevice>b__0]  [Start Load Device DepenceyDLL C:\Users\96021\OneDrive\Desktop\ITKiosk\DeviceExternal\HedcWrapper.dll]
2023-03-27 08:16:42,321 [14] INFO  [MonitorModule.DeviceManager][<GetDevice>b__0]  [Start Load Device DepenceyDLL C:\Users\96021\OneDrive\Desktop\ITKiosk\DeviceExternal\Tools.dll]
2023-03-27 08:16:42,303 [15] INFO  [MonitorModule.DeviceManager][GetDevice]  [Start Load Device EZ710BU]
2023-03-27 08:16:42,303 [12] INFO  [MonitorModule.DeviceManager][GetDevice]  [Start Load Device WFX]
2023-03-27 08:16:42,321 [15] INFO  [MonitorModule.DeviceManager][<GetDevice>b__0]  [Start Load Device DepenceyDLL C:\Users\96021\OneDrive\Desktop\ITKiosk\DeviceExternal\Tools.dll]
2023-03-27 08:16:42,303 [11] INFO  [MonitorModule.DeviceManager][<GetDevice>b__0]  [Start Load Device DepenceyDLL C:\Users\96021\OneDrive\Desktop\ITKiosk\DeviceExternal\ControlBoxLibrary.dll]
2023-03-27 08:16:42,321 [12] INFO  [MonitorModule.DeviceManager][<GetDevice>b__0]  [Start Load Device DepenceyDLL C:\Users\96021\OneDrive\Desktop\ITKiosk\DeviceExternal\Tools.dll]
2023-03-27 08:16:42,335 [14] INFO  [MonitorModule.DeviceManager][<GetDevice>b__0]  [Start Load Device DepenceyDLL C:\Users\96021\OneDrive\Desktop\ITKiosk\DeviceExternal\PS3_C_SHARP.dll]
2023-03-27 08:16:42,336 [18] INFO  [MonitorModule.DeviceManager][<InitDevice>b__2]  [Device[EWTKLIB,HSENSOR] is Ready]
2023-03-27 08:16:42,338 [16] INFO  [MonitorModule.DeviceManager][<InitDevice>b__2]  [Device[EWTKLIB,HSENSOR] is Ready]
2023-03-27 08:16:42,338 [18] INFO  [MonitorModule.DeviceManager][GetDevice]  [Start Load Device EZM]
2023-03-27 08:16:42,338 [11] INFO  [MonitorModule.DeviceManager][<GetDevice>b__0]  [Start Load Device DepenceyDLL C:\Users\96021\OneDrive\Desktop\ITKiosk\DeviceExternal\Tools.dll]
2023-03-27 08:16:42,339 [10] INFO  [MonitorModule.DeviceManager][<GetDevice>b__0]  [Start Load Device DepenceyDLL C:\Users\96021\OneDrive\Desktop\ITKiosk\DeviceExternal\QRCoder.dll]
2023-03-27 08:16:42,339 [18] INFO  [MonitorModule.DeviceManager][<GetDevice>b__0]  [Start Load Device DepenceyDLL C:\Users\96021\OneDrive\Desktop\ITKiosk\DeviceExternal\Tools.dll]
2023-03-27 08:16:42,338 [16] INFO  [MonitorModule.DeviceManager][GetDevice]  [Start Load Device RFID]
2023-03-27 08:16:42,339 [16] INFO  [MonitorModule.DeviceManager][<GetDevice>b__0]  [Start Load Device DepenceyDLL C:\Users\96021\OneDrive\Desktop\ITKiosk\DeviceExternal\Tools.dll]
2023-03-27 08:16:42,339 [16] INFO  [MonitorModule.DeviceManager][<GetDevice>b__0]  [Start Load Device DepenceyDLL C:\Users\96021\OneDrive\Desktop\ITKiosk\DeviceExternal\YRU150API.dll]
2023-03-27 08:16:42,339 [18] INFO  [MonitorModule.DeviceManager][<GetDevice>b__0]  [Start Load Device DepenceyDLL C:\Users\96021\OneDrive\Desktop\ITKiosk\DeviceExternal\GS.Apdu.dll]
2023-03-27 08:16:42,339 [13] INFO  [MonitorModule.DeviceManager][<GetDevice>b__0]  [Start Load Device DepenceyDLL C:\Users\96021\OneDrive\Desktop\ITKiosk\DeviceExternal\Starksoft.Net.Ftp.dll]
2023-03-27 08:16:42,351 [11] INFO  [MonitorModule.DeviceManager][<InitDevice>b__2]  [Device[EWTKLIB,HSENSOR,ControlBox] is Ready]
2023-03-27 08:16:42,351 [11] INFO  [MonitorModule.DeviceManager][GetDevice]  [Start Load Device MIAS]
2023-03-27 08:16:42,351 [13] INFO  [MonitorModule.DeviceManager][<GetDevice>b__0]  [Start Load Device DepenceyDLL C:\Users\96021\OneDrive\Desktop\ITKiosk\DeviceExternal\Starksoft.Net.Proxy.dll]
2023-03-27 08:16:42,351 [18] INFO  [MonitorModule.DeviceManager][<GetDevice>b__0]  [Start Load Device DepenceyDLL C:\Users\96021\OneDrive\Desktop\ITKiosk\GS.HexLibrary.dll]
2023-03-27 08:16:42,367 [15] INFO  [MonitorModule.DeviceManager][<InitDevice>b__2]  [Device[EWTKLIB,HSENSOR,ControlBox,HONEYWELLSCANNER,EZ710BU] is Ready]
2023-03-27 08:16:42,351 [17] INFO  [MonitorModule.DeviceManager][<InitDevice>b__2]  [Device[EWTKLIB,HSENSOR,ControlBox,HONEYWELLSCANNER] is Ready]
2023-03-27 08:16:42,367 [15] INFO  [MonitorModule.DeviceManager][GetDevice]  [Start Load Device SCANNER2DAUTO]
2023-03-27 08:16:42,367 [17] INFO  [MonitorModule.DeviceManager][GetDevice]  [Start Load Device MD150]
2023-03-27 08:16:42,367 [15] INFO  [MonitorModule.DeviceManager][<GetDevice>b__0]  [Start Load Device DepenceyDLL C:\Users\96021\OneDrive\Desktop\ITKiosk\DeviceExternal\Tools.dll]
2023-03-27 08:16:42,367 [17] INFO  [MonitorModule.DeviceManager][<GetDevice>b__0]  [Start Load Device DepenceyDLL C:\Users\96021\OneDrive\Desktop\ITKiosk\DeviceExternal\Tools.dll]
2023-03-27 08:16:42,367 [12] INFO  [MonitorModule.DeviceManager][<InitDevice>b__2]  [Device[EWTKLIB,HSENSOR,ControlBox,HONEYWELLSCANNER,EZ710BU,CashBox,WFX,RFID] is Ready]
2023-03-27 08:16:42,376 [12] INFO  [MonitorModule.DeviceManager][GetDevice]  [Start Load Device MMM]
2023-03-27 08:16:42,367 [14] INFO  [MonitorModule.DeviceManager][<InitDevice>b__2]  [Device[EWTKLIB,HSENSOR,ControlBox,HONEYWELLSCANNER,EZ710BU,CashBox,WFX,RFID] is Ready]
2023-03-27 08:16:42,376 [14] INFO  [MonitorModule.DeviceManager][GetDevice]  [Start Load Device WEBCAM]
2023-03-27 08:16:42,377 [14] INFO  [MonitorModule.DeviceManager][<GetDevice>b__0]  [Start Load Device DepenceyDLL C:\Users\96021\OneDrive\Desktop\ITKiosk\DeviceExternal\Tools.dll]
2023-03-27 08:16:42,376 [12] INFO  [MonitorModule.DeviceManager][<GetDevice>b__0]  [Start Load Device DepenceyDLL C:\Users\96021\OneDrive\Desktop\ITKiosk\DeviceExternal\Tools.dll]
2023-03-27 08:16:42,367 [16] INFO  [MonitorModule.DeviceManager][<InitDevice>b__2]  [Device[EWTKLIB,HSENSOR,ControlBox,HONEYWELLSCANNER,EZ710BU,CashBox,WFX,RFID] is Ready]
2023-03-27 08:16:42,379 [10] INFO  [MonitorModule.MonitorManager][LogInfo]  [{"Device":"Thermal","Message":"System.IO.FileNotFoundException: Could not load file or assembly 'file:///C:\\Users\\96021\\OneDrive\\Desktop\\ITKiosk\\DeviceExternal\\QRCoder.dll' or one of its dependencies. The system cannot find the file specified.\r\nFile name: 'file:///C:\\Users\\96021\\OneDrive\\Desktop\\ITKiosk\\DeviceExternal\\QRCoder.dll'\r\n   at System.Reflection.RuntimeAssembly._nLoad(AssemblyName fileName, String codeBase, Evidence assemblySecurity, RuntimeAssembly locationHint, StackCrawlMark& stackMark, IntPtr pPrivHostBinder, Boolean throwOnFileNotFound, Boolean forIntrospection, Boolean suppressSecurityChecks)\r\n   at System.Reflection.RuntimeAssembly.nLoad(AssemblyName fileName, String codeBase, Evidence assemblySecurity, RuntimeAssembly locationHint, StackCrawlMark& stackMark, IntPtr pPrivHostBinder, Boolean throwOnFileNotFound, Boolean forIntrospection, Boolean suppressSecurityChecks)\r\n   at System.Reflection.RuntimeAssembly.InternalLoadAssemblyName(AssemblyName assemblyRef, Evidence assemblySecurity, RuntimeAssembly reqAssembly, StackCrawlMark& stackMark, IntPtr pPrivHostBinder, Boolean throwOnFileNotFound, Boolean forIntrospection, Boolean suppressSecurityChecks)\r\n   at System.Reflection.RuntimeAssembly.InternalLoadFrom(String assemblyFile, Evidence securityEvidence, Byte[] hashValue, AssemblyHashAlgorithm hashAlgorithm, Boolean forIntrospection, Boolean suppressSecurityChecks, StackCrawlMark& stackMark)\r\n   at System.Reflection.Assembly.LoadFrom(String assemblyFile)\r\n   at MonitorModule.DeviceManager.<>c__DisplayClass27_0.<GetDevice>b__0(String de) in D:\\OTHER\\BONJAY\\ITKiosk\\KioskPlatform\\MonitorModule\\DeviceManager.cs:line 192\r\n   at System.Collections.Generic.List`1.ForEach(Action`1 action)\r\n   at MonitorModule.DeviceManager.GetDevice(String devicName) in D:\\OTHER\\BONJAY\\ITKiosk\\KioskPlatform\\MonitorModule\\DeviceManager.cs:line 186\r\n\r\nWRN: Assembly binding logging is turned OFF.\r\nTo enable assembly bind failure logging, set the registry value [HKLM\\Software\\Microsoft\\Fusion!EnableLog] (DWORD) to 1.\r\nNote: There is some performance penalty associated with assembly bind failure logging.\r\nTo turn this feature off, remove the registry value [HKLM\\Software\\Microsoft\\Fusion!EnableLog].\r\n"}]
2023-03-27 08:16:42,379 [16] INFO  [MonitorModule.DeviceManager][GetDevice]  [Start Load Device LINEPAY]
2023-03-27 08:16:42,386 [15] INFO  [MonitorModule.DeviceManager][<InitDevice>b__2]  [Device[EWTKLIB,HSENSOR,ControlBox,HONEYWELLSCANNER,EZ710BU,CashBox,WFX,RFID,MIAS,SCANNER2DAUTO] is Ready]
2023-03-27 08:16:42,382 [11] INFO  [MonitorModule.DeviceManager][<InitDevice>b__2]  [Device[EWTKLIB,HSENSOR,ControlBox,HONEYWELLSCANNER,EZ710BU,CashBox,WFX,RFID,MIAS] is Ready]
2023-03-27 08:16:42,379 [13] INFO  [MonitorModule.DeviceManager][<GetDevice>b__0]  [Start Load Device DepenceyDLL C:\Users\96021\OneDrive\Desktop\ITKiosk\DeviceExternal\Newtonsoft.Json.dll]
2023-03-27 08:16:42,386 [15] INFO  [MonitorModule.DeviceManager][GetDevice]  [Start Load Device Reader_P602PGM]
2023-03-27 08:16:42,386 [14] INFO  [MonitorModule.DeviceManager][<InitDevice>b__2]  [Device[EWTKLIB,HSENSOR,ControlBox,HONEYWELLSCANNER,EZ710BU,CashBox,WFX,RFID,MIAS,SCANNER2DAUTO,MD150,WEBCAM] is Ready]
2023-03-27 08:16:42,386 [14] INFO  [MonitorModule.DeviceManager][GetDevice]  [Start Load Device DoorCard]
2023-03-27 08:16:42,386 [11] INFO  [MonitorModule.DeviceManager][GetDevice]  [Start Load Device AR_402MO2DI2]
2023-03-27 08:16:42,386 [17] INFO  [MonitorModule.DeviceManager][<InitDevice>b__2]  [Device[EWTKLIB,HSENSOR,ControlBox,HONEYWELLSCANNER,EZ710BU,CashBox,WFX,RFID,MIAS,SCANNER2DAUTO,MD150] is Ready]
2023-03-27 08:16:42,386 [16] INFO  [MonitorModule.DeviceManager][<GetDevice>b__0]  [Start Load Device DepenceyDLL C:\Users\96021\OneDrive\Desktop\ITKiosk\DeviceExternal\Tools.dll]
2023-03-27 08:16:42,386 [15] INFO  [MonitorModule.DeviceManager][<GetDevice>b__0]  [Start Load Device DepenceyDLL C:\Users\96021\OneDrive\Desktop\ITKiosk\DeviceExternal\Tools.dll]
2023-03-27 08:16:42,391 [11] INFO  [MonitorModule.DeviceManager][<GetDevice>b__0]  [Start Load Device DepenceyDLL C:\Users\96021\OneDrive\Desktop\ITKiosk\DeviceExternal\Tools.dll]
2023-03-27 08:16:42,391 [14] INFO  [MonitorModule.DeviceManager][<GetDevice>b__0]  [Start Load Device DepenceyDLL C:\Users\96021\OneDrive\Desktop\ITKiosk\DeviceExternal\Tools.dll]
2023-03-27 08:16:42,391 [16] INFO  [MonitorModule.DeviceManager][<GetDevice>b__0]  [Start Load Device DepenceyDLL C:\Users\96021\OneDrive\Desktop\ITKiosk\DeviceExternal\QRCoder.dll]
2023-03-27 08:16:42,398 [18] INFO  [MonitorModule.DeviceManager][<InitDevice>b__2]  [Device[EWTKLIB,HSENSOR,ControlBox,HONEYWELLSCANNER,EZ710BU,CashBox,WFX,RFID,MIAS,SCANNER2DAUTO,MD150,WEBCAM,EZM,MMM,ICASHAPI,Reader_P602PGM] is Ready]
2023-03-27 08:16:42,398 [11] INFO  [MonitorModule.MonitorManager][LogInfo]  [{"Device":"AR_402MO2DI2","Message":"System.IO.FileNotFoundException: Could not load file or assembly 'file:///C:\\Users\\96021\\OneDrive\\Desktop\\ITKiosk\\DeviceExternal\\AR_402MO2DI2.dll' or one of its dependencies. The system cannot find the file specified.\r\nFile name: 'file:///C:\\Users\\96021\\OneDrive\\Desktop\\ITKiosk\\DeviceExternal\\AR_402MO2DI2.dll'\r\n   at System.Reflection.RuntimeAssembly._nLoad(AssemblyName fileName, String codeBase, Evidence assemblySecurity, RuntimeAssembly locationHint, StackCrawlMark& stackMark, IntPtr pPrivHostBinder, Boolean throwOnFileNotFound, Boolean forIntrospection, Boolean suppressSecurityChecks)\r\n   at System.Reflection.RuntimeAssembly.nLoad(AssemblyName fileName, String codeBase, Evidence assemblySecurity, RuntimeAssembly locationHint, StackCrawlMark& stackMark, IntPtr pPrivHostBinder, Boolean throwOnFileNotFound, Boolean forIntrospection, Boolean suppressSecurityChecks)\r\n   at System.Reflection.RuntimeAssembly.InternalLoadAssemblyName(AssemblyName assemblyRef, Evidence assemblySecurity, RuntimeAssembly reqAssembly, StackCrawlMark& stackMark, IntPtr pPrivHostBinder, Boolean throwOnFileNotFound, Boolean forIntrospection, Boolean suppressSecurityChecks)\r\n   at System.Reflection.RuntimeAssembly.InternalLoadFrom(String assemblyFile, Evidence securityEvidence, Byte[] hashValue, AssemblyHashAlgorithm hashAlgorithm, Boolean forIntrospection, Boolean suppressSecurityChecks, StackCrawlMark& stackMark)\r\n   at System.Reflection.Assembly.LoadFrom(String assemblyFile)\r\n   at MonitorModule.DeviceManager.GetDevice(String devicName) in D:\\OTHER\\BONJAY\\ITKiosk\\KioskPlatform\\MonitorModule\\DeviceManager.cs:line 198\r\n\r\nWRN: Assembly binding logging is turned OFF.\r\nTo enable assembly bind failure logging, set the registry value [HKLM\\Software\\Microsoft\\Fusion!EnableLog] (DWORD) to 1.\r\nNote: There is some performance penalty associated with assembly bind failure logging.\r\nTo turn this feature off, remove the registry value [HKLM\\Software\\Microsoft\\Fusion!EnableLog].\r\n"}]
2023-03-27 08:16:42,398 [12] INFO  [MonitorModule.DeviceManager][<InitDevice>b__2]  [Device[EWTKLIB,HSENSOR,ControlBox,HONEYWELLSCANNER,EZ710BU,CashBox,WFX,RFID,MIAS,SCANNER2DAUTO,MD150,WEBCAM,EZM,MMM,ICASHAPI,Reader_P602PGM] is Ready]
2023-03-27 08:16:42,398 [14] INFO  [MonitorModule.MonitorManager][LogInfo]  [{"Device":"DoorCard","Message":"System.IO.FileNotFoundException: Could not load file or assembly 'file:///C:\\Users\\96021\\OneDrive\\Desktop\\ITKiosk\\DeviceExternal\\DoorCard.dll' or one of its dependencies. The system cannot find the file specified.\r\nFile name: 'file:///C:\\Users\\96021\\OneDrive\\Desktop\\ITKiosk\\DeviceExternal\\DoorCard.dll'\r\n   at System.Reflection.RuntimeAssembly._nLoad(AssemblyName fileName, String codeBase, Evidence assemblySecurity, RuntimeAssembly locationHint, StackCrawlMark& stackMark, IntPtr pPrivHostBinder, Boolean throwOnFileNotFound, Boolean forIntrospection, Boolean suppressSecurityChecks)\r\n   at System.Reflection.RuntimeAssembly.nLoad(AssemblyName fileName, String codeBase, Evidence assemblySecurity, RuntimeAssembly locationHint, StackCrawlMark& stackMark, IntPtr pPrivHostBinder, Boolean throwOnFileNotFound, Boolean forIntrospection, Boolean suppressSecurityChecks)\r\n   at System.Reflection.RuntimeAssembly.InternalLoadAssemblyName(AssemblyName assemblyRef, Evidence assemblySecurity, RuntimeAssembly reqAssembly, StackCrawlMark& stackMark, IntPtr pPrivHostBinder, Boolean throwOnFileNotFound, Boolean forIntrospection, Boolean suppressSecurityChecks)\r\n   at System.Reflection.RuntimeAssembly.InternalLoadFrom(String assemblyFile, Evidence securityEvidence, Byte[] hashValue, AssemblyHashAlgorithm hashAlgorithm, Boolean forIntrospection, Boolean suppressSecurityChecks, StackCrawlMark& stackMark)\r\n   at System.Reflection.Assembly.LoadFrom(String assemblyFile)\r\n   at MonitorModule.DeviceManager.GetDevice(String devicName) in D:\\OTHER\\BONJAY\\ITKiosk\\KioskPlatform\\MonitorModule\\DeviceManager.cs:line 198\r\n\r\nWRN: Assembly binding logging is turned OFF.\r\nTo enable assembly bind failure logging, set the registry value [HKLM\\Software\\Microsoft\\Fusion!EnableLog] (DWORD) to 1.\r\nNote: There is some performance penalty associated with assembly bind failure logging.\r\nTo turn this feature off, remove the registry value [HKLM\\Software\\Microsoft\\Fusion!EnableLog].\r\n"}]
2023-03-27 08:16:42,411 [15] INFO  [MonitorModule.DeviceManager][<InitDevice>b__2]  [Device[EWTKLIB,HSENSOR,ControlBox,HONEYWELLSCANNER,EZ710BU,CashBox,WFX,RFID,MIAS,SCANNER2DAUTO,MD150,WEBCAM,EZM,MMM,ICASHAPI,Reader_P602PGM] is Ready]
2023-03-27 08:16:42,414 [13] INFO  [MonitorModule.DeviceManager][<InitDevice>b__2]  [Device[EWTKLIB,HSENSOR,ControlBox,HONEYWELLSCANNER,EZ710BU,CashBox,WFX,RFID,MIAS,SCANNER2DAUTO,MD150,WEBCAM,EZM,MMM,ICASHAPI,Reader_P602PGM] is Ready]
2023-03-27 08:16:42,415 [16] INFO  [MonitorModule.MonitorManager][LogInfo]  [{"Device":"LINEPAY","Message":"System.IO.FileNotFoundException: Could not load file or assembly 'file:///C:\\Users\\96021\\OneDrive\\Desktop\\ITKiosk\\DeviceExternal\\QRCoder.dll' or one of its dependencies. The system cannot find the file specified.\r\nFile name: 'file:///C:\\Users\\96021\\OneDrive\\Desktop\\ITKiosk\\DeviceExternal\\QRCoder.dll'\r\n   at System.Reflection.RuntimeAssembly._nLoad(AssemblyName fileName, String codeBase, Evidence assemblySecurity, RuntimeAssembly locationHint, StackCrawlMark& stackMark, IntPtr pPrivHostBinder, Boolean throwOnFileNotFound, Boolean forIntrospection, Boolean suppressSecurityChecks)\r\n   at System.Reflection.RuntimeAssembly.nLoad(AssemblyName fileName, String codeBase, Evidence assemblySecurity, RuntimeAssembly locationHint, StackCrawlMark& stackMark, IntPtr pPrivHostBinder, Boolean throwOnFileNotFound, Boolean forIntrospection, Boolean suppressSecurityChecks)\r\n   at System.Reflection.RuntimeAssembly.InternalLoadAssemblyName(AssemblyName assemblyRef, Evidence assemblySecurity, RuntimeAssembly reqAssembly, StackCrawlMark& stackMark, IntPtr pPrivHostBinder, Boolean throwOnFileNotFound, Boolean forIntrospection, Boolean suppressSecurityChecks)\r\n   at System.Reflection.RuntimeAssembly.InternalLoadFrom(String assemblyFile, Evidence securityEvidence, Byte[] hashValue, AssemblyHashAlgorithm hashAlgorithm, Boolean forIntrospection, Boolean suppressSecurityChecks, StackCrawlMark& stackMark)\r\n   at System.Reflection.Assembly.LoadFrom(String assemblyFile)\r\n   at MonitorModule.DeviceManager.<>c__DisplayClass27_0.<GetDevice>b__0(String de) in D:\\OTHER\\BONJAY\\ITKiosk\\KioskPlatform\\MonitorModule\\DeviceManager.cs:line 192\r\n   at System.Collections.Generic.List`1.ForEach(Action`1 action)\r\n   at MonitorModule.DeviceManager.GetDevice(String devicName) in D:\\OTHER\\BONJAY\\ITKiosk\\KioskPlatform\\MonitorModule\\DeviceManager.cs:line 186\r\n\r\nWRN: Assembly binding logging is turned OFF.\r\nTo enable assembly bind failure logging, set the registry value [HKLM\\Software\\Microsoft\\Fusion!EnableLog] (DWORD) to 1.\r\nNote: There is some performance penalty associated with assembly bind failure logging.\r\nTo turn this feature off, remove the registry value [HKLM\\Software\\Microsoft\\Fusion!EnableLog].\r\n"}]
2023-03-27 08:16:42,459 [10] INFO  [MonitorModule.DeviceManager][<InitDevice>b__2]  [Device[EWTKLIB,HSENSOR,ControlBox,HONEYWELLSCANNER,EZ710BU,CashBox,WFX,RFID,MIAS,SCANNER2DAUTO,MD150,WEBCAM,EZM,MMM,ICASHAPI,Reader_P602PGM] is Ready]
2023-03-27 08:16:42,446 [11] INFO  [MonitorModule.DeviceManager][<InitDevice>b__2]  [Device[EWTKLIB,HSENSOR,ControlBox,HONEYWELLSCANNER,EZ710BU,CashBox,WFX,RFID,MIAS,SCANNER2DAUTO,MD150,WEBCAM,EZM,MMM,ICASHAPI,Reader_P602PGM] is Ready]
2023-03-27 08:16:42,460 [14] INFO  [MonitorModule.DeviceManager][<InitDevice>b__2]  [Device[EWTKLIB,HSENSOR,ControlBox,HONEYWELLSCANNER,EZ710BU,CashBox,WFX,RFID,MIAS,SCANNER2DAUTO,MD150,WEBCAM,EZM,MMM,ICASHAPI,Reader_P602PGM] is Ready]
2023-03-27 08:16:42,463 [16] INFO  [MonitorModule.DeviceManager][<InitDevice>b__2]  [Device[EWTKLIB,HSENSOR,ControlBox,HONEYWELLSCANNER,EZ710BU,CashBox,WFX,RFID,MIAS,SCANNER2DAUTO,MD150,WEBCAM,EZM,MMM,ICASHAPI,Reader_P602PGM] is Ready]
2023-03-27 08:16:42,730 [7] INFO  [MonitorModule.DeviceManager][<InitDevice>b__2]  [Device[EWTKLIB,HSENSOR,ControlBox,HONEYWELLSCANNER,EZ710BU,CashBox,WFX,RFID,MIAS,SCANNER2DAUTO,MD150,WEBCAM,EZM,MMM,ICASHAPI,Reader_P602PGM,FIN] is Ready]
2023-03-27 08:16:43,592 [6] INFO  [MonitorModule.ModuleManager][StartupMonitor]  [Module StartupMonitor Now]
2023-03-27 08:16:43,608 [6] INFO  [MonitorModule.MonitorManager][LogInfo]  [WatchMode is Both]
2023-03-27 08:17:03,712 [11] INFO  [MonitorModule.MonitorManager][LogInfo]  [{"Device":"DataLib.DataModel.ModuleModel","Message":"DataLib.DataModel.ModuleModel is Crash,Restart Now"}]
2023-03-27 08:17:03,727 [11] INFO  [MonitorModule.ModuleManager][RebootModule]  [Start Kill CommandModule Process[KioskCommand]]
2023-03-27 08:17:03,731 [11] INFO  [MonitorModule.ModuleManager][StartupModule]  [Reboot CommandModule]
2023-03-27 08:17:03,731 [11] INFO  [MonitorModule.ModuleManager][StartupModule]  [Start CommandModule Begin]
2023-03-27 08:17:04,092 [11] INFO  [MonitorModule.ModuleManager][StartupModule]  [Reboot KioskLauncher]
2023-03-27 08:17:04,107 [11] INFO  [MonitorModule.ModuleManager][StartupModule]  [Start KioskLauncher Begin]
2023-03-27 08:17:12,322 [9] INFO  [MonitorModule.DeviceManager][<StartupMonitor>b__29_0]  [Device StartupMonitor Sleep]
2023-03-27 08:17:12,322 [9] INFO  [MonitorModule.DeviceManager][<StartupMonitor>b__29_0]  [Device StartupMonitor Task.Factory.StartNew]
2023-03-27 08:17:42,339 [9] INFO  [MonitorModule.DeviceManager][<StartupMonitor>b__29_0]  [Device StartupMonitor Sleep]
2023-03-27 08:17:42,339 [9] INFO  [MonitorModule.DeviceManager][<StartupMonitor>b__29_0]  [Device StartupMonitor Task.Factory.StartNew]
2023-03-27 08:18:12,343 [9] INFO  [MonitorModule.DeviceManager][<StartupMonitor>b__29_0]  [Device StartupMonitor Sleep]
2023-03-27 08:18:12,343 [9] INFO  [MonitorModule.DeviceManager][<StartupMonitor>b__29_0]  [Device StartupMonitor Task.Factory.StartNew]
2023-03-27 08:18:42,358 [9] INFO  [MonitorModule.DeviceManager][<StartupMonitor>b__29_0]  [Device StartupMonitor Sleep]
2023-03-27 08:18:42,358 [9] INFO  [MonitorModule.DeviceManager][<StartupMonitor>b__29_0]  [Device StartupMonitor Task.Factory.StartNew]
2023-03-27 08:19:12,373 [9] INFO  [MonitorModule.DeviceManager][<StartupMonitor>b__29_0]  [Device StartupMonitor Sleep]
2023-03-27 08:19:12,374 [9] INFO  [MonitorModule.DeviceManager][<StartupMonitor>b__29_0]  [Device StartupMonitor Task.Factory.StartNew]
2023-03-27 08:19:42,378 [9] INFO  [MonitorModule.DeviceManager][<StartupMonitor>b__29_0]  [Device StartupMonitor Sleep]
2023-03-27 08:19:42,378 [9] INFO  [MonitorModule.DeviceManager][<StartupMonitor>b__29_0]  [Device StartupMonitor Task.Factory.StartNew]
2023-03-27 08:20:12,382 [9] INFO  [MonitorModule.DeviceManager][<StartupMonitor>b__29_0]  [Device StartupMonitor Sleep]
2023-03-27 08:20:12,382 [9] INFO  [MonitorModule.DeviceManager][<StartupMonitor>b__29_0]  [Device StartupMonitor Task.Factory.StartNew]
2023-03-27 08:20:42,399 [9] INFO  [MonitorModule.DeviceManager][<StartupMonitor>b__29_0]  [Device StartupMonitor Sleep]
2023-03-27 08:20:42,399 [9] INFO  [MonitorModule.DeviceManager][<StartupMonitor>b__29_0]  [Device StartupMonitor Task.Factory.StartNew]
2023-03-27 08:21:12,415 [9] INFO  [MonitorModule.DeviceManager][<StartupMonitor>b__29_0]  [Device StartupMonitor Sleep]
2023-03-27 08:21:12,415 [9] INFO  [MonitorModule.DeviceManager][<StartupMonitor>b__29_0]  [Device StartupMonitor Task.Factory.StartNew]
2023-03-27 08:21:42,428 [9] INFO  [MonitorModule.DeviceManager][<StartupMonitor>b__29_0]  [Device StartupMonitor Sleep]
2023-03-27 08:21:42,429 [9] INFO  [MonitorModule.DeviceManager][<StartupMonitor>b__29_0]  [Device StartupMonitor Task.Factory.StartNew]
2023-03-27 08:22:12,445 [9] INFO  [MonitorModule.DeviceManager][<StartupMonitor>b__29_0]  [Device StartupMonitor Sleep]
2023-03-27 08:22:12,445 [9] INFO  [MonitorModule.DeviceManager][<StartupMonitor>b__29_0]  [Device StartupMonitor Task.Factory.StartNew]
2023-03-27 08:22:42,457 [9] INFO  [MonitorModule.DeviceManager][<StartupMonitor>b__29_0]  [Device StartupMonitor Sleep]
2023-03-27 08:22:42,457 [9] INFO  [MonitorModule.DeviceManager][<StartupMonitor>b__29_0]  [Device StartupMonitor Task.Factory.StartNew]
2023-03-27 08:23:12,467 [9] INFO  [MonitorModule.DeviceManager][<StartupMonitor>b__29_0]  [Device StartupMonitor Sleep]
2023-03-27 08:23:12,468 [9] INFO  [MonitorModule.DeviceManager][<StartupMonitor>b__29_0]  [Device StartupMonitor Task.Factory.StartNew]
2023-03-27 08:23:42,470 [9] INFO  [MonitorModule.DeviceManager][<StartupMonitor>b__29_0]  [Device StartupMonitor Sleep]
2023-03-27 08:23:42,470 [9] INFO  [MonitorModule.DeviceManager][<StartupMonitor>b__29_0]  [Device StartupMonitor Task.Factory.StartNew]
2023-03-27 08:24:12,484 [9] INFO  [MonitorModule.DeviceManager][<StartupMonitor>b__29_0]  [Device StartupMonitor Sleep]
2023-03-27 08:24:12,485 [9] INFO  [MonitorModule.DeviceManager][<StartupMonitor>b__29_0]  [Device StartupMonitor Task.Factory.StartNew]
2023-03-27 08:24:42,490 [9] INFO  [MonitorModule.DeviceManager][<StartupMonitor>b__29_0]  [Device StartupMonitor Sleep]
2023-03-27 08:24:42,490 [9] INFO  [MonitorModule.DeviceManager][<StartupMonitor>b__29_0]  [Device StartupMonitor Task.Factory.StartNew]
2023-03-27 08:25:12,497 [9] INFO  [MonitorModule.DeviceManager][<StartupMonitor>b__29_0]  [Device StartupMonitor Sleep]
2023-03-27 08:25:12,497 [9] INFO  [MonitorModule.DeviceManager][<StartupMonitor>b__29_0]  [Device StartupMonitor Task.Factory.StartNew]
2023-03-27 08:25:42,505 [9] INFO  [MonitorModule.DeviceManager][<StartupMonitor>b__29_0]  [Device StartupMonitor Sleep]
2023-03-27 08:25:42,505 [9] INFO  [MonitorModule.DeviceManager][<StartupMonitor>b__29_0]  [Device StartupMonitor Task.Factory.StartNew]
2023-03-27 08:26:12,509 [9] INFO  [MonitorModule.DeviceManager][<StartupMonitor>b__29_0]  [Device StartupMonitor Sleep]
2023-03-27 08:26:12,510 [9] INFO  [MonitorModule.DeviceManager][<StartupMonitor>b__29_0]  [Device StartupMonitor Task.Factory.StartNew]
2023-03-27 08:26:42,512 [9] INFO  [MonitorModule.DeviceManager][<StartupMonitor>b__29_0]  [Device StartupMonitor Sleep]
2023-03-27 08:26:42,513 [9] INFO  [MonitorModule.DeviceManager][<StartupMonitor>b__29_0]  [Device StartupMonitor Task.Factory.StartNew]
2023-03-27 08:27:12,518 [9] INFO  [MonitorModule.DeviceManager][<StartupMonitor>b__29_0]  [Device StartupMonitor Sleep]
2023-03-27 08:27:12,518 [9] INFO  [MonitorModule.DeviceManager][<StartupMonitor>b__29_0]  [Device StartupMonitor Task.Factory.StartNew]
2023-03-27 08:27:42,527 [9] INFO  [MonitorModule.DeviceManager][<StartupMonitor>b__29_0]  [Device StartupMonitor Sleep]
2023-03-27 08:27:42,528 [9] INFO  [MonitorModule.DeviceManager][<StartupMonitor>b__29_0]  [Device StartupMonitor Task.Factory.StartNew]
2023-03-27 08:28:12,531 [9] INFO  [MonitorModule.DeviceManager][<StartupMonitor>b__29_0]  [Device StartupMonitor Sleep]
2023-03-27 08:28:12,531 [9] INFO  [MonitorModule.DeviceManager][<StartupMonitor>b__29_0]  [Device StartupMonitor Task.Factory.StartNew]
2023-03-27 08:28:42,542 [9] INFO  [MonitorModule.DeviceManager][<StartupMonitor>b__29_0]  [Device StartupMonitor Sleep]
2023-03-27 08:28:42,542 [9] INFO  [MonitorModule.DeviceManager][<StartupMonitor>b__29_0]  [Device StartupMonitor Task.Factory.StartNew]
2023-03-27 08:29:12,553 [9] INFO  [MonitorModule.DeviceManager][<StartupMonitor>b__29_0]  [Device StartupMonitor Sleep]
2023-03-27 08:29:12,554 [9] INFO  [MonitorModule.DeviceManager][<StartupMonitor>b__29_0]  [Device StartupMonitor Task.Factory.StartNew]
2023-03-27 08:29:42,562 [9] INFO  [MonitorModule.DeviceManager][<StartupMonitor>b__29_0]  [Device StartupMonitor Sleep]
2023-03-27 08:29:42,562 [9] INFO  [MonitorModule.DeviceManager][<StartupMonitor>b__29_0]  [Device StartupMonitor Task.Factory.StartNew]
2023-03-27 08:30:12,567 [9] INFO  [MonitorModule.DeviceManager][<StartupMonitor>b__29_0]  [Device StartupMonitor Sleep]
2023-03-27 08:30:12,567 [9] INFO  [MonitorModule.DeviceManager][<StartupMonitor>b__29_0]  [Device StartupMonitor Task.Factory.StartNew]
2023-03-27 08:30:42,579 [9] INFO  [MonitorModule.DeviceManager][<StartupMonitor>b__29_0]  [Device StartupMonitor Sleep]
2023-03-27 08:30:42,579 [9] INFO  [MonitorModule.DeviceManager][<StartupMonitor>b__29_0]  [Device StartupMonitor Task.Factory.StartNew]
2023-03-27 08:31:12,592 [9] INFO  [MonitorModule.DeviceManager][<StartupMonitor>b__29_0]  [Device StartupMonitor Sleep]
2023-03-27 08:31:12,593 [9] INFO  [MonitorModule.DeviceManager][<StartupMonitor>b__29_0]  [Device StartupMonitor Task.Factory.StartNew]
2023-03-27 08:31:42,602 [9] INFO  [MonitorModule.DeviceManager][<StartupMonitor>b__29_0]  [Device StartupMonitor Sleep]
2023-03-27 08:31:42,603 [9] INFO  [MonitorModule.DeviceManager][<StartupMonitor>b__29_0]  [Device StartupMonitor Task.Factory.StartNew]
2023-03-27 08:32:12,613 [9] INFO  [MonitorModule.DeviceManager][<StartupMonitor>b__29_0]  [Device StartupMonitor Sleep]
2023-03-27 08:32:12,614 [9] INFO  [MonitorModule.DeviceManager][<StartupMonitor>b__29_0]  [Device StartupMonitor Task.Factory.StartNew]
2023-03-27 08:32:42,625 [9] INFO  [MonitorModule.DeviceManager][<StartupMonitor>b__29_0]  [Device StartupMonitor Sleep]
2023-03-27 08:32:42,625 [9] INFO  [MonitorModule.DeviceManager][<StartupMonitor>b__29_0]  [Device StartupMonitor Task.Factory.StartNew]
2023-03-27 08:33:12,633 [9] INFO  [MonitorModule.DeviceManager][<StartupMonitor>b__29_0]  [Device StartupMonitor Sleep]
2023-03-27 08:33:12,633 [9] INFO  [MonitorModule.DeviceManager][<StartupMonitor>b__29_0]  [Device StartupMonitor Task.Factory.StartNew]
2023-03-27 08:33:42,637 [9] INFO  [MonitorModule.DeviceManager][<StartupMonitor>b__29_0]  [Device StartupMonitor Sleep]
2023-03-27 08:33:42,638 [9] INFO  [MonitorModule.DeviceManager][<StartupMonitor>b__29_0]  [Device StartupMonitor Task.Factory.StartNew]
2023-03-27 08:34:12,646 [9] INFO  [MonitorModule.DeviceManager][<StartupMonitor>b__29_0]  [Device StartupMonitor Sleep]
2023-03-27 08:34:12,646 [9] INFO  [MonitorModule.DeviceManager][<StartupMonitor>b__29_0]  [Device StartupMonitor Task.Factory.StartNew]
2023-03-27 08:34:42,655 [9] INFO  [MonitorModule.DeviceManager][<StartupMonitor>b__29_0]  [Device StartupMonitor Sleep]
2023-03-27 08:34:42,655 [9] INFO  [MonitorModule.DeviceManager][<StartupMonitor>b__29_0]  [Device StartupMonitor Task.Factory.StartNew]
2023-03-27 08:35:12,659 [9] INFO  [MonitorModule.DeviceManager][<StartupMonitor>b__29_0]  [Device StartupMonitor Sleep]
2023-03-27 08:35:12,660 [9] INFO  [MonitorModule.DeviceManager][<StartupMonitor>b__29_0]  [Device StartupMonitor Task.Factory.StartNew]
2023-03-27 08:35:42,666 [9] INFO  [MonitorModule.DeviceManager][<StartupMonitor>b__29_0]  [Device StartupMonitor Sleep]
2023-03-27 08:35:42,666 [9] INFO  [MonitorModule.DeviceManager][<StartupMonitor>b__29_0]  [Device StartupMonitor Task.Factory.StartNew]
2023-03-27 08:36:12,679 [9] INFO  [MonitorModule.DeviceManager][<StartupMonitor>b__29_0]  [Device StartupMonitor Sleep]
2023-03-27 08:36:12,679 [9] INFO  [MonitorModule.DeviceManager][<StartupMonitor>b__29_0]  [Device StartupMonitor Task.Factory.StartNew]
2023-03-27 08:36:42,687 [9] INFO  [MonitorModule.DeviceManager][<StartupMonitor>b__29_0]  [Device StartupMonitor Sleep]
2023-03-27 08:36:42,687 [9] INFO  [MonitorModule.DeviceManager][<StartupMonitor>b__29_0]  [Device StartupMonitor Task.Factory.StartNew]
2023-03-27 08:37:12,695 [9] INFO  [MonitorModule.DeviceManager][<StartupMonitor>b__29_0]  [Device StartupMonitor Sleep]
2023-03-27 08:37:12,696 [9] INFO  [MonitorModule.DeviceManager][<StartupMonitor>b__29_0]  [Device StartupMonitor Task.Factory.StartNew]
2023-03-27 08:37:42,707 [9] INFO  [MonitorModule.DeviceManager][<StartupMonitor>b__29_0]  [Device StartupMonitor Sleep]
2023-03-27 08:37:42,707 [9] INFO  [MonitorModule.DeviceManager][<StartupMonitor>b__29_0]  [Device StartupMonitor Task.Factory.StartNew]
2023-03-27 08:38:12,710 [9] INFO  [MonitorModule.DeviceManager][<StartupMonitor>b__29_0]  [Device StartupMonitor Sleep]
2023-03-27 08:38:12,710 [9] INFO  [MonitorModule.DeviceManager][<StartupMonitor>b__29_0]  [Device StartupMonitor Task.Factory.StartNew]
2023-03-27 08:38:42,716 [9] INFO  [MonitorModule.DeviceManager][<StartupMonitor>b__29_0]  [Device StartupMonitor Sleep]
2023-03-27 08:38:42,718 [9] INFO  [MonitorModule.DeviceManager][<StartupMonitor>b__29_0]  [Device StartupMonitor Task.Factory.StartNew]
2023-03-27 08:39:12,723 [9] INFO  [MonitorModule.DeviceManager][<StartupMonitor>b__29_0]  [Device StartupMonitor Sleep]
2023-03-27 08:39:12,723 [9] INFO  [MonitorModule.DeviceManager][<StartupMonitor>b__29_0]  [Device StartupMonitor Task.Factory.StartNew]
2023-03-27 08:39:42,724 [9] INFO  [MonitorModule.DeviceManager][<StartupMonitor>b__29_0]  [Device StartupMonitor Sleep]
2023-03-27 08:39:42,726 [9] INFO  [MonitorModule.DeviceManager][<StartupMonitor>b__29_0]  [Device StartupMonitor Task.Factory.StartNew]
2023-03-27 08:40:12,728 [9] INFO  [MonitorModule.DeviceManager][<StartupMonitor>b__29_0]  [Device StartupMonitor Sleep]
2023-03-27 08:40:12,728 [9] INFO  [MonitorModule.DeviceManager][<StartupMonitor>b__29_0]  [Device StartupMonitor Task.Factory.StartNew]
2023-03-27 08:40:42,735 [9] INFO  [MonitorModule.DeviceManager][<StartupMonitor>b__29_0]  [Device StartupMonitor Sleep]
2023-03-27 08:40:42,737 [9] INFO  [MonitorModule.DeviceManager][<StartupMonitor>b__29_0]  [Device StartupMonitor Task.Factory.StartNew]
2023-03-27 08:41:12,742 [9] INFO  [MonitorModule.DeviceManager][<StartupMonitor>b__29_0]  [Device StartupMonitor Sleep]
2023-03-27 08:41:12,743 [9] INFO  [MonitorModule.DeviceManager][<StartupMonitor>b__29_0]  [Device StartupMonitor Task.Factory.StartNew]
2023-03-27 08:41:42,753 [9] INFO  [MonitorModule.DeviceManager][<StartupMonitor>b__29_0]  [Device StartupMonitor Sleep]
2023-03-27 08:41:42,753 [9] INFO  [MonitorModule.DeviceManager][<StartupMonitor>b__29_0]  [Device StartupMonitor Task.Factory.StartNew]
2023-03-27 08:42:12,767 [9] INFO  [MonitorModule.DeviceManager][<StartupMonitor>b__29_0]  [Device StartupMonitor Sleep]
2023-03-27 08:42:12,767 [9] INFO  [MonitorModule.DeviceManager][<StartupMonitor>b__29_0]  [Device StartupMonitor Task.Factory.StartNew]
2023-03-27 08:42:42,779 [9] INFO  [MonitorModule.DeviceManager][<StartupMonitor>b__29_0]  [Device StartupMonitor Sleep]
2023-03-27 08:42:42,781 [9] INFO  [MonitorModule.DeviceManager][<StartupMonitor>b__29_0]  [Device StartupMonitor Task.Factory.StartNew]
2023-03-27 08:43:12,792 [9] INFO  [MonitorModule.DeviceManager][<StartupMonitor>b__29_0]  [Device StartupMonitor Sleep]
2023-03-27 08:43:12,793 [9] INFO  [MonitorModule.DeviceManager][<StartupMonitor>b__29_0]  [Device StartupMonitor Task.Factory.StartNew]
2023-03-27 08:43:42,798 [9] INFO  [MonitorModule.DeviceManager][<StartupMonitor>b__29_0]  [Device StartupMonitor Sleep]
2023-03-27 08:43:42,799 [9] INFO  [MonitorModule.DeviceManager][<StartupMonitor>b__29_0]  [Device StartupMonitor Task.Factory.StartNew]
2023-03-27 08:44:12,804 [9] INFO  [MonitorModule.DeviceManager][<StartupMonitor>b__29_0]  [Device StartupMonitor Sleep]
2023-03-27 08:44:12,804 [9] INFO  [MonitorModule.DeviceManager][<StartupMonitor>b__29_0]  [Device StartupMonitor Task.Factory.StartNew]
2023-03-27 08:44:42,810 [9] INFO  [MonitorModule.DeviceManager][<StartupMonitor>b__29_0]  [Device StartupMonitor Sleep]
2023-03-27 08:44:42,812 [9] INFO  [MonitorModule.DeviceManager][<StartupMonitor>b__29_0]  [Device StartupMonitor Task.Factory.StartNew]
2023-03-27 08:45:12,824 [9] INFO  [MonitorModule.DeviceManager][<StartupMonitor>b__29_0]  [Device StartupMonitor Sleep]
2023-03-27 08:45:12,824 [9] INFO  [MonitorModule.DeviceManager][<StartupMonitor>b__29_0]  [Device StartupMonitor Task.Factory.StartNew]
2023-03-27 08:45:42,835 [9] INFO  [MonitorModule.DeviceManager][<StartupMonitor>b__29_0]  [Device StartupMonitor Sleep]
2023-03-27 08:45:42,835 [9] INFO  [MonitorModule.DeviceManager][<StartupMonitor>b__29_0]  [Device StartupMonitor Task.Factory.StartNew]
2023-03-27 08:46:12,847 [9] INFO  [MonitorModule.DeviceManager][<StartupMonitor>b__29_0]  [Device StartupMonitor Sleep]
2023-03-27 08:46:12,847 [9] INFO  [MonitorModule.DeviceManager][<StartupMonitor>b__29_0]  [Device StartupMonitor Task.Factory.StartNew]
2023-03-27 08:46:42,856 [9] INFO  [MonitorModule.DeviceManager][<StartupMonitor>b__29_0]  [Device StartupMonitor Sleep]
2023-03-27 08:46:42,857 [9] INFO  [MonitorModule.DeviceManager][<StartupMonitor>b__29_0]  [Device StartupMonitor Task.Factory.StartNew]
2023-03-27 08:47:12,866 [9] INFO  [MonitorModule.DeviceManager][<StartupMonitor>b__29_0]  [Device StartupMonitor Sleep]
2023-03-27 08:47:12,866 [9] INFO  [MonitorModule.DeviceManager][<StartupMonitor>b__29_0]  [Device StartupMonitor Task.Factory.StartNew]
2023-03-27 08:47:42,879 [9] INFO  [MonitorModule.DeviceManager][<StartupMonitor>b__29_0]  [Device StartupMonitor Sleep]
2023-03-27 08:47:42,880 [9] INFO  [MonitorModule.DeviceManager][<StartupMonitor>b__29_0]  [Device StartupMonitor Task.Factory.StartNew]
2023-03-27 08:48:12,884 [9] INFO  [MonitorModule.DeviceManager][<StartupMonitor>b__29_0]  [Device StartupMonitor Sleep]
2023-03-27 08:48:12,884 [9] INFO  [MonitorModule.DeviceManager][<StartupMonitor>b__29_0]  [Device StartupMonitor Task.Factory.StartNew]
2023-03-27 08:48:42,901 [9] INFO  [MonitorModule.DeviceManager][<StartupMonitor>b__29_0]  [Device StartupMonitor Sleep]
2023-03-27 08:48:42,901 [9] INFO  [MonitorModule.DeviceManager][<StartupMonitor>b__29_0]  [Device StartupMonitor Task.Factory.StartNew]
2023-03-27 08:49:12,916 [9] INFO  [MonitorModule.DeviceManager][<StartupMonitor>b__29_0]  [Device StartupMonitor Sleep]
2023-03-27 08:49:12,916 [9] INFO  [MonitorModule.DeviceManager][<StartupMonitor>b__29_0]  [Device StartupMonitor Task.Factory.StartNew]
2023-03-27 08:49:42,926 [9] INFO  [MonitorModule.DeviceManager][<StartupMonitor>b__29_0]  [Device StartupMonitor Sleep]
2023-03-27 08:49:42,927 [9] INFO  [MonitorModule.DeviceManager][<StartupMonitor>b__29_0]  [Device StartupMonitor Task.Factory.StartNew]
2023-03-27 08:50:12,932 [9] INFO  [MonitorModule.DeviceManager][<StartupMonitor>b__29_0]  [Device StartupMonitor Sleep]
2023-03-27 08:50:12,932 [9] INFO  [MonitorModule.DeviceManager][<StartupMonitor>b__29_0]  [Device StartupMonitor Task.Factory.StartNew]
2023-03-27 08:50:42,945 [9] INFO  [MonitorModule.DeviceManager][<StartupMonitor>b__29_0]  [Device StartupMonitor Sleep]
2023-03-27 08:50:42,945 [9] INFO  [MonitorModule.DeviceManager][<StartupMonitor>b__29_0]  [Device StartupMonitor Task.Factory.StartNew]
2023-03-27 08:51:12,960 [9] INFO  [MonitorModule.DeviceManager][<StartupMonitor>b__29_0]  [Device StartupMonitor Sleep]
2023-03-27 08:51:12,960 [9] INFO  [MonitorModule.DeviceManager][<StartupMonitor>b__29_0]  [Device StartupMonitor Task.Factory.StartNew]
2023-03-27 08:51:42,970 [9] INFO  [MonitorModule.DeviceManager][<StartupMonitor>b__29_0]  [Device StartupMonitor Sleep]
2023-03-27 08:51:42,970 [9] INFO  [MonitorModule.DeviceManager][<StartupMonitor>b__29_0]  [Device StartupMonitor Task.Factory.StartNew]
2023-03-27 08:52:12,981 [9] INFO  [MonitorModule.DeviceManager][<StartupMonitor>b__29_0]  [Device StartupMonitor Sleep]
2023-03-27 08:52:12,981 [9] INFO  [MonitorModule.DeviceManager][<StartupMonitor>b__29_0]  [Device StartupMonitor Task.Factory.StartNew]
2023-03-27 08:52:42,991 [9] INFO  [MonitorModule.DeviceManager][<StartupMonitor>b__29_0]  [Device StartupMonitor Sleep]
2023-03-27 08:52:42,991 [9] INFO  [MonitorModule.DeviceManager][<StartupMonitor>b__29_0]  [Device StartupMonitor Task.Factory.StartNew]
2023-03-27 08:53:13,007 [9] INFO  [MonitorModule.DeviceManager][<StartupMonitor>b__29_0]  [Device StartupMonitor Sleep]
2023-03-27 08:53:13,008 [9] INFO  [MonitorModule.DeviceManager][<StartupMonitor>b__29_0]  [Device StartupMonitor Task.Factory.StartNew]
2023-03-27 08:53:43,013 [9] INFO  [MonitorModule.DeviceManager][<StartupMonitor>b__29_0]  [Device StartupMonitor Sleep]
2023-03-27 08:53:43,014 [9] INFO  [MonitorModule.DeviceManager][<StartupMonitor>b__29_0]  [Device StartupMonitor Task.Factory.StartNew]
2023-03-27 08:54:13,017 [9] INFO  [MonitorModule.DeviceManager][<StartupMonitor>b__29_0]  [Device StartupMonitor Sleep]
2023-03-27 08:54:13,017 [9] INFO  [MonitorModule.DeviceManager][<StartupMonitor>b__29_0]  [Device StartupMonitor Task.Factory.StartNew]
2023-03-27 08:54:43,024 [9] INFO  [MonitorModule.DeviceManager][<StartupMonitor>b__29_0]  [Device StartupMonitor Sleep]
2023-03-27 08:54:43,025 [9] INFO  [MonitorModule.DeviceManager][<StartupMonitor>b__29_0]  [Device StartupMonitor Task.Factory.StartNew]
2023-03-27 08:55:13,036 [9] INFO  [MonitorModule.DeviceManager][<StartupMonitor>b__29_0]  [Device StartupMonitor Sleep]
2023-03-27 08:55:13,037 [9] INFO  [MonitorModule.DeviceManager][<StartupMonitor>b__29_0]  [Device StartupMonitor Task.Factory.StartNew]
