07:10:22.756 ================================================================
07:10:22.760 #Airlink# ecr api version=[20160531-001]
07:10:22.764 ----------------------------------------------------------------
07:10:22.768 SET Serial Port   :[COM4]
07:10:22.772 SET Timeout       :[65]
07:10:22.776 SET Rate          :[19200]
07:10:22.781 SET Mode          :[7,Even,One]
07:10:22.784 SET Input File    :[in.dat]
07:10:22.789 SET Output Fiel   :[out.dat]
07:10:22.793 SET Retry         :[3]
07:10:22.797 SET Data Length   :[300]
07:10:22.802 SET RespCode Idx  :[79]
07:10:22.807 ----------------------------------------------------------------
07:10:22.812 ReadInFile(300)=[0101                             000000000300                                                                                    ABCDEFGHIJKLMNOPQR                                                                                                                                                         ]
07:10:23.156 Send Req to EDC(303)=[02 30 31 30 31 20 20 20 20 20 20 20 20 20 20 20 20 20 20 20 20 20 20 20 20 20 20 20 20 20 20 20 20 20 30 30 30 30 30 30 30 30 30 33 30 30 20 20 20 20 20 20 20 20 20 20 20 20 20 20 20 20 20 20 20 20 20 20 20 20 20 20 20 20 20 20 20 20 20 20 20 20 20 20 20 20 20 20 20 20 20 20 20 20 20 20 20 20 20 20 20 20 20 20 20 20 20 20 20 20 20 20 20 20 20 20 20 20 20 20 20 20 20 20 20 20 20 20 20 20 41 42 43 44 45 46 47 48 49 4A 4B 4C 4D 4E 4F 50 51 52 20 20 20 20 20 20 20 20 20 20 20 20 20 20 20 20 20 20 20 20 20 20 20 20 20 20 20 20 20 20 20 20 20 20 20 20 20 20 20 20 20 20 20 20 20 20 20 20 20 20 20 20 20 20 20 20 20 20 20 20 20 20 20 20 20 20 20 20 20 20 20 20 20 20 20 20 20 20 20 20 20 20 20 20 20 20 20 20 20 20 20 20 20 20 20 20 20 20 20 20 20 20 20 20 20 20 20 20 20 20 20 20 20 20 20 20 20 20 20 20 20 20 20 20 20 20 20 20 20 20 20 20 20 20 20 20 20 20 20 20 20 20 20 20 20 20 20 20 20 20 20 20 20 03 13]
07:10:23.332 Recv ACKNAK=[06]
07:10:41.031 Recv Data(303)=[02 30 31 30 31 20 20 20 20 20 20 20 20 20 20 20 20 20 20 20 20 20 20 20 20 20 20 20 20 20 20 20 20 20 20 20 20 20 20 20 20 20 20 20 20 20 20 20 20 20 20 20 20 20 20 20 20 20 20 20 20 20 20 20 20 20 20 20 20 20 20 20 20 20 20 20 20 20 20 30 31 32 31 20 20 20 20 20 20 20 20 20 20 20 20 20 20 20 20 20 20 20 20 20 20 20 20 20 20 20 20 20 20 20 20 20 20 20 20 20 20 20 20 20 20 20 20 20 20 20 20 20 20 20 20 20 20 20 20 20 20 20 20 20 20 20 20 20 20 20 20 20 20 20 20 20 20 20 20 20 20 20 20 20 20 20 20 20 20 20 20 20 20 20 20 20 20 20 20 20 20 20 20 20 20 20 20 20 20 20 20 20 20 20 20 20 20 20 20 20 20 20 20 20 20 20 20 20 20 20 20 20 20 20 20 20 20 20 20 20 20 20 20 20 20 20 20 20 20 20 20 20 20 20 20 20 20 20 20 20 20 20 20 20 20 20 20 20 20 20 20 20 20 20 20 20 20 20 20 20 20 20 20 20 20 20 20 20 20 20 20 20 20 20 20 20 20 20 20 20 20 20 20 20 20 20 20 20 20 20 20 20 20 20 20 20 20 20 20 20 20 03 01]
07:10:41.031 Recv LRC=0x01, Calc LRC=0x01
07:10:41.031 SendACK
07:10:41.046 SaveResponseData code=[EDC_RESPONSE]
07:10:41.078 SaveResponseData(300)=[0101                                                                          0121                                                                                                                                                                                                                          ]
07:10:41.140 ================================================================
07:10:41.140 Program done!
07:10:41.156 ================================================================
20:30:08.768 ================================================================
20:30:08.776 #Airlink# ecr api version=[20160531-001]
20:30:08.783 ----------------------------------------------------------------
20:30:08.792 SET Serial Port   :[COM4]
20:30:08.802 SET Timeout       :[65]
20:30:08.807 SET Rate          :[19200]
20:30:08.813 SET Mode          :[7,Even,One]
20:30:08.818 SET Input File    :[in.dat]
20:30:08.822 SET Output Fiel   :[out.dat]
20:30:08.828 SET Retry         :[3]
20:30:08.835 SET Data Length   :[300]
20:30:08.839 SET RespCode Idx  :[79]
20:30:08.845 ----------------------------------------------------------------
20:30:08.851 ReadInFile(300)=[6301                             000000000000                                                                                                                                                                                                                                                               ]
20:30:09.166 Send Req to EDC(303)=[02 36 33 30 31 20 20 20 20 20 20 20 20 20 20 20 20 20 20 20 20 20 20 20 20 20 20 20 20 20 20 20 20 20 30 30 30 30 30 30 30 30 30 30 30 30 20 20 20 20 20 20 20 20 20 20 20 20 20 20 20 20 20 20 20 20 20 20 20 20 20 20 20 20 20 20 20 20 20 20 20 20 20 20 20 20 20 20 20 20 20 20 20 20 20 20 20 20 20 20 20 20 20 20 20 20 20 20 20 20 20 20 20 20 20 20 20 20 20 20 20 20 20 20 20 20 20 20 20 20 20 20 20 20 20 20 20 20 20 20 20 20 20 20 20 20 20 20 20 20 20 20 20 20 20 20 20 20 20 20 20 20 20 20 20 20 20 20 20 20 20 20 20 20 20 20 20 20 20 20 20 20 20 20 20 20 20 20 20 20 20 20 20 20 20 20 20 20 20 20 20 20 20 20 20 20 20 20 20 20 20 20 20 20 20 20 20 20 20 20 20 20 20 20 20 20 20 20 20 20 20 20 20 20 20 20 20 20 20 20 20 20 20 20 20 20 20 20 20 20 20 20 20 20 20 20 20 20 20 20 20 20 20 20 20 20 20 20 20 20 20 20 20 20 20 20 20 20 20 20 20 20 20 20 20 20 20 20 20 20 20 20 20 20 20 20 20 20 20 20 20 03 07]
20:30:09.335 Recv ACKNAK=[06]
20:30:10.699 Recv Data(303)=[02 36 33 30 31 20 20 20 20 20 20 20 20 20 20 20 20 20 20 20 20 20 20 20 20 20 20 20 20 20 20 20 20 20 20 20 20 20 20 20 20 20 20 20 20 20 20 20 20 20 20 20 20 20 20 20 20 20 20 20 20 20 20 20 20 20 20 20 20 20 20 20 20 20 20 20 20 20 20 30 30 30 33 20 20 20 20 20 20 20 20 20 20 20 20 20 20 20 20 20 20 20 20 20 20 20 20 20 20 20 20 20 20 20 20 20 20 20 20 20 20 20 20 20 20 20 20 20 20 20 20 20 20 20 20 20 20 20 20 20 20 20 20 20 20 20 20 20 20 20 20 20 20 20 20 20 20 20 20 20 20 20 20 20 20 20 20 20 20 20 20 20 20 20 20 20 20 20 20 20 20 20 20 20 20 20 20 20 20 20 20 20 20 20 20 20 20 20 20 20 20 20 20 20 20 20 20 20 20 20 20 20 20 20 20 20 20 20 20 20 20 20 20 20 20 20 20 20 20 20 20 20 20 20 20 20 20 20 20 20 20 20 20 20 20 20 20 20 20 20 20 20 20 20 20 20 20 20 20 20 20 20 20 20 20 20 20 20 20 20 20 20 20 20 20 20 20 20 20 20 20 20 20 20 20 20 20 20 20 20 20 20 20 20 20 20 20 20 20 20 20 03 04]
20:30:10.699 Recv LRC=0x04, Calc LRC=0x04
20:30:10.714 SendACK
20:30:10.714 SaveResponseData code=[EDC_RESPONSE]
20:30:10.761 SaveResponseData(300)=[6301                                                                          0003                                                                                                                                                                                                                          ]
20:30:10.839 ================================================================
20:30:10.839 Program done!
20:30:10.839 ================================================================
20:30:17.373 ================================================================
20:30:17.393 #Airlink# ecr api version=[20160531-001]
20:30:17.397 ----------------------------------------------------------------
20:30:17.401 SET Serial Port   :[COM4]
20:30:17.406 SET Timeout       :[65]
20:30:17.410 SET Rate          :[19200]
20:30:17.415 SET Mode          :[7,Even,One]
20:30:17.417 SET Input File    :[in.dat]
20:30:17.417 SET Output Fiel   :[out.dat]
20:30:17.417 SET Retry         :[3]
20:30:17.417 SET Data Length   :[300]
20:30:17.433 SET RespCode Idx  :[79]
20:30:17.433 ----------------------------------------------------------------
20:30:17.433 ReadInFile(300)=[61                               000000000000                                                                                                                                                                                                                                                               ]
20:30:17.729 Send Req to EDC(303)=[02 36 31 20 20 20 20 20 20 20 20 20 20 20 20 20 20 20 20 20 20 20 20 20 20 20 20 20 20 20 20 20 20 20 30 30 30 30 30 30 30 30 30 30 30 30 20 20 20 20 20 20 20 20 20 20 20 20 20 20 20 20 20 20 20 20 20 20 20 20 20 20 20 20 20 20 20 20 20 20 20 20 20 20 20 20 20 20 20 20 20 20 20 20 20 20 20 20 20 20 20 20 20 20 20 20 20 20 20 20 20 20 20 20 20 20 20 20 20 20 20 20 20 20 20 20 20 20 20 20 20 20 20 20 20 20 20 20 20 20 20 20 20 20 20 20 20 20 20 20 20 20 20 20 20 20 20 20 20 20 20 20 20 20 20 20 20 20 20 20 20 20 20 20 20 20 20 20 20 20 20 20 20 20 20 20 20 20 20 20 20 20 20 20 20 20 20 20 20 20 20 20 20 20 20 20 20 20 20 20 20 20 20 20 20 20 20 20 20 20 20 20 20 20 20 20 20 20 20 20 20 20 20 20 20 20 20 20 20 20 20 20 20 20 20 20 20 20 20 20 20 20 20 20 20 20 20 20 20 20 20 20 20 20 20 20 20 20 20 20 20 20 20 20 20 20 20 20 20 20 20 20 20 20 20 20 20 20 20 20 20 20 20 20 20 20 20 20 20 20 20 03 04]
20:30:17.901 Recv ACKNAK=[06]
20:30:19.240 Recv Data(303)=[02 36 31 20 20 20 20 20 20 20 20 20 20 20 20 20 20 20 20 20 20 20 20 20 20 20 20 20 20 20 20 20 20 20 20 20 20 20 20 20 20 20 20 20 20 20 20 20 20 20 20 20 20 20 20 20 20 20 20 20 20 20 20 20 20 20 20 20 20 20 20 20 20 20 20 20 20 20 20 30 30 30 37 20 20 20 20 20 20 20 20 20 20 20 20 20 20 20 20 20 20 20 20 20 20 20 20 20 20 20 20 20 20 20 20 20 20 20 20 20 20 20 20 20 20 20 20 20 20 20 20 20 20 20 20 20 20 20 20 20 20 20 20 20 20 20 20 20 20 20 20 20 20 20 20 20 20 20 20 20 20 20 20 20 20 20 20 20 20 20 20 20 20 20 20 20 20 20 20 20 20 20 20 20 20 20 20 20 20 20 20 20 20 20 20 20 20 20 20 20 20 20 20 20 20 20 20 20 20 20 20 20 20 20 20 20 20 20 20 20 20 20 20 20 20 20 20 20 20 20 20 20 20 20 20 20 20 20 20 20 20 20 20 20 20 20 20 20 20 20 20 20 20 20 20 20 20 20 20 20 20 20 20 20 20 20 20 20 20 20 20 20 20 20 20 20 20 20 20 20 20 20 20 20 20 20 20 20 20 20 20 20 20 20 20 20 20 20 20 20 20 03 03]
20:30:19.255 Recv LRC=0x03, Calc LRC=0x03
20:30:19.255 SendACK
20:30:19.255 SaveResponseData code=[EDC_RESPONSE]
20:30:19.302 SaveResponseData(300)=[61                                                                            0007                                                                                                                                                                                                                          ]
20:30:19.365 ================================================================
20:30:19.365 Program done!
20:30:19.365 ================================================================
20:30:21.505 ================================================================
20:30:21.521 #Airlink# ecr api version=[20160531-001]
20:30:21.521 ----------------------------------------------------------------
20:30:21.521 SET Serial Port   :[COM4]
20:30:21.521 SET Timeout       :[65]
20:30:21.537 SET Rate          :[19200]
20:30:21.537 SET Mode          :[7,Even,One]
20:30:21.537 SET Input File    :[in.dat]
20:30:21.537 SET Output Fiel   :[out.dat]
20:30:21.552 SET Retry         :[3]
20:30:21.552 SET Data Length   :[300]
20:30:21.552 SET RespCode Idx  :[79]
20:30:21.568 ----------------------------------------------------------------
20:30:21.568 ReadInFile(300)=[61                               000000000000                                                                                                                                                                                                                                                               ]
20:30:21.826 Send Req to EDC(303)=[02 36 31 20 20 20 20 20 20 20 20 20 20 20 20 20 20 20 20 20 20 20 20 20 20 20 20 20 20 20 20 20 20 20 30 30 30 30 30 30 30 30 30 30 30 30 20 20 20 20 20 20 20 20 20 20 20 20 20 20 20 20 20 20 20 20 20 20 20 20 20 20 20 20 20 20 20 20 20 20 20 20 20 20 20 20 20 20 20 20 20 20 20 20 20 20 20 20 20 20 20 20 20 20 20 20 20 20 20 20 20 20 20 20 20 20 20 20 20 20 20 20 20 20 20 20 20 20 20 20 20 20 20 20 20 20 20 20 20 20 20 20 20 20 20 20 20 20 20 20 20 20 20 20 20 20 20 20 20 20 20 20 20 20 20 20 20 20 20 20 20 20 20 20 20 20 20 20 20 20 20 20 20 20 20 20 20 20 20 20 20 20 20 20 20 20 20 20 20 20 20 20 20 20 20 20 20 20 20 20 20 20 20 20 20 20 20 20 20 20 20 20 20 20 20 20 20 20 20 20 20 20 20 20 20 20 20 20 20 20 20 20 20 20 20 20 20 20 20 20 20 20 20 20 20 20 20 20 20 20 20 20 20 20 20 20 20 20 20 20 20 20 20 20 20 20 20 20 20 20 20 20 20 20 20 20 20 20 20 20 20 20 20 20 20 20 20 20 20 20 20 03 04]
20:30:21.982 Recv ACKNAK=[06]
20:30:23.349 Recv Data(303)=[02 36 31 20 20 20 20 20 20 20 20 20 20 20 20 20 20 20 20 20 20 20 20 20 20 20 20 20 20 20 20 20 20 20 20 20 20 20 20 20 20 20 20 20 20 20 20 20 20 20 20 20 20 20 20 20 20 20 20 20 20 20 20 20 20 20 20 20 20 20 20 20 20 20 20 20 20 20 20 30 30 30 37 20 20 20 20 20 20 20 20 20 20 20 20 20 20 20 20 20 20 20 20 20 20 20 20 20 20 20 20 20 20 20 20 20 20 20 20 20 20 20 20 20 20 20 20 20 20 20 20 20 20 20 20 20 20 20 20 20 20 20 20 20 20 20 20 20 20 20 20 20 20 20 20 20 20 20 20 20 20 20 20 20 20 20 20 20 20 20 20 20 20 20 20 20 20 20 20 20 20 20 20 20 20 20 20 20 20 20 20 20 20 20 20 20 20 20 20 20 20 20 20 20 20 20 20 20 20 20 20 20 20 20 20 20 20 20 20 20 20 20 20 20 20 20 20 20 20 20 20 20 20 20 20 20 20 20 20 20 20 20 20 20 20 20 20 20 20 20 20 20 20 20 20 20 20 20 20 20 20 20 20 20 20 20 20 20 20 20 20 20 20 20 20 20 20 20 20 20 20 20 20 20 20 20 20 20 20 20 20 20 20 20 20 20 20 20 20 20 20 03 03]
20:30:23.349 Recv LRC=0x03, Calc LRC=0x03
20:30:23.349 SendACK
20:30:23.365 SaveResponseData code=[EDC_RESPONSE]
20:30:23.393 SaveResponseData(300)=[61                                                                            0007                                                                                                                                                                                                                          ]
20:30:23.451 ================================================================
20:30:23.451 Program done!
20:30:23.451 ================================================================
20:30:42.536 ================================================================
20:30:42.536 #Airlink# ecr api version=[20160531-001]
20:30:42.536 ----------------------------------------------------------------
20:30:42.552 SET Serial Port   :[COM4]
20:30:42.552 SET Timeout       :[65]
20:30:42.552 SET Rate          :[19200]
20:30:42.552 SET Mode          :[7,Even,One]
20:30:42.567 SET Input File    :[in.dat]
20:30:42.567 SET Output Fiel   :[out.dat]
20:30:42.567 SET Retry         :[3]
20:30:42.583 SET Data Length   :[300]
20:30:42.583 SET RespCode Idx  :[79]
20:30:42.583 ----------------------------------------------------------------
20:30:42.598 ReadInFile(300)=[6301                             000000000000                                                                                                                                                                                                                                                               ]
20:30:43.082 Send Req to EDC(303)=[02 36 33 30 31 20 20 20 20 20 20 20 20 20 20 20 20 20 20 20 20 20 20 20 20 20 20 20 20 20 20 20 20 20 30 30 30 30 30 30 30 30 30 30 30 30 20 20 20 20 20 20 20 20 20 20 20 20 20 20 20 20 20 20 20 20 20 20 20 20 20 20 20 20 20 20 20 20 20 20 20 20 20 20 20 20 20 20 20 20 20 20 20 20 20 20 20 20 20 20 20 20 20 20 20 20 20 20 20 20 20 20 20 20 20 20 20 20 20 20 20 20 20 20 20 20 20 20 20 20 20 20 20 20 20 20 20 20 20 20 20 20 20 20 20 20 20 20 20 20 20 20 20 20 20 20 20 20 20 20 20 20 20 20 20 20 20 20 20 20 20 20 20 20 20 20 20 20 20 20 20 20 20 20 20 20 20 20 20 20 20 20 20 20 20 20 20 20 20 20 20 20 20 20 20 20 20 20 20 20 20 20 20 20 20 20 20 20 20 20 20 20 20 20 20 20 20 20 20 20 20 20 20 20 20 20 20 20 20 20 20 20 20 20 20 20 20 20 20 20 20 20 20 20 20 20 20 20 20 20 20 20 20 20 20 20 20 20 20 20 20 20 20 20 20 20 20 20 20 20 20 20 20 20 20 20 20 20 20 20 20 20 20 20 20 20 20 20 20 20 20 03 07]
20:30:43.252 Recv ACKNAK=[06]
20:30:44.592 Recv Data(303)=[02 36 33 30 31 20 20 20 20 20 20 20 20 20 20 20 20 20 20 20 20 20 20 20 20 20 20 20 20 20 20 20 20 20 20 20 20 20 20 20 20 20 20 20 20 20 20 20 20 20 20 20 20 20 20 20 20 20 20 20 20 20 20 20 20 20 20 20 20 20 20 20 20 20 20 20 20 20 20 30 30 30 33 20 20 20 20 20 20 20 20 20 20 20 20 20 20 20 20 20 20 20 20 20 20 20 20 20 20 20 20 20 20 20 20 20 20 20 20 20 20 20 20 20 20 20 20 20 20 20 20 20 20 20 20 20 20 20 20 20 20 20 20 20 20 20 20 20 20 20 20 20 20 20 20 20 20 20 20 20 20 20 20 20 20 20 20 20 20 20 20 20 20 20 20 20 20 20 20 20 20 20 20 20 20 20 20 20 20 20 20 20 20 20 20 20 20 20 20 20 20 20 20 20 20 20 20 20 20 20 20 20 20 20 20 20 20 20 20 20 20 20 20 20 20 20 20 20 20 20 20 20 20 20 20 20 20 20 20 20 20 20 20 20 20 20 20 20 20 20 20 20 20 20 20 20 20 20 20 20 20 20 20 20 20 20 20 20 20 20 20 20 20 20 20 20 20 20 20 20 20 20 20 20 20 20 20 20 20 20 20 20 20 20 20 20 20 20 20 20 20 03 04]
20:30:44.608 Recv LRC=0x04, Calc LRC=0x04
20:30:44.608 SendACK
20:30:44.624 SaveResponseData code=[EDC_RESPONSE]
20:30:44.670 SaveResponseData(300)=[6301                                                                          0003                                                                                                                                                                                                                          ]
20:30:44.733 ================================================================
20:30:44.733 Program done!
20:30:44.749 ================================================================
20:30:51.577 ================================================================
20:30:51.577 #Airlink# ecr api version=[20160531-001]
20:30:51.592 ----------------------------------------------------------------
20:30:51.592 SET Serial Port   :[COM4]
20:30:51.608 SET Timeout       :[65]
20:30:51.608 SET Rate          :[19200]
20:30:51.624 SET Mode          :[7,Even,One]
20:30:51.624 SET Input File    :[in.dat]
20:30:51.639 SET Output Fiel   :[out.dat]
20:30:51.639 SET Retry         :[3]
20:30:51.655 SET Data Length   :[300]
20:30:51.655 SET RespCode Idx  :[79]
20:30:51.655 ----------------------------------------------------------------
20:30:51.671 ReadInFile(300)=[62                               000000000000                                                                                                                                                                                                                                                               ]
20:30:51.967 Send Req to EDC(303)=[02 36 32 20 20 20 20 20 20 20 20 20 20 20 20 20 20 20 20 20 20 20 20 20 20 20 20 20 20 20 20 20 20 20 30 30 30 30 30 30 30 30 30 30 30 30 20 20 20 20 20 20 20 20 20 20 20 20 20 20 20 20 20 20 20 20 20 20 20 20 20 20 20 20 20 20 20 20 20 20 20 20 20 20 20 20 20 20 20 20 20 20 20 20 20 20 20 20 20 20 20 20 20 20 20 20 20 20 20 20 20 20 20 20 20 20 20 20 20 20 20 20 20 20 20 20 20 20 20 20 20 20 20 20 20 20 20 20 20 20 20 20 20 20 20 20 20 20 20 20 20 20 20 20 20 20 20 20 20 20 20 20 20 20 20 20 20 20 20 20 20 20 20 20 20 20 20 20 20 20 20 20 20 20 20 20 20 20 20 20 20 20 20 20 20 20 20 20 20 20 20 20 20 20 20 20 20 20 20 20 20 20 20 20 20 20 20 20 20 20 20 20 20 20 20 20 20 20 20 20 20 20 20 20 20 20 20 20 20 20 20 20 20 20 20 20 20 20 20 20 20 20 20 20 20 20 20 20 20 20 20 20 20 20 20 20 20 20 20 20 20 20 20 20 20 20 20 20 20 20 20 20 20 20 20 20 20 20 20 20 20 20 20 20 20 20 20 20 20 20 20 03 07]
20:30:52.139 Recv ACKNAK=[06]
20:30:53.522 Recv Data(303)=[02 36 32 20 20 20 20 20 20 20 20 20 20 20 20 20 20 20 20 20 20 20 20 20 20 20 20 20 20 20 20 20 20 20 20 20 20 20 20 20 20 20 20 20 20 20 20 20 20 20 20 20 20 20 20 20 20 20 20 20 20 20 20 20 20 20 20 20 20 20 20 20 20 20 20 20 20 20 20 30 30 30 30 20 20 20 20 20 20 20 20 20 20 20 20 20 20 20 20 20 20 20 20 20 20 20 20 20 20 20 20 20 20 20 20 20 20 20 20 20 20 20 20 20 20 20 20 20 20 20 20 20 20 20 20 20 20 20 20 20 20 20 20 20 20 20 20 20 20 20 20 20 20 20 20 20 20 20 20 20 20 20 20 20 20 20 20 20 20 20 20 20 20 20 20 20 20 20 20 20 20 20 20 20 20 20 20 20 20 20 20 20 20 20 20 20 20 20 20 20 20 20 20 20 20 20 20 20 20 20 20 20 20 20 20 20 20 20 20 20 20 20 20 20 20 20 20 20 20 20 20 20 20 20 20 20 20 20 20 20 20 20 20 20 20 20 20 20 20 20 20 20 20 20 20 20 20 20 20 20 20 20 20 20 20 20 20 20 20 20 20 20 20 20 20 20 20 20 20 20 20 20 20 20 20 20 20 20 20 20 20 20 20 20 20 20 20 20 20 20 20 03 07]
20:30:53.538 Recv LRC=0x07, Calc LRC=0x07
20:30:53.538 SendACK
20:30:53.553 SaveResponseData code=[EDC_RESPONSE]
20:30:53.600 SaveResponseData(300)=[62                                                                            0000                                                                                                                                                                                                                          ]
20:30:53.663 ================================================================
20:30:53.663 Program done!
20:30:53.678 ================================================================
