06:56:42.260 ================================================================
06:56:42.265 #Airlink# ecr api version=[20160531-001]
06:56:42.268 ----------------------------------------------------------------
06:56:42.272 SET Serial Port   :[COM4]
06:56:42.275 SET Timeout       :[65]
06:56:42.279 SET Rate          :[19200]
06:56:42.282 SET Mode          :[7,Even,One]
06:56:42.286 SET Input File    :[in.dat]
06:56:42.289 SET Output Fiel   :[out.dat]
06:56:42.296 SET Retry         :[3]
06:56:42.299 SET Data Length   :[300]
06:56:42.303 SET RespCode Idx  :[79]
06:56:42.306 ----------------------------------------------------------------
06:56:42.310 ReadInFile(300)=[3101                             000000000100                                                                                            STOREID123                                                                                                                                                         ]
06:56:42.623 Send Req to EDC(303)=[02 33 31 30 31 20 20 20 20 20 20 20 20 20 20 20 20 20 20 20 20 20 20 20 20 20 20 20 20 20 20 20 20 20 30 30 30 30 30 30 30 30 30 31 30 30 20 20 20 20 20 20 20 20 20 20 20 20 20 20 20 20 20 20 20 20 20 20 20 20 20 20 20 20 20 20 20 20 20 20 20 20 20 20 20 20 20 20 20 20 20 20 20 20 20 20 20 20 20 20 20 20 20 20 20 20 20 20 20 20 20 20 20 20 20 20 20 20 20 20 20 20 20 20 20 20 20 20 20 20 20 20 20 20 20 20 20 20 53 54 4F 52 45 49 44 31 32 33 20 20 20 20 20 20 20 20 20 20 20 20 20 20 20 20 20 20 20 20 20 20 20 20 20 20 20 20 20 20 20 20 20 20 20 20 20 20 20 20 20 20 20 20 20 20 20 20 20 20 20 20 20 20 20 20 20 20 20 20 20 20 20 20 20 20 20 20 20 20 20 20 20 20 20 20 20 20 20 20 20 20 20 20 20 20 20 20 20 20 20 20 20 20 20 20 20 20 20 20 20 20 20 20 20 20 20 20 20 20 20 20 20 20 20 20 20 20 20 20 20 20 20 20 20 20 20 20 20 20 20 20 20 20 20 20 20 20 20 20 20 20 20 20 20 20 20 20 20 20 20 20 20 03 63]
06:56:42.790 Recv ACKNAK=[06]
06:56:58.188 Recv Data(303)=[02 33 31 30 31 30 30 30 30 30 32 34 35 36 33 31 39 2A 2A 2A 2A 2A 2A 30 36 32 33 20 20 20 2A 2A 2A 2A 30 30 30 30 30 30 30 30 30 31 30 30 31 38 30 38 32 31 30 36 35 37 35 37 54 45 53 54 35 37 20 20 20 20 20 20 20 20 20 20 20 20 20 20 20 30 30 30 30 38 32 32 30 31 38 38 38 30 30 30 31 36 20 20 32 31 32 37 30 30 31 39 30 30 30 30 30 32 30 30 30 30 30 33 20 20 20 20 20 20 20 20 20 20 20 20 20 20 20 20 20 20 20 20 53 54 4F 52 45 49 44 31 32 33 20 20 20 20 20 20 20 20 20 20 20 20 20 20 20 20 20 20 20 20 20 20 20 20 20 57 20 20 20 20 20 20 20 20 20 20 20 20 20 20 20 20 20 20 20 20 20 20 20 20 20 20 20 20 20 20 20 20 20 20 20 20 30 31 34 35 36 33 31 39 73 4D 4B 50 2B 47 75 4D 44 41 6B 62 65 37 33 73 38 35 79 4D 55 59 66 55 5A 5A 4C 71 64 6F 4D 6C 61 43 75 36 39 79 6B 56 65 56 41 3D 30 20 20 20 20 20 20 20 20 20 20 20 20 20 20 20 20 20 20 20 20 20 20 20 20 20 20 30 20 20 20 20 20 20 20 20 20 20 20 03 34]
06:56:58.193 Recv LRC=0x34, Calc LRC=0x34
06:56:58.200 SendACK
06:56:58.206 SaveResponseData code=[EDC_RESPONSE]
06:56:58.232 SaveResponseData(300)=[3101000002456319******0623   ****000000000100180821065757TEST57               00008220188800016  21270019000002000003                    STOREID123                         W                                    01456319sMKP+GuMDAkbe73s85yMUYfUZZLqdoMlaCu69ykVeVA=0                          0           ]
06:56:58.280 ================================================================
06:56:58.285 Program done!
06:56:58.294 ================================================================
