08:25:47.126 ================================================================
08:25:47.126 #Airlink# ecr api version=[20160531-001]
08:25:47.142 ----------------------------------------------------------------
08:25:47.142 SET Serial Port   :[COM4]
08:25:47.142 SET Timeout       :[65]
08:25:47.142 SET Rate          :[19200]
08:25:47.158 SET Mode          :[7,Even,One]
08:25:47.158 SET Input File    :[in.dat]
08:25:47.158 SET Output Fiel   :[out.dat]
08:25:47.158 SET Retry         :[3]
08:25:47.173 SET Data Length   :[300]
08:25:47.173 SET RespCode Idx  :[79]
08:25:47.173 ----------------------------------------------------------------
08:25:47.189 ReadInFile(300)=[0101                             000000000100                                                                                                                                                                                                                                                               ]
08:25:47.680 Send Req to EDC(303)=[02 30 31 30 31 20 20 20 20 20 20 20 20 20 20 20 20 20 20 20 20 20 20 20 20 20 20 20 20 20 20 20 20 20 30 30 30 30 30 30 30 30 30 31 30 30 20 20 20 20 20 20 20 20 20 20 20 20 20 20 20 20 20 20 20 20 20 20 20 20 20 20 20 20 20 20 20 20 20 20 20 20 20 20 20 20 20 20 20 20 20 20 20 20 20 20 20 20 20 20 20 20 20 20 20 20 20 20 20 20 20 20 20 20 20 20 20 20 20 20 20 20 20 20 20 20 20 20 20 20 20 20 20 20 20 20 20 20 20 20 20 20 20 20 20 20 20 20 20 20 20 20 20 20 20 20 20 20 20 20 20 20 20 20 20 20 20 20 20 20 20 20 20 20 20 20 20 20 20 20 20 20 20 20 20 20 20 20 20 20 20 20 20 20 20 20 20 20 20 20 20 20 20 20 20 20 20 20 20 20 20 20 20 20 20 20 20 20 20 20 20 20 20 20 20 20 20 20 20 20 20 20 20 20 20 20 20 20 20 20 20 20 20 20 20 20 20 20 20 20 20 20 20 20 20 20 20 20 20 20 20 20 20 20 20 20 20 20 20 20 20 20 20 20 20 20 20 20 20 20 20 20 20 20 20 20 20 20 20 20 20 20 20 20 20 20 20 20 20 20 20 03 02]
08:25:47.874 Recv ACKNAK=[06]
08:26:04.017 Recv Data(303)=[02 30 31 30 31 20 20 20 20 20 20 20 20 20 20 20 20 20 20 20 20 20 20 20 20 20 20 20 20 20 20 20 20 20 20 20 20 20 20 20 20 20 20 20 20 20 20 20 20 20 20 20 20 20 20 20 20 20 20 20 20 20 20 20 20 20 20 20 20 20 20 20 20 20 20 20 20 20 20 30 31 32 31 20 20 20 20 20 20 20 20 20 20 20 20 20 20 20 20 20 20 20 20 20 20 20 20 20 20 20 20 20 20 20 20 20 20 20 20 20 20 20 20 20 20 20 20 20 20 20 20 20 20 20 20 20 20 20 20 20 20 20 20 20 20 20 20 20 20 20 20 20 20 20 20 20 20 20 20 20 20 20 20 20 20 20 20 20 20 20 20 20 20 20 20 20 20 20 20 20 20 20 20 20 20 20 20 20 20 20 20 20 20 20 20 20 20 20 20 20 20 20 20 20 20 20 20 20 20 20 20 20 20 20 20 20 20 20 20 20 20 20 20 20 20 20 20 20 20 20 20 20 20 20 20 20 20 20 20 20 20 20 20 20 20 20 20 20 20 20 20 20 20 20 20 20 20 20 20 20 20 20 20 20 20 20 20 20 20 20 20 20 20 20 20 20 20 20 20 20 20 20 20 20 20 20 20 20 20 20 20 20 20 20 20 20 20 20 20 20 20 03 01]
08:26:04.033 Recv LRC=0x01, Calc LRC=0x01
08:26:04.033 SendACK
08:26:04.033 SaveResponseData code=[EDC_RESPONSE]
08:26:04.080 SaveResponseData(300)=[0101                                                                          0121                                                                                                                                                                                                                          ]
08:26:04.142 ================================================================
08:26:04.142 Program done!
08:26:04.142 ================================================================
