10:45:23.238 ================================================================
10:45:23.238 #Airlink# ecr api version=[20160531-001]
10:45:23.238 ----------------------------------------------------------------
10:45:23.239 SET Serial Port   :[COM6]
10:45:23.239 SET Timeout       :[65]
10:45:23.239 SET Rate          :[19200]
10:45:23.239 SET Mode          :[7,Even,One]
10:45:23.240 SET Input File    :[in.dat]
10:45:23.240 SET Output Fiel   :[out.dat]
10:45:23.240 SET Retry         :[3]
10:45:23.240 SET Data Length   :[300]
10:45:23.240 SET RespCode Idx  :[79]
10:45:23.241 ----------------------------------------------------------------
10:45:23.242 ReadInFile(300)=[3101                             000000050000                                                                                            STOREID123                                                                                                                                                         ]
10:45:23.551 Send Req to EDC(303)=[02 33 31 30 31 20 20 20 20 20 20 20 20 20 20 20 20 20 20 20 20 20 20 20 20 20 20 20 20 20 20 20 20 20 30 30 30 30 30 30 30 35 30 30 30 30 20 20 20 20 20 20 20 20 20 20 20 20 20 20 20 20 20 20 20 20 20 20 20 20 20 20 20 20 20 20 20 20 20 20 20 20 20 20 20 20 20 20 20 20 20 20 20 20 20 20 20 20 20 20 20 20 20 20 20 20 20 20 20 20 20 20 20 20 20 20 20 20 20 20 20 20 20 20 20 20 20 20 20 20 20 20 20 20 20 20 20 20 53 54 4F 52 45 49 44 31 32 33 20 20 20 20 20 20 20 20 20 20 20 20 20 20 20 20 20 20 20 20 20 20 20 20 20 20 20 20 20 20 20 20 20 20 20 20 20 20 20 20 20 20 20 20 20 20 20 20 20 20 20 20 20 20 20 20 20 20 20 20 20 20 20 20 20 20 20 20 20 20 20 20 20 20 20 20 20 20 20 20 20 20 20 20 20 20 20 20 20 20 20 20 20 20 20 20 20 20 20 20 20 20 20 20 20 20 20 20 20 20 20 20 20 20 20 20 20 20 20 20 20 20 20 20 20 20 20 20 20 20 20 20 20 20 20 20 20 20 20 20 20 20 20 20 20 20 20 20 20 20 20 20 20 03 67]
10:45:23.713 Recv ACKNAK=[06]
10:45:55.257 Recv Data(303)=[02 33 31 30 31 20 20 20 20 20 20 20 20 20 20 20 20 20 20 20 20 20 20 20 20 20 20 20 20 20 20 20 20 20 20 20 20 20 20 20 20 20 20 20 20 20 20 20 20 20 20 20 20 20 20 20 20 20 20 20 20 20 20 20 20 20 20 20 20 20 20 20 20 20 20 20 20 20 20 30 30 30 32 20 20 20 20 20 20 20 20 20 20 20 20 20 20 20 20 20 20 20 20 20 20 20 20 20 20 20 20 20 20 20 20 20 20 20 20 20 20 20 20 20 20 20 20 20 20 20 20 20 20 20 20 20 20 20 20 20 20 20 20 20 20 20 20 20 20 20 20 20 20 20 20 20 20 20 20 20 20 20 20 20 20 20 20 20 20 20 20 20 20 20 20 20 20 20 20 20 20 20 20 20 20 20 20 20 20 20 20 20 20 20 20 20 20 20 20 20 20 20 20 20 20 20 20 20 20 20 20 20 20 20 20 20 20 20 20 20 20 20 20 20 20 20 20 20 20 20 20 20 20 20 20 20 20 20 20 20 20 20 20 20 20 20 20 20 20 20 20 20 20 20 20 20 20 20 20 20 20 20 20 20 20 20 20 20 20 20 20 20 20 20 20 20 20 20 20 20 20 20 20 20 20 20 20 20 20 20 20 20 20 20 20 20 20 20 20 20 20 03 02]
10:45:55.257 Recv LRC=0x02, Calc LRC=0x02
10:45:55.257 SendACK
10:45:55.258 SaveResponseData code=[EDC_RESPONSE]
10:45:55.278 SaveResponseData(300)=[3101                                                                          0002                                                                                                                                                                                                                          ]
10:45:55.317 ================================================================
10:45:55.317 Program done!
10:45:55.317 ================================================================
10:47:21.459 ================================================================
10:47:21.460 #Airlink# ecr api version=[20160531-001]
10:47:21.460 ----------------------------------------------------------------
10:47:21.460 SET Serial Port   :[COM6]
10:47:21.460 SET Timeout       :[65]
10:47:21.461 SET Rate          :[19200]
10:47:21.461 SET Mode          :[7,Even,One]
10:47:21.461 SET Input File    :[in.dat]
10:47:21.461 SET Output Fiel   :[out.dat]
10:47:21.461 SET Retry         :[3]
10:47:21.462 SET Data Length   :[300]
10:47:21.462 SET RespCode Idx  :[79]
10:47:21.462 ----------------------------------------------------------------
10:47:21.463 ReadInFile(300)=[3101                             000000050000                                                                                            STOREID123                                                                                                                                                         ]
10:47:21.770 Send Req to EDC(303)=[02 33 31 30 31 20 20 20 20 20 20 20 20 20 20 20 20 20 20 20 20 20 20 20 20 20 20 20 20 20 20 20 20 20 30 30 30 30 30 30 30 35 30 30 30 30 20 20 20 20 20 20 20 20 20 20 20 20 20 20 20 20 20 20 20 20 20 20 20 20 20 20 20 20 20 20 20 20 20 20 20 20 20 20 20 20 20 20 20 20 20 20 20 20 20 20 20 20 20 20 20 20 20 20 20 20 20 20 20 20 20 20 20 20 20 20 20 20 20 20 20 20 20 20 20 20 20 20 20 20 20 20 20 20 20 20 20 20 53 54 4F 52 45 49 44 31 32 33 20 20 20 20 20 20 20 20 20 20 20 20 20 20 20 20 20 20 20 20 20 20 20 20 20 20 20 20 20 20 20 20 20 20 20 20 20 20 20 20 20 20 20 20 20 20 20 20 20 20 20 20 20 20 20 20 20 20 20 20 20 20 20 20 20 20 20 20 20 20 20 20 20 20 20 20 20 20 20 20 20 20 20 20 20 20 20 20 20 20 20 20 20 20 20 20 20 20 20 20 20 20 20 20 20 20 20 20 20 20 20 20 20 20 20 20 20 20 20 20 20 20 20 20 20 20 20 20 20 20 20 20 20 20 20 20 20 20 20 20 20 20 20 20 20 20 20 20 20 20 20 20 20 03 67]
10:47:21.932 Recv ACKNAK=[06]
10:47:42.486 Recv Data(303)=[02 33 31 30 31 20 20 20 20 20 20 20 20 20 20 20 20 20 20 20 20 20 20 20 20 20 20 20 20 20 20 20 20 20 20 20 20 20 20 20 20 20 20 20 20 20 20 20 20 20 20 20 20 20 20 20 20 20 20 20 20 20 20 20 20 20 20 20 20 20 20 20 20 20 20 20 20 20 20 30 30 30 31 20 20 20 20 20 20 20 20 20 20 20 20 20 20 20 20 20 20 20 20 20 20 20 20 20 20 20 20 20 20 20 20 20 20 20 20 20 20 20 20 20 20 20 20 20 20 20 20 20 20 20 20 20 20 20 20 20 20 20 20 20 20 20 20 20 20 20 20 20 20 20 20 20 20 20 20 20 20 20 20 20 20 20 20 20 20 20 20 20 20 20 20 20 20 20 20 20 20 20 20 20 20 20 20 20 20 20 20 20 20 20 20 20 20 20 20 20 20 20 20 20 20 20 20 20 20 20 20 20 20 20 20 20 20 20 20 20 20 20 20 20 20 20 20 20 20 20 20 20 20 20 20 20 20 20 20 20 20 20 20 20 20 20 20 20 20 20 20 20 20 20 20 20 20 20 20 20 20 20 20 20 20 20 20 20 20 20 20 20 20 20 20 20 20 20 20 20 20 20 20 20 20 20 20 20 20 20 20 20 20 20 20 20 20 20 20 20 20 03 01]
10:47:42.487 Recv LRC=0x01, Calc LRC=0x01
10:47:42.487 SendACK
10:47:42.488 SaveResponseData code=[EDC_RESPONSE]
10:47:42.509 SaveResponseData(300)=[3101                                                                          0001                                                                                                                                                                                                                          ]
10:47:42.547 ================================================================
10:47:42.547 Program done!
10:47:42.547 ================================================================
10:48:52.962 ================================================================
10:48:52.963 #Airlink# ecr api version=[20160531-001]
10:48:52.963 ----------------------------------------------------------------
10:48:52.963 SET Serial Port   :[COM6]
10:48:52.963 SET Timeout       :[65]
10:48:52.963 SET Rate          :[19200]
10:48:52.964 SET Mode          :[7,Even,One]
10:48:52.964 SET Input File    :[in.dat]
10:48:52.964 SET Output Fiel   :[out.dat]
10:48:52.964 SET Retry         :[3]
10:48:52.965 SET Data Length   :[300]
10:48:52.965 SET RespCode Idx  :[79]
10:48:52.965 ----------------------------------------------------------------
10:48:52.966 ReadInFile(300)=[3101                             000000050000                                                                                            STOREID123                                                                                                                                                         ]
10:48:53.273 Send Req to EDC(303)=[02 33 31 30 31 20 20 20 20 20 20 20 20 20 20 20 20 20 20 20 20 20 20 20 20 20 20 20 20 20 20 20 20 20 30 30 30 30 30 30 30 35 30 30 30 30 20 20 20 20 20 20 20 20 20 20 20 20 20 20 20 20 20 20 20 20 20 20 20 20 20 20 20 20 20 20 20 20 20 20 20 20 20 20 20 20 20 20 20 20 20 20 20 20 20 20 20 20 20 20 20 20 20 20 20 20 20 20 20 20 20 20 20 20 20 20 20 20 20 20 20 20 20 20 20 20 20 20 20 20 20 20 20 20 20 20 20 20 53 54 4F 52 45 49 44 31 32 33 20 20 20 20 20 20 20 20 20 20 20 20 20 20 20 20 20 20 20 20 20 20 20 20 20 20 20 20 20 20 20 20 20 20 20 20 20 20 20 20 20 20 20 20 20 20 20 20 20 20 20 20 20 20 20 20 20 20 20 20 20 20 20 20 20 20 20 20 20 20 20 20 20 20 20 20 20 20 20 20 20 20 20 20 20 20 20 20 20 20 20 20 20 20 20 20 20 20 20 20 20 20 20 20 20 20 20 20 20 20 20 20 20 20 20 20 20 20 20 20 20 20 20 20 20 20 20 20 20 20 20 20 20 20 20 20 20 20 20 20 20 20 20 20 20 20 20 20 20 20 20 20 20 03 67]
10:48:53.447 Recv ACKNAK=[06]
10:48:59.173 Recv Data(303)=[02 33 31 30 31 20 20 20 20 20 20 20 20 20 20 20 20 20 20 20 20 20 20 20 20 20 20 20 20 20 20 20 20 20 20 20 20 20 20 20 20 20 20 20 20 20 20 20 20 20 20 20 20 20 20 20 20 20 20 20 20 20 20 20 20 20 20 20 20 20 20 20 20 20 20 20 20 20 20 30 30 30 31 20 20 20 20 20 20 20 20 20 20 20 20 20 20 20 20 20 20 20 20 20 20 20 20 20 20 20 20 20 20 20 20 20 20 20 20 20 20 20 20 20 20 20 20 20 20 20 20 20 20 20 20 20 20 20 20 20 20 20 20 20 20 20 20 20 20 20 20 20 20 20 20 20 20 20 20 20 20 20 20 20 20 20 20 20 20 20 20 20 20 20 20 20 20 20 20 20 20 20 20 20 20 20 20 20 20 20 20 20 20 20 20 20 20 20 20 20 20 20 20 20 20 20 20 20 20 20 20 20 20 20 20 20 20 20 20 20 20 20 20 20 20 20 20 20 20 20 20 20 20 20 20 20 20 20 20 20 20 20 20 20 20 20 20 20 20 20 20 20 20 20 20 20 20 20 20 20 20 20 20 20 20 20 20 20 20 20 20 20 20 20 20 20 20 20 20 20 20 20 20 20 20 20 20 20 20 20 20 20 20 20 20 20 20 20 20 20 20 03 01]
10:48:59.174 Recv LRC=0x01, Calc LRC=0x01
10:48:59.174 SendACK
10:48:59.175 SaveResponseData code=[EDC_RESPONSE]
10:48:59.196 SaveResponseData(300)=[3101                                                                          0001                                                                                                                                                                                                                          ]
10:48:59.235 ================================================================
10:48:59.235 Program done!
10:48:59.235 ================================================================
10:52:40.782 ================================================================
10:52:40.782 #Airlink# ecr api version=[20160531-001]
10:52:40.783 ----------------------------------------------------------------
10:52:40.783 SET Serial Port   :[COM6]
10:52:40.783 SET Timeout       :[65]
10:52:40.783 SET Rate          :[19200]
10:52:40.783 SET Mode          :[7,Even,One]
10:52:40.784 SET Input File    :[in.dat]
10:52:40.784 SET Output Fiel   :[out.dat]
10:52:40.784 SET Retry         :[3]
10:52:40.784 SET Data Length   :[300]
10:52:40.784 SET RespCode Idx  :[79]
10:52:40.785 ----------------------------------------------------------------
10:52:40.786 ReadInFile(300)=[3101                             000000050000                                                                                            STOREID123                                                                                                                                                         ]
10:52:41.093 Send Req to EDC(303)=[02 33 31 30 31 20 20 20 20 20 20 20 20 20 20 20 20 20 20 20 20 20 20 20 20 20 20 20 20 20 20 20 20 20 30 30 30 30 30 30 30 35 30 30 30 30 20 20 20 20 20 20 20 20 20 20 20 20 20 20 20 20 20 20 20 20 20 20 20 20 20 20 20 20 20 20 20 20 20 20 20 20 20 20 20 20 20 20 20 20 20 20 20 20 20 20 20 20 20 20 20 20 20 20 20 20 20 20 20 20 20 20 20 20 20 20 20 20 20 20 20 20 20 20 20 20 20 20 20 20 20 20 20 20 20 20 20 20 53 54 4F 52 45 49 44 31 32 33 20 20 20 20 20 20 20 20 20 20 20 20 20 20 20 20 20 20 20 20 20 20 20 20 20 20 20 20 20 20 20 20 20 20 20 20 20 20 20 20 20 20 20 20 20 20 20 20 20 20 20 20 20 20 20 20 20 20 20 20 20 20 20 20 20 20 20 20 20 20 20 20 20 20 20 20 20 20 20 20 20 20 20 20 20 20 20 20 20 20 20 20 20 20 20 20 20 20 20 20 20 20 20 20 20 20 20 20 20 20 20 20 20 20 20 20 20 20 20 20 20 20 20 20 20 20 20 20 20 20 20 20 20 20 20 20 20 20 20 20 20 20 20 20 20 20 20 20 20 20 20 20 20 03 67]
10:52:41.266 Recv ACKNAK=[06]
10:52:51.296 Recv Data(303)=[02 33 31 30 31 20 20 20 20 20 20 20 20 20 20 20 20 20 20 20 20 20 20 20 20 20 20 20 20 20 20 20 20 20 20 20 20 20 20 20 20 20 20 20 20 20 20 20 20 20 20 20 20 20 20 20 20 20 20 20 20 20 20 20 20 20 20 20 20 20 20 20 20 20 20 20 20 20 20 30 30 30 31 20 20 20 20 20 20 20 20 20 20 20 20 20 20 20 20 20 20 20 20 20 20 20 20 20 20 20 20 20 20 20 20 20 20 20 20 20 20 20 20 20 20 20 20 20 20 20 20 20 20 20 20 20 20 20 20 20 20 20 20 20 20 20 20 20 20 20 20 20 20 20 20 20 20 20 20 20 20 20 20 20 20 20 20 20 20 20 20 20 20 20 20 20 20 20 20 20 20 20 20 20 20 20 20 20 20 20 20 20 20 20 20 20 20 20 20 20 20 20 20 20 20 20 20 20 20 20 20 20 20 20 20 20 20 20 20 20 20 20 20 20 20 20 20 20 20 20 20 20 20 20 20 20 20 20 20 20 20 20 20 20 20 20 20 20 20 20 20 20 20 20 20 20 20 20 20 20 20 20 20 20 20 20 20 20 20 20 20 20 20 20 20 20 20 20 20 20 20 20 20 20 20 20 20 20 20 20 20 20 20 20 20 20 20 20 20 20 20 03 01]
10:52:51.296 Recv LRC=0x01, Calc LRC=0x01
10:52:51.297 SendACK
10:52:51.297 SaveResponseData code=[EDC_RESPONSE]
10:52:51.319 SaveResponseData(300)=[3101                                                                          0001                                                                                                                                                                                                                          ]
10:52:51.358 ================================================================
10:52:51.358 Program done!
10:52:51.358 ================================================================
10:53:05.469 ================================================================
10:53:05.470 #Airlink# ecr api version=[20160531-001]
10:53:05.470 ----------------------------------------------------------------
10:53:05.470 SET Serial Port   :[COM6]
10:53:05.470 SET Timeout       :[65]
10:53:05.471 SET Rate          :[19200]
10:53:05.471 SET Mode          :[7,Even,One]
10:53:05.471 SET Input File    :[in.dat]
10:53:05.471 SET Output Fiel   :[out.dat]
10:53:05.472 SET Retry         :[3]
10:53:05.472 SET Data Length   :[300]
10:53:05.472 SET RespCode Idx  :[79]
10:53:05.472 ----------------------------------------------------------------
10:53:05.473 ReadInFile(300)=[3101                             000000050000                                                                                            STOREID123                                                                                                                                                         ]
10:53:05.779 Send Req to EDC(303)=[02 33 31 30 31 20 20 20 20 20 20 20 20 20 20 20 20 20 20 20 20 20 20 20 20 20 20 20 20 20 20 20 20 20 30 30 30 30 30 30 30 35 30 30 30 30 20 20 20 20 20 20 20 20 20 20 20 20 20 20 20 20 20 20 20 20 20 20 20 20 20 20 20 20 20 20 20 20 20 20 20 20 20 20 20 20 20 20 20 20 20 20 20 20 20 20 20 20 20 20 20 20 20 20 20 20 20 20 20 20 20 20 20 20 20 20 20 20 20 20 20 20 20 20 20 20 20 20 20 20 20 20 20 20 20 20 20 20 53 54 4F 52 45 49 44 31 32 33 20 20 20 20 20 20 20 20 20 20 20 20 20 20 20 20 20 20 20 20 20 20 20 20 20 20 20 20 20 20 20 20 20 20 20 20 20 20 20 20 20 20 20 20 20 20 20 20 20 20 20 20 20 20 20 20 20 20 20 20 20 20 20 20 20 20 20 20 20 20 20 20 20 20 20 20 20 20 20 20 20 20 20 20 20 20 20 20 20 20 20 20 20 20 20 20 20 20 20 20 20 20 20 20 20 20 20 20 20 20 20 20 20 20 20 20 20 20 20 20 20 20 20 20 20 20 20 20 20 20 20 20 20 20 20 20 20 20 20 20 20 20 20 20 20 20 20 20 20 20 20 20 20 03 67]
10:53:05.943 Recv ACKNAK=[06]
10:53:11.167 Recv Data(303)=[02 33 31 30 31 20 20 20 20 20 20 20 20 20 20 20 20 20 20 20 20 20 20 20 20 20 20 20 20 20 20 20 20 20 20 20 20 20 20 20 20 20 20 20 20 20 20 20 20 20 20 20 20 20 20 20 20 20 20 20 20 20 20 20 20 20 20 20 20 20 20 20 20 20 20 20 20 20 20 30 30 30 31 20 20 20 20 20 20 20 20 20 20 20 20 20 20 20 20 20 20 20 20 20 20 20 20 20 20 20 20 20 20 20 20 20 20 20 20 20 20 20 20 20 20 20 20 20 20 20 20 20 20 20 20 20 20 20 20 20 20 20 20 20 20 20 20 20 20 20 20 20 20 20 20 20 20 20 20 20 20 20 20 20 20 20 20 20 20 20 20 20 20 20 20 20 20 20 20 20 20 20 20 20 20 20 20 20 20 20 20 20 20 20 20 20 20 20 20 20 20 20 20 20 20 20 20 20 20 20 20 20 20 20 20 20 20 20 20 20 20 20 20 20 20 20 20 20 20 20 20 20 20 20 20 20 20 20 20 20 20 20 20 20 20 20 20 20 20 20 20 20 20 20 20 20 20 20 20 20 20 20 20 20 20 20 20 20 20 20 20 20 20 20 20 20 20 20 20 20 20 20 20 20 20 20 20 20 20 20 20 20 20 20 20 20 20 20 20 20 20 03 01]
10:53:11.168 Recv LRC=0x01, Calc LRC=0x01
10:53:11.168 SendACK
10:53:11.169 SaveResponseData code=[EDC_RESPONSE]
10:53:11.190 SaveResponseData(300)=[3101                                                                          0001                                                                                                                                                                                                                          ]
10:53:11.230 ================================================================
10:53:11.230 Program done!
10:53:11.230 ================================================================
10:53:13.688 ================================================================
10:53:13.688 #Airlink# ecr api version=[20160531-001]
10:53:13.689 ----------------------------------------------------------------
10:53:13.689 SET Serial Port   :[COM6]
10:53:13.689 SET Timeout       :[65]
10:53:13.689 SET Rate          :[19200]
10:53:13.690 SET Mode          :[7,Even,One]
10:53:13.690 SET Input File    :[in.dat]
10:53:13.690 SET Output Fiel   :[out.dat]
10:53:13.690 SET Retry         :[3]
10:53:13.690 SET Data Length   :[300]
10:53:13.691 SET RespCode Idx  :[79]
10:53:13.691 ----------------------------------------------------------------
10:53:13.692 ReadInFile(300)=[3101                             000000050000                                                                                            STOREID123                                                                                                                                                         ]
10:53:13.863 Send Req to EDC(303)=[02 33 31 30 31 20 20 20 20 20 20 20 20 20 20 20 20 20 20 20 20 20 20 20 20 20 20 20 20 20 20 20 20 20 30 30 30 30 30 30 30 35 30 30 30 30 20 20 20 20 20 20 20 20 20 20 20 20 20 20 20 20 20 20 20 20 20 20 20 20 20 20 20 20 20 20 20 20 20 20 20 20 20 20 20 20 20 20 20 20 20 20 20 20 20 20 20 20 20 20 20 20 20 20 20 20 20 20 20 20 20 20 20 20 20 20 20 20 20 20 20 20 20 20 20 20 20 20 20 20 20 20 20 20 20 20 20 20 53 54 4F 52 45 49 44 31 32 33 20 20 20 20 20 20 20 20 20 20 20 20 20 20 20 20 20 20 20 20 20 20 20 20 20 20 20 20 20 20 20 20 20 20 20 20 20 20 20 20 20 20 20 20 20 20 20 20 20 20 20 20 20 20 20 20 20 20 20 20 20 20 20 20 20 20 20 20 20 20 20 20 20 20 20 20 20 20 20 20 20 20 20 20 20 20 20 20 20 20 20 20 20 20 20 20 20 20 20 20 20 20 20 20 20 20 20 20 20 20 20 20 20 20 20 20 20 20 20 20 20 20 20 20 20 20 20 20 20 20 20 20 20 20 20 20 20 20 20 20 20 20 20 20 20 20 20 20 20 20 20 20 20 03 67]
10:53:14.026 Recv ACKNAK=[06]
10:53:30.929 Recv Data(303)=[02 33 31 30 31 30 30 30 30 38 37 34 37 30 35 33 38 2A 2A 2A 2A 2A 2A 35 38 35 30 20 20 20 2A 2A 2A 2A 30 30 30 30 30 30 30 35 30 30 30 30 31 38 30 39 31 37 31 30 35 33 35 39 54 45 53 54 35 39 20 20 20 20 20 20 20 20 20 20 20 20 20 20 20 30 30 30 30 38 32 32 30 31 38 38 38 30 30 30 31 36 20 20 32 31 32 37 30 30 31 39 30 30 30 30 30 33 30 30 30 30 38 39 20 20 20 20 20 20 20 20 20 20 20 20 20 20 20 20 20 20 20 20 53 54 4F 52 45 49 44 31 32 33 20 20 20 20 20 20 20 20 20 20 20 20 20 20 20 20 20 20 20 20 20 20 20 20 20 43 56 49 53 41 20 44 45 42 49 54 20 20 20 20 20 20 20 20 20 20 20 20 20 20 20 20 20 20 20 20 20 20 20 20 20 20 30 31 34 37 30 35 33 38 37 49 35 50 42 58 62 70 66 76 6D 78 59 78 7A 4F 54 38 6B 4F 58 51 42 4A 6F 6D 6B 4A 6E 51 68 2B 32 61 41 44 64 73 64 61 79 39 38 3D 30 20 20 20 20 20 20 20 20 20 20 20 20 20 20 20 20 20 20 20 20 20 20 20 20 20 20 30 20 20 20 20 20 20 20 20 20 20 20 03 69]
10:53:30.929 Recv LRC=0x69, Calc LRC=0x69
10:53:30.930 SendACK
10:53:30.930 SaveResponseData code=[EDC_RESPONSE]
10:53:30.952 SaveResponseData(300)=[3101000087470538******5850   ****000000050000180917105359TEST59               00008220188800016  21270019000003000089                    STOREID123                         CVISA DEBIT                          014705387I5PBXbpfvmxYxzOT8kOXQBJomkJnQh+2aADdsday98=0                          0           ]
10:53:30.990 ================================================================
10:53:30.990 Program done!
10:53:30.990 ================================================================
10:54:36.391 ================================================================
10:54:36.392 #Airlink# ecr api version=[20160531-001]
10:54:36.392 ----------------------------------------------------------------
10:54:36.392 SET Serial Port   :[COM6]
10:54:36.392 SET Timeout       :[65]
10:54:36.393 SET Rate          :[19200]
10:54:36.393 SET Mode          :[7,Even,One]
10:54:36.393 SET Input File    :[in.dat]
10:54:36.393 SET Output Fiel   :[out.dat]
10:54:36.394 SET Retry         :[3]
10:54:36.394 SET Data Length   :[300]
10:54:36.394 SET RespCode Idx  :[79]
10:54:36.394 ----------------------------------------------------------------
10:54:36.395 ReadInFile(300)=[3101                             000000050000                                                                                            STOREID123                                                                                                                                                         ]
10:54:36.702 Send Req to EDC(303)=[02 33 31 30 31 20 20 20 20 20 20 20 20 20 20 20 20 20 20 20 20 20 20 20 20 20 20 20 20 20 20 20 20 20 30 30 30 30 30 30 30 35 30 30 30 30 20 20 20 20 20 20 20 20 20 20 20 20 20 20 20 20 20 20 20 20 20 20 20 20 20 20 20 20 20 20 20 20 20 20 20 20 20 20 20 20 20 20 20 20 20 20 20 20 20 20 20 20 20 20 20 20 20 20 20 20 20 20 20 20 20 20 20 20 20 20 20 20 20 20 20 20 20 20 20 20 20 20 20 20 20 20 20 20 20 20 20 20 53 54 4F 52 45 49 44 31 32 33 20 20 20 20 20 20 20 20 20 20 20 20 20 20 20 20 20 20 20 20 20 20 20 20 20 20 20 20 20 20 20 20 20 20 20 20 20 20 20 20 20 20 20 20 20 20 20 20 20 20 20 20 20 20 20 20 20 20 20 20 20 20 20 20 20 20 20 20 20 20 20 20 20 20 20 20 20 20 20 20 20 20 20 20 20 20 20 20 20 20 20 20 20 20 20 20 20 20 20 20 20 20 20 20 20 20 20 20 20 20 20 20 20 20 20 20 20 20 20 20 20 20 20 20 20 20 20 20 20 20 20 20 20 20 20 20 20 20 20 20 20 20 20 20 20 20 20 20 20 20 20 20 20 03 67]
10:54:36.865 Recv ACKNAK=[06]
10:54:44.227 Recv Data(303)=[02 33 31 30 31 20 20 20 20 20 20 20 20 20 20 20 20 20 20 20 20 20 20 20 20 20 20 20 20 20 20 20 20 20 20 20 20 20 20 20 20 20 20 20 20 20 20 20 20 20 20 20 20 20 20 20 20 20 20 20 20 20 20 20 20 20 20 20 20 20 20 20 20 20 20 20 20 20 20 30 30 30 31 20 20 20 20 20 20 20 20 20 20 20 20 20 20 20 20 20 20 20 20 20 20 20 20 20 20 20 20 20 20 20 20 20 20 20 20 20 20 20 20 20 20 20 20 20 20 20 20 20 20 20 20 20 20 20 20 20 20 20 20 20 20 20 20 20 20 20 20 20 20 20 20 20 20 20 20 20 20 20 20 20 20 20 20 20 20 20 20 20 20 20 20 20 20 20 20 20 20 20 20 20 20 20 20 20 20 20 20 20 20 20 20 20 20 20 20 20 20 20 20 20 20 20 20 20 20 20 20 20 20 20 20 20 20 20 20 20 20 20 20 20 20 20 20 20 20 20 20 20 20 20 20 20 20 20 20 20 20 20 20 20 20 20 20 20 20 20 20 20 20 20 20 20 20 20 20 20 20 20 20 20 20 20 20 20 20 20 20 20 20 20 20 20 20 20 20 20 20 20 20 20 20 20 20 20 20 20 20 20 20 20 20 20 20 20 20 20 20 03 01]
10:54:44.227 Recv LRC=0x01, Calc LRC=0x01
10:54:44.227 SendACK
10:54:44.228 SaveResponseData code=[EDC_RESPONSE]
10:54:44.248 SaveResponseData(300)=[3101                                                                          0001                                                                                                                                                                                                                          ]
10:54:44.287 ================================================================
10:54:44.287 Program done!
10:54:44.287 ================================================================
10:54:46.556 ================================================================
10:54:46.557 #Airlink# ecr api version=[20160531-001]
10:54:46.557 ----------------------------------------------------------------
10:54:46.557 SET Serial Port   :[COM6]
10:54:46.557 SET Timeout       :[65]
10:54:46.558 SET Rate          :[19200]
10:54:46.558 SET Mode          :[7,Even,One]
10:54:46.558 SET Input File    :[in.dat]
10:54:46.558 SET Output Fiel   :[out.dat]
10:54:46.559 SET Retry         :[3]
10:54:46.559 SET Data Length   :[300]
10:54:46.559 SET RespCode Idx  :[79]
10:54:46.559 ----------------------------------------------------------------
10:54:46.560 ReadInFile(300)=[3101                             000000050000                                                                                            STOREID123                                                                                                                                                         ]
10:54:46.732 Send Req to EDC(303)=[02 33 31 30 31 20 20 20 20 20 20 20 20 20 20 20 20 20 20 20 20 20 20 20 20 20 20 20 20 20 20 20 20 20 30 30 30 30 30 30 30 35 30 30 30 30 20 20 20 20 20 20 20 20 20 20 20 20 20 20 20 20 20 20 20 20 20 20 20 20 20 20 20 20 20 20 20 20 20 20 20 20 20 20 20 20 20 20 20 20 20 20 20 20 20 20 20 20 20 20 20 20 20 20 20 20 20 20 20 20 20 20 20 20 20 20 20 20 20 20 20 20 20 20 20 20 20 20 20 20 20 20 20 20 20 20 20 20 53 54 4F 52 45 49 44 31 32 33 20 20 20 20 20 20 20 20 20 20 20 20 20 20 20 20 20 20 20 20 20 20 20 20 20 20 20 20 20 20 20 20 20 20 20 20 20 20 20 20 20 20 20 20 20 20 20 20 20 20 20 20 20 20 20 20 20 20 20 20 20 20 20 20 20 20 20 20 20 20 20 20 20 20 20 20 20 20 20 20 20 20 20 20 20 20 20 20 20 20 20 20 20 20 20 20 20 20 20 20 20 20 20 20 20 20 20 20 20 20 20 20 20 20 20 20 20 20 20 20 20 20 20 20 20 20 20 20 20 20 20 20 20 20 20 20 20 20 20 20 20 20 20 20 20 20 20 20 20 20 20 20 20 03 67]
10:54:46.899 Recv ACKNAK=[06]
10:54:56.717 Recv Data(303)=[02 33 31 30 31 30 30 30 30 38 38 34 37 30 35 33 38 2A 2A 2A 2A 2A 2A 35 38 35 30 20 20 20 2A 2A 2A 2A 30 30 30 30 30 30 30 35 30 30 30 30 31 38 30 39 31 37 31 30 35 35 33 32 54 45 53 54 33 32 20 20 20 20 20 20 20 20 20 20 20 20 20 20 20 30 30 30 30 38 32 32 30 31 38 38 38 30 30 30 31 36 20 20 32 31 32 37 30 30 31 39 30 30 30 30 30 33 30 30 30 30 39 30 20 20 20 20 20 20 20 20 20 20 20 20 20 20 20 20 20 20 20 20 53 54 4F 52 45 49 44 31 32 33 20 20 20 20 20 20 20 20 20 20 20 20 20 20 20 20 20 20 20 20 20 20 20 20 20 43 56 49 53 41 20 44 45 42 49 54 20 20 20 20 20 20 20 20 20 20 20 20 20 20 20 20 20 20 20 20 20 20 20 20 20 20 30 31 34 37 30 35 33 38 37 49 35 50 42 58 62 70 66 76 6D 78 59 78 7A 4F 54 38 6B 4F 58 51 42 4A 6F 6D 6B 4A 6E 51 68 2B 32 61 41 44 64 73 64 61 79 39 38 3D 30 20 20 20 20 20 20 20 20 20 20 20 20 20 20 20 20 20 20 20 20 20 20 20 20 20 20 30 20 20 20 20 20 20 20 20 20 20 20 03 68]
10:54:56.718 Recv LRC=0x68, Calc LRC=0x68
10:54:56.718 SendACK
10:54:56.719 SaveResponseData code=[EDC_RESPONSE]
10:54:56.740 SaveResponseData(300)=[3101000088470538******5850   ****000000050000180917105532TEST32               00008220188800016  21270019000003000090                    STOREID123                         CVISA DEBIT                          014705387I5PBXbpfvmxYxzOT8kOXQBJomkJnQh+2aADdsday98=0                          0           ]
10:54:56.779 ================================================================
10:54:56.779 Program done!
10:54:56.779 ================================================================
10:56:09.415 ================================================================
10:56:09.416 #Airlink# ecr api version=[20160531-001]
10:56:09.416 ----------------------------------------------------------------
10:56:09.416 SET Serial Port   :[COM6]
10:56:09.416 SET Timeout       :[65]
10:56:09.417 SET Rate          :[19200]
10:56:09.417 SET Mode          :[7,Even,One]
10:56:09.417 SET Input File    :[in.dat]
10:56:09.417 SET Output Fiel   :[out.dat]
10:56:09.418 SET Retry         :[3]
10:56:09.418 SET Data Length   :[300]
10:56:09.418 SET RespCode Idx  :[79]
10:56:09.418 ----------------------------------------------------------------
10:56:09.419 ReadInFile(300)=[3101                             000000050000                                                                                            STOREID123                                                                                                                                                         ]
10:56:09.727 Send Req to EDC(303)=[02 33 31 30 31 20 20 20 20 20 20 20 20 20 20 20 20 20 20 20 20 20 20 20 20 20 20 20 20 20 20 20 20 20 30 30 30 30 30 30 30 35 30 30 30 30 20 20 20 20 20 20 20 20 20 20 20 20 20 20 20 20 20 20 20 20 20 20 20 20 20 20 20 20 20 20 20 20 20 20 20 20 20 20 20 20 20 20 20 20 20 20 20 20 20 20 20 20 20 20 20 20 20 20 20 20 20 20 20 20 20 20 20 20 20 20 20 20 20 20 20 20 20 20 20 20 20 20 20 20 20 20 20 20 20 20 20 20 53 54 4F 52 45 49 44 31 32 33 20 20 20 20 20 20 20 20 20 20 20 20 20 20 20 20 20 20 20 20 20 20 20 20 20 20 20 20 20 20 20 20 20 20 20 20 20 20 20 20 20 20 20 20 20 20 20 20 20 20 20 20 20 20 20 20 20 20 20 20 20 20 20 20 20 20 20 20 20 20 20 20 20 20 20 20 20 20 20 20 20 20 20 20 20 20 20 20 20 20 20 20 20 20 20 20 20 20 20 20 20 20 20 20 20 20 20 20 20 20 20 20 20 20 20 20 20 20 20 20 20 20 20 20 20 20 20 20 20 20 20 20 20 20 20 20 20 20 20 20 20 20 20 20 20 20 20 20 20 20 20 20 20 03 67]
10:56:09.890 Recv ACKNAK=[06]
10:56:24.896 Recv Data(303)=[02 33 31 30 31 30 30 30 30 38 39 34 37 30 35 33 38 2A 2A 2A 2A 2A 2A 35 38 35 30 20 20 20 2A 2A 2A 2A 30 30 30 30 30 30 30 35 30 30 30 30 31 38 30 39 31 37 31 30 35 36 35 35 54 45 53 54 35 35 20 20 20 20 20 20 20 20 20 20 20 20 20 20 20 30 30 30 30 38 32 32 30 31 38 38 38 30 30 30 31 36 20 20 32 31 32 37 30 30 31 39 30 30 30 30 30 33 30 30 30 30 39 31 20 20 20 20 20 20 20 20 20 20 20 20 20 20 20 20 20 20 20 20 53 54 4F 52 45 49 44 31 32 33 20 20 20 20 20 20 20 20 20 20 20 20 20 20 20 20 20 20 20 20 20 20 20 20 20 43 56 49 53 41 20 44 45 42 49 54 20 20 20 20 20 20 20 20 20 20 20 20 20 20 20 20 20 20 20 20 20 20 20 20 20 20 30 31 34 37 30 35 33 38 37 49 35 50 42 58 62 70 66 76 6D 78 59 78 7A 4F 54 38 6B 4F 58 51 42 4A 6F 6D 6B 4A 6E 51 68 2B 32 61 41 44 64 73 64 61 79 39 38 3D 30 20 20 20 20 20 20 20 20 20 20 20 20 20 20 20 20 20 20 20 20 20 20 20 20 20 20 30 20 20 20 20 20 20 20 20 20 20 20 03 6B]
10:56:24.897 Recv LRC=0x6B, Calc LRC=0x6B
10:56:24.897 SendACK
10:56:24.898 SaveResponseData code=[EDC_RESPONSE]
10:56:24.919 SaveResponseData(300)=[3101000089470538******5850   ****000000050000180917105655TEST55               00008220188800016  21270019000003000091                    STOREID123                         CVISA DEBIT                          014705387I5PBXbpfvmxYxzOT8kOXQBJomkJnQh+2aADdsday98=0                          0           ]
10:56:24.958 ================================================================
10:56:24.958 Program done!
10:56:24.958 ================================================================
10:56:38.335 ================================================================
10:56:38.336 #Airlink# ecr api version=[20160531-001]
10:56:38.336 ----------------------------------------------------------------
10:56:38.336 SET Serial Port   :[COM6]
10:56:38.336 SET Timeout       :[65]
10:56:38.337 SET Rate          :[19200]
10:56:38.337 SET Mode          :[7,Even,One]
10:56:38.337 SET Input File    :[in.dat]
10:56:38.337 SET Output Fiel   :[out.dat]
10:56:38.337 SET Retry         :[3]
10:56:38.338 SET Data Length   :[300]
10:56:38.338 SET RespCode Idx  :[79]
10:56:38.338 ----------------------------------------------------------------
10:56:38.339 ReadInFile(300)=[3101                             000000050000                                                                                            STOREID123                                                                                                                                                         ]
10:56:38.647 Send Req to EDC(303)=[02 33 31 30 31 20 20 20 20 20 20 20 20 20 20 20 20 20 20 20 20 20 20 20 20 20 20 20 20 20 20 20 20 20 30 30 30 30 30 30 30 35 30 30 30 30 20 20 20 20 20 20 20 20 20 20 20 20 20 20 20 20 20 20 20 20 20 20 20 20 20 20 20 20 20 20 20 20 20 20 20 20 20 20 20 20 20 20 20 20 20 20 20 20 20 20 20 20 20 20 20 20 20 20 20 20 20 20 20 20 20 20 20 20 20 20 20 20 20 20 20 20 20 20 20 20 20 20 20 20 20 20 20 20 20 20 20 20 53 54 4F 52 45 49 44 31 32 33 20 20 20 20 20 20 20 20 20 20 20 20 20 20 20 20 20 20 20 20 20 20 20 20 20 20 20 20 20 20 20 20 20 20 20 20 20 20 20 20 20 20 20 20 20 20 20 20 20 20 20 20 20 20 20 20 20 20 20 20 20 20 20 20 20 20 20 20 20 20 20 20 20 20 20 20 20 20 20 20 20 20 20 20 20 20 20 20 20 20 20 20 20 20 20 20 20 20 20 20 20 20 20 20 20 20 20 20 20 20 20 20 20 20 20 20 20 20 20 20 20 20 20 20 20 20 20 20 20 20 20 20 20 20 20 20 20 20 20 20 20 20 20 20 20 20 20 20 20 20 20 20 20 03 67]
10:56:38.831 Recv ACKNAK=[06]
10:56:41.897 Recv Data(303)=[02 33 31 30 31 20 20 20 20 20 20 20 20 20 20 20 20 20 20 20 20 20 20 20 20 20 20 20 20 20 20 20 20 20 20 20 20 20 20 20 20 20 20 20 20 20 20 20 20 20 20 20 20 20 20 20 20 20 20 20 20 20 20 20 20 20 20 20 20 20 20 20 20 20 20 20 20 20 20 30 30 30 31 20 20 20 20 20 20 20 20 20 20 20 20 20 20 20 20 20 20 20 20 20 20 20 20 20 20 20 20 20 20 20 20 20 20 20 20 20 20 20 20 20 20 20 20 20 20 20 20 20 20 20 20 20 20 20 20 20 20 20 20 20 20 20 20 20 20 20 20 20 20 20 20 20 20 20 20 20 20 20 20 20 20 20 20 20 20 20 20 20 20 20 20 20 20 20 20 20 20 20 20 20 20 20 20 20 20 20 20 20 20 20 20 20 20 20 20 20 20 20 20 20 20 20 20 20 20 20 20 20 20 20 20 20 20 20 20 20 20 20 20 20 20 20 20 20 20 20 20 20 20 20 20 20 20 20 20 20 20 20 20 20 20 20 20 20 20 20 20 20 20 20 20 20 20 20 20 20 20 20 20 20 20 20 20 20 20 20 20 20 20 20 20 20 20 20 20 20 20 20 20 20 20 20 20 20 20 20 20 20 20 20 20 20 20 20 20 20 20 03 01]
10:56:41.898 Recv LRC=0x01, Calc LRC=0x01
10:56:41.898 SendACK
10:56:41.899 SaveResponseData code=[EDC_RESPONSE]
10:56:41.920 SaveResponseData(300)=[3101                                                                          0001                                                                                                                                                                                                                          ]
10:56:41.960 ================================================================
10:56:41.960 Program done!
10:56:41.960 ================================================================
11:04:14.829 ================================================================
11:04:14.829 #Airlink# ecr api version=[20160531-001]
11:04:14.829 ----------------------------------------------------------------
11:04:14.830 SET Serial Port   :[COM6]
11:04:14.830 SET Timeout       :[65]
11:04:14.830 SET Rate          :[19200]
11:04:14.830 SET Mode          :[7,Even,One]
11:04:14.831 SET Input File    :[in.dat]
11:04:14.831 SET Output Fiel   :[out.dat]
11:04:14.831 SET Retry         :[3]
11:04:14.831 SET Data Length   :[300]
11:04:14.831 SET RespCode Idx  :[79]
11:04:14.832 ----------------------------------------------------------------
11:04:14.833 ReadInFile(300)=[3101                             000000050000                                                                                            STOREID123                                                                                                                                                         ]
11:04:15.140 Send Req to EDC(303)=[02 33 31 30 31 20 20 20 20 20 20 20 20 20 20 20 20 20 20 20 20 20 20 20 20 20 20 20 20 20 20 20 20 20 30 30 30 30 30 30 30 35 30 30 30 30 20 20 20 20 20 20 20 20 20 20 20 20 20 20 20 20 20 20 20 20 20 20 20 20 20 20 20 20 20 20 20 20 20 20 20 20 20 20 20 20 20 20 20 20 20 20 20 20 20 20 20 20 20 20 20 20 20 20 20 20 20 20 20 20 20 20 20 20 20 20 20 20 20 20 20 20 20 20 20 20 20 20 20 20 20 20 20 20 20 20 20 20 53 54 4F 52 45 49 44 31 32 33 20 20 20 20 20 20 20 20 20 20 20 20 20 20 20 20 20 20 20 20 20 20 20 20 20 20 20 20 20 20 20 20 20 20 20 20 20 20 20 20 20 20 20 20 20 20 20 20 20 20 20 20 20 20 20 20 20 20 20 20 20 20 20 20 20 20 20 20 20 20 20 20 20 20 20 20 20 20 20 20 20 20 20 20 20 20 20 20 20 20 20 20 20 20 20 20 20 20 20 20 20 20 20 20 20 20 20 20 20 20 20 20 20 20 20 20 20 20 20 20 20 20 20 20 20 20 20 20 20 20 20 20 20 20 20 20 20 20 20 20 20 20 20 20 20 20 20 20 20 20 20 20 20 03 67]
11:04:15.304 Recv ACKNAK=[06]
11:04:18.491 Recv Data(303)=[02 33 31 30 31 20 20 20 20 20 20 20 20 20 20 20 20 20 20 20 20 20 20 20 20 20 20 20 20 20 20 20 20 20 20 20 20 20 20 20 20 20 20 20 20 20 20 20 20 20 20 20 20 20 20 20 20 20 20 20 20 20 20 20 20 20 20 20 20 20 20 20 20 20 20 20 20 20 20 30 30 30 31 20 20 20 20 20 20 20 20 20 20 20 20 20 20 20 20 20 20 20 20 20 20 20 20 20 20 20 20 20 20 20 20 20 20 20 20 20 20 20 20 20 20 20 20 20 20 20 20 20 20 20 20 20 20 20 20 20 20 20 20 20 20 20 20 20 20 20 20 20 20 20 20 20 20 20 20 20 20 20 20 20 20 20 20 20 20 20 20 20 20 20 20 20 20 20 20 20 20 20 20 20 20 20 20 20 20 20 20 20 20 20 20 20 20 20 20 20 20 20 20 20 20 20 20 20 20 20 20 20 20 20 20 20 20 20 20 20 20 20 20 20 20 20 20 20 20 20 20 20 20 20 20 20 20 20 20 20 20 20 20 20 20 20 20 20 20 20 20 20 20 20 20 20 20 20 20 20 20 20 20 20 20 20 20 20 20 20 20 20 20 20 20 20 20 20 20 20 20 20 20 20 20 20 20 20 20 20 20 20 20 20 20 20 20 20 20 20 20 03 01]
11:04:18.492 Recv LRC=0x01, Calc LRC=0x01
11:04:18.492 SendACK
11:04:18.493 SaveResponseData code=[EDC_RESPONSE]
11:04:18.514 SaveResponseData(300)=[3101                                                                          0001                                                                                                                                                                                                                          ]
11:04:18.551 ================================================================
11:04:18.551 Program done!
11:04:18.551 ================================================================
11:05:51.586 ================================================================
11:05:51.586 #Airlink# ecr api version=[20160531-001]
11:05:51.587 ----------------------------------------------------------------
11:05:51.587 SET Serial Port   :[COM6]
11:05:51.587 SET Timeout       :[65]
11:05:51.587 SET Rate          :[19200]
11:05:51.588 SET Mode          :[7,Even,One]
11:05:51.588 SET Input File    :[in.dat]
11:05:51.588 SET Output Fiel   :[out.dat]
11:05:51.588 SET Retry         :[3]
11:05:51.588 SET Data Length   :[300]
11:05:51.589 SET RespCode Idx  :[79]
11:05:51.589 ----------------------------------------------------------------
11:05:51.590 ReadInFile(300)=[3101                             000000050000                                                                                            STOREID123                                                                                                                                                         ]
11:05:51.897 Send Req to EDC(303)=[02 33 31 30 31 20 20 20 20 20 20 20 20 20 20 20 20 20 20 20 20 20 20 20 20 20 20 20 20 20 20 20 20 20 30 30 30 30 30 30 30 35 30 30 30 30 20 20 20 20 20 20 20 20 20 20 20 20 20 20 20 20 20 20 20 20 20 20 20 20 20 20 20 20 20 20 20 20 20 20 20 20 20 20 20 20 20 20 20 20 20 20 20 20 20 20 20 20 20 20 20 20 20 20 20 20 20 20 20 20 20 20 20 20 20 20 20 20 20 20 20 20 20 20 20 20 20 20 20 20 20 20 20 20 20 20 20 20 53 54 4F 52 45 49 44 31 32 33 20 20 20 20 20 20 20 20 20 20 20 20 20 20 20 20 20 20 20 20 20 20 20 20 20 20 20 20 20 20 20 20 20 20 20 20 20 20 20 20 20 20 20 20 20 20 20 20 20 20 20 20 20 20 20 20 20 20 20 20 20 20 20 20 20 20 20 20 20 20 20 20 20 20 20 20 20 20 20 20 20 20 20 20 20 20 20 20 20 20 20 20 20 20 20 20 20 20 20 20 20 20 20 20 20 20 20 20 20 20 20 20 20 20 20 20 20 20 20 20 20 20 20 20 20 20 20 20 20 20 20 20 20 20 20 20 20 20 20 20 20 20 20 20 20 20 20 20 20 20 20 20 20 03 67]
11:05:52.060 Recv ACKNAK=[06]
11:05:55.320 Recv Data(303)=[02 33 31 30 31 20 20 20 20 20 20 20 20 20 20 20 20 20 20 20 20 20 20 20 20 20 20 20 20 20 20 20 20 20 20 20 20 20 20 20 20 20 20 20 20 20 20 20 20 20 20 20 20 20 20 20 20 20 20 20 20 20 20 20 20 20 20 20 20 20 20 20 20 20 20 20 20 20 20 30 30 30 31 20 20 20 20 20 20 20 20 20 20 20 20 20 20 20 20 20 20 20 20 20 20 20 20 20 20 20 20 20 20 20 20 20 20 20 20 20 20 20 20 20 20 20 20 20 20 20 20 20 20 20 20 20 20 20 20 20 20 20 20 20 20 20 20 20 20 20 20 20 20 20 20 20 20 20 20 20 20 20 20 20 20 20 20 20 20 20 20 20 20 20 20 20 20 20 20 20 20 20 20 20 20 20 20 20 20 20 20 20 20 20 20 20 20 20 20 20 20 20 20 20 20 20 20 20 20 20 20 20 20 20 20 20 20 20 20 20 20 20 20 20 20 20 20 20 20 20 20 20 20 20 20 20 20 20 20 20 20 20 20 20 20 20 20 20 20 20 20 20 20 20 20 20 20 20 20 20 20 20 20 20 20 20 20 20 20 20 20 20 20 20 20 20 20 20 20 20 20 20 20 20 20 20 20 20 20 20 20 20 20 20 20 20 20 20 20 20 20 03 01]
11:05:55.320 Recv LRC=0x01, Calc LRC=0x01
11:05:55.321 SendACK
11:05:55.321 SaveResponseData code=[EDC_RESPONSE]
11:05:55.343 SaveResponseData(300)=[3101                                                                          0001                                                                                                                                                                                                                          ]
11:05:55.381 ================================================================
11:05:55.382 Program done!
11:05:55.382 ================================================================
