15:15:05.958 ================================================================
15:15:05.958 #Airlink# ecr api version=[20160531-001]
15:15:05.959 ----------------------------------------------------------------
15:15:05.959 SET Serial Port   :[COM6]
15:15:05.959 SET Timeout       :[65]
15:15:05.959 SET Rate          :[19200]
15:15:05.959 SET Mode          :[7,Even,One]
15:15:05.960 SET Input File    :[in.dat]
15:15:05.960 SET Output Fiel   :[out.dat]
15:15:05.960 SET Retry         :[3]
15:15:05.960 SET Data Length   :[300]
15:15:05.960 SET RespCode Idx  :[79]
15:15:05.960 ----------------------------------------------------------------
15:15:05.961 ReadInFile(300)=[3101                             000000050000                                                                                            STOREID123                                                                                                                                                         ]
15:15:05.989 SaveResponseData code=[ERR_RUNTIME]
15:15:06.010 SaveResponseData(300)=[xxxxxxxxxxxxxxxxxxxxxxxxxxxxxxxxxxxxxxxxxxxxxxxxxxxxxxxxxxxxxxxxxxxxxxxxxxxxxx0001xxxxxxxxxxxxxxxxxxxxxxxxxxxxxxxxxxxxxxxxxxxxxxxxxxxxxxxxxxxxxxxxxxxxxxxxxxxxxxxxxxxxxxxxxxxxxxxxxxxxxxxxxxxxxxxxxxxxxxxxxxxxxxxxxxxxxxxxxxxxxxxxxxxxxxxxxxxxxxxxxxxxxxxxxxxxxxxxxxxxxxxxxxxxxxxxxxxxxxxxxxxxxxxxxxxxxxxxxx]
15:15:06.010 Exception：MessageSendRecv(Open SerialPort Fail)
15:15:06.011 ================================================================
15:15:06.011 Program done!
15:15:06.011 ================================================================
15:24:15.508 ================================================================
15:24:15.508 #Airlink# ecr api version=[20160531-001]
15:24:15.508 ----------------------------------------------------------------
15:24:15.509 SET Serial Port   :[COM6]
15:24:15.509 SET Timeout       :[65]
15:24:15.509 SET Rate          :[19200]
15:24:15.509 SET Mode          :[7,Even,One]
15:24:15.509 SET Input File    :[in.dat]
15:24:15.509 SET Output Fiel   :[out.dat]
15:24:15.510 SET Retry         :[3]
15:24:15.510 SET Data Length   :[300]
15:24:15.510 SET RespCode Idx  :[79]
15:24:15.510 ----------------------------------------------------------------
15:24:15.511 ReadInFile(300)=[3101                             000000561000                                                                                            STOREID123                                                                                                                                                         ]
15:24:15.537 SaveResponseData code=[ERR_RUNTIME]
15:24:15.559 SaveResponseData(300)=[xxxxxxxxxxxxxxxxxxxxxxxxxxxxxxxxxxxxxxxxxxxxxxxxxxxxxxxxxxxxxxxxxxxxxxxxxxxxxx0001xxxxxxxxxxxxxxxxxxxxxxxxxxxxxxxxxxxxxxxxxxxxxxxxxxxxxxxxxxxxxxxxxxxxxxxxxxxxxxxxxxxxxxxxxxxxxxxxxxxxxxxxxxxxxxxxxxxxxxxxxxxxxxxxxxxxxxxxxxxxxxxxxxxxxxxxxxxxxxxxxxxxxxxxxxxxxxxxxxxxxxxxxxxxxxxxxxxxxxxxxxxxxxxxxxxxxxxxxx]
15:24:15.559 Exception：MessageSendRecv(Open SerialPort Fail)
15:24:15.560 ================================================================
15:24:15.560 Program done!
15:24:15.560 ================================================================
15:24:17.408 ================================================================
15:24:17.408 #Airlink# ecr api version=[20160531-001]
15:24:17.408 ----------------------------------------------------------------
15:24:17.408 SET Serial Port   :[COM6]
15:24:17.409 SET Timeout       :[65]
15:24:17.409 SET Rate          :[19200]
15:24:17.409 SET Mode          :[7,Even,One]
15:24:17.409 SET Input File    :[in.dat]
15:24:17.409 SET Output Fiel   :[out.dat]
15:24:17.410 SET Retry         :[3]
15:24:17.410 SET Data Length   :[300]
15:24:17.410 SET RespCode Idx  :[79]
15:24:17.410 ----------------------------------------------------------------
15:24:17.411 ReadInFile(300)=[3104                             000000561000                                                                                            STOREID123                                                                                                                                                         ]
15:24:17.438 SaveResponseData code=[ERR_RUNTIME]
15:24:17.459 SaveResponseData(300)=[xxxxxxxxxxxxxxxxxxxxxxxxxxxxxxxxxxxxxxxxxxxxxxxxxxxxxxxxxxxxxxxxxxxxxxxxxxxxxx0001xxxxxxxxxxxxxxxxxxxxxxxxxxxxxxxxxxxxxxxxxxxxxxxxxxxxxxxxxxxxxxxxxxxxxxxxxxxxxxxxxxxxxxxxxxxxxxxxxxxxxxxxxxxxxxxxxxxxxxxxxxxxxxxxxxxxxxxxxxxxxxxxxxxxxxxxxxxxxxxxxxxxxxxxxxxxxxxxxxxxxxxxxxxxxxxxxxxxxxxxxxxxxxxxxxxxxxxxxx]
15:24:17.459 Exception：MessageSendRecv(Open SerialPort Fail)
15:24:17.460 ================================================================
15:24:17.460 Program done!
15:24:17.460 ================================================================
15:24:19.141 ================================================================
15:24:19.142 #Airlink# ecr api version=[20160531-001]
15:24:19.142 ----------------------------------------------------------------
15:24:19.142 SET Serial Port   :[COM6]
15:24:19.142 SET Timeout       :[65]
15:24:19.142 SET Rate          :[19200]
15:24:19.143 SET Mode          :[7,Even,One]
15:24:19.143 SET Input File    :[in.dat]
15:24:19.143 SET Output Fiel   :[out.dat]
15:24:19.143 SET Retry         :[3]
15:24:19.143 SET Data Length   :[300]
15:24:19.143 SET RespCode Idx  :[79]
15:24:19.144 ----------------------------------------------------------------
15:24:19.145 ReadInFile(300)=[3104                             000000561000                                                                                            STOREID123                                                                                                                                                         ]
15:24:19.172 SaveResponseData code=[ERR_RUNTIME]
15:24:19.193 SaveResponseData(300)=[xxxxxxxxxxxxxxxxxxxxxxxxxxxxxxxxxxxxxxxxxxxxxxxxxxxxxxxxxxxxxxxxxxxxxxxxxxxxxx0001xxxxxxxxxxxxxxxxxxxxxxxxxxxxxxxxxxxxxxxxxxxxxxxxxxxxxxxxxxxxxxxxxxxxxxxxxxxxxxxxxxxxxxxxxxxxxxxxxxxxxxxxxxxxxxxxxxxxxxxxxxxxxxxxxxxxxxxxxxxxxxxxxxxxxxxxxxxxxxxxxxxxxxxxxxxxxxxxxxxxxxxxxxxxxxxxxxxxxxxxxxxxxxxxxxxxxxxxxx]
15:24:19.193 Exception：MessageSendRecv(Open SerialPort Fail)
15:24:19.194 ================================================================
15:24:19.194 Program done!
15:24:19.194 ================================================================
