11:38:14.084 ================================================================
11:38:14.085 #Airlink# ecr api version=[20160531-001]
11:38:14.085 ----------------------------------------------------------------
11:38:14.085 SET Serial Port   :[COM24]
11:38:14.086 SET Timeout       :[65]
11:38:14.086 SET Rate          :[19200]
11:38:14.086 SET Mode          :[7,Even,One]
11:38:14.086 SET Input File    :[in.dat]
11:38:14.087 SET Output Fiel   :[out.dat]
11:38:14.087 SET Retry         :[3]
11:38:14.087 SET Data Length   :[300]
11:38:14.087 SET RespCode Idx  :[79]
11:38:14.087 ----------------------------------------------------------------
11:38:14.089 ReadInFile(300)=[3104                             000000561000                                                                                            STOREID123                                                                                                                                                         ]
11:38:14.172 Send Req to EDC(303)=[02 33 31 30 34 20 20 20 20 20 20 20 20 20 20 20 20 20 20 20 20 20 20 20 20 20 20 20 20 20 20 20 20 20 30 30 30 30 30 30 35 36 31 30 30 30 20 20 20 20 20 20 20 20 20 20 20 20 20 20 20 20 20 20 20 20 20 20 20 20 20 20 20 20 20 20 20 20 20 20 20 20 20 20 20 20 20 20 20 20 20 20 20 20 20 20 20 20 20 20 20 20 20 20 20 20 20 20 20 20 20 20 20 20 20 20 20 20 20 20 20 20 20 20 20 20 20 20 20 20 20 20 20 20 20 20 20 20 53 54 4F 52 45 49 44 31 32 33 20 20 20 20 20 20 20 20 20 20 20 20 20 20 20 20 20 20 20 20 20 20 20 20 20 20 20 20 20 20 20 20 20 20 20 20 20 20 20 20 20 20 20 20 20 20 20 20 20 20 20 20 20 20 20 20 20 20 20 20 20 20 20 20 20 20 20 20 20 20 20 20 20 20 20 20 20 20 20 20 20 20 20 20 20 20 20 20 20 20 20 20 20 20 20 20 20 20 20 20 20 20 20 20 20 20 20 20 20 20 20 20 20 20 20 20 20 20 20 20 20 20 20 20 20 20 20 20 20 20 20 20 20 20 20 20 20 20 20 20 20 20 20 20 20 20 20 20 20 20 20 20 20 03 65]
11:38:14.335 Recv ACKNAK=[06]
11:38:19.852 Recv Data(303)=[02 33 31 30 34 20 20 20 20 20 20 20 20 20 20 20 20 20 20 20 20 20 20 20 20 20 20 20 20 20 20 20 20 20 20 20 20 20 20 20 20 20 20 20 20 20 20 20 20 20 20 20 20 20 20 20 20 20 20 20 20 20 20 20 20 20 20 20 20 20 20 20 20 20 20 20 20 20 20 30 30 30 31 20 20 20 20 20 20 20 20 20 20 20 20 20 20 20 20 20 20 20 20 20 20 20 20 20 20 20 20 20 20 20 20 20 20 20 20 20 20 20 20 20 20 20 20 20 20 20 20 20 20 20 20 20 20 20 20 20 20 20 20 20 20 20 20 20 20 20 20 20 20 20 20 20 20 20 20 20 20 20 20 20 20 20 20 20 20 20 20 20 20 20 20 20 20 20 20 20 20 20 20 20 20 20 20 20 20 20 20 20 20 20 20 20 20 20 20 20 20 20 20 20 20 20 20 20 20 20 20 20 20 20 20 20 20 20 20 20 20 20 20 20 20 20 20 20 20 20 20 20 20 20 20 20 20 20 20 20 20 20 20 20 20 20 20 20 20 20 20 20 20 20 20 20 20 20 20 20 20 20 20 20 20 20 20 20 20 20 20 20 20 20 20 20 20 20 20 20 20 20 20 20 20 20 20 20 20 20 20 20 20 20 20 20 20 20 20 20 20 03 04]
11:38:19.853 Recv LRC=0x04, Calc LRC=0x04
11:38:19.853 SendACK
11:38:19.854 SaveResponseData code=[EDC_RESPONSE]
11:38:19.875 SaveResponseData(300)=[3104                                                                          0001                                                                                                                                                                                                                          ]
11:38:19.985 ================================================================
11:38:19.985 Program done!
11:38:19.985 ================================================================
