15:29:12.763 ================================================================
15:29:12.763 #Airlink# ecr api version=[20160531-001]
15:29:12.763 ----------------------------------------------------------------
15:29:12.763 SET Serial Port   :[COM24]
15:29:12.763 SET Timeout       :[65]
15:29:12.763 SET Rate          :[19200]
15:29:12.763 SET Mode          :[7,Even,One]
15:29:12.763 SET Input File    :[in.dat]
15:29:12.763 SET Output Fiel   :[out.dat]
15:29:12.763 SET Retry         :[3]
15:29:12.763 SET Data Length   :[300]
15:29:12.763 SET RespCode Idx  :[79]
15:29:12.778 ----------------------------------------------------------------
15:29:12.778 ReadInFile(300)=[3101                             000000000100                                                                                            STOREID123                                                                                                                                                         ]
15:29:12.874 Send Req to EDC(303)=[02 33 31 30 31 20 20 20 20 20 20 20 20 20 20 20 20 20 20 20 20 20 20 20 20 20 20 20 20 20 20 20 20 20 30 30 30 30 30 30 30 30 30 31 30 30 20 20 20 20 20 20 20 20 20 20 20 20 20 20 20 20 20 20 20 20 20 20 20 20 20 20 20 20 20 20 20 20 20 20 20 20 20 20 20 20 20 20 20 20 20 20 20 20 20 20 20 20 20 20 20 20 20 20 20 20 20 20 20 20 20 20 20 20 20 20 20 20 20 20 20 20 20 20 20 20 20 20 20 20 20 20 20 20 20 20 20 20 53 54 4F 52 45 49 44 31 32 33 20 20 20 20 20 20 20 20 20 20 20 20 20 20 20 20 20 20 20 20 20 20 20 20 20 20 20 20 20 20 20 20 20 20 20 20 20 20 20 20 20 20 20 20 20 20 20 20 20 20 20 20 20 20 20 20 20 20 20 20 20 20 20 20 20 20 20 20 20 20 20 20 20 20 20 20 20 20 20 20 20 20 20 20 20 20 20 20 20 20 20 20 20 20 20 20 20 20 20 20 20 20 20 20 20 20 20 20 20 20 20 20 20 20 20 20 20 20 20 20 20 20 20 20 20 20 20 20 20 20 20 20 20 20 20 20 20 20 20 20 20 20 20 20 20 20 20 20 20 20 20 20 20 03 63]
15:29:13.046 Recv ACKNAK=[06]
15:29:16.186 Recv Data(303)=[02 33 31 30 31 20 20 20 20 20 20 20 20 20 20 20 20 20 20 20 20 20 20 20 20 20 20 20 20 20 20 20 20 20 20 20 20 20 20 20 20 20 20 20 20 20 20 20 20 20 20 20 20 20 20 20 20 20 20 20 20 20 20 20 20 20 20 20 20 20 20 20 20 20 20 20 20 20 20 30 30 30 31 20 20 20 20 20 20 20 20 20 20 20 20 20 20 20 20 20 20 20 20 20 20 20 20 20 20 20 20 20 20 20 20 20 20 20 20 20 20 20 20 20 20 20 20 20 20 20 20 20 20 20 20 20 20 20 20 20 20 20 20 20 20 20 20 20 20 20 20 20 20 20 20 20 20 20 20 20 20 20 20 20 20 20 20 20 20 20 20 20 20 20 20 20 20 20 20 20 20 20 20 20 20 20 20 20 20 20 20 20 20 20 20 20 20 20 20 20 20 20 20 20 20 20 20 20 20 20 20 20 20 20 20 20 20 20 20 20 20 20 20 20 20 20 20 20 20 20 20 20 20 20 20 20 20 20 20 20 20 20 20 20 20 20 20 20 20 20 20 20 20 20 20 20 20 20 20 20 20 20 20 20 20 20 20 20 20 20 20 20 20 20 20 20 20 20 20 20 20 20 20 20 20 20 20 20 20 20 20 20 20 20 20 20 20 20 20 20 20 03 01]
15:29:16.186 Recv LRC=0x01, Calc LRC=0x01
15:29:16.186 SendACK
15:29:16.186 SaveResponseData code=[EDC_RESPONSE]
15:29:16.233 SaveResponseData(300)=[3101                                                                          0001                                                                                                                                                                                                                          ]
15:29:16.358 ================================================================
15:29:16.358 Program done!
15:29:16.358 ================================================================
