09:40:20.474 ================================================================
09:40:20.475 #Airlink# ecr api version=[20160531-001]
09:40:20.475 ----------------------------------------------------------------
09:40:20.475 SET Serial Port   :[COM24]
09:40:20.476 SET Timeout       :[65]
09:40:20.476 SET Rate          :[19200]
09:40:20.476 SET Mode          :[7,Even,One]
09:40:20.476 SET Input File    :[in.dat]
09:40:20.477 SET Output Fiel   :[out.dat]
09:40:20.477 SET Retry         :[3]
09:40:20.477 SET Data Length   :[300]
09:40:20.477 SET RespCode Idx  :[79]
09:40:20.477 ----------------------------------------------------------------
09:40:20.479 ReadInFile(300)=[3101                             000000050000                                                                                            STOREID123                                                                                                                                                         ]
09:40:20.565 Send Req to EDC(303)=[02 33 31 30 31 20 20 20 20 20 20 20 20 20 20 20 20 20 20 20 20 20 20 20 20 20 20 20 20 20 20 20 20 20 30 30 30 30 30 30 30 35 30 30 30 30 20 20 20 20 20 20 20 20 20 20 20 20 20 20 20 20 20 20 20 20 20 20 20 20 20 20 20 20 20 20 20 20 20 20 20 20 20 20 20 20 20 20 20 20 20 20 20 20 20 20 20 20 20 20 20 20 20 20 20 20 20 20 20 20 20 20 20 20 20 20 20 20 20 20 20 20 20 20 20 20 20 20 20 20 20 20 20 20 20 20 20 20 53 54 4F 52 45 49 44 31 32 33 20 20 20 20 20 20 20 20 20 20 20 20 20 20 20 20 20 20 20 20 20 20 20 20 20 20 20 20 20 20 20 20 20 20 20 20 20 20 20 20 20 20 20 20 20 20 20 20 20 20 20 20 20 20 20 20 20 20 20 20 20 20 20 20 20 20 20 20 20 20 20 20 20 20 20 20 20 20 20 20 20 20 20 20 20 20 20 20 20 20 20 20 20 20 20 20 20 20 20 20 20 20 20 20 20 20 20 20 20 20 20 20 20 20 20 20 20 20 20 20 20 20 20 20 20 20 20 20 20 20 20 20 20 20 20 20 20 20 20 20 20 20 20 20 20 20 20 20 20 20 20 20 20 03 67]
09:40:20.728 Recv ACKNAK=[06]
09:40:50.219 Recv Data(303)=[02 33 31 30 31 20 20 20 20 20 20 20 20 20 20 20 20 20 20 20 20 20 20 20 20 20 20 20 20 20 20 20 20 20 20 20 20 20 20 20 20 20 20 20 20 20 20 20 20 20 20 20 20 20 20 20 20 20 20 20 20 20 20 20 20 20 20 20 20 20 20 20 20 20 20 20 20 20 20 30 30 30 31 20 20 20 20 20 20 20 20 20 20 20 20 20 20 20 20 20 20 20 20 20 20 20 20 20 20 20 20 20 20 20 20 20 20 20 20 20 20 20 20 20 20 20 20 20 20 20 20 20 20 20 20 20 20 20 20 20 20 20 20 20 20 20 20 20 20 20 20 20 20 20 20 20 20 20 20 20 20 20 20 20 20 20 20 20 20 20 20 20 20 20 20 20 20 20 20 20 20 20 20 20 20 20 20 20 20 20 20 20 20 20 20 20 20 20 20 20 20 20 20 20 20 20 20 20 20 20 20 20 20 20 20 20 20 20 20 20 20 20 20 20 20 20 20 20 20 20 20 20 20 20 20 20 20 20 20 20 20 20 20 20 20 20 20 20 20 20 20 20 20 20 20 20 20 20 20 20 20 20 20 20 20 20 20 20 20 20 20 20 20 20 20 20 20 20 20 20 20 20 20 20 20 20 20 20 20 20 20 20 20 20 20 20 20 20 20 20 20 03 01]
09:40:50.219 Recv LRC=0x01, Calc LRC=0x01
09:40:50.219 SendACK
09:40:50.220 SaveResponseData code=[EDC_RESPONSE]
09:40:50.242 SaveResponseData(300)=[3101                                                                          0001                                                                                                                                                                                                                          ]
09:40:50.352 ================================================================
09:40:50.352 Program done!
09:40:50.352 ================================================================
