2018-07-04 16:48:24.670-[vLogSwitch(): -----switch log on-----]
2018-07-04 16:48:24.670-[SYSTEX ECR Interface v1.73U_WIN]
2018-07-04 16:48:24.670-[讀配置檔]
2018-07-04 16:48:24.670-[fECR_IsEdcExist.Begin---------------------------]
2018-07-04 16:48:24.670-[開啟 COM Port]
2018-07-04 16:48:25.011-[Send NAK]
2018-07-04 16:48:25.121-[Wait Receive...]
2018-07-04 16:48:25.589-[Receive Data] len=1
    0-1-2-3- 4-5-6-7- 8-9-A-B- C-D-E-F-  0123456789ABCDEF
00  15                                  |.               |
2018-07-04 16:48:25.589-[Scan EDC OK.]
2018-07-04 16:48:25.839-[關閉 COM Port]
2018-07-04 16:48:25.839-[fECR_IsEdcExist.End-----------------------------]
2018-07-04 16:48:25.839-[vLogSwitch(): -----switch log on-----]
2018-07-04 16:48:26.199-[iOneTran.Begin----------------------------------]
2018-07-04 16:48:26.199-[iOneTran.step2.1 in: 解析輸入檔]
2018-07-04 16:48:26.199-[iOneTran: request data.] len=200
02010000000000000000000000000000000000000050000000000000000000000000000000000000000000000000000000000000000000000000000000000000000000000000000000000000000000000000000000000000000000000000000000000000
2018-07-04 16:48:26.199-[iOneTran.step4.1 in: 開啟 COM Port.]
2018-07-04 16:48:26.340-[iOneTran.step4.2 in: 送出 request data.]
2018-07-04 16:48:26.340-[iECR_Send() in]
2018-07-04 16:48:26.340-[	iECR_Send.step1 in: 檢查參數]
2018-07-04 16:48:26.340-[	iECR_Send.step2 in: 把交易資料, 包上通訊層的殼]
2018-07-04 16:48:26.340-[	iECR_Send.step3 in: 檢查封包格式]
2018-07-04 16:48:26.340-[	iECR_Send.step4 in: 送封包+處理確認訊息]
2018-07-04 16:48:26.340-[	送出 request] len=203
    0-1-2-3- 4-5-6-7- 8-9-A-B- C-D-E-F-  0123456789ABCDEF
00  02303230 31303030 30303030 30303030 |.020100000000000|
01  30303030 30303030 30303030 30303030 |0000000000000000|
02  30303030 30303030 30303035 30303030 |0000000000050000|
03  30303030 30303030 30303030 30303030 |0000000000000000|
04  30303030 30303030 30303030 30303030 |0000000000000000|
05  30303030 30303030 30303030 30303030 |0000000000000000|
06  30303030 30303030 30303030 30303030 |0000000000000000|
07  30303030 30303030 30303030 30303030 |0000000000000000|
08  30303030 30303030 30303030 30303030 |0000000000000000|
09  30303030 30303030 30303030 30303030 |0000000000000000|
10  30303030 30303030 30303030 30303030 |0000000000000000|
11  30303030 30303030 30303030 30303030 |0000000000000000|
12  30303030 30303030 300305            |000000000..     |
2018-07-04 16:48:26.418-[	收取確認訊息]
2018-07-04 16:48:26.918-[	Info: 相容有效封包] len=1
    0-1-2-3- 4-5-6-7- 8-9-A-B- C-D-E-F-  0123456789ABCDEF
00  06                                  |.               |
2018-07-04 16:48:26.918-[Receive Data] len=1
    0-1-2-3- 4-5-6-7- 8-9-A-B- C-D-E-F-  0123456789ABCDEF
00  06                                  |.               |
2018-07-04 16:48:26.933-[	Info: 收到 ACK]
2018-07-04 16:48:26.933-[iECR_Send() out]
2018-07-04 16:48:26.933-[iOneTran.step5.1 in: 收取 response data]
2018-07-04 16:48:26.933-[iECR_Receive() in]
2018-07-04 16:48:26.933-[	iECR_Receive.step1 in: 檢查/初始化參數]
2018-07-04 16:48:26.933-[	iECR_Receive.step2 in: 取出配置參數]
2018-07-04 16:48:26.933-[	iECR_Receive.step3 in: 初始化 ACK, NAK 計數器]
2018-07-04 16:48:26.933-[	iECR_Receive.step4 in: 收封包, 並回確認訊息(ACK/NAK)]
2018-07-04 16:48:26.933-[	Info: 收封包]
2018-07-04 16:49:27.050-[	Info: data received] len=203
    0-1-2-3- 4-5-6-7- 8-9-A-B- C-D-E-F-  0123456789ABCDEF
00  02303230 31202020 20202020 20202020 |.0201           |
01  20202020 20202020 20202020 20202020 |                |
02  20202020 20202020 20202020 20202020 |                |
03  20202020 20202020 20202020 20202020 |                |
04  20202020 20202020 20202020 20202030 |               0|
05  30303120 20202020 20202020 20202020 |001             |
06  20202020 20202020 20202020 20202020 |                |
07  20202020 20202020 20202020 20202020 |                |
08  20202020 20202020 20202020 20202020 |                |
09  20202020 20202020 20202020 20202020 |                |
10  20202020 20202020 20202020 20202020 |                |
11  20202020 20202020 20202020 20202020 |                |
12  20202020 20202020 200301            |         ..     |
2018-07-04 16:49:27.065-[	Info: 檢查封包格式]
2018-07-04 16:49:27.065-[	Info: 檢查資料長度]
2018-07-04 16:49:27.065-[	Info: send ACK]
2018-07-04 16:49:27.065-[	Info: 將收到的資料脫去封包殼]
2018-07-04 16:49:27.065-[iECR_Receive() out]
2018-07-04 16:49:27.065-[iOneTran: response data.] len=200
0201                                                                          0001                                                                                                                      
2018-07-04 16:49:27.065-[iOneTran.step5.2 in: 關閉 COM Port]
2018-07-04 16:49:27.315-[iOneTran.step6 in: 寫輸出檔]
2018-07-04 16:49:27.315-[iOneTran.End (success)--------------------------]
2018-07-04 16:49:27.394-[	Info: vChkFileLensDiff(OUT_FILE_NAME) PASS.]
2018-07-04 16:49:27.394-[SYSTEX ECR END]
