2023-03-24 19:19:58,028 [6] INFO  [MonitorModule.MonitorManager][LogInfo]  [Monitor StartupMonitor ]
2023-03-24 19:19:58,029 [9] INFO  [MonitorModule.DeviceManager][.ctor]  [Device Manager InitDevice]
2023-03-24 19:19:58,103 [9] INFO  [MonitorModule.DeviceManager][.ctor]  [Device Manager StartupMonitor]
2023-03-24 19:19:58,104 [9] INFO  [MonitorModule.DeviceManager][StartupMonitor]  [Device StartupMonitor Now]
2023-03-24 19:19:58,104 [11] INFO  [MonitorModule.DeviceManager][GetDevice]  [Start Load Device ControlBox]
2023-03-24 19:19:58,105 [18] INFO  [MonitorModule.DeviceManager][GetDevice]  [Start Load Device EWTKLIB]
2023-03-24 19:19:58,105 [7] INFO  [MonitorModule.DeviceManager][GetDevice]  [Start Load Device FIN]
2023-03-24 19:19:58,104 [15] INFO  [MonitorModule.DeviceManager][GetDevice]  [Start Load Device HSENSOR]
2023-03-24 19:19:58,104 [14] INFO  [MonitorModule.DeviceManager][GetDevice]  [Start Load Device CashBox]
2023-03-24 19:19:58,104 [10] INFO  [MonitorModule.DeviceManager][GetDevice]  [Start Load Device Thermal]
2023-03-24 19:19:58,104 [13] INFO  [MonitorModule.DeviceManager][GetDevice]  [Start Load Device WFX]
2023-03-24 19:19:58,105 [11] INFO  [MonitorModule.DeviceManager][<GetDevice>b__0]  [Start Load Device DepenceyDLL C:\Users\96021\OneDrive\Desktop\ITKiosk\DeviceExternal\ControlBoxLibrary.dll]
2023-03-24 19:19:58,106 [14] INFO  [MonitorModule.DeviceManager][<GetDevice>b__0]  [Start Load Device DepenceyDLL C:\Users\96021\OneDrive\Desktop\ITKiosk\DeviceExternal\Tools.dll]
2023-03-24 19:19:58,106 [10] INFO  [MonitorModule.DeviceManager][<GetDevice>b__0]  [Start Load Device DepenceyDLL C:\Users\96021\OneDrive\Desktop\ITKiosk\DeviceExternal\Microsoft.PointOfService.dll]
2023-03-24 19:19:58,105 [12] INFO  [MonitorModule.DeviceManager][GetDevice]  [Start Load Device ICASHAPI]
2023-03-24 19:19:58,106 [7] INFO  [MonitorModule.DeviceManager][<GetDevice>b__0]  [Start Load Device DepenceyDLL C:\Users\96021\OneDrive\Desktop\ITKiosk\DeviceExternal\Newtonsoft.Json.dll]
2023-03-24 19:19:58,104 [17] INFO  [MonitorModule.DeviceManager][GetDevice]  [Start Load Device HONEYWELLSCANNER]
2023-03-24 19:19:58,107 [12] INFO  [MonitorModule.DeviceManager][<GetDevice>b__0]  [Start Load Device DepenceyDLL C:\Users\96021\OneDrive\Desktop\ITKiosk\DeviceExternal\Tools.dll]
2023-03-24 19:19:58,106 [13] INFO  [MonitorModule.DeviceManager][<GetDevice>b__0]  [Start Load Device DepenceyDLL C:\Users\96021\OneDrive\Desktop\ITKiosk\DeviceExternal\Tools.dll]
2023-03-24 19:19:58,105 [9] INFO  [MonitorModule.DeviceManager][<StartupMonitor>b__29_0]  [Device StartupMonitor Task.Factory.StartNew]
2023-03-24 19:19:58,104 [16] INFO  [MonitorModule.DeviceManager][GetDevice]  [Start Load Device EZ710BU]
2023-03-24 19:19:58,109 [16] INFO  [MonitorModule.DeviceManager][<GetDevice>b__0]  [Start Load Device DepenceyDLL C:\Users\96021\OneDrive\Desktop\ITKiosk\DeviceExternal\Tools.dll]
2023-03-24 19:19:58,108 [17] INFO  [MonitorModule.DeviceManager][<GetDevice>b__0]  [Start Load Device DepenceyDLL C:\Users\96021\OneDrive\Desktop\ITKiosk\DeviceExternal\HedcWrapper.dll]
2023-03-24 19:19:58,139 [11] INFO  [MonitorModule.DeviceManager][<GetDevice>b__0]  [Start Load Device DepenceyDLL C:\Users\96021\OneDrive\Desktop\ITKiosk\DeviceExternal\Tools.dll]
2023-03-24 19:19:58,153 [15] INFO  [MonitorModule.DeviceManager][<InitDevice>b__2]  [Device[HSENSOR] is Ready]
2023-03-24 19:19:58,153 [15] INFO  [MonitorModule.DeviceManager][GetDevice]  [Start Load Device EZM]
2023-03-24 19:19:58,153 [15] INFO  [MonitorModule.DeviceManager][<GetDevice>b__0]  [Start Load Device DepenceyDLL C:\Users\96021\OneDrive\Desktop\ITKiosk\DeviceExternal\Tools.dll]
2023-03-24 19:19:58,156 [18] INFO  [MonitorModule.DeviceManager][<InitDevice>b__2]  [Device[HSENSOR,EWTKLIB] is Ready]
2023-03-24 19:19:58,157 [14] INFO  [MonitorModule.DeviceManager][<GetDevice>b__0]  [Start Load Device DepenceyDLL C:\Users\96021\OneDrive\Desktop\ITKiosk\DeviceExternal\PS3_C_SHARP.dll]
2023-03-24 19:19:58,161 [12] INFO  [MonitorModule.DeviceManager][<GetDevice>b__0]  [Start Load Device DepenceyDLL C:\Users\96021\OneDrive\Desktop\ITKiosk\DeviceExternal\Starksoft.Net.Ftp.dll]
2023-03-24 19:19:58,159 [18] INFO  [MonitorModule.DeviceManager][GetDevice]  [Start Load Device RFID]
2023-03-24 19:19:58,161 [15] INFO  [MonitorModule.DeviceManager][<GetDevice>b__0]  [Start Load Device DepenceyDLL C:\Users\96021\OneDrive\Desktop\ITKiosk\DeviceExternal\GS.Apdu.dll]
2023-03-24 19:19:58,163 [18] INFO  [MonitorModule.DeviceManager][<GetDevice>b__0]  [Start Load Device DepenceyDLL C:\Users\96021\OneDrive\Desktop\ITKiosk\DeviceExternal\Tools.dll]
2023-03-24 19:19:58,167 [18] INFO  [MonitorModule.DeviceManager][<GetDevice>b__0]  [Start Load Device DepenceyDLL C:\Users\96021\OneDrive\Desktop\ITKiosk\DeviceExternal\YRU150API.dll]
2023-03-24 19:19:58,218 [17] INFO  [MonitorModule.DeviceManager][<InitDevice>b__2]  [Device[HSENSOR,EWTKLIB,HONEYWELLSCANNER] is Ready]
2023-03-24 19:19:58,219 [17] INFO  [MonitorModule.DeviceManager][GetDevice]  [Start Load Device MIAS]
2023-03-24 19:19:58,220 [10] INFO  [MonitorModule.DeviceManager][<GetDevice>b__0]  [Start Load Device DepenceyDLL C:\Users\96021\OneDrive\Desktop\ITKiosk\DeviceExternal\QRCoder.dll]
2023-03-24 19:19:58,222 [13] INFO  [MonitorModule.DeviceManager][<InitDevice>b__2]  [Device[HSENSOR,EWTKLIB,HONEYWELLSCANNER,WFX] is Ready]
2023-03-24 19:19:58,223 [13] INFO  [MonitorModule.DeviceManager][GetDevice]  [Start Load Device SCANNER2DAUTO]
2023-03-24 19:19:58,223 [13] INFO  [MonitorModule.DeviceManager][<GetDevice>b__0]  [Start Load Device DepenceyDLL C:\Users\96021\OneDrive\Desktop\ITKiosk\DeviceExternal\Tools.dll]
2023-03-24 19:19:58,225 [15] INFO  [MonitorModule.DeviceManager][<GetDevice>b__0]  [Start Load Device DepenceyDLL C:\Users\96021\OneDrive\Desktop\ITKiosk\GS.HexLibrary.dll]
2023-03-24 19:19:58,236 [10] INFO  [MonitorModule.MonitorManager][LogInfo]  [{"Device":"Thermal","Message":"System.IO.FileNotFoundException: Could not load file or assembly 'file:///C:\\Users\\96021\\OneDrive\\Desktop\\ITKiosk\\DeviceExternal\\QRCoder.dll' or one of its dependencies. The system cannot find the file specified.\r\nFile name: 'file:///C:\\Users\\96021\\OneDrive\\Desktop\\ITKiosk\\DeviceExternal\\QRCoder.dll'\r\n   at System.Reflection.RuntimeAssembly._nLoad(AssemblyName fileName, String codeBase, Evidence assemblySecurity, RuntimeAssembly locationHint, StackCrawlMark& stackMark, IntPtr pPrivHostBinder, Boolean throwOnFileNotFound, Boolean forIntrospection, Boolean suppressSecurityChecks)\r\n   at System.Reflection.RuntimeAssembly.nLoad(AssemblyName fileName, String codeBase, Evidence assemblySecurity, RuntimeAssembly locationHint, StackCrawlMark& stackMark, IntPtr pPrivHostBinder, Boolean throwOnFileNotFound, Boolean forIntrospection, Boolean suppressSecurityChecks)\r\n   at System.Reflection.RuntimeAssembly.InternalLoadAssemblyName(AssemblyName assemblyRef, Evidence assemblySecurity, RuntimeAssembly reqAssembly, StackCrawlMark& stackMark, IntPtr pPrivHostBinder, Boolean throwOnFileNotFound, Boolean forIntrospection, Boolean suppressSecurityChecks)\r\n   at System.Reflection.RuntimeAssembly.InternalLoadFrom(String assemblyFile, Evidence securityEvidence, Byte[] hashValue, AssemblyHashAlgorithm hashAlgorithm, Boolean forIntrospection, Boolean suppressSecurityChecks, StackCrawlMark& stackMark)\r\n   at System.Reflection.Assembly.LoadFrom(String assemblyFile)\r\n   at MonitorModule.DeviceManager.<>c__DisplayClass27_0.<GetDevice>b__0(String de) in D:\\OTHER\\BONJAY\\ITKiosk\\KioskPlatform\\MonitorModule\\DeviceManager.cs:line 192\r\n   at System.Collections.Generic.List`1.ForEach(Action`1 action)\r\n   at MonitorModule.DeviceManager.GetDevice(String devicName) in D:\\OTHER\\BONJAY\\ITKiosk\\KioskPlatform\\MonitorModule\\DeviceManager.cs:line 186\r\n\r\nWRN: Assembly binding logging is turned OFF.\r\nTo enable assembly bind failure logging, set the registry value [HKLM\\Software\\Microsoft\\Fusion!EnableLog] (DWORD) to 1.\r\nNote: There is some performance penalty associated with assembly bind failure logging.\r\nTo turn this feature off, remove the registry value [HKLM\\Software\\Microsoft\\Fusion!EnableLog].\r\n"}]
2023-03-24 19:19:58,253 [11] INFO  [MonitorModule.DeviceManager][<InitDevice>b__2]  [Device[HSENSOR,EWTKLIB,HONEYWELLSCANNER,WFX,ControlBox] is Ready]
2023-03-24 19:19:58,255 [11] INFO  [MonitorModule.DeviceManager][GetDevice]  [Start Load Device MD150]
2023-03-24 19:19:58,255 [11] INFO  [MonitorModule.DeviceManager][<GetDevice>b__0]  [Start Load Device DepenceyDLL C:\Users\96021\OneDrive\Desktop\ITKiosk\DeviceExternal\Tools.dll]
2023-03-24 19:19:58,265 [16] INFO  [MonitorModule.DeviceManager][<InitDevice>b__2]  [Device[HSENSOR,EWTKLIB,HONEYWELLSCANNER,WFX,ControlBox,EZ710BU] is Ready]
2023-03-24 19:19:58,267 [16] INFO  [MonitorModule.DeviceManager][GetDevice]  [Start Load Device MMM]
2023-03-24 19:19:58,268 [16] INFO  [MonitorModule.DeviceManager][<GetDevice>b__0]  [Start Load Device DepenceyDLL C:\Users\96021\OneDrive\Desktop\ITKiosk\DeviceExternal\Tools.dll]
2023-03-24 19:19:58,272 [12] INFO  [MonitorModule.DeviceManager][<GetDevice>b__0]  [Start Load Device DepenceyDLL C:\Users\96021\OneDrive\Desktop\ITKiosk\DeviceExternal\Starksoft.Net.Proxy.dll]
2023-03-24 19:19:58,283 [13] INFO  [MonitorModule.DeviceManager][<InitDevice>b__2]  [Device[HSENSOR,EWTKLIB,HONEYWELLSCANNER,WFX,ControlBox,EZ710BU,SCANNER2DAUTO] is Ready]
2023-03-24 19:19:58,294 [13] INFO  [MonitorModule.DeviceManager][GetDevice]  [Start Load Device WEBCAM]
2023-03-24 19:19:58,296 [10] INFO  [MonitorModule.DeviceManager][<InitDevice>b__2]  [Device[HSENSOR,EWTKLIB,HONEYWELLSCANNER,WFX,ControlBox,EZ710BU,SCANNER2DAUTO] is Ready]
2023-03-24 19:19:58,296 [13] INFO  [MonitorModule.DeviceManager][<GetDevice>b__0]  [Start Load Device DepenceyDLL C:\Users\96021\OneDrive\Desktop\ITKiosk\DeviceExternal\Tools.dll]
2023-03-24 19:19:58,297 [10] INFO  [MonitorModule.DeviceManager][GetDevice]  [Start Load Device LINEPAY]
2023-03-24 19:19:58,302 [10] INFO  [MonitorModule.DeviceManager][<GetDevice>b__0]  [Start Load Device DepenceyDLL C:\Users\96021\OneDrive\Desktop\ITKiosk\DeviceExternal\Tools.dll]
2023-03-24 19:19:58,306 [10] INFO  [MonitorModule.DeviceManager][<GetDevice>b__0]  [Start Load Device DepenceyDLL C:\Users\96021\OneDrive\Desktop\ITKiosk\DeviceExternal\QRCoder.dll]
2023-03-24 19:19:58,306 [17] INFO  [MonitorModule.DeviceManager][<InitDevice>b__2]  [Device[HSENSOR,EWTKLIB,HONEYWELLSCANNER,WFX,ControlBox,EZ710BU,SCANNER2DAUTO,MIAS,MD150] is Ready]
2023-03-24 19:19:58,306 [11] INFO  [MonitorModule.DeviceManager][<InitDevice>b__2]  [Device[HSENSOR,EWTKLIB,HONEYWELLSCANNER,WFX,ControlBox,EZ710BU,SCANNER2DAUTO,MIAS,MD150] is Ready]
2023-03-24 19:19:58,307 [17] INFO  [MonitorModule.DeviceManager][GetDevice]  [Start Load Device Reader_P602PGM]
2023-03-24 19:19:58,307 [11] INFO  [MonitorModule.DeviceManager][GetDevice]  [Start Load Device AR_402MO2DI2]
2023-03-24 19:19:58,307 [17] INFO  [MonitorModule.DeviceManager][<GetDevice>b__0]  [Start Load Device DepenceyDLL C:\Users\96021\OneDrive\Desktop\ITKiosk\DeviceExternal\Tools.dll]
2023-03-24 19:19:58,307 [11] INFO  [MonitorModule.DeviceManager][<GetDevice>b__0]  [Start Load Device DepenceyDLL C:\Users\96021\OneDrive\Desktop\ITKiosk\DeviceExternal\Tools.dll]
2023-03-24 19:19:58,309 [10] INFO  [MonitorModule.MonitorManager][LogInfo]  [{"Device":"LINEPAY","Message":"System.IO.FileNotFoundException: Could not load file or assembly 'file:///C:\\Users\\96021\\OneDrive\\Desktop\\ITKiosk\\DeviceExternal\\QRCoder.dll' or one of its dependencies. The system cannot find the file specified.\r\nFile name: 'file:///C:\\Users\\96021\\OneDrive\\Desktop\\ITKiosk\\DeviceExternal\\QRCoder.dll'\r\n   at System.Reflection.RuntimeAssembly._nLoad(AssemblyName fileName, String codeBase, Evidence assemblySecurity, RuntimeAssembly locationHint, StackCrawlMark& stackMark, IntPtr pPrivHostBinder, Boolean throwOnFileNotFound, Boolean forIntrospection, Boolean suppressSecurityChecks)\r\n   at System.Reflection.RuntimeAssembly.nLoad(AssemblyName fileName, String codeBase, Evidence assemblySecurity, RuntimeAssembly locationHint, StackCrawlMark& stackMark, IntPtr pPrivHostBinder, Boolean throwOnFileNotFound, Boolean forIntrospection, Boolean suppressSecurityChecks)\r\n   at System.Reflection.RuntimeAssembly.InternalLoadAssemblyName(AssemblyName assemblyRef, Evidence assemblySecurity, RuntimeAssembly reqAssembly, StackCrawlMark& stackMark, IntPtr pPrivHostBinder, Boolean throwOnFileNotFound, Boolean forIntrospection, Boolean suppressSecurityChecks)\r\n   at System.Reflection.RuntimeAssembly.InternalLoadFrom(String assemblyFile, Evidence securityEvidence, Byte[] hashValue, AssemblyHashAlgorithm hashAlgorithm, Boolean forIntrospection, Boolean suppressSecurityChecks, StackCrawlMark& stackMark)\r\n   at System.Reflection.Assembly.LoadFrom(String assemblyFile)\r\n   at MonitorModule.DeviceManager.<>c__DisplayClass27_0.<GetDevice>b__0(String de) in D:\\OTHER\\BONJAY\\ITKiosk\\KioskPlatform\\MonitorModule\\DeviceManager.cs:line 192\r\n   at System.Collections.Generic.List`1.ForEach(Action`1 action)\r\n   at MonitorModule.DeviceManager.GetDevice(String devicName) in D:\\OTHER\\BONJAY\\ITKiosk\\KioskPlatform\\MonitorModule\\DeviceManager.cs:line 186\r\n\r\nWRN: Assembly binding logging is turned OFF.\r\nTo enable assembly bind failure logging, set the registry value [HKLM\\Software\\Microsoft\\Fusion!EnableLog] (DWORD) to 1.\r\nNote: There is some performance penalty associated with assembly bind failure logging.\r\nTo turn this feature off, remove the registry value [HKLM\\Software\\Microsoft\\Fusion!EnableLog].\r\n"}]
2023-03-24 19:19:58,311 [11] INFO  [MonitorModule.MonitorManager][LogInfo]  [{"Device":"AR_402MO2DI2","Message":"System.IO.FileNotFoundException: Could not load file or assembly 'file:///C:\\Users\\96021\\OneDrive\\Desktop\\ITKiosk\\DeviceExternal\\AR_402MO2DI2.dll' or one of its dependencies. The system cannot find the file specified.\r\nFile name: 'file:///C:\\Users\\96021\\OneDrive\\Desktop\\ITKiosk\\DeviceExternal\\AR_402MO2DI2.dll'\r\n   at System.Reflection.RuntimeAssembly._nLoad(AssemblyName fileName, String codeBase, Evidence assemblySecurity, RuntimeAssembly locationHint, StackCrawlMark& stackMark, IntPtr pPrivHostBinder, Boolean throwOnFileNotFound, Boolean forIntrospection, Boolean suppressSecurityChecks)\r\n   at System.Reflection.RuntimeAssembly.nLoad(AssemblyName fileName, String codeBase, Evidence assemblySecurity, RuntimeAssembly locationHint, StackCrawlMark& stackMark, IntPtr pPrivHostBinder, Boolean throwOnFileNotFound, Boolean forIntrospection, Boolean suppressSecurityChecks)\r\n   at System.Reflection.RuntimeAssembly.InternalLoadAssemblyName(AssemblyName assemblyRef, Evidence assemblySecurity, RuntimeAssembly reqAssembly, StackCrawlMark& stackMark, IntPtr pPrivHostBinder, Boolean throwOnFileNotFound, Boolean forIntrospection, Boolean suppressSecurityChecks)\r\n   at System.Reflection.RuntimeAssembly.InternalLoadFrom(String assemblyFile, Evidence securityEvidence, Byte[] hashValue, AssemblyHashAlgorithm hashAlgorithm, Boolean forIntrospection, Boolean suppressSecurityChecks, StackCrawlMark& stackMark)\r\n   at System.Reflection.Assembly.LoadFrom(String assemblyFile)\r\n   at MonitorModule.DeviceManager.GetDevice(String devicName) in D:\\OTHER\\BONJAY\\ITKiosk\\KioskPlatform\\MonitorModule\\DeviceManager.cs:line 198\r\n\r\nWRN: Assembly binding logging is turned OFF.\r\nTo enable assembly bind failure logging, set the registry value [HKLM\\Software\\Microsoft\\Fusion!EnableLog] (DWORD) to 1.\r\nNote: There is some performance penalty associated with assembly bind failure logging.\r\nTo turn this feature off, remove the registry value [HKLM\\Software\\Microsoft\\Fusion!EnableLog].\r\n"}]
2023-03-24 19:19:58,322 [16] INFO  [MonitorModule.DeviceManager][<InitDevice>b__2]  [Device[HSENSOR,EWTKLIB,HONEYWELLSCANNER,WFX,ControlBox,EZ710BU,SCANNER2DAUTO,MIAS,MD150,MMM] is Ready]
2023-03-24 19:19:58,323 [16] INFO  [MonitorModule.DeviceManager][GetDevice]  [Start Load Device DoorCard]
2023-03-24 19:19:58,325 [10] INFO  [MonitorModule.DeviceManager][<InitDevice>b__2]  [Device[HSENSOR,EWTKLIB,HONEYWELLSCANNER,WFX,ControlBox,EZ710BU,SCANNER2DAUTO,MIAS,MD150,MMM] is Ready]
2023-03-24 19:19:58,328 [16] INFO  [MonitorModule.DeviceManager][<GetDevice>b__0]  [Start Load Device DepenceyDLL C:\Users\96021\OneDrive\Desktop\ITKiosk\DeviceExternal\Tools.dll]
2023-03-24 19:19:58,332 [11] INFO  [MonitorModule.DeviceManager][<InitDevice>b__2]  [Device[HSENSOR,EWTKLIB,HONEYWELLSCANNER,WFX,ControlBox,EZ710BU,SCANNER2DAUTO,MIAS,MD150,MMM] is Ready]
2023-03-24 19:19:58,333 [15] INFO  [MonitorModule.DeviceManager][<InitDevice>b__2]  [Device[HSENSOR,EWTKLIB,HONEYWELLSCANNER,WFX,ControlBox,EZ710BU,SCANNER2DAUTO,MIAS,MD150,MMM,EZM] is Ready]
2023-03-24 19:19:58,339 [16] INFO  [MonitorModule.MonitorManager][LogInfo]  [{"Device":"DoorCard","Message":"System.IO.FileNotFoundException: Could not load file or assembly 'file:///C:\\Users\\96021\\OneDrive\\Desktop\\ITKiosk\\DeviceExternal\\DoorCard.dll' or one of its dependencies. The system cannot find the file specified.\r\nFile name: 'file:///C:\\Users\\96021\\OneDrive\\Desktop\\ITKiosk\\DeviceExternal\\DoorCard.dll'\r\n   at System.Reflection.RuntimeAssembly._nLoad(AssemblyName fileName, String codeBase, Evidence assemblySecurity, RuntimeAssembly locationHint, StackCrawlMark& stackMark, IntPtr pPrivHostBinder, Boolean throwOnFileNotFound, Boolean forIntrospection, Boolean suppressSecurityChecks)\r\n   at System.Reflection.RuntimeAssembly.nLoad(AssemblyName fileName, String codeBase, Evidence assemblySecurity, RuntimeAssembly locationHint, StackCrawlMark& stackMark, IntPtr pPrivHostBinder, Boolean throwOnFileNotFound, Boolean forIntrospection, Boolean suppressSecurityChecks)\r\n   at System.Reflection.RuntimeAssembly.InternalLoadAssemblyName(AssemblyName assemblyRef, Evidence assemblySecurity, RuntimeAssembly reqAssembly, StackCrawlMark& stackMark, IntPtr pPrivHostBinder, Boolean throwOnFileNotFound, Boolean forIntrospection, Boolean suppressSecurityChecks)\r\n   at System.Reflection.RuntimeAssembly.InternalLoadFrom(String assemblyFile, Evidence securityEvidence, Byte[] hashValue, AssemblyHashAlgorithm hashAlgorithm, Boolean forIntrospection, Boolean suppressSecurityChecks, StackCrawlMark& stackMark)\r\n   at System.Reflection.Assembly.LoadFrom(String assemblyFile)\r\n   at MonitorModule.DeviceManager.GetDevice(String devicName) in D:\\OTHER\\BONJAY\\ITKiosk\\KioskPlatform\\MonitorModule\\DeviceManager.cs:line 198\r\n\r\nWRN: Assembly binding logging is turned OFF.\r\nTo enable assembly bind failure logging, set the registry value [HKLM\\Software\\Microsoft\\Fusion!EnableLog] (DWORD) to 1.\r\nNote: There is some performance penalty associated with assembly bind failure logging.\r\nTo turn this feature off, remove the registry value [HKLM\\Software\\Microsoft\\Fusion!EnableLog].\r\n"}]
2023-03-24 19:19:58,342 [16] INFO  [MonitorModule.DeviceManager][<InitDevice>b__2]  [Device[HSENSOR,EWTKLIB,HONEYWELLSCANNER,WFX,ControlBox,EZ710BU,SCANNER2DAUTO,MIAS,MD150,MMM,EZM] is Ready]
2023-03-24 19:19:58,344 [13] INFO  [MonitorModule.DeviceManager][<InitDevice>b__2]  [Device[HSENSOR,EWTKLIB,HONEYWELLSCANNER,WFX,ControlBox,EZ710BU,SCANNER2DAUTO,MIAS,MD150,MMM,EZM,WEBCAM] is Ready]
2023-03-24 19:19:58,350 [12] INFO  [MonitorModule.DeviceManager][<GetDevice>b__0]  [Start Load Device DepenceyDLL C:\Users\96021\OneDrive\Desktop\ITKiosk\DeviceExternal\Newtonsoft.Json.dll]
2023-03-24 19:19:58,364 [17] INFO  [MonitorModule.DeviceManager][<InitDevice>b__2]  [Device[HSENSOR,EWTKLIB,HONEYWELLSCANNER,WFX,ControlBox,EZ710BU,SCANNER2DAUTO,MIAS,MD150,MMM,EZM,WEBCAM,Reader_P602PGM] is Ready]
2023-03-24 19:19:58,406 [12] INFO  [MonitorModule.DeviceManager][<InitDevice>b__2]  [Device[HSENSOR,EWTKLIB,HONEYWELLSCANNER,WFX,ControlBox,EZ710BU,SCANNER2DAUTO,MIAS,MD150,MMM,EZM,WEBCAM,Reader_P602PGM,ICASHAPI] is Ready]
2023-03-24 19:19:58,433 [14] INFO  [MonitorModule.DeviceManager][<InitDevice>b__2]  [Device[HSENSOR,EWTKLIB,HONEYWELLSCANNER,WFX,ControlBox,EZ710BU,SCANNER2DAUTO,MIAS,MD150,MMM,EZM,WEBCAM,Reader_P602PGM,ICASHAPI,CashBox] is Ready]
2023-03-24 19:19:58,476 [7] INFO  [MonitorModule.DeviceManager][<InitDevice>b__2]  [Device[HSENSOR,EWTKLIB,HONEYWELLSCANNER,WFX,ControlBox,EZ710BU,SCANNER2DAUTO,MIAS,MD150,MMM,EZM,WEBCAM,Reader_P602PGM,ICASHAPI,CashBox,FIN] is Ready]
2023-03-24 19:19:58,491 [18] INFO  [MonitorModule.DeviceManager][<InitDevice>b__2]  [Device[HSENSOR,EWTKLIB,HONEYWELLSCANNER,WFX,ControlBox,EZ710BU,SCANNER2DAUTO,MIAS,MD150,MMM,EZM,WEBCAM,Reader_P602PGM,ICASHAPI,CashBox,FIN,RFID] is Ready]
2023-03-24 19:19:58,916 [6] INFO  [MonitorModule.ModuleManager][StartupMonitor]  [Module StartupMonitor Now]
2023-03-24 19:19:58,922 [6] INFO  [MonitorModule.MonitorManager][LogInfo]  [WatchMode is Both]
2023-03-24 19:19:58,925 [14] INFO  [MonitorModule.ModuleManager][StartupModule]  [Reboot CommandModule]
2023-03-24 19:19:58,925 [14] INFO  [MonitorModule.ModuleManager][StartupModule]  [Start CommandModule Begin]
